2024-08-28 08:12:17.6561-ERROR-Xim.AppApi.ActionFilters.ExceptionActionFilter-http://localhost/Users/filter-GetList:
Object reference not set to an instance of an object.
System.NullReferenceException: Object reference not set to an instance of an object.
   at Xim.Domain.Mssql.Base.MssqlRepo`2.SafeName(String name) in D:\Code\Cong TT\Api\Api\Xim.Domain.Mssql\Base\MssqlRepo.cs:line 466
   at Xim.Domain.Mssql.Base.MssqlRepo`2.SafeColumn(String column) in D:\Code\Cong TT\Api\Api\Xim.Domain.Mssql\Base\MssqlRepo.cs:line 457
   at Xim.Domain.Mssql.Base.MssqlRepo`2.ParseFilter(MssqlFilterItem filter, Dictionary`2 param) in D:\Code\Cong TT\Api\Api\Xim.Domain.Mssql\Base\MssqlRepo.cs:line 1042
   at Xim.Domain.Mssql.Base.MssqlRepo`2.ParseWhere(String filter) in D:\Code\Cong TT\Api\Api\Xim.Domain.Mssql\Base\MssqlRepo.cs:line 1013
   at Xim.Domain.Mssql.Base.MssqlRepo`2.BuildPagingDataQuery(PagingParam param) in D:\Code\Cong TT\Api\Api\Xim.Domain.Mssql\Base\MssqlRepo.cs:line 783
   at Xim.Domain.Mssql.Base.MssqlRepo`2.GetPagingAsync(PagingParam param) in D:\Code\Cong TT\Api\Api\Xim.Domain.Mssql\Base\MssqlRepo.cs:line 769
   at Xim.Application.Services.UserService.GetListAsync(PagingParam param) in D:\Code\Cong TT\Api\Api\Xim.Application\Services\UserService.cs:line 205
   at Xim.AppApi.Controllers.UserController.GetListAsync(PagingParam param) in D:\Code\Cong TT\Api\Api\Xim.AppApi\Controllers\UserController.cs:line 20
   at Microsoft.AspNetCore.Mvc.Infrastructure.ActionMethodExecutor.TaskOfIActionResultExecutor.Execute(ActionContext actionContext, IActionResultTypeMapper mapper, ObjectMethodExecutor executor, Object controller, Object[] arguments)
   at Microsoft.AspNetCore.Mvc.Infrastructure.ControllerActionInvoker.<InvokeActionMethodAsync>g__Awaited|12_0(ControllerActionInvoker invoker, ValueTask`1 actionResultValueTask)
   at Microsoft.AspNetCore.Mvc.Infrastructure.ControllerActionInvoker.<InvokeNextActionFilterAsync>g__Awaited|10_0(ControllerActionInvoker invoker, Task lastTask, State next, Scope scope, Object state, Boolean isCompleted)

2024-08-28 08:12:52.3939-ERROR-Xim.AppApi.ActionFilters.ExceptionActionFilter-http://localhost/Users/filter-GetList:
Object reference not set to an instance of an object.
System.NullReferenceException: Object reference not set to an instance of an object.
   at Xim.Domain.Mssql.Base.MssqlRepo`2.SafeName(String name) in D:\Code\Cong TT\Api\Api\Xim.Domain.Mssql\Base\MssqlRepo.cs:line 466
   at Xim.Domain.Mssql.Base.MssqlRepo`2.SafeColumn(String column) in D:\Code\Cong TT\Api\Api\Xim.Domain.Mssql\Base\MssqlRepo.cs:line 457
   at Xim.Domain.Mssql.Base.MssqlRepo`2.ParseFilter(MssqlFilterItem filter, Dictionary`2 param) in D:\Code\Cong TT\Api\Api\Xim.Domain.Mssql\Base\MssqlRepo.cs:line 1042
   at Xim.Domain.Mssql.Base.MssqlRepo`2.ParseWhere(String filter) in D:\Code\Cong TT\Api\Api\Xim.Domain.Mssql\Base\MssqlRepo.cs:line 1013
   at Xim.Domain.Mssql.Base.MssqlRepo`2.BuildPagingDataQuery(PagingParam param) in D:\Code\Cong TT\Api\Api\Xim.Domain.Mssql\Base\MssqlRepo.cs:line 783
   at Xim.Domain.Mssql.Base.MssqlRepo`2.GetPagingAsync(PagingParam param) in D:\Code\Cong TT\Api\Api\Xim.Domain.Mssql\Base\MssqlRepo.cs:line 769
   at Xim.Application.Services.UserService.GetListAsync(PagingParam param) in D:\Code\Cong TT\Api\Api\Xim.Application\Services\UserService.cs:line 205
   at Xim.AppApi.Controllers.UserController.GetListAsync(PagingParam param) in D:\Code\Cong TT\Api\Api\Xim.AppApi\Controllers\UserController.cs:line 20
   at Microsoft.AspNetCore.Mvc.Infrastructure.ActionMethodExecutor.TaskOfIActionResultExecutor.Execute(ActionContext actionContext, IActionResultTypeMapper mapper, ObjectMethodExecutor executor, Object controller, Object[] arguments)
   at Microsoft.AspNetCore.Mvc.Infrastructure.ControllerActionInvoker.<InvokeActionMethodAsync>g__Awaited|12_0(ControllerActionInvoker invoker, ValueTask`1 actionResultValueTask)
   at Microsoft.AspNetCore.Mvc.Infrastructure.ControllerActionInvoker.<InvokeNextActionFilterAsync>g__Awaited|10_0(ControllerActionInvoker invoker, Task lastTask, State next, Scope scope, Object state, Boolean isCompleted)

2024-08-28 08:13:01.0058-ERROR-Xim.AppApi.ActionFilters.ExceptionActionFilter-http://localhost/Users/filter-GetList:
Cannot deserialize the current JSON object (e.g. {"name":"value"}) into type 'System.Collections.Generic.List`1[Xim.Domain.Mssql.Models.MssqlFilterItem]' because the type requires a JSON array (e.g. [1,2,3]) to deserialize correctly.
To fix this error either change the JSON to a JSON array (e.g. [1,2,3]) or change the deserialized type so that it is a normal .NET type (e.g. not a primitive type like integer, not a collection type like an array or List<T>) that can be deserialized from a JSON object. JsonObjectAttribute can also be added to the type to force it to deserialize from a JSON object.
Path 'username', line 1, position 12.
Newtonsoft.Json.JsonSerializationException: Cannot deserialize the current JSON object (e.g. {"name":"value"}) into type 'System.Collections.Generic.List`1[Xim.Domain.Mssql.Models.MssqlFilterItem]' because the type requires a JSON array (e.g. [1,2,3]) to deserialize correctly.
To fix this error either change the JSON to a JSON array (e.g. [1,2,3]) or change the deserialized type so that it is a normal .NET type (e.g. not a primitive type like integer, not a collection type like an array or List<T>) that can be deserialized from a JSON object. JsonObjectAttribute can also be added to the type to force it to deserialize from a JSON object.
Path 'username', line 1, position 12.
   at Newtonsoft.Json.Serialization.JsonSerializerInternalReader.CreateObject(JsonReader reader, Type objectType, JsonContract contract, JsonProperty member, JsonContainerContract containerContract, JsonProperty containerMember, Object existingValue)
   at Newtonsoft.Json.Serialization.JsonSerializerInternalReader.CreateValueInternal(JsonReader reader, Type objectType, JsonContract contract, JsonProperty member, JsonContainerContract containerContract, JsonProperty containerMember, Object existingValue)
   at Newtonsoft.Json.Serialization.JsonSerializerInternalReader.Deserialize(JsonReader reader, Type objectType, Boolean checkAdditionalContent)
   at Newtonsoft.Json.JsonSerializer.DeserializeInternal(JsonReader reader, Type objectType)
   at Newtonsoft.Json.JsonSerializer.Deserialize(JsonReader reader, Type objectType)
   at Newtonsoft.Json.JsonConvert.DeserializeObject(String value, Type type, JsonSerializerSettings settings)
   at Newtonsoft.Json.JsonConvert.DeserializeObject[T](String value, JsonSerializerSettings settings)
   at Newtonsoft.Json.JsonConvert.DeserializeObject[T](String value)
   at Xim.Domain.Mssql.Base.MssqlRepo`2.ParseWhere(String filter) in D:\Code\Cong TT\Api\Api\Xim.Domain.Mssql\Base\MssqlRepo.cs:line 1008
   at Xim.Domain.Mssql.Base.MssqlRepo`2.BuildPagingDataQuery(PagingParam param) in D:\Code\Cong TT\Api\Api\Xim.Domain.Mssql\Base\MssqlRepo.cs:line 783
   at Xim.Domain.Mssql.Base.MssqlRepo`2.GetPagingAsync(PagingParam param) in D:\Code\Cong TT\Api\Api\Xim.Domain.Mssql\Base\MssqlRepo.cs:line 769
   at Xim.Application.Services.UserService.GetListAsync(PagingParam param) in D:\Code\Cong TT\Api\Api\Xim.Application\Services\UserService.cs:line 205
   at Xim.AppApi.Controllers.UserController.GetListAsync(PagingParam param) in D:\Code\Cong TT\Api\Api\Xim.AppApi\Controllers\UserController.cs:line 20
   at Microsoft.AspNetCore.Mvc.Infrastructure.ActionMethodExecutor.TaskOfIActionResultExecutor.Execute(ActionContext actionContext, IActionResultTypeMapper mapper, ObjectMethodExecutor executor, Object controller, Object[] arguments)
   at Microsoft.AspNetCore.Mvc.Infrastructure.ControllerActionInvoker.<InvokeActionMethodAsync>g__Awaited|12_0(ControllerActionInvoker invoker, ValueTask`1 actionResultValueTask)
   at Microsoft.AspNetCore.Mvc.Infrastructure.ControllerActionInvoker.<InvokeNextActionFilterAsync>g__Awaited|10_0(ControllerActionInvoker invoker, Task lastTask, State next, Scope scope, Object state, Boolean isCompleted)

2024-08-28 08:15:04.5159-ERROR-Xim.AppApi.ActionFilters.ExceptionActionFilter-http://localhost/Users/filter-GetList:
Object reference not set to an instance of an object.
System.NullReferenceException: Object reference not set to an instance of an object.
   at Xim.Domain.Mssql.Base.MssqlRepo`2.SafeName(String name) in D:\Code\Cong TT\Api\Api\Xim.Domain.Mssql\Base\MssqlRepo.cs:line 466
   at Xim.Domain.Mssql.Base.MssqlRepo`2.SafeColumn(String column) in D:\Code\Cong TT\Api\Api\Xim.Domain.Mssql\Base\MssqlRepo.cs:line 457
   at Xim.Domain.Mssql.Base.MssqlRepo`2.ParseFilter(MssqlFilterItem filter, Dictionary`2 param) in D:\Code\Cong TT\Api\Api\Xim.Domain.Mssql\Base\MssqlRepo.cs:line 1042
   at Xim.Domain.Mssql.Base.MssqlRepo`2.ParseWhere(String filter) in D:\Code\Cong TT\Api\Api\Xim.Domain.Mssql\Base\MssqlRepo.cs:line 1013
   at Xim.Domain.Mssql.Base.MssqlRepo`2.BuildPagingDataQuery(PagingParam param) in D:\Code\Cong TT\Api\Api\Xim.Domain.Mssql\Base\MssqlRepo.cs:line 783
   at Xim.Domain.Mssql.Base.MssqlRepo`2.GetPagingAsync(PagingParam param) in D:\Code\Cong TT\Api\Api\Xim.Domain.Mssql\Base\MssqlRepo.cs:line 769
   at Xim.Application.Services.UserService.GetListAsync(PagingParam param) in D:\Code\Cong TT\Api\Api\Xim.Application\Services\UserService.cs:line 205
   at Xim.AppApi.Controllers.UserController.GetListAsync(PagingParam param) in D:\Code\Cong TT\Api\Api\Xim.AppApi\Controllers\UserController.cs:line 20
   at Microsoft.AspNetCore.Mvc.Infrastructure.ActionMethodExecutor.TaskOfIActionResultExecutor.Execute(ActionContext actionContext, IActionResultTypeMapper mapper, ObjectMethodExecutor executor, Object controller, Object[] arguments)
   at Microsoft.AspNetCore.Mvc.Infrastructure.ControllerActionInvoker.<InvokeActionMethodAsync>g__Awaited|12_0(ControllerActionInvoker invoker, ValueTask`1 actionResultValueTask)
   at Microsoft.AspNetCore.Mvc.Infrastructure.ControllerActionInvoker.<InvokeNextActionFilterAsync>g__Awaited|10_0(ControllerActionInvoker invoker, Task lastTask, State next, Scope scope, Object state, Boolean isCompleted)

2024-08-28 08:16:29.4368-ERROR-Xim.AppApi.ActionFilters.ExceptionActionFilter-http://localhost/Users/filter-GetList:
Object reference not set to an instance of an object.
System.NullReferenceException: Object reference not set to an instance of an object.
   at Xim.Domain.Mssql.Base.MssqlRepo`2.SafeName(String name) in D:\Code\Cong TT\Api\Api\Xim.Domain.Mssql\Base\MssqlRepo.cs:line 466
   at Xim.Domain.Mssql.Base.MssqlRepo`2.SafeColumn(String column) in D:\Code\Cong TT\Api\Api\Xim.Domain.Mssql\Base\MssqlRepo.cs:line 457
   at Xim.Domain.Mssql.Base.MssqlRepo`2.ParseFilter(MssqlFilterItem filter, Dictionary`2 param) in D:\Code\Cong TT\Api\Api\Xim.Domain.Mssql\Base\MssqlRepo.cs:line 1042
   at Xim.Domain.Mssql.Base.MssqlRepo`2.ParseWhere(String filter) in D:\Code\Cong TT\Api\Api\Xim.Domain.Mssql\Base\MssqlRepo.cs:line 1013
   at Xim.Domain.Mssql.Base.MssqlRepo`2.BuildPagingDataQuery(PagingParam param) in D:\Code\Cong TT\Api\Api\Xim.Domain.Mssql\Base\MssqlRepo.cs:line 783
   at Xim.Domain.Mssql.Base.MssqlRepo`2.GetPagingAsync(PagingParam param) in D:\Code\Cong TT\Api\Api\Xim.Domain.Mssql\Base\MssqlRepo.cs:line 769
   at Xim.Application.Services.UserService.GetListAsync(PagingParam param) in D:\Code\Cong TT\Api\Api\Xim.Application\Services\UserService.cs:line 205
   at Xim.AppApi.Controllers.UserController.GetListAsync(PagingParam param) in D:\Code\Cong TT\Api\Api\Xim.AppApi\Controllers\UserController.cs:line 20
   at Microsoft.AspNetCore.Mvc.Infrastructure.ActionMethodExecutor.TaskOfIActionResultExecutor.Execute(ActionContext actionContext, IActionResultTypeMapper mapper, ObjectMethodExecutor executor, Object controller, Object[] arguments)
   at Microsoft.AspNetCore.Mvc.Infrastructure.ControllerActionInvoker.<InvokeActionMethodAsync>g__Awaited|12_0(ControllerActionInvoker invoker, ValueTask`1 actionResultValueTask)
   at Microsoft.AspNetCore.Mvc.Infrastructure.ControllerActionInvoker.<InvokeNextActionFilterAsync>g__Awaited|10_0(ControllerActionInvoker invoker, Task lastTask, State next, Scope scope, Object state, Boolean isCompleted)

2024-08-28 08:16:53.9699-ERROR-Xim.AppApi.ActionFilters.ExceptionActionFilter-http://localhost/Users/filter-GetList:
Cannot deserialize the current JSON object (e.g. {"name":"value"}) into type 'System.Collections.Generic.List`1[Xim.Domain.Mssql.Models.MssqlFilterItem]' because the type requires a JSON array (e.g. [1,2,3]) to deserialize correctly.
To fix this error either change the JSON to a JSON array (e.g. [1,2,3]) or change the deserialized type so that it is a normal .NET type (e.g. not a primitive type like integer, not a collection type like an array or List<T>) that can be deserialized from a JSON object. JsonObjectAttribute can also be added to the type to force it to deserialize from a JSON object.
Path 'username', line 1, position 12.
Newtonsoft.Json.JsonSerializationException: Cannot deserialize the current JSON object (e.g. {"name":"value"}) into type 'System.Collections.Generic.List`1[Xim.Domain.Mssql.Models.MssqlFilterItem]' because the type requires a JSON array (e.g. [1,2,3]) to deserialize correctly.
To fix this error either change the JSON to a JSON array (e.g. [1,2,3]) or change the deserialized type so that it is a normal .NET type (e.g. not a primitive type like integer, not a collection type like an array or List<T>) that can be deserialized from a JSON object. JsonObjectAttribute can also be added to the type to force it to deserialize from a JSON object.
Path 'username', line 1, position 12.
   at Newtonsoft.Json.Serialization.JsonSerializerInternalReader.CreateObject(JsonReader reader, Type objectType, JsonContract contract, JsonProperty member, JsonContainerContract containerContract, JsonProperty containerMember, Object existingValue)
   at Newtonsoft.Json.Serialization.JsonSerializerInternalReader.CreateValueInternal(JsonReader reader, Type objectType, JsonContract contract, JsonProperty member, JsonContainerContract containerContract, JsonProperty containerMember, Object existingValue)
   at Newtonsoft.Json.Serialization.JsonSerializerInternalReader.Deserialize(JsonReader reader, Type objectType, Boolean checkAdditionalContent)
   at Newtonsoft.Json.JsonSerializer.DeserializeInternal(JsonReader reader, Type objectType)
   at Newtonsoft.Json.JsonSerializer.Deserialize(JsonReader reader, Type objectType)
   at Newtonsoft.Json.JsonConvert.DeserializeObject(String value, Type type, JsonSerializerSettings settings)
   at Newtonsoft.Json.JsonConvert.DeserializeObject[T](String value, JsonSerializerSettings settings)
   at Newtonsoft.Json.JsonConvert.DeserializeObject[T](String value)
   at Xim.Domain.Mssql.Base.MssqlRepo`2.ParseWhere(String filter) in D:\Code\Cong TT\Api\Api\Xim.Domain.Mssql\Base\MssqlRepo.cs:line 1008
   at Xim.Domain.Mssql.Base.MssqlRepo`2.BuildPagingDataQuery(PagingParam param) in D:\Code\Cong TT\Api\Api\Xim.Domain.Mssql\Base\MssqlRepo.cs:line 783
   at Xim.Domain.Mssql.Base.MssqlRepo`2.GetPagingAsync(PagingParam param) in D:\Code\Cong TT\Api\Api\Xim.Domain.Mssql\Base\MssqlRepo.cs:line 769
   at Xim.Application.Services.UserService.GetListAsync(PagingParam param) in D:\Code\Cong TT\Api\Api\Xim.Application\Services\UserService.cs:line 205
   at Xim.AppApi.Controllers.UserController.GetListAsync(PagingParam param) in D:\Code\Cong TT\Api\Api\Xim.AppApi\Controllers\UserController.cs:line 20
   at Microsoft.AspNetCore.Mvc.Infrastructure.ActionMethodExecutor.TaskOfIActionResultExecutor.Execute(ActionContext actionContext, IActionResultTypeMapper mapper, ObjectMethodExecutor executor, Object controller, Object[] arguments)
   at Microsoft.AspNetCore.Mvc.Infrastructure.ControllerActionInvoker.<InvokeActionMethodAsync>g__Awaited|12_0(ControllerActionInvoker invoker, ValueTask`1 actionResultValueTask)
   at Microsoft.AspNetCore.Mvc.Infrastructure.ControllerActionInvoker.<InvokeNextActionFilterAsync>g__Awaited|10_0(ControllerActionInvoker invoker, Task lastTask, State next, Scope scope, Object state, Boolean isCompleted)

2024-08-28 08:40:33.8426-ERROR-Xim.AppApi.ActionFilters.ExceptionActionFilter-http://localhost/Users/filter-GetList:
Error converting value "or" to type 'System.Collections.Generic.List`1[Xim.Domain.Mssql.Models.MssqlFilterItem]'. Path '[0].os', line 1, position 45.
Newtonsoft.Json.JsonSerializationException: Error converting value "or" to type 'System.Collections.Generic.List`1[Xim.Domain.Mssql.Models.MssqlFilterItem]'. Path '[0].os', line 1, position 45.
 ---> System.ArgumentException: Could not cast or convert from System.String to System.Collections.Generic.List`1[Xim.Domain.Mssql.Models.MssqlFilterItem].
   at Newtonsoft.Json.Utilities.ConvertUtils.EnsureTypeAssignable(Object value, Type initialType, Type targetType)
   at Newtonsoft.Json.Serialization.JsonSerializerInternalReader.EnsureType(JsonReader reader, Object value, CultureInfo culture, JsonContract contract, Type targetType)
   --- End of inner exception stack trace ---
   at Newtonsoft.Json.Serialization.JsonSerializerInternalReader.EnsureType(JsonReader reader, Object value, CultureInfo culture, JsonContract contract, Type targetType)
   at Newtonsoft.Json.Serialization.JsonSerializerInternalReader.CreateValueInternal(JsonReader reader, Type objectType, JsonContract contract, JsonProperty member, JsonContainerContract containerContract, JsonProperty containerMember, Object existingValue)
   at Newtonsoft.Json.Serialization.JsonSerializerInternalReader.SetPropertyValue(JsonProperty property, JsonConverter propertyConverter, JsonContainerContract containerContract, JsonProperty containerProperty, JsonReader reader, Object target)
   at Newtonsoft.Json.Serialization.JsonSerializerInternalReader.PopulateObject(Object newObject, JsonReader reader, JsonObjectContract contract, JsonProperty member, String id)
   at Newtonsoft.Json.Serialization.JsonSerializerInternalReader.CreateObject(JsonReader reader, Type objectType, JsonContract contract, JsonProperty member, JsonContainerContract containerContract, JsonProperty containerMember, Object existingValue)
   at Newtonsoft.Json.Serialization.JsonSerializerInternalReader.CreateValueInternal(JsonReader reader, Type objectType, JsonContract contract, JsonProperty member, JsonContainerContract containerContract, JsonProperty containerMember, Object existingValue)
   at Newtonsoft.Json.Serialization.JsonSerializerInternalReader.PopulateList(IList list, JsonReader reader, JsonArrayContract contract, JsonProperty containerProperty, String id)
   at Newtonsoft.Json.Serialization.JsonSerializerInternalReader.CreateList(JsonReader reader, Type objectType, JsonContract contract, JsonProperty member, Object existingValue, String id)
   at Newtonsoft.Json.Serialization.JsonSerializerInternalReader.CreateValueInternal(JsonReader reader, Type objectType, JsonContract contract, JsonProperty member, JsonContainerContract containerContract, JsonProperty containerMember, Object existingValue)
   at Newtonsoft.Json.Serialization.JsonSerializerInternalReader.Deserialize(JsonReader reader, Type objectType, Boolean checkAdditionalContent)
   at Newtonsoft.Json.JsonSerializer.DeserializeInternal(JsonReader reader, Type objectType)
   at Newtonsoft.Json.JsonSerializer.Deserialize(JsonReader reader, Type objectType)
   at Newtonsoft.Json.JsonConvert.DeserializeObject(String value, Type type, JsonSerializerSettings settings)
   at Newtonsoft.Json.JsonConvert.DeserializeObject[T](String value, JsonSerializerSettings settings)
   at Newtonsoft.Json.JsonConvert.DeserializeObject[T](String value)
   at Xim.Domain.Mssql.Base.MssqlRepo`2.ParseWhere(String filter) in D:\Code\Cong TT\Api\Api\Xim.Domain.Mssql\Base\MssqlRepo.cs:line 1008
   at Xim.Domain.Mssql.Base.MssqlRepo`2.BuildPagingDataQuery(PagingParam param) in D:\Code\Cong TT\Api\Api\Xim.Domain.Mssql\Base\MssqlRepo.cs:line 783
   at Xim.Domain.Mssql.Base.MssqlRepo`2.GetPagingAsync(PagingParam param) in D:\Code\Cong TT\Api\Api\Xim.Domain.Mssql\Base\MssqlRepo.cs:line 769
   at Xim.Application.Services.UserService.GetListAsync(PagingParam param) in D:\Code\Cong TT\Api\Api\Xim.Application\Services\UserService.cs:line 205
   at Xim.AppApi.Controllers.UserController.GetListAsync(PagingParam param) in D:\Code\Cong TT\Api\Api\Xim.AppApi\Controllers\UserController.cs:line 20
   at Microsoft.AspNetCore.Mvc.Infrastructure.ActionMethodExecutor.TaskOfIActionResultExecutor.Execute(ActionContext actionContext, IActionResultTypeMapper mapper, ObjectMethodExecutor executor, Object controller, Object[] arguments)
   at Microsoft.AspNetCore.Mvc.Infrastructure.ControllerActionInvoker.<InvokeActionMethodAsync>g__Awaited|12_0(ControllerActionInvoker invoker, ValueTask`1 actionResultValueTask)
   at Microsoft.AspNetCore.Mvc.Infrastructure.ControllerActionInvoker.<InvokeNextActionFilterAsync>g__Awaited|10_0(ControllerActionInvoker invoker, Task lastTask, State next, Scope scope, Object state, Boolean isCompleted)

2024-08-28 08:42:04.9096-ERROR-Xim.AppApi.ActionFilters.ExceptionActionFilter-http://localhost/Users/filter-GetList:
Error converting value "or" to type 'System.Collections.Generic.List`1[Xim.Domain.Mssql.Models.MssqlFilterItem]'. Path '[0].os', line 1, position 45.
Newtonsoft.Json.JsonSerializationException: Error converting value "or" to type 'System.Collections.Generic.List`1[Xim.Domain.Mssql.Models.MssqlFilterItem]'. Path '[0].os', line 1, position 45.
 ---> System.ArgumentException: Could not cast or convert from System.String to System.Collections.Generic.List`1[Xim.Domain.Mssql.Models.MssqlFilterItem].
   at Newtonsoft.Json.Utilities.ConvertUtils.EnsureTypeAssignable(Object value, Type initialType, Type targetType)
   at Newtonsoft.Json.Serialization.JsonSerializerInternalReader.EnsureType(JsonReader reader, Object value, CultureInfo culture, JsonContract contract, Type targetType)
   --- End of inner exception stack trace ---
   at Newtonsoft.Json.Serialization.JsonSerializerInternalReader.EnsureType(JsonReader reader, Object value, CultureInfo culture, JsonContract contract, Type targetType)
   at Newtonsoft.Json.Serialization.JsonSerializerInternalReader.CreateValueInternal(JsonReader reader, Type objectType, JsonContract contract, JsonProperty member, JsonContainerContract containerContract, JsonProperty containerMember, Object existingValue)
   at Newtonsoft.Json.Serialization.JsonSerializerInternalReader.SetPropertyValue(JsonProperty property, JsonConverter propertyConverter, JsonContainerContract containerContract, JsonProperty containerProperty, JsonReader reader, Object target)
   at Newtonsoft.Json.Serialization.JsonSerializerInternalReader.PopulateObject(Object newObject, JsonReader reader, JsonObjectContract contract, JsonProperty member, String id)
   at Newtonsoft.Json.Serialization.JsonSerializerInternalReader.CreateObject(JsonReader reader, Type objectType, JsonContract contract, JsonProperty member, JsonContainerContract containerContract, JsonProperty containerMember, Object existingValue)
   at Newtonsoft.Json.Serialization.JsonSerializerInternalReader.CreateValueInternal(JsonReader reader, Type objectType, JsonContract contract, JsonProperty member, JsonContainerContract containerContract, JsonProperty containerMember, Object existingValue)
   at Newtonsoft.Json.Serialization.JsonSerializerInternalReader.PopulateList(IList list, JsonReader reader, JsonArrayContract contract, JsonProperty containerProperty, String id)
   at Newtonsoft.Json.Serialization.JsonSerializerInternalReader.CreateList(JsonReader reader, Type objectType, JsonContract contract, JsonProperty member, Object existingValue, String id)
   at Newtonsoft.Json.Serialization.JsonSerializerInternalReader.CreateValueInternal(JsonReader reader, Type objectType, JsonContract contract, JsonProperty member, JsonContainerContract containerContract, JsonProperty containerMember, Object existingValue)
   at Newtonsoft.Json.Serialization.JsonSerializerInternalReader.Deserialize(JsonReader reader, Type objectType, Boolean checkAdditionalContent)
   at Newtonsoft.Json.JsonSerializer.DeserializeInternal(JsonReader reader, Type objectType)
   at Newtonsoft.Json.JsonSerializer.Deserialize(JsonReader reader, Type objectType)
   at Newtonsoft.Json.JsonConvert.DeserializeObject(String value, Type type, JsonSerializerSettings settings)
   at Newtonsoft.Json.JsonConvert.DeserializeObject[T](String value, JsonSerializerSettings settings)
   at Newtonsoft.Json.JsonConvert.DeserializeObject[T](String value)
   at Xim.Domain.Mssql.Base.MssqlRepo`2.ParseWhere(String filter) in D:\Code\Cong TT\Api\Api\Xim.Domain.Mssql\Base\MssqlRepo.cs:line 1008
   at Xim.Domain.Mssql.Base.MssqlRepo`2.BuildPagingDataQuery(PagingParam param) in D:\Code\Cong TT\Api\Api\Xim.Domain.Mssql\Base\MssqlRepo.cs:line 783
   at Xim.Domain.Mssql.Base.MssqlRepo`2.GetPagingAsync(PagingParam param) in D:\Code\Cong TT\Api\Api\Xim.Domain.Mssql\Base\MssqlRepo.cs:line 769
   at Xim.Application.Services.UserService.GetListAsync(PagingParam param) in D:\Code\Cong TT\Api\Api\Xim.Application\Services\UserService.cs:line 205
   at Xim.AppApi.Controllers.UserController.GetListAsync(PagingParam param) in D:\Code\Cong TT\Api\Api\Xim.AppApi\Controllers\UserController.cs:line 20
   at Microsoft.AspNetCore.Mvc.Infrastructure.ActionMethodExecutor.TaskOfIActionResultExecutor.Execute(ActionContext actionContext, IActionResultTypeMapper mapper, ObjectMethodExecutor executor, Object controller, Object[] arguments)
   at Microsoft.AspNetCore.Mvc.Infrastructure.ControllerActionInvoker.<InvokeActionMethodAsync>g__Awaited|12_0(ControllerActionInvoker invoker, ValueTask`1 actionResultValueTask)
   at Microsoft.AspNetCore.Mvc.Infrastructure.ControllerActionInvoker.<InvokeNextActionFilterAsync>g__Awaited|10_0(ControllerActionInvoker invoker, Task lastTask, State next, Scope scope, Object state, Boolean isCompleted)

2024-08-28 08:42:09.3634-ERROR-Xim.AppApi.ActionFilters.ExceptionActionFilter-http://localhost/Users/filter-GetList:
Error converting value "or" to type 'System.Collections.Generic.List`1[Xim.Domain.Mssql.Models.MssqlFilterItem]'. Path '[0].os', line 1, position 45.
Newtonsoft.Json.JsonSerializationException: Error converting value "or" to type 'System.Collections.Generic.List`1[Xim.Domain.Mssql.Models.MssqlFilterItem]'. Path '[0].os', line 1, position 45.
 ---> System.ArgumentException: Could not cast or convert from System.String to System.Collections.Generic.List`1[Xim.Domain.Mssql.Models.MssqlFilterItem].
   at Newtonsoft.Json.Utilities.ConvertUtils.EnsureTypeAssignable(Object value, Type initialType, Type targetType)
   at Newtonsoft.Json.Serialization.JsonSerializerInternalReader.EnsureType(JsonReader reader, Object value, CultureInfo culture, JsonContract contract, Type targetType)
   --- End of inner exception stack trace ---
   at Newtonsoft.Json.Serialization.JsonSerializerInternalReader.EnsureType(JsonReader reader, Object value, CultureInfo culture, JsonContract contract, Type targetType)
   at Newtonsoft.Json.Serialization.JsonSerializerInternalReader.CreateValueInternal(JsonReader reader, Type objectType, JsonContract contract, JsonProperty member, JsonContainerContract containerContract, JsonProperty containerMember, Object existingValue)
   at Newtonsoft.Json.Serialization.JsonSerializerInternalReader.SetPropertyValue(JsonProperty property, JsonConverter propertyConverter, JsonContainerContract containerContract, JsonProperty containerProperty, JsonReader reader, Object target)
   at Newtonsoft.Json.Serialization.JsonSerializerInternalReader.PopulateObject(Object newObject, JsonReader reader, JsonObjectContract contract, JsonProperty member, String id)
   at Newtonsoft.Json.Serialization.JsonSerializerInternalReader.CreateObject(JsonReader reader, Type objectType, JsonContract contract, JsonProperty member, JsonContainerContract containerContract, JsonProperty containerMember, Object existingValue)
   at Newtonsoft.Json.Serialization.JsonSerializerInternalReader.CreateValueInternal(JsonReader reader, Type objectType, JsonContract contract, JsonProperty member, JsonContainerContract containerContract, JsonProperty containerMember, Object existingValue)
   at Newtonsoft.Json.Serialization.JsonSerializerInternalReader.PopulateList(IList list, JsonReader reader, JsonArrayContract contract, JsonProperty containerProperty, String id)
   at Newtonsoft.Json.Serialization.JsonSerializerInternalReader.CreateList(JsonReader reader, Type objectType, JsonContract contract, JsonProperty member, Object existingValue, String id)
   at Newtonsoft.Json.Serialization.JsonSerializerInternalReader.CreateValueInternal(JsonReader reader, Type objectType, JsonContract contract, JsonProperty member, JsonContainerContract containerContract, JsonProperty containerMember, Object existingValue)
   at Newtonsoft.Json.Serialization.JsonSerializerInternalReader.Deserialize(JsonReader reader, Type objectType, Boolean checkAdditionalContent)
   at Newtonsoft.Json.JsonSerializer.DeserializeInternal(JsonReader reader, Type objectType)
   at Newtonsoft.Json.JsonSerializer.Deserialize(JsonReader reader, Type objectType)
   at Newtonsoft.Json.JsonConvert.DeserializeObject(String value, Type type, JsonSerializerSettings settings)
   at Newtonsoft.Json.JsonConvert.DeserializeObject[T](String value, JsonSerializerSettings settings)
   at Newtonsoft.Json.JsonConvert.DeserializeObject[T](String value)
   at Xim.Domain.Mssql.Base.MssqlRepo`2.ParseWhere(String filter) in D:\Code\Cong TT\Api\Api\Xim.Domain.Mssql\Base\MssqlRepo.cs:line 1008
   at Xim.Domain.Mssql.Base.MssqlRepo`2.BuildPagingDataQuery(PagingParam param) in D:\Code\Cong TT\Api\Api\Xim.Domain.Mssql\Base\MssqlRepo.cs:line 783
   at Xim.Domain.Mssql.Base.MssqlRepo`2.GetPagingAsync(PagingParam param) in D:\Code\Cong TT\Api\Api\Xim.Domain.Mssql\Base\MssqlRepo.cs:line 769
   at Xim.Application.Services.UserService.GetListAsync(PagingParam param) in D:\Code\Cong TT\Api\Api\Xim.Application\Services\UserService.cs:line 205
   at Xim.AppApi.Controllers.UserController.GetListAsync(PagingParam param) in D:\Code\Cong TT\Api\Api\Xim.AppApi\Controllers\UserController.cs:line 20
   at Microsoft.AspNetCore.Mvc.Infrastructure.ActionMethodExecutor.TaskOfIActionResultExecutor.Execute(ActionContext actionContext, IActionResultTypeMapper mapper, ObjectMethodExecutor executor, Object controller, Object[] arguments)
   at Microsoft.AspNetCore.Mvc.Infrastructure.ControllerActionInvoker.<InvokeActionMethodAsync>g__Awaited|12_0(ControllerActionInvoker invoker, ValueTask`1 actionResultValueTask)
   at Microsoft.AspNetCore.Mvc.Infrastructure.ControllerActionInvoker.<InvokeNextActionFilterAsync>g__Awaited|10_0(ControllerActionInvoker invoker, Task lastTask, State next, Scope scope, Object state, Boolean isCompleted)

2024-08-28 08:43:24.8416-ERROR-Xim.AppApi.ActionFilters.ExceptionActionFilter-http://localhost/Users/filter-GetList:
Error converting value "or" to type 'System.Collections.Generic.List`1[Xim.Domain.Mssql.Models.MssqlFilterItem]'. Path '[0].os', line 1, position 45.
Newtonsoft.Json.JsonSerializationException: Error converting value "or" to type 'System.Collections.Generic.List`1[Xim.Domain.Mssql.Models.MssqlFilterItem]'. Path '[0].os', line 1, position 45.
 ---> System.ArgumentException: Could not cast or convert from System.String to System.Collections.Generic.List`1[Xim.Domain.Mssql.Models.MssqlFilterItem].
   at Newtonsoft.Json.Utilities.ConvertUtils.EnsureTypeAssignable(Object value, Type initialType, Type targetType)
   at Newtonsoft.Json.Serialization.JsonSerializerInternalReader.EnsureType(JsonReader reader, Object value, CultureInfo culture, JsonContract contract, Type targetType)
   --- End of inner exception stack trace ---
   at Newtonsoft.Json.Serialization.JsonSerializerInternalReader.EnsureType(JsonReader reader, Object value, CultureInfo culture, JsonContract contract, Type targetType)
   at Newtonsoft.Json.Serialization.JsonSerializerInternalReader.CreateValueInternal(JsonReader reader, Type objectType, JsonContract contract, JsonProperty member, JsonContainerContract containerContract, JsonProperty containerMember, Object existingValue)
   at Newtonsoft.Json.Serialization.JsonSerializerInternalReader.SetPropertyValue(JsonProperty property, JsonConverter propertyConverter, JsonContainerContract containerContract, JsonProperty containerProperty, JsonReader reader, Object target)
   at Newtonsoft.Json.Serialization.JsonSerializerInternalReader.PopulateObject(Object newObject, JsonReader reader, JsonObjectContract contract, JsonProperty member, String id)
   at Newtonsoft.Json.Serialization.JsonSerializerInternalReader.CreateObject(JsonReader reader, Type objectType, JsonContract contract, JsonProperty member, JsonContainerContract containerContract, JsonProperty containerMember, Object existingValue)
   at Newtonsoft.Json.Serialization.JsonSerializerInternalReader.CreateValueInternal(JsonReader reader, Type objectType, JsonContract contract, JsonProperty member, JsonContainerContract containerContract, JsonProperty containerMember, Object existingValue)
   at Newtonsoft.Json.Serialization.JsonSerializerInternalReader.PopulateList(IList list, JsonReader reader, JsonArrayContract contract, JsonProperty containerProperty, String id)
   at Newtonsoft.Json.Serialization.JsonSerializerInternalReader.CreateList(JsonReader reader, Type objectType, JsonContract contract, JsonProperty member, Object existingValue, String id)
   at Newtonsoft.Json.Serialization.JsonSerializerInternalReader.CreateValueInternal(JsonReader reader, Type objectType, JsonContract contract, JsonProperty member, JsonContainerContract containerContract, JsonProperty containerMember, Object existingValue)
   at Newtonsoft.Json.Serialization.JsonSerializerInternalReader.Deserialize(JsonReader reader, Type objectType, Boolean checkAdditionalContent)
   at Newtonsoft.Json.JsonSerializer.DeserializeInternal(JsonReader reader, Type objectType)
   at Newtonsoft.Json.JsonSerializer.Deserialize(JsonReader reader, Type objectType)
   at Newtonsoft.Json.JsonConvert.DeserializeObject(String value, Type type, JsonSerializerSettings settings)
   at Newtonsoft.Json.JsonConvert.DeserializeObject[T](String value, JsonSerializerSettings settings)
   at Newtonsoft.Json.JsonConvert.DeserializeObject[T](String value)
   at Xim.Domain.Mssql.Base.MssqlRepo`2.ParseWhere(String filter) in D:\Code\Cong TT\Api\Api\Xim.Domain.Mssql\Base\MssqlRepo.cs:line 1008
   at Xim.Domain.Mssql.Base.MssqlRepo`2.BuildPagingDataQuery(PagingParam param) in D:\Code\Cong TT\Api\Api\Xim.Domain.Mssql\Base\MssqlRepo.cs:line 783
   at Xim.Domain.Mssql.Base.MssqlRepo`2.GetPagingAsync(PagingParam param) in D:\Code\Cong TT\Api\Api\Xim.Domain.Mssql\Base\MssqlRepo.cs:line 769
   at Xim.Application.Services.UserService.GetListAsync(PagingParam param) in D:\Code\Cong TT\Api\Api\Xim.Application\Services\UserService.cs:line 205
   at Xim.AppApi.Controllers.UserController.GetListAsync(PagingParam param) in D:\Code\Cong TT\Api\Api\Xim.AppApi\Controllers\UserController.cs:line 20
   at Microsoft.AspNetCore.Mvc.Infrastructure.ActionMethodExecutor.TaskOfIActionResultExecutor.Execute(ActionContext actionContext, IActionResultTypeMapper mapper, ObjectMethodExecutor executor, Object controller, Object[] arguments)
   at Microsoft.AspNetCore.Mvc.Infrastructure.ControllerActionInvoker.<InvokeActionMethodAsync>g__Awaited|12_0(ControllerActionInvoker invoker, ValueTask`1 actionResultValueTask)
   at Microsoft.AspNetCore.Mvc.Infrastructure.ControllerActionInvoker.<InvokeNextActionFilterAsync>g__Awaited|10_0(ControllerActionInvoker invoker, Task lastTask, State next, Scope scope, Object state, Boolean isCompleted)

2024-08-28 08:43:37.8383-ERROR-Xim.AppApi.ActionFilters.ExceptionActionFilter-http://localhost/Users/filter-GetList:
Error converting value "and" to type 'System.Collections.Generic.List`1[Xim.Domain.Mssql.Models.MssqlFilterItem]'. Path '[0].os', line 1, position 46.
Newtonsoft.Json.JsonSerializationException: Error converting value "and" to type 'System.Collections.Generic.List`1[Xim.Domain.Mssql.Models.MssqlFilterItem]'. Path '[0].os', line 1, position 46.
 ---> System.ArgumentException: Could not cast or convert from System.String to System.Collections.Generic.List`1[Xim.Domain.Mssql.Models.MssqlFilterItem].
   at Newtonsoft.Json.Utilities.ConvertUtils.EnsureTypeAssignable(Object value, Type initialType, Type targetType)
   at Newtonsoft.Json.Serialization.JsonSerializerInternalReader.EnsureType(JsonReader reader, Object value, CultureInfo culture, JsonContract contract, Type targetType)
   --- End of inner exception stack trace ---
   at Newtonsoft.Json.Serialization.JsonSerializerInternalReader.EnsureType(JsonReader reader, Object value, CultureInfo culture, JsonContract contract, Type targetType)
   at Newtonsoft.Json.Serialization.JsonSerializerInternalReader.CreateValueInternal(JsonReader reader, Type objectType, JsonContract contract, JsonProperty member, JsonContainerContract containerContract, JsonProperty containerMember, Object existingValue)
   at Newtonsoft.Json.Serialization.JsonSerializerInternalReader.SetPropertyValue(JsonProperty property, JsonConverter propertyConverter, JsonContainerContract containerContract, JsonProperty containerProperty, JsonReader reader, Object target)
   at Newtonsoft.Json.Serialization.JsonSerializerInternalReader.PopulateObject(Object newObject, JsonReader reader, JsonObjectContract contract, JsonProperty member, String id)
   at Newtonsoft.Json.Serialization.JsonSerializerInternalReader.CreateObject(JsonReader reader, Type objectType, JsonContract contract, JsonProperty member, JsonContainerContract containerContract, JsonProperty containerMember, Object existingValue)
   at Newtonsoft.Json.Serialization.JsonSerializerInternalReader.CreateValueInternal(JsonReader reader, Type objectType, JsonContract contract, JsonProperty member, JsonContainerContract containerContract, JsonProperty containerMember, Object existingValue)
   at Newtonsoft.Json.Serialization.JsonSerializerInternalReader.PopulateList(IList list, JsonReader reader, JsonArrayContract contract, JsonProperty containerProperty, String id)
   at Newtonsoft.Json.Serialization.JsonSerializerInternalReader.CreateList(JsonReader reader, Type objectType, JsonContract contract, JsonProperty member, Object existingValue, String id)
   at Newtonsoft.Json.Serialization.JsonSerializerInternalReader.CreateValueInternal(JsonReader reader, Type objectType, JsonContract contract, JsonProperty member, JsonContainerContract containerContract, JsonProperty containerMember, Object existingValue)
   at Newtonsoft.Json.Serialization.JsonSerializerInternalReader.Deserialize(JsonReader reader, Type objectType, Boolean checkAdditionalContent)
   at Newtonsoft.Json.JsonSerializer.DeserializeInternal(JsonReader reader, Type objectType)
   at Newtonsoft.Json.JsonSerializer.Deserialize(JsonReader reader, Type objectType)
   at Newtonsoft.Json.JsonConvert.DeserializeObject(String value, Type type, JsonSerializerSettings settings)
   at Newtonsoft.Json.JsonConvert.DeserializeObject[T](String value, JsonSerializerSettings settings)
   at Newtonsoft.Json.JsonConvert.DeserializeObject[T](String value)
   at Xim.Domain.Mssql.Base.MssqlRepo`2.ParseWhere(String filter) in D:\Code\Cong TT\Api\Api\Xim.Domain.Mssql\Base\MssqlRepo.cs:line 1008
   at Xim.Domain.Mssql.Base.MssqlRepo`2.BuildPagingDataQuery(PagingParam param) in D:\Code\Cong TT\Api\Api\Xim.Domain.Mssql\Base\MssqlRepo.cs:line 783
   at Xim.Domain.Mssql.Base.MssqlRepo`2.GetPagingAsync(PagingParam param) in D:\Code\Cong TT\Api\Api\Xim.Domain.Mssql\Base\MssqlRepo.cs:line 769
   at Xim.Application.Services.UserService.GetListAsync(PagingParam param) in D:\Code\Cong TT\Api\Api\Xim.Application\Services\UserService.cs:line 205
   at Xim.AppApi.Controllers.UserController.GetListAsync(PagingParam param) in D:\Code\Cong TT\Api\Api\Xim.AppApi\Controllers\UserController.cs:line 20
   at Microsoft.AspNetCore.Mvc.Infrastructure.ActionMethodExecutor.TaskOfIActionResultExecutor.Execute(ActionContext actionContext, IActionResultTypeMapper mapper, ObjectMethodExecutor executor, Object controller, Object[] arguments)
   at Microsoft.AspNetCore.Mvc.Infrastructure.ControllerActionInvoker.<InvokeActionMethodAsync>g__Awaited|12_0(ControllerActionInvoker invoker, ValueTask`1 actionResultValueTask)
   at Microsoft.AspNetCore.Mvc.Infrastructure.ControllerActionInvoker.<InvokeNextActionFilterAsync>g__Awaited|10_0(ControllerActionInvoker invoker, Task lastTask, State next, Scope scope, Object state, Boolean isCompleted)

2024-08-28 08:43:50.9696-ERROR-Xim.AppApi.ActionFilters.ExceptionActionFilter-http://localhost/Users/filter-GetList:
Error converting value "1" to type 'System.Collections.Generic.List`1[Xim.Domain.Mssql.Models.MssqlFilterItem]'. Path '[0].os', line 1, position 44.
Newtonsoft.Json.JsonSerializationException: Error converting value "1" to type 'System.Collections.Generic.List`1[Xim.Domain.Mssql.Models.MssqlFilterItem]'. Path '[0].os', line 1, position 44.
 ---> System.ArgumentException: Could not cast or convert from System.String to System.Collections.Generic.List`1[Xim.Domain.Mssql.Models.MssqlFilterItem].
   at Newtonsoft.Json.Utilities.ConvertUtils.EnsureTypeAssignable(Object value, Type initialType, Type targetType)
   at Newtonsoft.Json.Serialization.JsonSerializerInternalReader.EnsureType(JsonReader reader, Object value, CultureInfo culture, JsonContract contract, Type targetType)
   --- End of inner exception stack trace ---
   at Newtonsoft.Json.Serialization.JsonSerializerInternalReader.EnsureType(JsonReader reader, Object value, CultureInfo culture, JsonContract contract, Type targetType)
   at Newtonsoft.Json.Serialization.JsonSerializerInternalReader.CreateValueInternal(JsonReader reader, Type objectType, JsonContract contract, JsonProperty member, JsonContainerContract containerContract, JsonProperty containerMember, Object existingValue)
   at Newtonsoft.Json.Serialization.JsonSerializerInternalReader.SetPropertyValue(JsonProperty property, JsonConverter propertyConverter, JsonContainerContract containerContract, JsonProperty containerProperty, JsonReader reader, Object target)
   at Newtonsoft.Json.Serialization.JsonSerializerInternalReader.PopulateObject(Object newObject, JsonReader reader, JsonObjectContract contract, JsonProperty member, String id)
   at Newtonsoft.Json.Serialization.JsonSerializerInternalReader.CreateObject(JsonReader reader, Type objectType, JsonContract contract, JsonProperty member, JsonContainerContract containerContract, JsonProperty containerMember, Object existingValue)
   at Newtonsoft.Json.Serialization.JsonSerializerInternalReader.CreateValueInternal(JsonReader reader, Type objectType, JsonContract contract, JsonProperty member, JsonContainerContract containerContract, JsonProperty containerMember, Object existingValue)
   at Newtonsoft.Json.Serialization.JsonSerializerInternalReader.PopulateList(IList list, JsonReader reader, JsonArrayContract contract, JsonProperty containerProperty, String id)
   at Newtonsoft.Json.Serialization.JsonSerializerInternalReader.CreateList(JsonReader reader, Type objectType, JsonContract contract, JsonProperty member, Object existingValue, String id)
   at Newtonsoft.Json.Serialization.JsonSerializerInternalReader.CreateValueInternal(JsonReader reader, Type objectType, JsonContract contract, JsonProperty member, JsonContainerContract containerContract, JsonProperty containerMember, Object existingValue)
   at Newtonsoft.Json.Serialization.JsonSerializerInternalReader.Deserialize(JsonReader reader, Type objectType, Boolean checkAdditionalContent)
   at Newtonsoft.Json.JsonSerializer.DeserializeInternal(JsonReader reader, Type objectType)
   at Newtonsoft.Json.JsonSerializer.Deserialize(JsonReader reader, Type objectType)
   at Newtonsoft.Json.JsonConvert.DeserializeObject(String value, Type type, JsonSerializerSettings settings)
   at Newtonsoft.Json.JsonConvert.DeserializeObject[T](String value, JsonSerializerSettings settings)
   at Newtonsoft.Json.JsonConvert.DeserializeObject[T](String value)
   at Xim.Domain.Mssql.Base.MssqlRepo`2.ParseWhere(String filter) in D:\Code\Cong TT\Api\Api\Xim.Domain.Mssql\Base\MssqlRepo.cs:line 1008
   at Xim.Domain.Mssql.Base.MssqlRepo`2.BuildPagingDataQuery(PagingParam param) in D:\Code\Cong TT\Api\Api\Xim.Domain.Mssql\Base\MssqlRepo.cs:line 783
   at Xim.Domain.Mssql.Base.MssqlRepo`2.GetPagingAsync(PagingParam param) in D:\Code\Cong TT\Api\Api\Xim.Domain.Mssql\Base\MssqlRepo.cs:line 769
   at Xim.Application.Services.UserService.GetListAsync(PagingParam param) in D:\Code\Cong TT\Api\Api\Xim.Application\Services\UserService.cs:line 205
   at Xim.AppApi.Controllers.UserController.GetListAsync(PagingParam param) in D:\Code\Cong TT\Api\Api\Xim.AppApi\Controllers\UserController.cs:line 20
   at Microsoft.AspNetCore.Mvc.Infrastructure.ActionMethodExecutor.TaskOfIActionResultExecutor.Execute(ActionContext actionContext, IActionResultTypeMapper mapper, ObjectMethodExecutor executor, Object controller, Object[] arguments)
   at Microsoft.AspNetCore.Mvc.Infrastructure.ControllerActionInvoker.<InvokeActionMethodAsync>g__Awaited|12_0(ControllerActionInvoker invoker, ValueTask`1 actionResultValueTask)
   at Microsoft.AspNetCore.Mvc.Infrastructure.ControllerActionInvoker.<InvokeNextActionFilterAsync>g__Awaited|10_0(ControllerActionInvoker invoker, Task lastTask, State next, Scope scope, Object state, Boolean isCompleted)

2024-08-28 08:43:55.4606-ERROR-Xim.AppApi.ActionFilters.ExceptionActionFilter-http://localhost/Users/filter-GetList:
Error converting value "1" to type 'System.Collections.Generic.List`1[Xim.Domain.Mssql.Models.MssqlFilterItem]'. Path '[0].os', line 1, position 44.
Newtonsoft.Json.JsonSerializationException: Error converting value "1" to type 'System.Collections.Generic.List`1[Xim.Domain.Mssql.Models.MssqlFilterItem]'. Path '[0].os', line 1, position 44.
 ---> System.ArgumentException: Could not cast or convert from System.String to System.Collections.Generic.List`1[Xim.Domain.Mssql.Models.MssqlFilterItem].
   at Newtonsoft.Json.Utilities.ConvertUtils.EnsureTypeAssignable(Object value, Type initialType, Type targetType)
   at Newtonsoft.Json.Serialization.JsonSerializerInternalReader.EnsureType(JsonReader reader, Object value, CultureInfo culture, JsonContract contract, Type targetType)
   --- End of inner exception stack trace ---
   at Newtonsoft.Json.Serialization.JsonSerializerInternalReader.EnsureType(JsonReader reader, Object value, CultureInfo culture, JsonContract contract, Type targetType)
   at Newtonsoft.Json.Serialization.JsonSerializerInternalReader.CreateValueInternal(JsonReader reader, Type objectType, JsonContract contract, JsonProperty member, JsonContainerContract containerContract, JsonProperty containerMember, Object existingValue)
   at Newtonsoft.Json.Serialization.JsonSerializerInternalReader.SetPropertyValue(JsonProperty property, JsonConverter propertyConverter, JsonContainerContract containerContract, JsonProperty containerProperty, JsonReader reader, Object target)
   at Newtonsoft.Json.Serialization.JsonSerializerInternalReader.PopulateObject(Object newObject, JsonReader reader, JsonObjectContract contract, JsonProperty member, String id)
   at Newtonsoft.Json.Serialization.JsonSerializerInternalReader.CreateObject(JsonReader reader, Type objectType, JsonContract contract, JsonProperty member, JsonContainerContract containerContract, JsonProperty containerMember, Object existingValue)
   at Newtonsoft.Json.Serialization.JsonSerializerInternalReader.CreateValueInternal(JsonReader reader, Type objectType, JsonContract contract, JsonProperty member, JsonContainerContract containerContract, JsonProperty containerMember, Object existingValue)
   at Newtonsoft.Json.Serialization.JsonSerializerInternalReader.PopulateList(IList list, JsonReader reader, JsonArrayContract contract, JsonProperty containerProperty, String id)
   at Newtonsoft.Json.Serialization.JsonSerializerInternalReader.CreateList(JsonReader reader, Type objectType, JsonContract contract, JsonProperty member, Object existingValue, String id)
   at Newtonsoft.Json.Serialization.JsonSerializerInternalReader.CreateValueInternal(JsonReader reader, Type objectType, JsonContract contract, JsonProperty member, JsonContainerContract containerContract, JsonProperty containerMember, Object existingValue)
   at Newtonsoft.Json.Serialization.JsonSerializerInternalReader.Deserialize(JsonReader reader, Type objectType, Boolean checkAdditionalContent)
   at Newtonsoft.Json.JsonSerializer.DeserializeInternal(JsonReader reader, Type objectType)
   at Newtonsoft.Json.JsonSerializer.Deserialize(JsonReader reader, Type objectType)
   at Newtonsoft.Json.JsonConvert.DeserializeObject(String value, Type type, JsonSerializerSettings settings)
   at Newtonsoft.Json.JsonConvert.DeserializeObject[T](String value, JsonSerializerSettings settings)
   at Newtonsoft.Json.JsonConvert.DeserializeObject[T](String value)
   at Xim.Domain.Mssql.Base.MssqlRepo`2.ParseWhere(String filter) in D:\Code\Cong TT\Api\Api\Xim.Domain.Mssql\Base\MssqlRepo.cs:line 1008
   at Xim.Domain.Mssql.Base.MssqlRepo`2.BuildPagingDataQuery(PagingParam param) in D:\Code\Cong TT\Api\Api\Xim.Domain.Mssql\Base\MssqlRepo.cs:line 783
   at Xim.Domain.Mssql.Base.MssqlRepo`2.GetPagingAsync(PagingParam param) in D:\Code\Cong TT\Api\Api\Xim.Domain.Mssql\Base\MssqlRepo.cs:line 769
   at Xim.Application.Services.UserService.GetListAsync(PagingParam param) in D:\Code\Cong TT\Api\Api\Xim.Application\Services\UserService.cs:line 205
   at Xim.AppApi.Controllers.UserController.GetListAsync(PagingParam param) in D:\Code\Cong TT\Api\Api\Xim.AppApi\Controllers\UserController.cs:line 20
   at Microsoft.AspNetCore.Mvc.Infrastructure.ActionMethodExecutor.TaskOfIActionResultExecutor.Execute(ActionContext actionContext, IActionResultTypeMapper mapper, ObjectMethodExecutor executor, Object controller, Object[] arguments)
   at Microsoft.AspNetCore.Mvc.Infrastructure.ControllerActionInvoker.<InvokeActionMethodAsync>g__Awaited|12_0(ControllerActionInvoker invoker, ValueTask`1 actionResultValueTask)
   at Microsoft.AspNetCore.Mvc.Infrastructure.ControllerActionInvoker.<InvokeNextActionFilterAsync>g__Awaited|10_0(ControllerActionInvoker invoker, Task lastTask, State next, Scope scope, Object state, Boolean isCompleted)

2024-08-28 08:46:18.6145-ERROR-Xim.AppApi.ActionFilters.ExceptionActionFilter-http://localhost/Users/filter-GetList:
Error converting value "or" to type 'System.Collections.Generic.List`1[Xim.Domain.Mssql.Models.MssqlFilterItem]'. Path '[0].os', line 1, position 45.
Newtonsoft.Json.JsonSerializationException: Error converting value "or" to type 'System.Collections.Generic.List`1[Xim.Domain.Mssql.Models.MssqlFilterItem]'. Path '[0].os', line 1, position 45.
 ---> System.ArgumentException: Could not cast or convert from System.String to System.Collections.Generic.List`1[Xim.Domain.Mssql.Models.MssqlFilterItem].
   at Newtonsoft.Json.Utilities.ConvertUtils.EnsureTypeAssignable(Object value, Type initialType, Type targetType)
   at Newtonsoft.Json.Serialization.JsonSerializerInternalReader.EnsureType(JsonReader reader, Object value, CultureInfo culture, JsonContract contract, Type targetType)
   --- End of inner exception stack trace ---
   at Newtonsoft.Json.Serialization.JsonSerializerInternalReader.EnsureType(JsonReader reader, Object value, CultureInfo culture, JsonContract contract, Type targetType)
   at Newtonsoft.Json.Serialization.JsonSerializerInternalReader.CreateValueInternal(JsonReader reader, Type objectType, JsonContract contract, JsonProperty member, JsonContainerContract containerContract, JsonProperty containerMember, Object existingValue)
   at Newtonsoft.Json.Serialization.JsonSerializerInternalReader.SetPropertyValue(JsonProperty property, JsonConverter propertyConverter, JsonContainerContract containerContract, JsonProperty containerProperty, JsonReader reader, Object target)
   at Newtonsoft.Json.Serialization.JsonSerializerInternalReader.PopulateObject(Object newObject, JsonReader reader, JsonObjectContract contract, JsonProperty member, String id)
   at Newtonsoft.Json.Serialization.JsonSerializerInternalReader.CreateObject(JsonReader reader, Type objectType, JsonContract contract, JsonProperty member, JsonContainerContract containerContract, JsonProperty containerMember, Object existingValue)
   at Newtonsoft.Json.Serialization.JsonSerializerInternalReader.CreateValueInternal(JsonReader reader, Type objectType, JsonContract contract, JsonProperty member, JsonContainerContract containerContract, JsonProperty containerMember, Object existingValue)
   at Newtonsoft.Json.Serialization.JsonSerializerInternalReader.PopulateList(IList list, JsonReader reader, JsonArrayContract contract, JsonProperty containerProperty, String id)
   at Newtonsoft.Json.Serialization.JsonSerializerInternalReader.CreateList(JsonReader reader, Type objectType, JsonContract contract, JsonProperty member, Object existingValue, String id)
   at Newtonsoft.Json.Serialization.JsonSerializerInternalReader.CreateValueInternal(JsonReader reader, Type objectType, JsonContract contract, JsonProperty member, JsonContainerContract containerContract, JsonProperty containerMember, Object existingValue)
   at Newtonsoft.Json.Serialization.JsonSerializerInternalReader.Deserialize(JsonReader reader, Type objectType, Boolean checkAdditionalContent)
   at Newtonsoft.Json.JsonSerializer.DeserializeInternal(JsonReader reader, Type objectType)
   at Newtonsoft.Json.JsonSerializer.Deserialize(JsonReader reader, Type objectType)
   at Newtonsoft.Json.JsonConvert.DeserializeObject(String value, Type type, JsonSerializerSettings settings)
   at Newtonsoft.Json.JsonConvert.DeserializeObject[T](String value, JsonSerializerSettings settings)
   at Newtonsoft.Json.JsonConvert.DeserializeObject[T](String value)
   at Xim.Domain.Mssql.Base.MssqlRepo`2.ParseWhere(String filter) in D:\Code\Cong TT\Api\Api\Xim.Domain.Mssql\Base\MssqlRepo.cs:line 1008
   at Xim.Domain.Mssql.Base.MssqlRepo`2.BuildPagingDataQuery(PagingParam param) in D:\Code\Cong TT\Api\Api\Xim.Domain.Mssql\Base\MssqlRepo.cs:line 783
   at Xim.Domain.Mssql.Base.MssqlRepo`2.GetPagingAsync(PagingParam param) in D:\Code\Cong TT\Api\Api\Xim.Domain.Mssql\Base\MssqlRepo.cs:line 769
   at Xim.Application.Services.UserService.GetListAsync(PagingParam param) in D:\Code\Cong TT\Api\Api\Xim.Application\Services\UserService.cs:line 205
   at Xim.AppApi.Controllers.UserController.GetListAsync(PagingParam param) in D:\Code\Cong TT\Api\Api\Xim.AppApi\Controllers\UserController.cs:line 20
   at Microsoft.AspNetCore.Mvc.Infrastructure.ActionMethodExecutor.TaskOfIActionResultExecutor.Execute(ActionContext actionContext, IActionResultTypeMapper mapper, ObjectMethodExecutor executor, Object controller, Object[] arguments)
   at Microsoft.AspNetCore.Mvc.Infrastructure.ControllerActionInvoker.<InvokeActionMethodAsync>g__Awaited|12_0(ControllerActionInvoker invoker, ValueTask`1 actionResultValueTask)
   at Microsoft.AspNetCore.Mvc.Infrastructure.ControllerActionInvoker.<InvokeNextActionFilterAsync>g__Awaited|10_0(ControllerActionInvoker invoker, Task lastTask, State next, Scope scope, Object state, Boolean isCompleted)

2024-08-28 08:48:27.9287-ERROR-Xim.AppApi.ActionFilters.ExceptionActionFilter-http://localhost/Users/filter-GetList:
Error converting value "[{" to type 'System.Collections.Generic.List`1[Xim.Domain.Mssql.Models.MssqlFilterItem]'. Path '[0].os', line 1, position 45.
Newtonsoft.Json.JsonSerializationException: Error converting value "[{" to type 'System.Collections.Generic.List`1[Xim.Domain.Mssql.Models.MssqlFilterItem]'. Path '[0].os', line 1, position 45.
 ---> System.ArgumentException: Could not cast or convert from System.String to System.Collections.Generic.List`1[Xim.Domain.Mssql.Models.MssqlFilterItem].
   at Newtonsoft.Json.Utilities.ConvertUtils.EnsureTypeAssignable(Object value, Type initialType, Type targetType)
   at Newtonsoft.Json.Serialization.JsonSerializerInternalReader.EnsureType(JsonReader reader, Object value, CultureInfo culture, JsonContract contract, Type targetType)
   --- End of inner exception stack trace ---
   at Newtonsoft.Json.Serialization.JsonSerializerInternalReader.EnsureType(JsonReader reader, Object value, CultureInfo culture, JsonContract contract, Type targetType)
   at Newtonsoft.Json.Serialization.JsonSerializerInternalReader.CreateValueInternal(JsonReader reader, Type objectType, JsonContract contract, JsonProperty member, JsonContainerContract containerContract, JsonProperty containerMember, Object existingValue)
   at Newtonsoft.Json.Serialization.JsonSerializerInternalReader.SetPropertyValue(JsonProperty property, JsonConverter propertyConverter, JsonContainerContract containerContract, JsonProperty containerProperty, JsonReader reader, Object target)
   at Newtonsoft.Json.Serialization.JsonSerializerInternalReader.PopulateObject(Object newObject, JsonReader reader, JsonObjectContract contract, JsonProperty member, String id)
   at Newtonsoft.Json.Serialization.JsonSerializerInternalReader.CreateObject(JsonReader reader, Type objectType, JsonContract contract, JsonProperty member, JsonContainerContract containerContract, JsonProperty containerMember, Object existingValue)
   at Newtonsoft.Json.Serialization.JsonSerializerInternalReader.CreateValueInternal(JsonReader reader, Type objectType, JsonContract contract, JsonProperty member, JsonContainerContract containerContract, JsonProperty containerMember, Object existingValue)
   at Newtonsoft.Json.Serialization.JsonSerializerInternalReader.PopulateList(IList list, JsonReader reader, JsonArrayContract contract, JsonProperty containerProperty, String id)
   at Newtonsoft.Json.Serialization.JsonSerializerInternalReader.CreateList(JsonReader reader, Type objectType, JsonContract contract, JsonProperty member, Object existingValue, String id)
   at Newtonsoft.Json.Serialization.JsonSerializerInternalReader.CreateValueInternal(JsonReader reader, Type objectType, JsonContract contract, JsonProperty member, JsonContainerContract containerContract, JsonProperty containerMember, Object existingValue)
   at Newtonsoft.Json.Serialization.JsonSerializerInternalReader.Deserialize(JsonReader reader, Type objectType, Boolean checkAdditionalContent)
   at Newtonsoft.Json.JsonSerializer.DeserializeInternal(JsonReader reader, Type objectType)
   at Newtonsoft.Json.JsonSerializer.Deserialize(JsonReader reader, Type objectType)
   at Newtonsoft.Json.JsonConvert.DeserializeObject(String value, Type type, JsonSerializerSettings settings)
   at Newtonsoft.Json.JsonConvert.DeserializeObject[T](String value, JsonSerializerSettings settings)
   at Newtonsoft.Json.JsonConvert.DeserializeObject[T](String value)
   at Xim.Domain.Mssql.Base.MssqlRepo`2.ParseWhere(String filter) in D:\Code\Cong TT\Api\Api\Xim.Domain.Mssql\Base\MssqlRepo.cs:line 1008
   at Xim.Domain.Mssql.Base.MssqlRepo`2.BuildPagingDataQuery(PagingParam param) in D:\Code\Cong TT\Api\Api\Xim.Domain.Mssql\Base\MssqlRepo.cs:line 783
   at Xim.Domain.Mssql.Base.MssqlRepo`2.GetPagingAsync(PagingParam param) in D:\Code\Cong TT\Api\Api\Xim.Domain.Mssql\Base\MssqlRepo.cs:line 769
   at Xim.Application.Services.UserService.GetListAsync(PagingParam param) in D:\Code\Cong TT\Api\Api\Xim.Application\Services\UserService.cs:line 205
   at Xim.AppApi.Controllers.UserController.GetListAsync(PagingParam param) in D:\Code\Cong TT\Api\Api\Xim.AppApi\Controllers\UserController.cs:line 20
   at Microsoft.AspNetCore.Mvc.Infrastructure.ActionMethodExecutor.TaskOfIActionResultExecutor.Execute(ActionContext actionContext, IActionResultTypeMapper mapper, ObjectMethodExecutor executor, Object controller, Object[] arguments)
   at Microsoft.AspNetCore.Mvc.Infrastructure.ControllerActionInvoker.<InvokeActionMethodAsync>g__Awaited|12_0(ControllerActionInvoker invoker, ValueTask`1 actionResultValueTask)
   at Microsoft.AspNetCore.Mvc.Infrastructure.ControllerActionInvoker.<InvokeNextActionFilterAsync>g__Awaited|10_0(ControllerActionInvoker invoker, Task lastTask, State next, Scope scope, Object state, Boolean isCompleted)

2024-08-28 08:49:01.1519-ERROR-Xim.AppApi.ActionFilters.ExceptionActionFilter-http://localhost/Users/filter-GetList:
Error converting value "{" to type 'System.Collections.Generic.List`1[Xim.Domain.Mssql.Models.MssqlFilterItem]'. Path '[0].os', line 1, position 44.
Newtonsoft.Json.JsonSerializationException: Error converting value "{" to type 'System.Collections.Generic.List`1[Xim.Domain.Mssql.Models.MssqlFilterItem]'. Path '[0].os', line 1, position 44.
 ---> System.ArgumentException: Could not cast or convert from System.String to System.Collections.Generic.List`1[Xim.Domain.Mssql.Models.MssqlFilterItem].
   at Newtonsoft.Json.Utilities.ConvertUtils.EnsureTypeAssignable(Object value, Type initialType, Type targetType)
   at Newtonsoft.Json.Serialization.JsonSerializerInternalReader.EnsureType(JsonReader reader, Object value, CultureInfo culture, JsonContract contract, Type targetType)
   --- End of inner exception stack trace ---
   at Newtonsoft.Json.Serialization.JsonSerializerInternalReader.EnsureType(JsonReader reader, Object value, CultureInfo culture, JsonContract contract, Type targetType)
   at Newtonsoft.Json.Serialization.JsonSerializerInternalReader.CreateValueInternal(JsonReader reader, Type objectType, JsonContract contract, JsonProperty member, JsonContainerContract containerContract, JsonProperty containerMember, Object existingValue)
   at Newtonsoft.Json.Serialization.JsonSerializerInternalReader.SetPropertyValue(JsonProperty property, JsonConverter propertyConverter, JsonContainerContract containerContract, JsonProperty containerProperty, JsonReader reader, Object target)
   at Newtonsoft.Json.Serialization.JsonSerializerInternalReader.PopulateObject(Object newObject, JsonReader reader, JsonObjectContract contract, JsonProperty member, String id)
   at Newtonsoft.Json.Serialization.JsonSerializerInternalReader.CreateObject(JsonReader reader, Type objectType, JsonContract contract, JsonProperty member, JsonContainerContract containerContract, JsonProperty containerMember, Object existingValue)
   at Newtonsoft.Json.Serialization.JsonSerializerInternalReader.CreateValueInternal(JsonReader reader, Type objectType, JsonContract contract, JsonProperty member, JsonContainerContract containerContract, JsonProperty containerMember, Object existingValue)
   at Newtonsoft.Json.Serialization.JsonSerializerInternalReader.PopulateList(IList list, JsonReader reader, JsonArrayContract contract, JsonProperty containerProperty, String id)
   at Newtonsoft.Json.Serialization.JsonSerializerInternalReader.CreateList(JsonReader reader, Type objectType, JsonContract contract, JsonProperty member, Object existingValue, String id)
   at Newtonsoft.Json.Serialization.JsonSerializerInternalReader.CreateValueInternal(JsonReader reader, Type objectType, JsonContract contract, JsonProperty member, JsonContainerContract containerContract, JsonProperty containerMember, Object existingValue)
   at Newtonsoft.Json.Serialization.JsonSerializerInternalReader.Deserialize(JsonReader reader, Type objectType, Boolean checkAdditionalContent)
   at Newtonsoft.Json.JsonSerializer.DeserializeInternal(JsonReader reader, Type objectType)
   at Newtonsoft.Json.JsonSerializer.Deserialize(JsonReader reader, Type objectType)
   at Newtonsoft.Json.JsonConvert.DeserializeObject(String value, Type type, JsonSerializerSettings settings)
   at Newtonsoft.Json.JsonConvert.DeserializeObject[T](String value, JsonSerializerSettings settings)
   at Newtonsoft.Json.JsonConvert.DeserializeObject[T](String value)
   at Xim.Domain.Mssql.Base.MssqlRepo`2.ParseWhere(String filter) in D:\Code\Cong TT\Api\Api\Xim.Domain.Mssql\Base\MssqlRepo.cs:line 1008
   at Xim.Domain.Mssql.Base.MssqlRepo`2.BuildPagingDataQuery(PagingParam param) in D:\Code\Cong TT\Api\Api\Xim.Domain.Mssql\Base\MssqlRepo.cs:line 783
   at Xim.Domain.Mssql.Base.MssqlRepo`2.GetPagingAsync(PagingParam param) in D:\Code\Cong TT\Api\Api\Xim.Domain.Mssql\Base\MssqlRepo.cs:line 769
   at Xim.Application.Services.UserService.GetListAsync(PagingParam param) in D:\Code\Cong TT\Api\Api\Xim.Application\Services\UserService.cs:line 205
   at Xim.AppApi.Controllers.UserController.GetListAsync(PagingParam param) in D:\Code\Cong TT\Api\Api\Xim.AppApi\Controllers\UserController.cs:line 20
   at Microsoft.AspNetCore.Mvc.Infrastructure.ActionMethodExecutor.TaskOfIActionResultExecutor.Execute(ActionContext actionContext, IActionResultTypeMapper mapper, ObjectMethodExecutor executor, Object controller, Object[] arguments)
   at Microsoft.AspNetCore.Mvc.Infrastructure.ControllerActionInvoker.<InvokeActionMethodAsync>g__Awaited|12_0(ControllerActionInvoker invoker, ValueTask`1 actionResultValueTask)
   at Microsoft.AspNetCore.Mvc.Infrastructure.ControllerActionInvoker.<InvokeNextActionFilterAsync>g__Awaited|10_0(ControllerActionInvoker invoker, Task lastTask, State next, Scope scope, Object state, Boolean isCompleted)

