2024-11-08 16:05:35.2269-ERROR-Xim.AppApi.ActionFilters.ExceptionActionFilter-http://localhost/ThuTruongs-Insert:
Cannot insert the value NULL into column 'is_deleted', table 'db_cong.dbo.ThuTruong'; column does not allow nulls. INSERT fails.
The statement has been terminated.
System.Data.SqlClient.SqlException (0x80131904): Cannot insert the value NULL into column 'is_deleted', table 'db_cong.dbo.ThuTruong'; column does not allow nulls. INSERT fails.
The statement has been terminated.
   at System.Data.SqlClient.SqlConnection.OnError(SqlException exception, Boolean breakConnection, Action`1 wrapCloseInAction)
   at System.Data.SqlClient.SqlInternalConnection.OnError(SqlException exception, Boolean breakConnection, Action`1 wrapCloseInAction)
   at System.Data.SqlClient.TdsParser.ThrowExceptionAndWarning(TdsParserStateObject stateObj, Boolean callerHasConnectionLock, Boolean asyncClose)
   at System.Data.SqlClient.TdsParser.TryRun(RunBehavior runBehavior, SqlCommand cmdHandler, SqlDataReader dataStream, BulkCopySimpleResultSet bulkCopyHandler, TdsParserStateObject stateObj, Boolean& dataReady)
   at System.Data.SqlClient.SqlDataReader.TryConsumeMetaData()
   at System.Data.SqlClient.SqlDataReader.get_MetaData()
   at System.Data.SqlClient.SqlCommand.FinishExecuteReader(SqlDataReader ds, RunBehavior runBehavior, String resetOptionsString)
   at System.Data.SqlClient.SqlCommand.CompleteAsyncExecuteReader()
   at System.Data.SqlClient.SqlCommand.InternalEndExecuteReader(IAsyncResult asyncResult, String endMethod)
   at System.Data.SqlClient.SqlCommand.EndExecuteReaderInternal(IAsyncResult asyncResult)
   at System.Data.SqlClient.SqlCommand.EndExecuteReader(IAsyncResult asyncResult)
   at System.Threading.Tasks.TaskFactory`1.FromAsyncCoreLogic(IAsyncResult iar, Func`2 endFunction, Action`1 endAction, Task`1 promise, Boolean requiresSynchronization)
--- End of stack trace from previous location ---
   at Dapper.SqlMapper.ExecuteScalarImplAsync[T](IDbConnection cnn, CommandDefinition command) in /_/Dapper/SqlMapper.Async.cs:line 1241
   at Xim.Domain.Mssql.Providers.MssqlProvider.ExecuteScalarTextAsync(IDbConnection cnn, String commandText, Object param) in D:\Code\Cong TT\CodeBECong\Api\Xim.Domain.Mssql\Providers\MssqlProvider.cs:line 461
   at Xim.Domain.Mssql.Providers.MssqlProvider.ExecuteScalarTextAsync(String commandText, Object param) in D:\Code\Cong TT\CodeBECong\Api\Xim.Domain.Mssql\Providers\MssqlProvider.cs:line 455
   at Xim.Domain.Mssql.Base.MssqlRepo`2.InsertAsync[TData](TData item) in D:\Code\Cong TT\CodeBECong\Api\Xim.Domain.Mssql\Base\MssqlRepo.cs:line 130
   at Xim.Application.Services.ThuTruongService.CreateAsync(ThuTruongDtoCreate model) in D:\Code\Cong TT\CodeBECong\Api\Xim.Application\Services\ThuTruongService.cs:line 54
   at Xim.AppApi.Controllers.ThuTruongController.InsertAsync(ThuTruongDtoCreate model, IFormFile thumbnail) in D:\Code\Cong TT\CodeBECong\Api\Xim.AppApi\Controllers\ThuTruongController.cs:line 85
   at lambda_method28(Closure, Object)
   at Microsoft.AspNetCore.Mvc.Infrastructure.ActionMethodExecutor.AwaitableObjectResultExecutor.Execute(ActionContext actionContext, IActionResultTypeMapper mapper, ObjectMethodExecutor executor, Object controller, Object[] arguments)
   at Microsoft.AspNetCore.Mvc.Infrastructure.ControllerActionInvoker.<InvokeActionMethodAsync>g__Awaited|12_0(ControllerActionInvoker invoker, ValueTask`1 actionResultValueTask)
   at Microsoft.AspNetCore.Mvc.Infrastructure.ControllerActionInvoker.<InvokeNextActionFilterAsync>g__Awaited|10_0(ControllerActionInvoker invoker, Task lastTask, State next, Scope scope, Object state, Boolean isCompleted)
ClientConnectionId:75edfcb7-0e44-483c-acd0-5bec9e9bb183
Error Number:515,State:2,Class:16

