2024-08-27 08:12:38.7878-ERROR-Xim.AppApi.ActionFilters.ExceptionActionFilter-http://localhost/Users-Insert:
Invalid column name 'is_delete'.
System.Data.SqlClient.SqlException (0x80131904): Invalid column name 'is_delete'.
   at System.Data.SqlClient.SqlConnection.OnError(SqlException exception, Boolean breakConnection, Action`1 wrapCloseInAction)
   at System.Data.SqlClient.SqlInternalConnection.OnError(SqlException exception, Boolean breakConnection, Action`1 wrapCloseInAction)
   at System.Data.SqlClient.TdsParser.ThrowExceptionAndWarning(TdsParserStateObject stateObj, Boolean callerHasConnectionLock, Boolean asyncClose)
   at System.Data.SqlClient.TdsParser.TryRun(RunBehavior runBehavior, SqlCommand cmdHandler, SqlDataReader dataStream, BulkCopySimpleResultSet bulkCopyHandler, TdsParserStateObject stateObj, Boolean& dataReady)
   at System.Data.SqlClient.SqlDataReader.TryConsumeMetaData()
   at System.Data.SqlClient.SqlDataReader.get_MetaData()
   at System.Data.SqlClient.SqlCommand.FinishExecuteReader(SqlDataReader ds, RunBehavior runBehavior, String resetOptionsString)
   at System.Data.SqlClient.SqlCommand.CompleteAsyncExecuteReader()
   at System.Data.SqlClient.SqlCommand.InternalEndExecuteReader(IAsyncResult asyncResult, String endMethod)
   at System.Data.SqlClient.SqlCommand.EndExecuteReaderInternal(IAsyncResult asyncResult)
   at System.Data.SqlClient.SqlCommand.EndExecuteReader(IAsyncResult asyncResult)
   at System.Threading.Tasks.TaskFactory`1.FromAsyncCoreLogic(IAsyncResult iar, Func`2 endFunction, Action`1 endAction, Task`1 promise, Boolean requiresSynchronization)
--- End of stack trace from previous location ---
   at Dapper.SqlMapper.ExecuteScalarImplAsync[T](IDbConnection cnn, CommandDefinition command) in /_/Dapper/SqlMapper.Async.cs:line 1241
   at Xim.Domain.Mssql.Providers.MssqlProvider.ExecuteScalarTextAsync(IDbConnection cnn, String commandText, Object param) in D:\Code\Cong TT\Api\Api\Xim.Domain.Mssql\Providers\MssqlProvider.cs:line 461
   at Xim.Domain.Mssql.Providers.MssqlProvider.ExecuteScalarTextAsync(String commandText, Object param) in D:\Code\Cong TT\Api\Api\Xim.Domain.Mssql\Providers\MssqlProvider.cs:line 455
   at Xim.Domain.Mssql.Base.MssqlRepo`2.InsertAsync[TData](TData item) in D:\Code\Cong TT\Api\Api\Xim.Domain.Mssql\Base\MssqlRepo.cs:line 123
   at Xim.Application.Services.UserService.CreateAsync(UserDtoCreate model) in D:\Code\Cong TT\Api\Api\Xim.Application\Services\UserService.cs:line 86
   at Xim.AppApi.Controllers.UserController.InsertAsync(UserDtoCreate model) in D:\Code\Cong TT\Api\Api\Xim.AppApi\Controllers\UserController.cs:line 31
   at Microsoft.AspNetCore.Mvc.Infrastructure.ActionMethodExecutor.TaskOfIActionResultExecutor.Execute(ActionContext actionContext, IActionResultTypeMapper mapper, ObjectMethodExecutor executor, Object controller, Object[] arguments)
   at Microsoft.AspNetCore.Mvc.Infrastructure.ControllerActionInvoker.<InvokeActionMethodAsync>g__Awaited|12_0(ControllerActionInvoker invoker, ValueTask`1 actionResultValueTask)
   at Microsoft.AspNetCore.Mvc.Infrastructure.ControllerActionInvoker.<InvokeNextActionFilterAsync>g__Awaited|10_0(ControllerActionInvoker invoker, Task lastTask, State next, Scope scope, Object state, Boolean isCompleted)
ClientConnectionId:ac94b5f0-904f-45e5-a6a0-c9086e029b03
Error Number:207,State:1,Class:16

2024-08-27 08:13:50.2936-ERROR-Xim.AppApi.ActionFilters.ExceptionActionFilter-http://localhost/Users-Insert:
Cannot insert the value NULL into column 'is_locked', table 'db_cong.dbo.users'; column does not allow nulls. INSERT fails.
The statement has been terminated.
System.Data.SqlClient.SqlException (0x80131904): Cannot insert the value NULL into column 'is_locked', table 'db_cong.dbo.users'; column does not allow nulls. INSERT fails.
The statement has been terminated.
   at System.Data.SqlClient.SqlConnection.OnError(SqlException exception, Boolean breakConnection, Action`1 wrapCloseInAction)
   at System.Data.SqlClient.SqlInternalConnection.OnError(SqlException exception, Boolean breakConnection, Action`1 wrapCloseInAction)
   at System.Data.SqlClient.TdsParser.ThrowExceptionAndWarning(TdsParserStateObject stateObj, Boolean callerHasConnectionLock, Boolean asyncClose)
   at System.Data.SqlClient.TdsParser.TryRun(RunBehavior runBehavior, SqlCommand cmdHandler, SqlDataReader dataStream, BulkCopySimpleResultSet bulkCopyHandler, TdsParserStateObject stateObj, Boolean& dataReady)
   at System.Data.SqlClient.SqlDataReader.TryConsumeMetaData()
   at System.Data.SqlClient.SqlDataReader.get_MetaData()
   at System.Data.SqlClient.SqlCommand.FinishExecuteReader(SqlDataReader ds, RunBehavior runBehavior, String resetOptionsString)
   at System.Data.SqlClient.SqlCommand.CompleteAsyncExecuteReader()
   at System.Data.SqlClient.SqlCommand.InternalEndExecuteReader(IAsyncResult asyncResult, String endMethod)
   at System.Data.SqlClient.SqlCommand.EndExecuteReaderInternal(IAsyncResult asyncResult)
   at System.Data.SqlClient.SqlCommand.EndExecuteReader(IAsyncResult asyncResult)
   at System.Threading.Tasks.TaskFactory`1.FromAsyncCoreLogic(IAsyncResult iar, Func`2 endFunction, Action`1 endAction, Task`1 promise, Boolean requiresSynchronization)
--- End of stack trace from previous location ---
   at Dapper.SqlMapper.ExecuteScalarImplAsync[T](IDbConnection cnn, CommandDefinition command) in /_/Dapper/SqlMapper.Async.cs:line 1241
   at Xim.Domain.Mssql.Providers.MssqlProvider.ExecuteScalarTextAsync(IDbConnection cnn, String commandText, Object param) in D:\Code\Cong TT\Api\Api\Xim.Domain.Mssql\Providers\MssqlProvider.cs:line 461
   at Xim.Domain.Mssql.Providers.MssqlProvider.ExecuteScalarTextAsync(String commandText, Object param) in D:\Code\Cong TT\Api\Api\Xim.Domain.Mssql\Providers\MssqlProvider.cs:line 455
   at Xim.Domain.Mssql.Base.MssqlRepo`2.InsertAsync[TData](TData item) in D:\Code\Cong TT\Api\Api\Xim.Domain.Mssql\Base\MssqlRepo.cs:line 123
   at Xim.Application.Services.UserService.CreateAsync(UserDtoCreate model) in D:\Code\Cong TT\Api\Api\Xim.Application\Services\UserService.cs:line 86
   at Xim.AppApi.Controllers.UserController.InsertAsync(UserDtoCreate model) in D:\Code\Cong TT\Api\Api\Xim.AppApi\Controllers\UserController.cs:line 31
   at Microsoft.AspNetCore.Mvc.Infrastructure.ActionMethodExecutor.TaskOfIActionResultExecutor.Execute(ActionContext actionContext, IActionResultTypeMapper mapper, ObjectMethodExecutor executor, Object controller, Object[] arguments)
   at Microsoft.AspNetCore.Mvc.Infrastructure.ControllerActionInvoker.<InvokeActionMethodAsync>g__Awaited|12_0(ControllerActionInvoker invoker, ValueTask`1 actionResultValueTask)
   at Microsoft.AspNetCore.Mvc.Infrastructure.ControllerActionInvoker.<InvokeNextActionFilterAsync>g__Awaited|10_0(ControllerActionInvoker invoker, Task lastTask, State next, Scope scope, Object state, Boolean isCompleted)
ClientConnectionId:3c206192-fc1a-48d2-9075-c0aaf4cc9b67
Error Number:515,State:2,Class:16

2024-08-27 08:14:49.9705-ERROR-Xim.AppApi.ActionFilters.ExceptionActionFilter-http://localhost/Users-Insert:
Cannot insert the value NULL into column 'is_locked', table 'db_cong.dbo.users'; column does not allow nulls. INSERT fails.
The statement has been terminated.
System.Data.SqlClient.SqlException (0x80131904): Cannot insert the value NULL into column 'is_locked', table 'db_cong.dbo.users'; column does not allow nulls. INSERT fails.
The statement has been terminated.
   at System.Data.SqlClient.SqlConnection.OnError(SqlException exception, Boolean breakConnection, Action`1 wrapCloseInAction)
   at System.Data.SqlClient.SqlInternalConnection.OnError(SqlException exception, Boolean breakConnection, Action`1 wrapCloseInAction)
   at System.Data.SqlClient.TdsParser.ThrowExceptionAndWarning(TdsParserStateObject stateObj, Boolean callerHasConnectionLock, Boolean asyncClose)
   at System.Data.SqlClient.TdsParser.TryRun(RunBehavior runBehavior, SqlCommand cmdHandler, SqlDataReader dataStream, BulkCopySimpleResultSet bulkCopyHandler, TdsParserStateObject stateObj, Boolean& dataReady)
   at System.Data.SqlClient.SqlDataReader.TryConsumeMetaData()
   at System.Data.SqlClient.SqlDataReader.get_MetaData()
   at System.Data.SqlClient.SqlCommand.FinishExecuteReader(SqlDataReader ds, RunBehavior runBehavior, String resetOptionsString)
   at System.Data.SqlClient.SqlCommand.CompleteAsyncExecuteReader()
   at System.Data.SqlClient.SqlCommand.InternalEndExecuteReader(IAsyncResult asyncResult, String endMethod)
   at System.Data.SqlClient.SqlCommand.EndExecuteReaderInternal(IAsyncResult asyncResult)
   at System.Data.SqlClient.SqlCommand.EndExecuteReader(IAsyncResult asyncResult)
   at System.Threading.Tasks.TaskFactory`1.FromAsyncCoreLogic(IAsyncResult iar, Func`2 endFunction, Action`1 endAction, Task`1 promise, Boolean requiresSynchronization)
--- End of stack trace from previous location ---
   at Dapper.SqlMapper.ExecuteScalarImplAsync[T](IDbConnection cnn, CommandDefinition command) in /_/Dapper/SqlMapper.Async.cs:line 1241
   at Xim.Domain.Mssql.Providers.MssqlProvider.ExecuteScalarTextAsync(IDbConnection cnn, String commandText, Object param) in D:\Code\Cong TT\Api\Api\Xim.Domain.Mssql\Providers\MssqlProvider.cs:line 461
   at Xim.Domain.Mssql.Providers.MssqlProvider.ExecuteScalarTextAsync(String commandText, Object param) in D:\Code\Cong TT\Api\Api\Xim.Domain.Mssql\Providers\MssqlProvider.cs:line 455
   at Xim.Domain.Mssql.Base.MssqlRepo`2.InsertAsync[TData](TData item) in D:\Code\Cong TT\Api\Api\Xim.Domain.Mssql\Base\MssqlRepo.cs:line 123
   at Xim.Application.Services.UserService.CreateAsync(UserDtoCreate model) in D:\Code\Cong TT\Api\Api\Xim.Application\Services\UserService.cs:line 86
   at Xim.AppApi.Controllers.UserController.InsertAsync(UserDtoCreate model) in D:\Code\Cong TT\Api\Api\Xim.AppApi\Controllers\UserController.cs:line 31
   at Microsoft.AspNetCore.Mvc.Infrastructure.ActionMethodExecutor.TaskOfIActionResultExecutor.Execute(ActionContext actionContext, IActionResultTypeMapper mapper, ObjectMethodExecutor executor, Object controller, Object[] arguments)
   at Microsoft.AspNetCore.Mvc.Infrastructure.ControllerActionInvoker.<InvokeActionMethodAsync>g__Awaited|12_0(ControllerActionInvoker invoker, ValueTask`1 actionResultValueTask)
   at Microsoft.AspNetCore.Mvc.Infrastructure.ControllerActionInvoker.<InvokeNextActionFilterAsync>g__Awaited|10_0(ControllerActionInvoker invoker, Task lastTask, State next, Scope scope, Object state, Boolean isCompleted)
ClientConnectionId:5cf8de9c-1b9a-414d-b1ec-e017056261a4
Error Number:515,State:2,Class:16

2024-08-27 09:52:47.4641-ERROR-Xim.AppApi.ActionFilters.ExceptionActionFilter-http://localhost/Donvis-Insert:
Invalid column name 'org_code'.
System.Data.SqlClient.SqlException (0x80131904): Invalid column name 'org_code'.
   at System.Data.SqlClient.SqlCommand.<>c.<ExecuteDbDataReaderAsync>b__126_0(Task`1 result)
   at System.Threading.Tasks.ContinuationResultTaskFromResultTask`2.InnerInvoke()
   at System.Threading.ExecutionContext.RunInternal(ExecutionContext executionContext, ContextCallback callback, Object state)
--- End of stack trace from previous location ---
   at System.Threading.ExecutionContext.RunInternal(ExecutionContext executionContext, ContextCallback callback, Object state)
   at System.Threading.Tasks.Task.ExecuteWithThreadLocal(Task& currentTaskSlot, Thread threadPoolThread)
--- End of stack trace from previous location ---
   at Dapper.SqlMapper.QueryAsync[T](IDbConnection cnn, Type effectiveType, CommandDefinition command) in /_/Dapper/SqlMapper.Async.cs:line 434
   at Xim.Domain.Mssql.Providers.MssqlProvider.QueryAsync[T](IDbConnection cnn, String commandText, Dictionary`2 param) in D:\Code\Cong TT\Api\Api\Xim.Domain.Mssql\Providers\MssqlProvider.cs:line 476
   at Xim.Domain.Mssql.Providers.MssqlProvider.QueryAsync[T](String commandText, Dictionary`2 param) in D:\Code\Cong TT\Api\Api\Xim.Domain.Mssql\Providers\MssqlProvider.cs:line 469
   at Xim.Domain.Mssql.Base.MssqlRepo`2.GetAsync[TData](Dictionary`2 condition, ConditionOperator conditionOperator, String sort) in D:\Code\Cong TT\Api\Api\Xim.Domain.Mssql\Base\MssqlRepo.cs:line 763
   at Xim.Application.Services.OrgService.CreateAsync(DonviDtoCreate model) in D:\Code\Cong TT\Api\Api\Xim.Application\Services\OrgService.cs:line 40
   at Xim.AppApi.Controllers.DonviController.InsertAsync(DonviDtoCreate model) in D:\Code\Cong TT\Api\Api\Xim.AppApi\Controllers\DonviController.cs:line 31
   at Microsoft.AspNetCore.Mvc.Infrastructure.ActionMethodExecutor.TaskOfIActionResultExecutor.Execute(ActionContext actionContext, IActionResultTypeMapper mapper, ObjectMethodExecutor executor, Object controller, Object[] arguments)
   at Microsoft.AspNetCore.Mvc.Infrastructure.ControllerActionInvoker.<InvokeActionMethodAsync>g__Awaited|12_0(ControllerActionInvoker invoker, ValueTask`1 actionResultValueTask)
   at Microsoft.AspNetCore.Mvc.Infrastructure.ControllerActionInvoker.<InvokeNextActionFilterAsync>g__Awaited|10_0(ControllerActionInvoker invoker, Task lastTask, State next, Scope scope, Object state, Boolean isCompleted)
ClientConnectionId:95c29bcc-073a-4459-bd3c-af712b0fde39
Error Number:207,State:1,Class:16

2024-08-27 09:55:36.7509-ERROR-Xim.AppApi.ActionFilters.ExceptionActionFilter-http://localhost/Donvis-Insert:
Invalid column name 'id_parent'.
System.Data.SqlClient.SqlException (0x80131904): Invalid column name 'id_parent'.
   at System.Data.SqlClient.SqlConnection.OnError(SqlException exception, Boolean breakConnection, Action`1 wrapCloseInAction)
   at System.Data.SqlClient.SqlInternalConnection.OnError(SqlException exception, Boolean breakConnection, Action`1 wrapCloseInAction)
   at System.Data.SqlClient.TdsParser.ThrowExceptionAndWarning(TdsParserStateObject stateObj, Boolean callerHasConnectionLock, Boolean asyncClose)
   at System.Data.SqlClient.TdsParser.TryRun(RunBehavior runBehavior, SqlCommand cmdHandler, SqlDataReader dataStream, BulkCopySimpleResultSet bulkCopyHandler, TdsParserStateObject stateObj, Boolean& dataReady)
   at System.Data.SqlClient.SqlDataReader.TryConsumeMetaData()
   at System.Data.SqlClient.SqlDataReader.get_MetaData()
   at System.Data.SqlClient.SqlCommand.FinishExecuteReader(SqlDataReader ds, RunBehavior runBehavior, String resetOptionsString)
   at System.Data.SqlClient.SqlCommand.CompleteAsyncExecuteReader()
   at System.Data.SqlClient.SqlCommand.InternalEndExecuteReader(IAsyncResult asyncResult, String endMethod)
   at System.Data.SqlClient.SqlCommand.EndExecuteReaderInternal(IAsyncResult asyncResult)
   at System.Data.SqlClient.SqlCommand.EndExecuteReader(IAsyncResult asyncResult)
   at System.Threading.Tasks.TaskFactory`1.FromAsyncCoreLogic(IAsyncResult iar, Func`2 endFunction, Action`1 endAction, Task`1 promise, Boolean requiresSynchronization)
--- End of stack trace from previous location ---
   at Dapper.SqlMapper.ExecuteScalarImplAsync[T](IDbConnection cnn, CommandDefinition command) in /_/Dapper/SqlMapper.Async.cs:line 1241
   at Xim.Domain.Mssql.Providers.MssqlProvider.ExecuteScalarTextAsync(IDbConnection cnn, String commandText, Object param) in D:\Code\Cong TT\Api\Api\Xim.Domain.Mssql\Providers\MssqlProvider.cs:line 461
   at Xim.Domain.Mssql.Providers.MssqlProvider.ExecuteScalarTextAsync(String commandText, Object param) in D:\Code\Cong TT\Api\Api\Xim.Domain.Mssql\Providers\MssqlProvider.cs:line 455
   at Xim.Domain.Mssql.Base.MssqlRepo`2.InsertAsync[TData](TData item) in D:\Code\Cong TT\Api\Api\Xim.Domain.Mssql\Base\MssqlRepo.cs:line 123
   at Xim.Application.Services.DonviService.CreateAsync(DonviDtoCreate model) in D:\Code\Cong TT\Api\Api\Xim.Application\Services\DonviService.cs:line 52
   at Xim.AppApi.Controllers.DonviController.InsertAsync(DonviDtoCreate model) in D:\Code\Cong TT\Api\Api\Xim.AppApi\Controllers\DonviController.cs:line 31
   at Microsoft.AspNetCore.Mvc.Infrastructure.ActionMethodExecutor.TaskOfIActionResultExecutor.Execute(ActionContext actionContext, IActionResultTypeMapper mapper, ObjectMethodExecutor executor, Object controller, Object[] arguments)
   at Microsoft.AspNetCore.Mvc.Infrastructure.ControllerActionInvoker.<InvokeActionMethodAsync>g__Awaited|12_0(ControllerActionInvoker invoker, ValueTask`1 actionResultValueTask)
   at Microsoft.AspNetCore.Mvc.Infrastructure.ControllerActionInvoker.<InvokeNextActionFilterAsync>g__Awaited|10_0(ControllerActionInvoker invoker, Task lastTask, State next, Scope scope, Object state, Boolean isCompleted)
ClientConnectionId:348d9cb1-dd30-4ea0-9bac-67ab10062ea8
Error Number:207,State:1,Class:16

2024-08-27 14:13:56.9607-ERROR-Xim.AppApi.ActionFilters.ExceptionActionFilter-http://localhost/Users-Insert:
The member donviparent of type Xim.Domain.Entities.DonviEntity cannot be used as a parameter value
System.NotSupportedException: The member donviparent of type Xim.Domain.Entities.DonviEntity cannot be used as a parameter value
   at Dapper.SqlMapper.LookupDbType(Type type, String name, Boolean demand, ITypeHandler& handler) in /_/Dapper/SqlMapper.cs:line 497
   at Dapper.SqlMapper.CreateParamInfoGenerator(Identity identity, Boolean checkForDuplicates, Boolean removeUnused, IList`1 literals) in /_/Dapper/SqlMapper.cs:line 2656
   at Dapper.SqlMapper.GetCacheInfo(Identity identity, Object exampleParameters, Boolean addToCache) in /_/Dapper/SqlMapper.cs:line 1848
   at Dapper.SqlMapper.ExecuteScalarImplAsync[T](IDbConnection cnn, CommandDefinition command) in /_/Dapper/SqlMapper.Async.cs:line 1231
   at Xim.Domain.Mssql.Providers.MssqlProvider.ExecuteScalarTextAsync(IDbConnection cnn, String commandText, Object param) in D:\Code\Cong TT\Api\Api\Xim.Domain.Mssql\Providers\MssqlProvider.cs:line 461
   at Xim.Domain.Mssql.Providers.MssqlProvider.ExecuteScalarTextAsync(String commandText, Object param) in D:\Code\Cong TT\Api\Api\Xim.Domain.Mssql\Providers\MssqlProvider.cs:line 455
   at Xim.Domain.Mssql.Base.MssqlRepo`2.InsertAsync[TData](TData item) in D:\Code\Cong TT\Api\Api\Xim.Domain.Mssql\Base\MssqlRepo.cs:line 123
   at Xim.Application.Services.UserService.CreateAsync(UserDtoCreate model) in D:\Code\Cong TT\Api\Api\Xim.Application\Services\UserService.cs:line 91
   at Xim.AppApi.Controllers.UserController.InsertAsync(UserDtoCreate model) in D:\Code\Cong TT\Api\Api\Xim.AppApi\Controllers\UserController.cs:line 30
   at Microsoft.AspNetCore.Mvc.Infrastructure.ActionMethodExecutor.TaskOfIActionResultExecutor.Execute(ActionContext actionContext, IActionResultTypeMapper mapper, ObjectMethodExecutor executor, Object controller, Object[] arguments)
   at Microsoft.AspNetCore.Mvc.Infrastructure.ControllerActionInvoker.<InvokeActionMethodAsync>g__Awaited|12_0(ControllerActionInvoker invoker, ValueTask`1 actionResultValueTask)
   at Microsoft.AspNetCore.Mvc.Infrastructure.ControllerActionInvoker.<InvokeNextActionFilterAsync>g__Awaited|10_0(ControllerActionInvoker invoker, Task lastTask, State next, Scope scope, Object state, Boolean isCompleted)

2024-08-27 14:16:00.9372-ERROR-Xim.AppApi.ActionFilters.ExceptionActionFilter-http://localhost/Users/ByDonvi-Getbydonvi:
Incorrect syntax near '='.
System.Data.SqlClient.SqlException (0x80131904): Incorrect syntax near '='.
   at System.Data.SqlClient.SqlCommand.<>c.<ExecuteDbDataReaderAsync>b__126_0(Task`1 result)
   at System.Threading.Tasks.ContinuationResultTaskFromResultTask`2.InnerInvoke()
   at System.Threading.ExecutionContext.RunInternal(ExecutionContext executionContext, ContextCallback callback, Object state)
--- End of stack trace from previous location ---
   at System.Threading.ExecutionContext.RunInternal(ExecutionContext executionContext, ContextCallback callback, Object state)
   at System.Threading.Tasks.Task.ExecuteWithThreadLocal(Task& currentTaskSlot, Thread threadPoolThread)
--- End of stack trace from previous location ---
   at Dapper.SqlMapper.QueryAsync[T](IDbConnection cnn, Type effectiveType, CommandDefinition command) in /_/Dapper/SqlMapper.Async.cs:line 434
   at Xim.Domain.Mssql.Providers.MssqlProvider.QueryAsync(IDbConnection cnn, String commandText, Dictionary`2 param) in D:\Code\Cong TT\Api\Api\Xim.Domain.Mssql\Providers\MssqlProvider.cs:line 526
   at Xim.Domain.Mssql.Providers.MssqlProvider.QueryAsync(String commandText, Dictionary`2 param) in D:\Code\Cong TT\Api\Api\Xim.Domain.Mssql\Providers\MssqlProvider.cs:line 519
   at Xim.Domain.Mssql.Repos.UserRepo.GetUserByDonViAsync(Guid donviId) in D:\Code\Cong TT\Api\Api\Xim.Domain.Mssql\App\UserRepo.cs:line 32
   at Xim.Application.Services.UserService.GetByDonviAsync(Guid iddonvi) in D:\Code\Cong TT\Api\Api\Xim.Application\Services\UserService.cs:line 25
   at Xim.AppApi.Controllers.UserController.GetbydonviAsync(Guid iddonvi) in D:\Code\Cong TT\Api\Api\Xim.AppApi\Controllers\UserController.cs:line 36
   at Microsoft.AspNetCore.Mvc.Infrastructure.ActionMethodExecutor.TaskOfIActionResultExecutor.Execute(ActionContext actionContext, IActionResultTypeMapper mapper, ObjectMethodExecutor executor, Object controller, Object[] arguments)
   at Microsoft.AspNetCore.Mvc.Infrastructure.ControllerActionInvoker.<InvokeActionMethodAsync>g__Awaited|12_0(ControllerActionInvoker invoker, ValueTask`1 actionResultValueTask)
   at Microsoft.AspNetCore.Mvc.Infrastructure.ControllerActionInvoker.<InvokeNextActionFilterAsync>g__Awaited|10_0(ControllerActionInvoker invoker, Task lastTask, State next, Scope scope, Object state, Boolean isCompleted)
ClientConnectionId:3086eb9f-4380-4792-94f2-5e5a022163dc
Error Number:102,State:1,Class:15

2024-08-27 14:16:53.7733-ERROR-Xim.AppApi.ActionFilters.ExceptionActionFilter-http://localhost/Users/ByDonvi-Getbydonvi:
Invalid column name 'thutu'.
System.Data.SqlClient.SqlException (0x80131904): Invalid column name 'thutu'.
   at System.Data.SqlClient.SqlCommand.<>c.<ExecuteDbDataReaderAsync>b__126_0(Task`1 result)
   at System.Threading.Tasks.ContinuationResultTaskFromResultTask`2.InnerInvoke()
   at System.Threading.ExecutionContext.RunInternal(ExecutionContext executionContext, ContextCallback callback, Object state)
--- End of stack trace from previous location ---
   at System.Threading.ExecutionContext.RunInternal(ExecutionContext executionContext, ContextCallback callback, Object state)
   at System.Threading.Tasks.Task.ExecuteWithThreadLocal(Task& currentTaskSlot, Thread threadPoolThread)
--- End of stack trace from previous location ---
   at Dapper.SqlMapper.QueryAsync[T](IDbConnection cnn, Type effectiveType, CommandDefinition command) in /_/Dapper/SqlMapper.Async.cs:line 434
   at Xim.Domain.Mssql.Providers.MssqlProvider.QueryAsync(IDbConnection cnn, String commandText, Dictionary`2 param) in D:\Code\Cong TT\Api\Api\Xim.Domain.Mssql\Providers\MssqlProvider.cs:line 526
   at Xim.Domain.Mssql.Providers.MssqlProvider.QueryAsync(String commandText, Dictionary`2 param) in D:\Code\Cong TT\Api\Api\Xim.Domain.Mssql\Providers\MssqlProvider.cs:line 519
   at Xim.Domain.Mssql.Repos.UserRepo.GetUserByDonViAsync(Guid donviId) in D:\Code\Cong TT\Api\Api\Xim.Domain.Mssql\App\UserRepo.cs:line 32
   at Xim.Application.Services.UserService.GetByDonviAsync(Guid iddonvi) in D:\Code\Cong TT\Api\Api\Xim.Application\Services\UserService.cs:line 25
   at Xim.AppApi.Controllers.UserController.GetbydonviAsync(Guid iddonvi) in D:\Code\Cong TT\Api\Api\Xim.AppApi\Controllers\UserController.cs:line 36
   at Microsoft.AspNetCore.Mvc.Infrastructure.ActionMethodExecutor.TaskOfIActionResultExecutor.Execute(ActionContext actionContext, IActionResultTypeMapper mapper, ObjectMethodExecutor executor, Object controller, Object[] arguments)
   at Microsoft.AspNetCore.Mvc.Infrastructure.ControllerActionInvoker.<InvokeActionMethodAsync>g__Awaited|12_0(ControllerActionInvoker invoker, ValueTask`1 actionResultValueTask)
   at Microsoft.AspNetCore.Mvc.Infrastructure.ControllerActionInvoker.<InvokeNextActionFilterAsync>g__Awaited|10_0(ControllerActionInvoker invoker, Task lastTask, State next, Scope scope, Object state, Boolean isCompleted)
ClientConnectionId:37ae81e0-6c0c-4a3f-a8bc-f2904dd28f08
Error Number:207,State:1,Class:16

2024-08-27 15:50:27.9817-ERROR-Xim.AppApi.ActionFilters.ExceptionActionFilter-http://localhost/Users/filter-GetList:
Unexpected character encountered while parsing value: a. Path '', line 0, position 0.
Newtonsoft.Json.JsonReaderException: Unexpected character encountered while parsing value: a. Path '', line 0, position 0.
   at Newtonsoft.Json.JsonTextReader.ParseValue()
   at Newtonsoft.Json.JsonTextReader.Read()
   at Newtonsoft.Json.JsonReader.ReadAndMoveToContent()
   at Newtonsoft.Json.JsonReader.ReadForType(JsonContract contract, Boolean hasConverter)
   at Newtonsoft.Json.Serialization.JsonSerializerInternalReader.Deserialize(JsonReader reader, Type objectType, Boolean checkAdditionalContent)
   at Newtonsoft.Json.JsonSerializer.DeserializeInternal(JsonReader reader, Type objectType)
   at Newtonsoft.Json.JsonSerializer.Deserialize(JsonReader reader, Type objectType)
   at Newtonsoft.Json.JsonConvert.DeserializeObject(String value, Type type, JsonSerializerSettings settings)
   at Newtonsoft.Json.JsonConvert.DeserializeObject[T](String value, JsonSerializerSettings settings)
   at Newtonsoft.Json.JsonConvert.DeserializeObject[T](String value)
   at Xim.Domain.Mssql.Base.MssqlRepo`2.ParseWhere(String filter) in D:\Code\Cong TT\Api\Api\Xim.Domain.Mssql\Base\MssqlRepo.cs:line 1009
   at Xim.Domain.Mssql.Base.MssqlRepo`2.BuildPagingDataQuery(PagingParam param) in D:\Code\Cong TT\Api\Api\Xim.Domain.Mssql\Base\MssqlRepo.cs:line 783
   at Xim.Domain.Mssql.Base.MssqlRepo`2.GetPagingAsync(PagingParam param) in D:\Code\Cong TT\Api\Api\Xim.Domain.Mssql\Base\MssqlRepo.cs:line 769
   at Xim.Application.Services.UserService.GetListAsync(PagingParam param) in D:\Code\Cong TT\Api\Api\Xim.Application\Services\UserService.cs:line 205
   at Xim.AppApi.Controllers.UserController.GetListAsync(PagingParam param) in D:\Code\Cong TT\Api\Api\Xim.AppApi\Controllers\UserController.cs:line 20
   at Microsoft.AspNetCore.Mvc.Infrastructure.ActionMethodExecutor.TaskOfIActionResultExecutor.Execute(ActionContext actionContext, IActionResultTypeMapper mapper, ObjectMethodExecutor executor, Object controller, Object[] arguments)
   at Microsoft.AspNetCore.Mvc.Infrastructure.ControllerActionInvoker.<InvokeActionMethodAsync>g__Awaited|12_0(ControllerActionInvoker invoker, ValueTask`1 actionResultValueTask)
   at Microsoft.AspNetCore.Mvc.Infrastructure.ControllerActionInvoker.<InvokeNextActionFilterAsync>g__Awaited|10_0(ControllerActionInvoker invoker, Task lastTask, State next, Scope scope, Object state, Boolean isCompleted)

2024-08-27 16:10:29.4659-ERROR-Xim.AppApi.ActionFilters.ExceptionActionFilter-http://localhost/Users/filter-GetList:
Unexpected character encountered while parsing value: a. Path '', line 0, position 0.
Newtonsoft.Json.JsonReaderException: Unexpected character encountered while parsing value: a. Path '', line 0, position 0.
   at Newtonsoft.Json.JsonTextReader.ParseValue()
   at Newtonsoft.Json.JsonTextReader.Read()
   at Newtonsoft.Json.JsonReader.ReadAndMoveToContent()
   at Newtonsoft.Json.JsonReader.ReadForType(JsonContract contract, Boolean hasConverter)
   at Newtonsoft.Json.Serialization.JsonSerializerInternalReader.Deserialize(JsonReader reader, Type objectType, Boolean checkAdditionalContent)
   at Newtonsoft.Json.JsonSerializer.DeserializeInternal(JsonReader reader, Type objectType)
   at Newtonsoft.Json.JsonSerializer.Deserialize(JsonReader reader, Type objectType)
   at Newtonsoft.Json.JsonConvert.DeserializeObject(String value, Type type, JsonSerializerSettings settings)
   at Newtonsoft.Json.JsonConvert.DeserializeObject[T](String value, JsonSerializerSettings settings)
   at Newtonsoft.Json.JsonConvert.DeserializeObject[T](String value)
   at Xim.Domain.Mssql.Base.MssqlRepo`2.ParseWhere(String filter) in D:\Code\Cong TT\Api\Api\Xim.Domain.Mssql\Base\MssqlRepo.cs:line 1009
   at Xim.Domain.Mssql.Base.MssqlRepo`2.BuildPagingDataQuery(PagingParam param) in D:\Code\Cong TT\Api\Api\Xim.Domain.Mssql\Base\MssqlRepo.cs:line 783
   at Xim.Domain.Mssql.Base.MssqlRepo`2.GetPagingAsync(PagingParam param) in D:\Code\Cong TT\Api\Api\Xim.Domain.Mssql\Base\MssqlRepo.cs:line 769
   at Xim.Application.Services.UserService.GetListAsync(PagingParam param) in D:\Code\Cong TT\Api\Api\Xim.Application\Services\UserService.cs:line 205
   at Xim.AppApi.Controllers.UserController.GetListAsync(PagingParam param) in D:\Code\Cong TT\Api\Api\Xim.AppApi\Controllers\UserController.cs:line 20
   at Microsoft.AspNetCore.Mvc.Infrastructure.ActionMethodExecutor.TaskOfIActionResultExecutor.Execute(ActionContext actionContext, IActionResultTypeMapper mapper, ObjectMethodExecutor executor, Object controller, Object[] arguments)
   at Microsoft.AspNetCore.Mvc.Infrastructure.ControllerActionInvoker.<InvokeActionMethodAsync>g__Awaited|12_0(ControllerActionInvoker invoker, ValueTask`1 actionResultValueTask)
   at Microsoft.AspNetCore.Mvc.Infrastructure.ControllerActionInvoker.<InvokeNextActionFilterAsync>g__Awaited|10_0(ControllerActionInvoker invoker, Task lastTask, State next, Scope scope, Object state, Boolean isCompleted)

2024-08-27 16:10:34.5653-ERROR-Xim.AppApi.ActionFilters.ExceptionActionFilter-http://localhost/Users/filter-GetList:
Unexpected character encountered while parsing value: a. Path '', line 0, position 0.
Newtonsoft.Json.JsonReaderException: Unexpected character encountered while parsing value: a. Path '', line 0, position 0.
   at Newtonsoft.Json.JsonTextReader.ParseValue()
   at Newtonsoft.Json.JsonTextReader.Read()
   at Newtonsoft.Json.JsonReader.ReadAndMoveToContent()
   at Newtonsoft.Json.JsonReader.ReadForType(JsonContract contract, Boolean hasConverter)
   at Newtonsoft.Json.Serialization.JsonSerializerInternalReader.Deserialize(JsonReader reader, Type objectType, Boolean checkAdditionalContent)
   at Newtonsoft.Json.JsonSerializer.DeserializeInternal(JsonReader reader, Type objectType)
   at Newtonsoft.Json.JsonSerializer.Deserialize(JsonReader reader, Type objectType)
   at Newtonsoft.Json.JsonConvert.DeserializeObject(String value, Type type, JsonSerializerSettings settings)
   at Newtonsoft.Json.JsonConvert.DeserializeObject[T](String value, JsonSerializerSettings settings)
   at Newtonsoft.Json.JsonConvert.DeserializeObject[T](String value)
   at Xim.Domain.Mssql.Base.MssqlRepo`2.ParseWhere(String filter) in D:\Code\Cong TT\Api\Api\Xim.Domain.Mssql\Base\MssqlRepo.cs:line 1009
   at Xim.Domain.Mssql.Base.MssqlRepo`2.BuildPagingDataQuery(PagingParam param) in D:\Code\Cong TT\Api\Api\Xim.Domain.Mssql\Base\MssqlRepo.cs:line 783
   at Xim.Domain.Mssql.Base.MssqlRepo`2.GetPagingAsync(PagingParam param) in D:\Code\Cong TT\Api\Api\Xim.Domain.Mssql\Base\MssqlRepo.cs:line 769
   at Xim.Application.Services.UserService.GetListAsync(PagingParam param) in D:\Code\Cong TT\Api\Api\Xim.Application\Services\UserService.cs:line 205
   at Xim.AppApi.Controllers.UserController.GetListAsync(PagingParam param) in D:\Code\Cong TT\Api\Api\Xim.AppApi\Controllers\UserController.cs:line 20
   at Microsoft.AspNetCore.Mvc.Infrastructure.ActionMethodExecutor.TaskOfIActionResultExecutor.Execute(ActionContext actionContext, IActionResultTypeMapper mapper, ObjectMethodExecutor executor, Object controller, Object[] arguments)
   at Microsoft.AspNetCore.Mvc.Infrastructure.ControllerActionInvoker.<InvokeActionMethodAsync>g__Awaited|12_0(ControllerActionInvoker invoker, ValueTask`1 actionResultValueTask)
   at Microsoft.AspNetCore.Mvc.Infrastructure.ControllerActionInvoker.<InvokeNextActionFilterAsync>g__Awaited|10_0(ControllerActionInvoker invoker, Task lastTask, State next, Scope scope, Object state, Boolean isCompleted)

2024-08-27 16:11:00.9789-ERROR-Xim.AppApi.ActionFilters.ExceptionActionFilter-http://localhost/Users/filter-GetList:
Unexpected character encountered while parsing value: a. Path '', line 0, position 0.
Newtonsoft.Json.JsonReaderException: Unexpected character encountered while parsing value: a. Path '', line 0, position 0.
   at Newtonsoft.Json.JsonTextReader.ParseValue()
   at Newtonsoft.Json.JsonTextReader.Read()
   at Newtonsoft.Json.JsonReader.ReadAndMoveToContent()
   at Newtonsoft.Json.JsonReader.ReadForType(JsonContract contract, Boolean hasConverter)
   at Newtonsoft.Json.Serialization.JsonSerializerInternalReader.Deserialize(JsonReader reader, Type objectType, Boolean checkAdditionalContent)
   at Newtonsoft.Json.JsonSerializer.DeserializeInternal(JsonReader reader, Type objectType)
   at Newtonsoft.Json.JsonSerializer.Deserialize(JsonReader reader, Type objectType)
   at Newtonsoft.Json.JsonConvert.DeserializeObject(String value, Type type, JsonSerializerSettings settings)
   at Newtonsoft.Json.JsonConvert.DeserializeObject[T](String value, JsonSerializerSettings settings)
   at Newtonsoft.Json.JsonConvert.DeserializeObject[T](String value)
   at Xim.Domain.Mssql.Base.MssqlRepo`2.ParseWhere(String filter) in D:\Code\Cong TT\Api\Api\Xim.Domain.Mssql\Base\MssqlRepo.cs:line 1009
   at Xim.Domain.Mssql.Base.MssqlRepo`2.BuildPagingDataQuery(PagingParam param) in D:\Code\Cong TT\Api\Api\Xim.Domain.Mssql\Base\MssqlRepo.cs:line 783
   at Xim.Domain.Mssql.Base.MssqlRepo`2.GetPagingAsync(PagingParam param) in D:\Code\Cong TT\Api\Api\Xim.Domain.Mssql\Base\MssqlRepo.cs:line 769
   at Xim.Application.Services.UserService.GetListAsync(PagingParam param) in D:\Code\Cong TT\Api\Api\Xim.Application\Services\UserService.cs:line 205
   at Xim.AppApi.Controllers.UserController.GetListAsync(PagingParam param) in D:\Code\Cong TT\Api\Api\Xim.AppApi\Controllers\UserController.cs:line 20
   at Microsoft.AspNetCore.Mvc.Infrastructure.ActionMethodExecutor.TaskOfIActionResultExecutor.Execute(ActionContext actionContext, IActionResultTypeMapper mapper, ObjectMethodExecutor executor, Object controller, Object[] arguments)
   at Microsoft.AspNetCore.Mvc.Infrastructure.ControllerActionInvoker.<InvokeActionMethodAsync>g__Awaited|12_0(ControllerActionInvoker invoker, ValueTask`1 actionResultValueTask)
   at Microsoft.AspNetCore.Mvc.Infrastructure.ControllerActionInvoker.<InvokeNextActionFilterAsync>g__Awaited|10_0(ControllerActionInvoker invoker, Task lastTask, State next, Scope scope, Object state, Boolean isCompleted)

2024-08-27 16:11:02.1449-ERROR-Xim.AppApi.ActionFilters.ExceptionActionFilter-http://localhost/Users/filter-GetList:
Unexpected character encountered while parsing value: a. Path '', line 0, position 0.
Newtonsoft.Json.JsonReaderException: Unexpected character encountered while parsing value: a. Path '', line 0, position 0.
   at Newtonsoft.Json.JsonTextReader.ParseValue()
   at Newtonsoft.Json.JsonTextReader.Read()
   at Newtonsoft.Json.JsonReader.ReadAndMoveToContent()
   at Newtonsoft.Json.JsonReader.ReadForType(JsonContract contract, Boolean hasConverter)
   at Newtonsoft.Json.Serialization.JsonSerializerInternalReader.Deserialize(JsonReader reader, Type objectType, Boolean checkAdditionalContent)
   at Newtonsoft.Json.JsonSerializer.DeserializeInternal(JsonReader reader, Type objectType)
   at Newtonsoft.Json.JsonSerializer.Deserialize(JsonReader reader, Type objectType)
   at Newtonsoft.Json.JsonConvert.DeserializeObject(String value, Type type, JsonSerializerSettings settings)
   at Newtonsoft.Json.JsonConvert.DeserializeObject[T](String value, JsonSerializerSettings settings)
   at Newtonsoft.Json.JsonConvert.DeserializeObject[T](String value)
   at Xim.Domain.Mssql.Base.MssqlRepo`2.ParseWhere(String filter) in D:\Code\Cong TT\Api\Api\Xim.Domain.Mssql\Base\MssqlRepo.cs:line 1009
   at Xim.Domain.Mssql.Base.MssqlRepo`2.BuildPagingDataQuery(PagingParam param) in D:\Code\Cong TT\Api\Api\Xim.Domain.Mssql\Base\MssqlRepo.cs:line 783
   at Xim.Domain.Mssql.Base.MssqlRepo`2.GetPagingAsync(PagingParam param) in D:\Code\Cong TT\Api\Api\Xim.Domain.Mssql\Base\MssqlRepo.cs:line 769
   at Xim.Application.Services.UserService.GetListAsync(PagingParam param) in D:\Code\Cong TT\Api\Api\Xim.Application\Services\UserService.cs:line 205
   at Xim.AppApi.Controllers.UserController.GetListAsync(PagingParam param) in D:\Code\Cong TT\Api\Api\Xim.AppApi\Controllers\UserController.cs:line 20
   at Microsoft.AspNetCore.Mvc.Infrastructure.ActionMethodExecutor.TaskOfIActionResultExecutor.Execute(ActionContext actionContext, IActionResultTypeMapper mapper, ObjectMethodExecutor executor, Object controller, Object[] arguments)
   at Microsoft.AspNetCore.Mvc.Infrastructure.ControllerActionInvoker.<InvokeActionMethodAsync>g__Awaited|12_0(ControllerActionInvoker invoker, ValueTask`1 actionResultValueTask)
   at Microsoft.AspNetCore.Mvc.Infrastructure.ControllerActionInvoker.<InvokeNextActionFilterAsync>g__Awaited|10_0(ControllerActionInvoker invoker, Task lastTask, State next, Scope scope, Object state, Boolean isCompleted)

2024-08-27 16:12:54.9647-ERROR-Xim.AppApi.ActionFilters.ExceptionActionFilter-http://localhost/Users/filter-GetList:
Unexpected character encountered while parsing value: a. Path '', line 0, position 0.
Newtonsoft.Json.JsonReaderException: Unexpected character encountered while parsing value: a. Path '', line 0, position 0.
   at Newtonsoft.Json.JsonTextReader.ParseValue()
   at Newtonsoft.Json.JsonTextReader.Read()
   at Newtonsoft.Json.JsonReader.ReadAndMoveToContent()
   at Newtonsoft.Json.JsonReader.ReadForType(JsonContract contract, Boolean hasConverter)
   at Newtonsoft.Json.Serialization.JsonSerializerInternalReader.Deserialize(JsonReader reader, Type objectType, Boolean checkAdditionalContent)
   at Newtonsoft.Json.JsonSerializer.DeserializeInternal(JsonReader reader, Type objectType)
   at Newtonsoft.Json.JsonSerializer.Deserialize(JsonReader reader, Type objectType)
   at Newtonsoft.Json.JsonConvert.DeserializeObject(String value, Type type, JsonSerializerSettings settings)
   at Newtonsoft.Json.JsonConvert.DeserializeObject[T](String value, JsonSerializerSettings settings)
   at Newtonsoft.Json.JsonConvert.DeserializeObject[T](String value)
   at Xim.Domain.Mssql.Base.MssqlRepo`2.ParseWhere(String filter) in D:\Code\Cong TT\Api\Api\Xim.Domain.Mssql\Base\MssqlRepo.cs:line 1009
   at Xim.Domain.Mssql.Base.MssqlRepo`2.BuildPagingDataQuery(PagingParam param) in D:\Code\Cong TT\Api\Api\Xim.Domain.Mssql\Base\MssqlRepo.cs:line 783
   at Xim.Domain.Mssql.Base.MssqlRepo`2.GetPagingAsync(PagingParam param) in D:\Code\Cong TT\Api\Api\Xim.Domain.Mssql\Base\MssqlRepo.cs:line 769
   at Xim.Application.Services.UserService.GetListAsync(PagingParam param) in D:\Code\Cong TT\Api\Api\Xim.Application\Services\UserService.cs:line 205
   at Xim.AppApi.Controllers.UserController.GetListAsync(PagingParam param) in D:\Code\Cong TT\Api\Api\Xim.AppApi\Controllers\UserController.cs:line 20
   at Microsoft.AspNetCore.Mvc.Infrastructure.ActionMethodExecutor.TaskOfIActionResultExecutor.Execute(ActionContext actionContext, IActionResultTypeMapper mapper, ObjectMethodExecutor executor, Object controller, Object[] arguments)
   at Microsoft.AspNetCore.Mvc.Infrastructure.ControllerActionInvoker.<InvokeActionMethodAsync>g__Awaited|12_0(ControllerActionInvoker invoker, ValueTask`1 actionResultValueTask)
   at Microsoft.AspNetCore.Mvc.Infrastructure.ControllerActionInvoker.<InvokeNextActionFilterAsync>g__Awaited|10_0(ControllerActionInvoker invoker, Task lastTask, State next, Scope scope, Object state, Boolean isCompleted)

2024-08-27 16:13:59.6384-ERROR-Xim.AppApi.ActionFilters.ExceptionActionFilter-http://localhost/Users/filter-GetList:
Unexpected character encountered while parsing value: a. Path '', line 0, position 0.
Newtonsoft.Json.JsonReaderException: Unexpected character encountered while parsing value: a. Path '', line 0, position 0.
   at Newtonsoft.Json.JsonTextReader.ParseValue()
   at Newtonsoft.Json.JsonTextReader.Read()
   at Newtonsoft.Json.JsonReader.ReadAndMoveToContent()
   at Newtonsoft.Json.JsonReader.ReadForType(JsonContract contract, Boolean hasConverter)
   at Newtonsoft.Json.Serialization.JsonSerializerInternalReader.Deserialize(JsonReader reader, Type objectType, Boolean checkAdditionalContent)
   at Newtonsoft.Json.JsonSerializer.DeserializeInternal(JsonReader reader, Type objectType)
   at Newtonsoft.Json.JsonSerializer.Deserialize(JsonReader reader, Type objectType)
   at Newtonsoft.Json.JsonConvert.DeserializeObject(String value, Type type, JsonSerializerSettings settings)
   at Newtonsoft.Json.JsonConvert.DeserializeObject[T](String value, JsonSerializerSettings settings)
   at Newtonsoft.Json.JsonConvert.DeserializeObject[T](String value)
   at Xim.Domain.Mssql.Base.MssqlRepo`2.ParseWhere(String filter) in D:\Code\Cong TT\Api\Api\Xim.Domain.Mssql\Base\MssqlRepo.cs:line 1009
   at Xim.Domain.Mssql.Base.MssqlRepo`2.BuildPagingDataQuery(PagingParam param) in D:\Code\Cong TT\Api\Api\Xim.Domain.Mssql\Base\MssqlRepo.cs:line 783
   at Xim.Domain.Mssql.Base.MssqlRepo`2.GetPagingAsync(PagingParam param) in D:\Code\Cong TT\Api\Api\Xim.Domain.Mssql\Base\MssqlRepo.cs:line 769
   at Xim.Application.Services.UserService.GetListAsync(PagingParam param) in D:\Code\Cong TT\Api\Api\Xim.Application\Services\UserService.cs:line 205
   at Xim.AppApi.Controllers.UserController.GetListAsync(PagingParam param) in D:\Code\Cong TT\Api\Api\Xim.AppApi\Controllers\UserController.cs:line 20
   at Microsoft.AspNetCore.Mvc.Infrastructure.ActionMethodExecutor.TaskOfIActionResultExecutor.Execute(ActionContext actionContext, IActionResultTypeMapper mapper, ObjectMethodExecutor executor, Object controller, Object[] arguments)
   at Microsoft.AspNetCore.Mvc.Infrastructure.ControllerActionInvoker.<InvokeActionMethodAsync>g__Awaited|12_0(ControllerActionInvoker invoker, ValueTask`1 actionResultValueTask)
   at Microsoft.AspNetCore.Mvc.Infrastructure.ControllerActionInvoker.<InvokeNextActionFilterAsync>g__Awaited|10_0(ControllerActionInvoker invoker, Task lastTask, State next, Scope scope, Object state, Boolean isCompleted)

2024-08-27 16:14:44.0179-ERROR-Xim.AppApi.ActionFilters.ExceptionActionFilter-http://localhost/Users/filter-GetList:
Unexpected character encountered while parsing value: a. Path '', line 0, position 0.
Newtonsoft.Json.JsonReaderException: Unexpected character encountered while parsing value: a. Path '', line 0, position 0.
   at Newtonsoft.Json.JsonTextReader.ParseValue()
   at Newtonsoft.Json.JsonTextReader.Read()
   at Newtonsoft.Json.JsonReader.ReadAndMoveToContent()
   at Newtonsoft.Json.JsonReader.ReadForType(JsonContract contract, Boolean hasConverter)
   at Newtonsoft.Json.Serialization.JsonSerializerInternalReader.Deserialize(JsonReader reader, Type objectType, Boolean checkAdditionalContent)
   at Newtonsoft.Json.JsonSerializer.DeserializeInternal(JsonReader reader, Type objectType)
   at Newtonsoft.Json.JsonSerializer.Deserialize(JsonReader reader, Type objectType)
   at Newtonsoft.Json.JsonConvert.DeserializeObject(String value, Type type, JsonSerializerSettings settings)
   at Newtonsoft.Json.JsonConvert.DeserializeObject[T](String value, JsonSerializerSettings settings)
   at Newtonsoft.Json.JsonConvert.DeserializeObject[T](String value)
   at Xim.Domain.Mssql.Base.MssqlRepo`2.ParseWhere(String filter) in D:\Code\Cong TT\Api\Api\Xim.Domain.Mssql\Base\MssqlRepo.cs:line 1009
   at Xim.Domain.Mssql.Base.MssqlRepo`2.BuildPagingDataQuery(PagingParam param) in D:\Code\Cong TT\Api\Api\Xim.Domain.Mssql\Base\MssqlRepo.cs:line 783
   at Xim.Domain.Mssql.Base.MssqlRepo`2.GetPagingAsync(PagingParam param) in D:\Code\Cong TT\Api\Api\Xim.Domain.Mssql\Base\MssqlRepo.cs:line 769
   at Xim.Application.Services.UserService.GetListAsync(PagingParam param) in D:\Code\Cong TT\Api\Api\Xim.Application\Services\UserService.cs:line 205
   at Xim.AppApi.Controllers.UserController.GetListAsync(PagingParam param) in D:\Code\Cong TT\Api\Api\Xim.AppApi\Controllers\UserController.cs:line 20
   at Microsoft.AspNetCore.Mvc.Infrastructure.ActionMethodExecutor.TaskOfIActionResultExecutor.Execute(ActionContext actionContext, IActionResultTypeMapper mapper, ObjectMethodExecutor executor, Object controller, Object[] arguments)
   at Microsoft.AspNetCore.Mvc.Infrastructure.ControllerActionInvoker.<InvokeActionMethodAsync>g__Awaited|12_0(ControllerActionInvoker invoker, ValueTask`1 actionResultValueTask)
   at Microsoft.AspNetCore.Mvc.Infrastructure.ControllerActionInvoker.<InvokeNextActionFilterAsync>g__Awaited|10_0(ControllerActionInvoker invoker, Task lastTask, State next, Scope scope, Object state, Boolean isCompleted)

2024-08-27 16:15:24.9689-ERROR-Xim.AppApi.ActionFilters.ExceptionActionFilter-http://localhost/Users/filter-GetList:
Unexpected character encountered while parsing value: a. Path '', line 0, position 0.
Newtonsoft.Json.JsonReaderException: Unexpected character encountered while parsing value: a. Path '', line 0, position 0.
   at Newtonsoft.Json.JsonTextReader.ParseValue()
   at Newtonsoft.Json.JsonTextReader.Read()
   at Newtonsoft.Json.JsonReader.ReadAndMoveToContent()
   at Newtonsoft.Json.JsonReader.ReadForType(JsonContract contract, Boolean hasConverter)
   at Newtonsoft.Json.Serialization.JsonSerializerInternalReader.Deserialize(JsonReader reader, Type objectType, Boolean checkAdditionalContent)
   at Newtonsoft.Json.JsonSerializer.DeserializeInternal(JsonReader reader, Type objectType)
   at Newtonsoft.Json.JsonSerializer.Deserialize(JsonReader reader, Type objectType)
   at Newtonsoft.Json.JsonConvert.DeserializeObject(String value, Type type, JsonSerializerSettings settings)
   at Newtonsoft.Json.JsonConvert.DeserializeObject[T](String value, JsonSerializerSettings settings)
   at Newtonsoft.Json.JsonConvert.DeserializeObject[T](String value)
   at Xim.Domain.Mssql.Base.MssqlRepo`2.ParseWhere(String filter) in D:\Code\Cong TT\Api\Api\Xim.Domain.Mssql\Base\MssqlRepo.cs:line 1009
   at Xim.Domain.Mssql.Base.MssqlRepo`2.BuildPagingDataQuery(PagingParam param) in D:\Code\Cong TT\Api\Api\Xim.Domain.Mssql\Base\MssqlRepo.cs:line 783
   at Xim.Domain.Mssql.Base.MssqlRepo`2.GetPagingAsync(PagingParam param) in D:\Code\Cong TT\Api\Api\Xim.Domain.Mssql\Base\MssqlRepo.cs:line 769
   at Xim.Application.Services.UserService.GetListAsync(PagingParam param) in D:\Code\Cong TT\Api\Api\Xim.Application\Services\UserService.cs:line 205
   at Xim.AppApi.Controllers.UserController.GetListAsync(PagingParam param) in D:\Code\Cong TT\Api\Api\Xim.AppApi\Controllers\UserController.cs:line 20
   at Microsoft.AspNetCore.Mvc.Infrastructure.ActionMethodExecutor.TaskOfIActionResultExecutor.Execute(ActionContext actionContext, IActionResultTypeMapper mapper, ObjectMethodExecutor executor, Object controller, Object[] arguments)
   at Microsoft.AspNetCore.Mvc.Infrastructure.ControllerActionInvoker.<InvokeActionMethodAsync>g__Awaited|12_0(ControllerActionInvoker invoker, ValueTask`1 actionResultValueTask)
   at Microsoft.AspNetCore.Mvc.Infrastructure.ControllerActionInvoker.<InvokeNextActionFilterAsync>g__Awaited|10_0(ControllerActionInvoker invoker, Task lastTask, State next, Scope scope, Object state, Boolean isCompleted)

2024-08-27 16:15:47.0812-ERROR-Xim.AppApi.ActionFilters.ExceptionActionFilter-http://localhost/Users/filter-GetList:
Unexpected character encountered while parsing value: a. Path '', line 0, position 0.
Newtonsoft.Json.JsonReaderException: Unexpected character encountered while parsing value: a. Path '', line 0, position 0.
   at Newtonsoft.Json.JsonTextReader.ParseValue()
   at Newtonsoft.Json.JsonTextReader.Read()
   at Newtonsoft.Json.JsonReader.ReadAndMoveToContent()
   at Newtonsoft.Json.JsonReader.ReadForType(JsonContract contract, Boolean hasConverter)
   at Newtonsoft.Json.Serialization.JsonSerializerInternalReader.Deserialize(JsonReader reader, Type objectType, Boolean checkAdditionalContent)
   at Newtonsoft.Json.JsonSerializer.DeserializeInternal(JsonReader reader, Type objectType)
   at Newtonsoft.Json.JsonSerializer.Deserialize(JsonReader reader, Type objectType)
   at Newtonsoft.Json.JsonConvert.DeserializeObject(String value, Type type, JsonSerializerSettings settings)
   at Newtonsoft.Json.JsonConvert.DeserializeObject[T](String value, JsonSerializerSettings settings)
   at Newtonsoft.Json.JsonConvert.DeserializeObject[T](String value)
   at Xim.Domain.Mssql.Base.MssqlRepo`2.ParseWhere(String filter) in D:\Code\Cong TT\Api\Api\Xim.Domain.Mssql\Base\MssqlRepo.cs:line 1009
   at Xim.Domain.Mssql.Base.MssqlRepo`2.BuildPagingDataQuery(PagingParam param) in D:\Code\Cong TT\Api\Api\Xim.Domain.Mssql\Base\MssqlRepo.cs:line 783
   at Xim.Domain.Mssql.Base.MssqlRepo`2.GetPagingAsync(PagingParam param) in D:\Code\Cong TT\Api\Api\Xim.Domain.Mssql\Base\MssqlRepo.cs:line 769
   at Xim.Application.Services.UserService.GetListAsync(PagingParam param) in D:\Code\Cong TT\Api\Api\Xim.Application\Services\UserService.cs:line 205
   at Xim.AppApi.Controllers.UserController.GetListAsync(PagingParam param) in D:\Code\Cong TT\Api\Api\Xim.AppApi\Controllers\UserController.cs:line 20
   at Microsoft.AspNetCore.Mvc.Infrastructure.ActionMethodExecutor.TaskOfIActionResultExecutor.Execute(ActionContext actionContext, IActionResultTypeMapper mapper, ObjectMethodExecutor executor, Object controller, Object[] arguments)
   at Microsoft.AspNetCore.Mvc.Infrastructure.ControllerActionInvoker.<InvokeActionMethodAsync>g__Awaited|12_0(ControllerActionInvoker invoker, ValueTask`1 actionResultValueTask)
   at Microsoft.AspNetCore.Mvc.Infrastructure.ControllerActionInvoker.<InvokeNextActionFilterAsync>g__Awaited|10_0(ControllerActionInvoker invoker, Task lastTask, State next, Scope scope, Object state, Boolean isCompleted)

2024-08-27 16:17:14.8689-ERROR-Xim.AppApi.ActionFilters.ExceptionActionFilter-http://localhost/Users/filter-GetList:
Unexpected character encountered while parsing value: a. Path '', line 0, position 0.
Newtonsoft.Json.JsonReaderException: Unexpected character encountered while parsing value: a. Path '', line 0, position 0.
   at Newtonsoft.Json.JsonTextReader.ParseValue()
   at Newtonsoft.Json.JsonTextReader.Read()
   at Newtonsoft.Json.JsonReader.ReadAndMoveToContent()
   at Newtonsoft.Json.JsonReader.ReadForType(JsonContract contract, Boolean hasConverter)
   at Newtonsoft.Json.Serialization.JsonSerializerInternalReader.Deserialize(JsonReader reader, Type objectType, Boolean checkAdditionalContent)
   at Newtonsoft.Json.JsonSerializer.DeserializeInternal(JsonReader reader, Type objectType)
   at Newtonsoft.Json.JsonSerializer.Deserialize(JsonReader reader, Type objectType)
   at Newtonsoft.Json.JsonConvert.DeserializeObject(String value, Type type, JsonSerializerSettings settings)
   at Newtonsoft.Json.JsonConvert.DeserializeObject[T](String value, JsonSerializerSettings settings)
   at Newtonsoft.Json.JsonConvert.DeserializeObject[T](String value)
   at Xim.Domain.Mssql.Base.MssqlRepo`2.ParseWhere(String filter) in D:\Code\Cong TT\Api\Api\Xim.Domain.Mssql\Base\MssqlRepo.cs:line 1009
   at Xim.Domain.Mssql.Base.MssqlRepo`2.BuildPagingDataQuery(PagingParam param) in D:\Code\Cong TT\Api\Api\Xim.Domain.Mssql\Base\MssqlRepo.cs:line 783
   at Xim.Domain.Mssql.Base.MssqlRepo`2.GetPagingAsync(PagingParam param) in D:\Code\Cong TT\Api\Api\Xim.Domain.Mssql\Base\MssqlRepo.cs:line 769
   at Xim.Application.Services.UserService.GetListAsync(PagingParam param) in D:\Code\Cong TT\Api\Api\Xim.Application\Services\UserService.cs:line 205
   at Xim.AppApi.Controllers.UserController.GetListAsync(PagingParam param) in D:\Code\Cong TT\Api\Api\Xim.AppApi\Controllers\UserController.cs:line 20
   at Microsoft.AspNetCore.Mvc.Infrastructure.ActionMethodExecutor.TaskOfIActionResultExecutor.Execute(ActionContext actionContext, IActionResultTypeMapper mapper, ObjectMethodExecutor executor, Object controller, Object[] arguments)
   at Microsoft.AspNetCore.Mvc.Infrastructure.ControllerActionInvoker.<InvokeActionMethodAsync>g__Awaited|12_0(ControllerActionInvoker invoker, ValueTask`1 actionResultValueTask)
   at Microsoft.AspNetCore.Mvc.Infrastructure.ControllerActionInvoker.<InvokeNextActionFilterAsync>g__Awaited|10_0(ControllerActionInvoker invoker, Task lastTask, State next, Scope scope, Object state, Boolean isCompleted)

2024-08-27 16:20:15.9096-ERROR-Xim.AppApi.ActionFilters.ExceptionActionFilter-http://localhost/Users/filter-GetList:
Object reference not set to an instance of an object.
System.NullReferenceException: Object reference not set to an instance of an object.
   at Xim.Domain.Mssql.Base.MssqlRepo`2.BuildPagingDataQuery(PagingParam param) in D:\Code\Cong TT\Api\Api\Xim.Domain.Mssql\Base\MssqlRepo.cs:line 781
   at Xim.Domain.Mssql.Base.MssqlRepo`2.GetPagingAsync(PagingParam param) in D:\Code\Cong TT\Api\Api\Xim.Domain.Mssql\Base\MssqlRepo.cs:line 769
   at Xim.Application.Services.UserService.GetListAsync(PagingParam param) in D:\Code\Cong TT\Api\Api\Xim.Application\Services\UserService.cs:line 205
   at Xim.AppApi.Controllers.UserController.GetListAsync(PagingParam param) in D:\Code\Cong TT\Api\Api\Xim.AppApi\Controllers\UserController.cs:line 20
   at Microsoft.AspNetCore.Mvc.Infrastructure.ActionMethodExecutor.TaskOfIActionResultExecutor.Execute(ActionContext actionContext, IActionResultTypeMapper mapper, ObjectMethodExecutor executor, Object controller, Object[] arguments)
   at Microsoft.AspNetCore.Mvc.Infrastructure.ControllerActionInvoker.<InvokeActionMethodAsync>g__Awaited|12_0(ControllerActionInvoker invoker, ValueTask`1 actionResultValueTask)
   at Microsoft.AspNetCore.Mvc.Infrastructure.ControllerActionInvoker.<InvokeNextActionFilterAsync>g__Awaited|10_0(ControllerActionInvoker invoker, Task lastTask, State next, Scope scope, Object state, Boolean isCompleted)

2024-08-27 16:21:16.7784-ERROR-Xim.AppApi.ActionFilters.ExceptionActionFilter-http://localhost/Users/filter-GetList:
Error converting value 123 to type 'System.Collections.Generic.List`1[Xim.Domain.Mssql.Models.MssqlFilterItem]'. Path '', line 1, position 3.
Newtonsoft.Json.JsonSerializationException: Error converting value 123 to type 'System.Collections.Generic.List`1[Xim.Domain.Mssql.Models.MssqlFilterItem]'. Path '', line 1, position 3.
 ---> System.ArgumentException: Could not cast or convert from System.Int64 to System.Collections.Generic.List`1[Xim.Domain.Mssql.Models.MssqlFilterItem].
   at Newtonsoft.Json.Utilities.ConvertUtils.EnsureTypeAssignable(Object value, Type initialType, Type targetType)
   at Newtonsoft.Json.Utilities.ConvertUtils.ConvertOrCast(Object initialValue, CultureInfo culture, Type targetType)
   at Newtonsoft.Json.Serialization.JsonSerializerInternalReader.EnsureType(JsonReader reader, Object value, CultureInfo culture, JsonContract contract, Type targetType)
   --- End of inner exception stack trace ---
   at Newtonsoft.Json.Serialization.JsonSerializerInternalReader.EnsureType(JsonReader reader, Object value, CultureInfo culture, JsonContract contract, Type targetType)
   at Newtonsoft.Json.Serialization.JsonSerializerInternalReader.CreateValueInternal(JsonReader reader, Type objectType, JsonContract contract, JsonProperty member, JsonContainerContract containerContract, JsonProperty containerMember, Object existingValue)
   at Newtonsoft.Json.Serialization.JsonSerializerInternalReader.Deserialize(JsonReader reader, Type objectType, Boolean checkAdditionalContent)
   at Newtonsoft.Json.JsonSerializer.DeserializeInternal(JsonReader reader, Type objectType)
   at Newtonsoft.Json.JsonSerializer.Deserialize(JsonReader reader, Type objectType)
   at Newtonsoft.Json.JsonConvert.DeserializeObject(String value, Type type, JsonSerializerSettings settings)
   at Newtonsoft.Json.JsonConvert.DeserializeObject[T](String value, JsonSerializerSettings settings)
   at Newtonsoft.Json.JsonConvert.DeserializeObject[T](String value)
   at Xim.Domain.Mssql.Base.MssqlRepo`2.ParseWhere(String filter) in D:\Code\Cong TT\Api\Api\Xim.Domain.Mssql\Base\MssqlRepo.cs:line 1009
   at Xim.Domain.Mssql.Base.MssqlRepo`2.BuildPagingDataQuery(PagingParam param) in D:\Code\Cong TT\Api\Api\Xim.Domain.Mssql\Base\MssqlRepo.cs:line 783
   at Xim.Domain.Mssql.Base.MssqlRepo`2.GetPagingAsync(PagingParam param) in D:\Code\Cong TT\Api\Api\Xim.Domain.Mssql\Base\MssqlRepo.cs:line 769
   at Xim.Application.Services.UserService.GetListAsync(PagingParam param) in D:\Code\Cong TT\Api\Api\Xim.Application\Services\UserService.cs:line 205
   at Xim.AppApi.Controllers.UserController.GetListAsync(PagingParam param) in D:\Code\Cong TT\Api\Api\Xim.AppApi\Controllers\UserController.cs:line 20
   at Microsoft.AspNetCore.Mvc.Infrastructure.ActionMethodExecutor.TaskOfIActionResultExecutor.Execute(ActionContext actionContext, IActionResultTypeMapper mapper, ObjectMethodExecutor executor, Object controller, Object[] arguments)
   at Microsoft.AspNetCore.Mvc.Infrastructure.ControllerActionInvoker.<InvokeActionMethodAsync>g__Awaited|12_0(ControllerActionInvoker invoker, ValueTask`1 actionResultValueTask)
   at Microsoft.AspNetCore.Mvc.Infrastructure.ControllerActionInvoker.<InvokeNextActionFilterAsync>g__Awaited|10_0(ControllerActionInvoker invoker, Task lastTask, State next, Scope scope, Object state, Boolean isCompleted)

2024-08-27 16:21:45.1476-ERROR-Xim.AppApi.ActionFilters.ExceptionActionFilter-http://localhost/Users/filter-GetList:
Error parsing undefined value. Path '', line 1, position 1.
Newtonsoft.Json.JsonReaderException: Error parsing undefined value. Path '', line 1, position 1.
   at Newtonsoft.Json.JsonTextReader.ParseUndefined()
   at Newtonsoft.Json.JsonTextReader.ParseValue()
   at Newtonsoft.Json.JsonTextReader.Read()
   at Newtonsoft.Json.JsonReader.ReadAndMoveToContent()
   at Newtonsoft.Json.JsonReader.ReadForType(JsonContract contract, Boolean hasConverter)
   at Newtonsoft.Json.Serialization.JsonSerializerInternalReader.Deserialize(JsonReader reader, Type objectType, Boolean checkAdditionalContent)
   at Newtonsoft.Json.JsonSerializer.DeserializeInternal(JsonReader reader, Type objectType)
   at Newtonsoft.Json.JsonSerializer.Deserialize(JsonReader reader, Type objectType)
   at Newtonsoft.Json.JsonConvert.DeserializeObject(String value, Type type, JsonSerializerSettings settings)
   at Newtonsoft.Json.JsonConvert.DeserializeObject[T](String value, JsonSerializerSettings settings)
   at Newtonsoft.Json.JsonConvert.DeserializeObject[T](String value)
   at Xim.Domain.Mssql.Base.MssqlRepo`2.ParseWhere(String filter) in D:\Code\Cong TT\Api\Api\Xim.Domain.Mssql\Base\MssqlRepo.cs:line 1009
   at Xim.Domain.Mssql.Base.MssqlRepo`2.BuildPagingDataQuery(PagingParam param) in D:\Code\Cong TT\Api\Api\Xim.Domain.Mssql\Base\MssqlRepo.cs:line 783
   at Xim.Domain.Mssql.Base.MssqlRepo`2.GetPagingAsync(PagingParam param) in D:\Code\Cong TT\Api\Api\Xim.Domain.Mssql\Base\MssqlRepo.cs:line 769
   at Xim.Application.Services.UserService.GetListAsync(PagingParam param) in D:\Code\Cong TT\Api\Api\Xim.Application\Services\UserService.cs:line 205
   at Xim.AppApi.Controllers.UserController.GetListAsync(PagingParam param) in D:\Code\Cong TT\Api\Api\Xim.AppApi\Controllers\UserController.cs:line 20
   at Microsoft.AspNetCore.Mvc.Infrastructure.ActionMethodExecutor.TaskOfIActionResultExecutor.Execute(ActionContext actionContext, IActionResultTypeMapper mapper, ObjectMethodExecutor executor, Object controller, Object[] arguments)
   at Microsoft.AspNetCore.Mvc.Infrastructure.ControllerActionInvoker.<InvokeActionMethodAsync>g__Awaited|12_0(ControllerActionInvoker invoker, ValueTask`1 actionResultValueTask)
   at Microsoft.AspNetCore.Mvc.Infrastructure.ControllerActionInvoker.<InvokeNextActionFilterAsync>g__Awaited|10_0(ControllerActionInvoker invoker, Task lastTask, State next, Scope scope, Object state, Boolean isCompleted)

2024-08-27 16:22:06.0589-ERROR-Xim.AppApi.ActionFilters.ExceptionActionFilter-http://localhost/Users/filter-GetList:
Error converting value "username" to type 'System.Collections.Generic.List`1[Xim.Domain.Mssql.Models.MssqlFilterItem]'. Path '', line 1, position 10.
Newtonsoft.Json.JsonSerializationException: Error converting value "username" to type 'System.Collections.Generic.List`1[Xim.Domain.Mssql.Models.MssqlFilterItem]'. Path '', line 1, position 10.
 ---> System.ArgumentException: Could not cast or convert from System.String to System.Collections.Generic.List`1[Xim.Domain.Mssql.Models.MssqlFilterItem].
   at Newtonsoft.Json.Utilities.ConvertUtils.EnsureTypeAssignable(Object value, Type initialType, Type targetType)
   at Newtonsoft.Json.Utilities.ConvertUtils.ConvertOrCast(Object initialValue, CultureInfo culture, Type targetType)
   at Newtonsoft.Json.Serialization.JsonSerializerInternalReader.EnsureType(JsonReader reader, Object value, CultureInfo culture, JsonContract contract, Type targetType)
   --- End of inner exception stack trace ---
   at Newtonsoft.Json.Serialization.JsonSerializerInternalReader.EnsureType(JsonReader reader, Object value, CultureInfo culture, JsonContract contract, Type targetType)
   at Newtonsoft.Json.Serialization.JsonSerializerInternalReader.CreateValueInternal(JsonReader reader, Type objectType, JsonContract contract, JsonProperty member, JsonContainerContract containerContract, JsonProperty containerMember, Object existingValue)
   at Newtonsoft.Json.Serialization.JsonSerializerInternalReader.Deserialize(JsonReader reader, Type objectType, Boolean checkAdditionalContent)
   at Newtonsoft.Json.JsonSerializer.DeserializeInternal(JsonReader reader, Type objectType)
   at Newtonsoft.Json.JsonSerializer.Deserialize(JsonReader reader, Type objectType)
   at Newtonsoft.Json.JsonConvert.DeserializeObject(String value, Type type, JsonSerializerSettings settings)
   at Newtonsoft.Json.JsonConvert.DeserializeObject[T](String value, JsonSerializerSettings settings)
   at Newtonsoft.Json.JsonConvert.DeserializeObject[T](String value)
   at Xim.Domain.Mssql.Base.MssqlRepo`2.ParseWhere(String filter) in D:\Code\Cong TT\Api\Api\Xim.Domain.Mssql\Base\MssqlRepo.cs:line 1009
   at Xim.Domain.Mssql.Base.MssqlRepo`2.BuildPagingDataQuery(PagingParam param) in D:\Code\Cong TT\Api\Api\Xim.Domain.Mssql\Base\MssqlRepo.cs:line 783
   at Xim.Domain.Mssql.Base.MssqlRepo`2.GetPagingAsync(PagingParam param) in D:\Code\Cong TT\Api\Api\Xim.Domain.Mssql\Base\MssqlRepo.cs:line 769
   at Xim.Application.Services.UserService.GetListAsync(PagingParam param) in D:\Code\Cong TT\Api\Api\Xim.Application\Services\UserService.cs:line 205
   at Xim.AppApi.Controllers.UserController.GetListAsync(PagingParam param) in D:\Code\Cong TT\Api\Api\Xim.AppApi\Controllers\UserController.cs:line 20
   at Microsoft.AspNetCore.Mvc.Infrastructure.ActionMethodExecutor.TaskOfIActionResultExecutor.Execute(ActionContext actionContext, IActionResultTypeMapper mapper, ObjectMethodExecutor executor, Object controller, Object[] arguments)
   at Microsoft.AspNetCore.Mvc.Infrastructure.ControllerActionInvoker.<InvokeActionMethodAsync>g__Awaited|12_0(ControllerActionInvoker invoker, ValueTask`1 actionResultValueTask)
   at Microsoft.AspNetCore.Mvc.Infrastructure.ControllerActionInvoker.<InvokeNextActionFilterAsync>g__Awaited|10_0(ControllerActionInvoker invoker, Task lastTask, State next, Scope scope, Object state, Boolean isCompleted)

2024-08-27 16:37:07.4415-ERROR-Xim.AppApi.ActionFilters.ExceptionActionFilter-http://localhost/Users/filter-GetList:
Unexpected character encountered while parsing value: a. Path '', line 0, position 0.
Newtonsoft.Json.JsonReaderException: Unexpected character encountered while parsing value: a. Path '', line 0, position 0.
   at Newtonsoft.Json.JsonTextReader.ParseValue()
   at Newtonsoft.Json.JsonReader.ReadAndMoveToContent()
   at Newtonsoft.Json.JsonReader.ReadForType(JsonContract contract, Boolean hasConverter)
   at Newtonsoft.Json.Serialization.JsonSerializerInternalReader.Deserialize(JsonReader reader, Type objectType, Boolean checkAdditionalContent)
   at Newtonsoft.Json.JsonSerializer.DeserializeInternal(JsonReader reader, Type objectType)
   at Newtonsoft.Json.JsonSerializer.Deserialize(JsonReader reader, Type objectType)
   at Newtonsoft.Json.JsonConvert.DeserializeObject(String value, Type type, JsonSerializerSettings settings)
   at Newtonsoft.Json.JsonConvert.DeserializeObject[T](String value, JsonSerializerSettings settings)
   at Newtonsoft.Json.JsonConvert.DeserializeObject[T](String value)
   at Xim.Domain.Mssql.Base.MssqlRepo`2.ParseWhere(String filter) in D:\Code\Cong TT\Api\Api\Xim.Domain.Mssql\Base\MssqlRepo.cs:line 1009
   at Xim.Domain.Mssql.Base.MssqlRepo`2.BuildPagingDataQuery(PagingParam param) in D:\Code\Cong TT\Api\Api\Xim.Domain.Mssql\Base\MssqlRepo.cs:line 783
   at Xim.Domain.Mssql.Base.MssqlRepo`2.GetPagingAsync(PagingParam param) in D:\Code\Cong TT\Api\Api\Xim.Domain.Mssql\Base\MssqlRepo.cs:line 769
   at Xim.Application.Services.UserService.GetListAsync(PagingParam param) in D:\Code\Cong TT\Api\Api\Xim.Application\Services\UserService.cs:line 205
   at Xim.AppApi.Controllers.UserController.GetListAsync(PagingParam param) in D:\Code\Cong TT\Api\Api\Xim.AppApi\Controllers\UserController.cs:line 20
   at Microsoft.AspNetCore.Mvc.Infrastructure.ActionMethodExecutor.TaskOfIActionResultExecutor.Execute(ActionContext actionContext, IActionResultTypeMapper mapper, ObjectMethodExecutor executor, Object controller, Object[] arguments)
   at Microsoft.AspNetCore.Mvc.Infrastructure.ControllerActionInvoker.<InvokeActionMethodAsync>g__Awaited|12_0(ControllerActionInvoker invoker, ValueTask`1 actionResultValueTask)
   at Microsoft.AspNetCore.Mvc.Infrastructure.ControllerActionInvoker.<InvokeNextActionFilterAsync>g__Awaited|10_0(ControllerActionInvoker invoker, Task lastTask, State next, Scope scope, Object state, Boolean isCompleted)

2024-08-27 16:38:27.2917-ERROR-Xim.AppApi.ActionFilters.ExceptionActionFilter-http://localhost/Users/filter-GetList:
Error converting value 1 to type 'System.Collections.Generic.List`1[Xim.Domain.Mssql.Models.MssqlFilterItem]'. Path '', line 1, position 1.
Newtonsoft.Json.JsonSerializationException: Error converting value 1 to type 'System.Collections.Generic.List`1[Xim.Domain.Mssql.Models.MssqlFilterItem]'. Path '', line 1, position 1.
 ---> System.ArgumentException: Could not cast or convert from System.Int64 to System.Collections.Generic.List`1[Xim.Domain.Mssql.Models.MssqlFilterItem].
   at Newtonsoft.Json.Utilities.ConvertUtils.EnsureTypeAssignable(Object value, Type initialType, Type targetType)
   at Newtonsoft.Json.Utilities.ConvertUtils.ConvertOrCast(Object initialValue, CultureInfo culture, Type targetType)
   at Newtonsoft.Json.Serialization.JsonSerializerInternalReader.EnsureType(JsonReader reader, Object value, CultureInfo culture, JsonContract contract, Type targetType)
   --- End of inner exception stack trace ---
   at Newtonsoft.Json.Serialization.JsonSerializerInternalReader.EnsureType(JsonReader reader, Object value, CultureInfo culture, JsonContract contract, Type targetType)
   at Newtonsoft.Json.Serialization.JsonSerializerInternalReader.CreateValueInternal(JsonReader reader, Type objectType, JsonContract contract, JsonProperty member, JsonContainerContract containerContract, JsonProperty containerMember, Object existingValue)
   at Newtonsoft.Json.Serialization.JsonSerializerInternalReader.Deserialize(JsonReader reader, Type objectType, Boolean checkAdditionalContent)
   at Newtonsoft.Json.JsonSerializer.DeserializeInternal(JsonReader reader, Type objectType)
   at Newtonsoft.Json.JsonSerializer.Deserialize(JsonReader reader, Type objectType)
   at Newtonsoft.Json.JsonConvert.DeserializeObject(String value, Type type, JsonSerializerSettings settings)
   at Newtonsoft.Json.JsonConvert.DeserializeObject[T](String value, JsonSerializerSettings settings)
   at Newtonsoft.Json.JsonConvert.DeserializeObject[T](String value)
   at Xim.Domain.Mssql.Base.MssqlRepo`2.ParseWhere(String filter) in D:\Code\Cong TT\Api\Api\Xim.Domain.Mssql\Base\MssqlRepo.cs:line 1009
   at Xim.Domain.Mssql.Base.MssqlRepo`2.BuildPagingDataQuery(PagingParam param) in D:\Code\Cong TT\Api\Api\Xim.Domain.Mssql\Base\MssqlRepo.cs:line 783
   at Xim.Domain.Mssql.Base.MssqlRepo`2.GetPagingAsync(PagingParam param) in D:\Code\Cong TT\Api\Api\Xim.Domain.Mssql\Base\MssqlRepo.cs:line 769
   at Xim.Application.Services.UserService.GetListAsync(PagingParam param) in D:\Code\Cong TT\Api\Api\Xim.Application\Services\UserService.cs:line 205
   at Xim.AppApi.Controllers.UserController.GetListAsync(PagingParam param) in D:\Code\Cong TT\Api\Api\Xim.AppApi\Controllers\UserController.cs:line 20
   at Microsoft.AspNetCore.Mvc.Infrastructure.ActionMethodExecutor.TaskOfIActionResultExecutor.Execute(ActionContext actionContext, IActionResultTypeMapper mapper, ObjectMethodExecutor executor, Object controller, Object[] arguments)
   at Microsoft.AspNetCore.Mvc.Infrastructure.ControllerActionInvoker.<InvokeActionMethodAsync>g__Awaited|12_0(ControllerActionInvoker invoker, ValueTask`1 actionResultValueTask)
   at Microsoft.AspNetCore.Mvc.Infrastructure.ControllerActionInvoker.<InvokeNextActionFilterAsync>g__Awaited|10_0(ControllerActionInvoker invoker, Task lastTask, State next, Scope scope, Object state, Boolean isCompleted)

2024-08-27 16:38:54.2414-ERROR-Xim.AppApi.ActionFilters.ExceptionActionFilter-http://localhost/Users/filter-GetList:
Error parsing undefined value. Path '', line 1, position 1.
Newtonsoft.Json.JsonReaderException: Error parsing undefined value. Path '', line 1, position 1.
   at Newtonsoft.Json.JsonTextReader.ParseUndefined()
   at Newtonsoft.Json.JsonTextReader.ParseValue()
   at Newtonsoft.Json.JsonReader.ReadForType(JsonContract contract, Boolean hasConverter)
   at Newtonsoft.Json.Serialization.JsonSerializerInternalReader.Deserialize(JsonReader reader, Type objectType, Boolean checkAdditionalContent)
   at Newtonsoft.Json.JsonSerializer.DeserializeInternal(JsonReader reader, Type objectType)
   at Newtonsoft.Json.JsonSerializer.Deserialize(JsonReader reader, Type objectType)
   at Newtonsoft.Json.JsonConvert.DeserializeObject(String value, Type type, JsonSerializerSettings settings)
   at Newtonsoft.Json.JsonConvert.DeserializeObject[T](String value, JsonSerializerSettings settings)
   at Newtonsoft.Json.JsonConvert.DeserializeObject[T](String value)
   at Xim.Domain.Mssql.Base.MssqlRepo`2.ParseWhere(String filter) in D:\Code\Cong TT\Api\Api\Xim.Domain.Mssql\Base\MssqlRepo.cs:line 1009
   at Xim.Domain.Mssql.Base.MssqlRepo`2.BuildPagingDataQuery(PagingParam param) in D:\Code\Cong TT\Api\Api\Xim.Domain.Mssql\Base\MssqlRepo.cs:line 783
   at Xim.Domain.Mssql.Base.MssqlRepo`2.GetPagingAsync(PagingParam param) in D:\Code\Cong TT\Api\Api\Xim.Domain.Mssql\Base\MssqlRepo.cs:line 769
   at Xim.Application.Services.UserService.GetListAsync(PagingParam param) in D:\Code\Cong TT\Api\Api\Xim.Application\Services\UserService.cs:line 205
   at Xim.AppApi.Controllers.UserController.GetListAsync(PagingParam param) in D:\Code\Cong TT\Api\Api\Xim.AppApi\Controllers\UserController.cs:line 20
   at Microsoft.AspNetCore.Mvc.Infrastructure.ActionMethodExecutor.TaskOfIActionResultExecutor.Execute(ActionContext actionContext, IActionResultTypeMapper mapper, ObjectMethodExecutor executor, Object controller, Object[] arguments)
   at Microsoft.AspNetCore.Mvc.Infrastructure.ControllerActionInvoker.<InvokeActionMethodAsync>g__Awaited|12_0(ControllerActionInvoker invoker, ValueTask`1 actionResultValueTask)
   at Microsoft.AspNetCore.Mvc.Infrastructure.ControllerActionInvoker.<InvokeNextActionFilterAsync>g__Awaited|10_0(ControllerActionInvoker invoker, Task lastTask, State next, Scope scope, Object state, Boolean isCompleted)

2024-08-27 16:39:08.4568-ERROR-Xim.AppApi.ActionFilters.ExceptionActionFilter-http://localhost/Users/filter-GetList:
Error converting value "username" to type 'System.Collections.Generic.List`1[Xim.Domain.Mssql.Models.MssqlFilterItem]'. Path '', line 1, position 10.
Newtonsoft.Json.JsonSerializationException: Error converting value "username" to type 'System.Collections.Generic.List`1[Xim.Domain.Mssql.Models.MssqlFilterItem]'. Path '', line 1, position 10.
 ---> System.ArgumentException: Could not cast or convert from System.String to System.Collections.Generic.List`1[Xim.Domain.Mssql.Models.MssqlFilterItem].
   at Newtonsoft.Json.Utilities.ConvertUtils.EnsureTypeAssignable(Object value, Type initialType, Type targetType)
   at Newtonsoft.Json.Utilities.ConvertUtils.ConvertOrCast(Object initialValue, CultureInfo culture, Type targetType)
   at Newtonsoft.Json.Serialization.JsonSerializerInternalReader.EnsureType(JsonReader reader, Object value, CultureInfo culture, JsonContract contract, Type targetType)
   --- End of inner exception stack trace ---
   at Newtonsoft.Json.Serialization.JsonSerializerInternalReader.EnsureType(JsonReader reader, Object value, CultureInfo culture, JsonContract contract, Type targetType)
   at Newtonsoft.Json.Serialization.JsonSerializerInternalReader.CreateValueInternal(JsonReader reader, Type objectType, JsonContract contract, JsonProperty member, JsonContainerContract containerContract, JsonProperty containerMember, Object existingValue)
   at Newtonsoft.Json.Serialization.JsonSerializerInternalReader.Deserialize(JsonReader reader, Type objectType, Boolean checkAdditionalContent)
   at Newtonsoft.Json.JsonSerializer.DeserializeInternal(JsonReader reader, Type objectType)
   at Newtonsoft.Json.JsonSerializer.Deserialize(JsonReader reader, Type objectType)
   at Newtonsoft.Json.JsonConvert.DeserializeObject(String value, Type type, JsonSerializerSettings settings)
   at Newtonsoft.Json.JsonConvert.DeserializeObject[T](String value, JsonSerializerSettings settings)
   at Newtonsoft.Json.JsonConvert.DeserializeObject[T](String value)
   at Xim.Domain.Mssql.Base.MssqlRepo`2.ParseWhere(String filter) in D:\Code\Cong TT\Api\Api\Xim.Domain.Mssql\Base\MssqlRepo.cs:line 1009
   at Xim.Domain.Mssql.Base.MssqlRepo`2.BuildPagingDataQuery(PagingParam param) in D:\Code\Cong TT\Api\Api\Xim.Domain.Mssql\Base\MssqlRepo.cs:line 783
   at Xim.Domain.Mssql.Base.MssqlRepo`2.GetPagingAsync(PagingParam param) in D:\Code\Cong TT\Api\Api\Xim.Domain.Mssql\Base\MssqlRepo.cs:line 769
   at Xim.Application.Services.UserService.GetListAsync(PagingParam param) in D:\Code\Cong TT\Api\Api\Xim.Application\Services\UserService.cs:line 205
   at Xim.AppApi.Controllers.UserController.GetListAsync(PagingParam param) in D:\Code\Cong TT\Api\Api\Xim.AppApi\Controllers\UserController.cs:line 20
   at Microsoft.AspNetCore.Mvc.Infrastructure.ActionMethodExecutor.TaskOfIActionResultExecutor.Execute(ActionContext actionContext, IActionResultTypeMapper mapper, ObjectMethodExecutor executor, Object controller, Object[] arguments)
   at Microsoft.AspNetCore.Mvc.Infrastructure.ControllerActionInvoker.<InvokeActionMethodAsync>g__Awaited|12_0(ControllerActionInvoker invoker, ValueTask`1 actionResultValueTask)
   at Microsoft.AspNetCore.Mvc.Infrastructure.ControllerActionInvoker.<InvokeNextActionFilterAsync>g__Awaited|10_0(ControllerActionInvoker invoker, Task lastTask, State next, Scope scope, Object state, Boolean isCompleted)

2024-08-27 16:39:26.6353-ERROR-Xim.AppApi.ActionFilters.ExceptionActionFilter-http://localhost/Users/filter-GetList:
Cannot deserialize the current JSON object (e.g. {"name":"value"}) into type 'System.Collections.Generic.List`1[Xim.Domain.Mssql.Models.MssqlFilterItem]' because the type requires a JSON array (e.g. [1,2,3]) to deserialize correctly.
To fix this error either change the JSON to a JSON array (e.g. [1,2,3]) or change the deserialized type so that it is a normal .NET type (e.g. not a primitive type like integer, not a collection type like an array or List<T>) that can be deserialized from a JSON object. JsonObjectAttribute can also be added to the type to force it to deserialize from a JSON object.
Path 'username', line 1, position 12.
Newtonsoft.Json.JsonSerializationException: Cannot deserialize the current JSON object (e.g. {"name":"value"}) into type 'System.Collections.Generic.List`1[Xim.Domain.Mssql.Models.MssqlFilterItem]' because the type requires a JSON array (e.g. [1,2,3]) to deserialize correctly.
To fix this error either change the JSON to a JSON array (e.g. [1,2,3]) or change the deserialized type so that it is a normal .NET type (e.g. not a primitive type like integer, not a collection type like an array or List<T>) that can be deserialized from a JSON object. JsonObjectAttribute can also be added to the type to force it to deserialize from a JSON object.
Path 'username', line 1, position 12.
   at Newtonsoft.Json.Serialization.JsonSerializerInternalReader.CreateObject(JsonReader reader, Type objectType, JsonContract contract, JsonProperty member, JsonContainerContract containerContract, JsonProperty containerMember, Object existingValue)
   at Newtonsoft.Json.Serialization.JsonSerializerInternalReader.CreateValueInternal(JsonReader reader, Type objectType, JsonContract contract, JsonProperty member, JsonContainerContract containerContract, JsonProperty containerMember, Object existingValue)
   at Newtonsoft.Json.Serialization.JsonSerializerInternalReader.Deserialize(JsonReader reader, Type objectType, Boolean checkAdditionalContent)
   at Newtonsoft.Json.JsonSerializer.DeserializeInternal(JsonReader reader, Type objectType)
   at Newtonsoft.Json.JsonSerializer.Deserialize(JsonReader reader, Type objectType)
   at Newtonsoft.Json.JsonConvert.DeserializeObject(String value, Type type, JsonSerializerSettings settings)
   at Newtonsoft.Json.JsonConvert.DeserializeObject[T](String value, JsonSerializerSettings settings)
   at Newtonsoft.Json.JsonConvert.DeserializeObject[T](String value)
   at Xim.Domain.Mssql.Base.MssqlRepo`2.ParseWhere(String filter) in D:\Code\Cong TT\Api\Api\Xim.Domain.Mssql\Base\MssqlRepo.cs:line 1009
   at Xim.Domain.Mssql.Base.MssqlRepo`2.BuildPagingDataQuery(PagingParam param) in D:\Code\Cong TT\Api\Api\Xim.Domain.Mssql\Base\MssqlRepo.cs:line 783
   at Xim.Domain.Mssql.Base.MssqlRepo`2.GetPagingAsync(PagingParam param) in D:\Code\Cong TT\Api\Api\Xim.Domain.Mssql\Base\MssqlRepo.cs:line 769
   at Xim.Application.Services.UserService.GetListAsync(PagingParam param) in D:\Code\Cong TT\Api\Api\Xim.Application\Services\UserService.cs:line 205
   at Xim.AppApi.Controllers.UserController.GetListAsync(PagingParam param) in D:\Code\Cong TT\Api\Api\Xim.AppApi\Controllers\UserController.cs:line 20
   at Microsoft.AspNetCore.Mvc.Infrastructure.ActionMethodExecutor.TaskOfIActionResultExecutor.Execute(ActionContext actionContext, IActionResultTypeMapper mapper, ObjectMethodExecutor executor, Object controller, Object[] arguments)
   at Microsoft.AspNetCore.Mvc.Infrastructure.ControllerActionInvoker.<InvokeActionMethodAsync>g__Awaited|12_0(ControllerActionInvoker invoker, ValueTask`1 actionResultValueTask)
   at Microsoft.AspNetCore.Mvc.Infrastructure.ControllerActionInvoker.<InvokeNextActionFilterAsync>g__Awaited|10_0(ControllerActionInvoker invoker, Task lastTask, State next, Scope scope, Object state, Boolean isCompleted)

2024-08-27 16:39:52.4754-ERROR-Xim.AppApi.ActionFilters.ExceptionActionFilter-http://localhost/Users/filter-GetList:
Cannot deserialize the current JSON object (e.g. {"name":"value"}) into type 'System.Collections.Generic.List`1[Xim.Domain.Mssql.Models.MssqlFilterItem]' because the type requires a JSON array (e.g. [1,2,3]) to deserialize correctly.
To fix this error either change the JSON to a JSON array (e.g. [1,2,3]) or change the deserialized type so that it is a normal .NET type (e.g. not a primitive type like integer, not a collection type like an array or List<T>) that can be deserialized from a JSON object. JsonObjectAttribute can also be added to the type to force it to deserialize from a JSON object.
Path 'username', line 1, position 10.
Newtonsoft.Json.JsonSerializationException: Cannot deserialize the current JSON object (e.g. {"name":"value"}) into type 'System.Collections.Generic.List`1[Xim.Domain.Mssql.Models.MssqlFilterItem]' because the type requires a JSON array (e.g. [1,2,3]) to deserialize correctly.
To fix this error either change the JSON to a JSON array (e.g. [1,2,3]) or change the deserialized type so that it is a normal .NET type (e.g. not a primitive type like integer, not a collection type like an array or List<T>) that can be deserialized from a JSON object. JsonObjectAttribute can also be added to the type to force it to deserialize from a JSON object.
Path 'username', line 1, position 10.
   at Newtonsoft.Json.Serialization.JsonSerializerInternalReader.CreateObject(JsonReader reader, Type objectType, JsonContract contract, JsonProperty member, JsonContainerContract containerContract, JsonProperty containerMember, Object existingValue)
   at Newtonsoft.Json.Serialization.JsonSerializerInternalReader.CreateValueInternal(JsonReader reader, Type objectType, JsonContract contract, JsonProperty member, JsonContainerContract containerContract, JsonProperty containerMember, Object existingValue)
   at Newtonsoft.Json.Serialization.JsonSerializerInternalReader.Deserialize(JsonReader reader, Type objectType, Boolean checkAdditionalContent)
   at Newtonsoft.Json.JsonSerializer.DeserializeInternal(JsonReader reader, Type objectType)
   at Newtonsoft.Json.JsonSerializer.Deserialize(JsonReader reader, Type objectType)
   at Newtonsoft.Json.JsonConvert.DeserializeObject(String value, Type type, JsonSerializerSettings settings)
   at Newtonsoft.Json.JsonConvert.DeserializeObject[T](String value, JsonSerializerSettings settings)
   at Newtonsoft.Json.JsonConvert.DeserializeObject[T](String value)
   at Xim.Domain.Mssql.Base.MssqlRepo`2.ParseWhere(String filter) in D:\Code\Cong TT\Api\Api\Xim.Domain.Mssql\Base\MssqlRepo.cs:line 1009
   at Xim.Domain.Mssql.Base.MssqlRepo`2.BuildPagingDataQuery(PagingParam param) in D:\Code\Cong TT\Api\Api\Xim.Domain.Mssql\Base\MssqlRepo.cs:line 783
   at Xim.Domain.Mssql.Base.MssqlRepo`2.GetPagingAsync(PagingParam param) in D:\Code\Cong TT\Api\Api\Xim.Domain.Mssql\Base\MssqlRepo.cs:line 769
   at Xim.Application.Services.UserService.GetListAsync(PagingParam param) in D:\Code\Cong TT\Api\Api\Xim.Application\Services\UserService.cs:line 205
   at Xim.AppApi.Controllers.UserController.GetListAsync(PagingParam param) in D:\Code\Cong TT\Api\Api\Xim.AppApi\Controllers\UserController.cs:line 20
   at Microsoft.AspNetCore.Mvc.Infrastructure.ActionMethodExecutor.TaskOfIActionResultExecutor.Execute(ActionContext actionContext, IActionResultTypeMapper mapper, ObjectMethodExecutor executor, Object controller, Object[] arguments)
   at Microsoft.AspNetCore.Mvc.Infrastructure.ControllerActionInvoker.<InvokeActionMethodAsync>g__Awaited|12_0(ControllerActionInvoker invoker, ValueTask`1 actionResultValueTask)
   at Microsoft.AspNetCore.Mvc.Infrastructure.ControllerActionInvoker.<InvokeNextActionFilterAsync>g__Awaited|10_0(ControllerActionInvoker invoker, Task lastTask, State next, Scope scope, Object state, Boolean isCompleted)

