2024-12-23 16:07:26.3080-ERROR-Xim.AppApi.ActionFilters.ExceptionActionFilter-http://localhost/CaiDats/d3669e20-34f3-47d7-96ff-8de872d6a4fd-Update:
Invalid object name 'NhatKy'.
System.Data.SqlClient.SqlException (0x80131904): Invalid object name 'NhatKy'.
   at System.Data.SqlClient.SqlConnection.OnError(SqlException exception, Boolean breakConnection, Action`1 wrapCloseInAction)
   at System.Data.SqlClient.SqlInternalConnection.OnError(SqlException exception, Boolean breakConnection, Action`1 wrapCloseInAction)
   at System.Data.SqlClient.TdsParser.ThrowExceptionAndWarning(TdsParserStateObject stateObj, Boolean callerHasConnectionLock, Boolean asyncClose)
   at System.Data.SqlClient.TdsParser.TryRun(RunBehavior runBehavior, SqlCommand cmdHandler, SqlDataReader dataStream, BulkCopySimpleResultSet bulkCopyHandler, TdsParserStateObject stateObj, Boolean& dataReady)
   at System.Data.SqlClient.SqlDataReader.TryConsumeMetaData()
   at System.Data.SqlClient.SqlDataReader.get_MetaData()
   at System.Data.SqlClient.SqlCommand.FinishExecuteReader(SqlDataReader ds, RunBehavior runBehavior, String resetOptionsString)
   at System.Data.SqlClient.SqlCommand.CompleteAsyncExecuteReader()
   at System.Data.SqlClient.SqlCommand.InternalEndExecuteReader(IAsyncResult asyncResult, String endMethod)
   at System.Data.SqlClient.SqlCommand.EndExecuteReaderInternal(IAsyncResult asyncResult)
   at System.Data.SqlClient.SqlCommand.EndExecuteReader(IAsyncResult asyncResult)
   at System.Threading.Tasks.TaskFactory`1.FromAsyncCoreLogic(IAsyncResult iar, Func`2 endFunction, Action`1 endAction, Task`1 promise, Boolean requiresSynchronization)
--- End of stack trace from previous location ---
   at Dapper.SqlMapper.ExecuteScalarImplAsync[T](IDbConnection cnn, CommandDefinition command) in /_/Dapper/SqlMapper.Async.cs:line 1241
   at Xim.Domain.Mssql.Providers.MssqlProvider.ExecuteScalarTextAsync(IDbConnection cnn, String commandText, Object param) in D:\Code\Cong TT\CodeBECong\Api\Xim.Domain.Mssql\Providers\MssqlProvider.cs:line 461
   at Xim.Domain.Mssql.Providers.MssqlProvider.ExecuteScalarTextAsync(String commandText, Object param) in D:\Code\Cong TT\CodeBECong\Api\Xim.Domain.Mssql\Providers\MssqlProvider.cs:line 455
   at Xim.Domain.Mssql.Base.MssqlRepo`2.InsertAsync[TData](TData item) in D:\Code\Cong TT\CodeBECong\Api\Xim.Domain.Mssql\Base\MssqlRepo.cs:line 130
   at Xim.Application.Services.NhatKyService.CreateAsync(NhatKyDtoCreate model) in D:\Code\Cong TT\CodeBECong\Api\Xim.Application\Services\NhatKyService.cs:line 44
   at Xim.AppApi.Controllers.CaiDatController.UpdateAsync(Guid id, CaiDatForm dto) in D:\Code\Cong TT\CodeBECong\Api\Xim.AppApi\Controllers\CaiDatController.cs:line 207
   at Microsoft.AspNetCore.Mvc.Infrastructure.ActionMethodExecutor.TaskOfIActionResultExecutor.Execute(ActionContext actionContext, IActionResultTypeMapper mapper, ObjectMethodExecutor executor, Object controller, Object[] arguments)
   at Microsoft.AspNetCore.Mvc.Infrastructure.ControllerActionInvoker.<InvokeActionMethodAsync>g__Awaited|12_0(ControllerActionInvoker invoker, ValueTask`1 actionResultValueTask)
   at Microsoft.AspNetCore.Mvc.Infrastructure.ControllerActionInvoker.<InvokeNextActionFilterAsync>g__Awaited|10_0(ControllerActionInvoker invoker, Task lastTask, State next, Scope scope, Object state, Boolean isCompleted)
ClientConnectionId:c483d0ae-cf76-4f49-afd5-44b9b3a5cbba
Error Number:208,State:1,Class:16

2024-12-23 16:08:40.9290-ERROR-Xim.AppApi.ActionFilters.ExceptionActionFilter-http://localhost/CaiDats/d3669e20-34f3-47d7-96ff-8de872d6a4fd-Update:
Invalid object name 'NhatKy'.
System.Data.SqlClient.SqlException (0x80131904): Invalid object name 'NhatKy'.
   at System.Data.SqlClient.SqlConnection.OnError(SqlException exception, Boolean breakConnection, Action`1 wrapCloseInAction)
   at System.Data.SqlClient.SqlInternalConnection.OnError(SqlException exception, Boolean breakConnection, Action`1 wrapCloseInAction)
   at System.Data.SqlClient.TdsParser.ThrowExceptionAndWarning(TdsParserStateObject stateObj, Boolean callerHasConnectionLock, Boolean asyncClose)
   at System.Data.SqlClient.TdsParser.TryRun(RunBehavior runBehavior, SqlCommand cmdHandler, SqlDataReader dataStream, BulkCopySimpleResultSet bulkCopyHandler, TdsParserStateObject stateObj, Boolean& dataReady)
   at System.Data.SqlClient.SqlDataReader.TryConsumeMetaData()
   at System.Data.SqlClient.SqlDataReader.get_MetaData()
   at System.Data.SqlClient.SqlCommand.FinishExecuteReader(SqlDataReader ds, RunBehavior runBehavior, String resetOptionsString)
   at System.Data.SqlClient.SqlCommand.CompleteAsyncExecuteReader()
   at System.Data.SqlClient.SqlCommand.InternalEndExecuteReader(IAsyncResult asyncResult, String endMethod)
   at System.Data.SqlClient.SqlCommand.EndExecuteReaderInternal(IAsyncResult asyncResult)
   at System.Data.SqlClient.SqlCommand.EndExecuteReader(IAsyncResult asyncResult)
   at System.Threading.Tasks.TaskFactory`1.FromAsyncCoreLogic(IAsyncResult iar, Func`2 endFunction, Action`1 endAction, Task`1 promise, Boolean requiresSynchronization)
--- End of stack trace from previous location ---
   at Dapper.SqlMapper.ExecuteScalarImplAsync[T](IDbConnection cnn, CommandDefinition command) in /_/Dapper/SqlMapper.Async.cs:line 1241
   at Xim.Domain.Mssql.Providers.MssqlProvider.ExecuteScalarTextAsync(IDbConnection cnn, String commandText, Object param) in D:\Code\Cong TT\CodeBECong\Api\Xim.Domain.Mssql\Providers\MssqlProvider.cs:line 461
   at Xim.Domain.Mssql.Providers.MssqlProvider.ExecuteScalarTextAsync(String commandText, Object param) in D:\Code\Cong TT\CodeBECong\Api\Xim.Domain.Mssql\Providers\MssqlProvider.cs:line 455
   at Xim.Domain.Mssql.Base.MssqlRepo`2.InsertAsync[TData](TData item) in D:\Code\Cong TT\CodeBECong\Api\Xim.Domain.Mssql\Base\MssqlRepo.cs:line 130
   at Xim.Application.Services.NhatKyService.CreateAsync(NhatKyDtoCreate model) in D:\Code\Cong TT\CodeBECong\Api\Xim.Application\Services\NhatKyService.cs:line 44
   at Xim.AppApi.Controllers.CaiDatController.UpdateAsync(Guid id, CaiDatForm dto) in D:\Code\Cong TT\CodeBECong\Api\Xim.AppApi\Controllers\CaiDatController.cs:line 207
   at Microsoft.AspNetCore.Mvc.Infrastructure.ActionMethodExecutor.TaskOfIActionResultExecutor.Execute(ActionContext actionContext, IActionResultTypeMapper mapper, ObjectMethodExecutor executor, Object controller, Object[] arguments)
   at Microsoft.AspNetCore.Mvc.Infrastructure.ControllerActionInvoker.<InvokeActionMethodAsync>g__Awaited|12_0(ControllerActionInvoker invoker, ValueTask`1 actionResultValueTask)
   at Microsoft.AspNetCore.Mvc.Infrastructure.ControllerActionInvoker.<InvokeNextActionFilterAsync>g__Awaited|10_0(ControllerActionInvoker invoker, Task lastTask, State next, Scope scope, Object state, Boolean isCompleted)
ClientConnectionId:c483d0ae-cf76-4f49-afd5-44b9b3a5cbba
Error Number:208,State:1,Class:16

