2024-11-04 15:07:22.9812-ERROR-Xim.AppApi.ActionFilters.ExceptionActionFilter-http://localhost/Menus/GetTinTucByMenu-GetTinTucbyMenu:
Invalid column name 'NgayBH'.
System.Data.SqlClient.SqlException (0x80131904): Invalid column name 'NgayBH'.
   at System.Data.SqlClient.SqlCommand.<>c.<ExecuteDbDataReaderAsync>b__126_0(Task`1 result)
   at System.Threading.Tasks.ContinuationResultTaskFromResultTask`2.InnerInvoke()
   at System.Threading.ExecutionContext.RunInternal(ExecutionContext executionContext, ContextCallback callback, Object state)
--- End of stack trace from previous location ---
   at System.Threading.ExecutionContext.RunInternal(ExecutionContext executionContext, ContextCallback callback, Object state)
   at System.Threading.Tasks.Task.ExecuteWithThreadLocal(Task& currentTaskSlot, Thread threadPoolThread)
--- End of stack trace from previous location ---
   at Dapper.SqlMapper.QueryAsync[T](IDbConnection cnn, Type effectiveType, CommandDefinition command) in /_/Dapper/SqlMapper.Async.cs:line 434
   at Xim.Domain.Mssql.Providers.MssqlProvider.QueryAsync[T](IDbConnection cnn, String commandText, Dictionary`2 param) in D:\Code\Cong TT\CodeBECong\Api\Xim.Domain.Mssql\Providers\MssqlProvider.cs:line 476
   at Xim.Domain.Mssql.Providers.MssqlProvider.QueryAsync[T](String commandText, Dictionary`2 param) in D:\Code\Cong TT\CodeBECong\Api\Xim.Domain.Mssql\Providers\MssqlProvider.cs:line 469
   at Xim.Domain.Mssql.Repos.MenuRepo.GetTinBaibyMenuAsync(Guid idmenu, paging paging) in D:\Code\Cong TT\CodeBECong\Api\Xim.Domain.Mssql\App\MenuRepo.cs:line 79
   at Xim.Application.Services.MenuService.GetTinBaibyMenuAsync(Guid idmenu, paging paging) in D:\Code\Cong TT\CodeBECong\Api\Xim.Application\Services\MenuService.cs:line 33
   at Xim.AppApi.Controllers.MenuController.GetTinTucbyMenuAsync(Guid idmenu, paging paging) in D:\Code\Cong TT\CodeBECong\Api\Xim.AppApi\Controllers\MenuController.cs:line 93
   at Microsoft.AspNetCore.Mvc.Infrastructure.ActionMethodExecutor.TaskOfIActionResultExecutor.Execute(ActionContext actionContext, IActionResultTypeMapper mapper, ObjectMethodExecutor executor, Object controller, Object[] arguments)
   at Microsoft.AspNetCore.Mvc.Infrastructure.ControllerActionInvoker.<InvokeActionMethodAsync>g__Awaited|12_0(ControllerActionInvoker invoker, ValueTask`1 actionResultValueTask)
   at Microsoft.AspNetCore.Mvc.Infrastructure.ControllerActionInvoker.<InvokeNextActionFilterAsync>g__Awaited|10_0(ControllerActionInvoker invoker, Task lastTask, State next, Scope scope, Object state, Boolean isCompleted)
ClientConnectionId:836c337b-95b4-40ac-ae30-40afe8e076b0
Error Number:207,State:1,Class:16

2024-11-04 15:08:29.8230-ERROR-Xim.AppApi.ActionFilters.ExceptionActionFilter-http://localhost/Menus/GetTinTucByMenu-GetTinTucbyMenu:
Invalid column name 'NgayBH'.
System.Data.SqlClient.SqlException (0x80131904): Invalid column name 'NgayBH'.
   at System.Data.SqlClient.SqlCommand.<>c.<ExecuteDbDataReaderAsync>b__126_0(Task`1 result)
   at System.Threading.Tasks.ContinuationResultTaskFromResultTask`2.InnerInvoke()
   at System.Threading.ExecutionContext.RunInternal(ExecutionContext executionContext, ContextCallback callback, Object state)
--- End of stack trace from previous location ---
   at System.Threading.ExecutionContext.RunInternal(ExecutionContext executionContext, ContextCallback callback, Object state)
   at System.Threading.Tasks.Task.ExecuteWithThreadLocal(Task& currentTaskSlot, Thread threadPoolThread)
--- End of stack trace from previous location ---
   at Dapper.SqlMapper.QueryAsync[T](IDbConnection cnn, Type effectiveType, CommandDefinition command) in /_/Dapper/SqlMapper.Async.cs:line 434
   at Xim.Domain.Mssql.Providers.MssqlProvider.QueryAsync[T](IDbConnection cnn, String commandText, Dictionary`2 param) in D:\Code\Cong TT\CodeBECong\Api\Xim.Domain.Mssql\Providers\MssqlProvider.cs:line 476
   at Xim.Domain.Mssql.Providers.MssqlProvider.QueryAsync[T](String commandText, Dictionary`2 param) in D:\Code\Cong TT\CodeBECong\Api\Xim.Domain.Mssql\Providers\MssqlProvider.cs:line 469
   at Xim.Domain.Mssql.Repos.MenuRepo.GetTinBaibyMenuAsync(Guid idmenu, paging paging) in D:\Code\Cong TT\CodeBECong\Api\Xim.Domain.Mssql\App\MenuRepo.cs:line 79
   at Xim.Application.Services.MenuService.GetTinBaibyMenuAsync(Guid idmenu, paging paging) in D:\Code\Cong TT\CodeBECong\Api\Xim.Application\Services\MenuService.cs:line 33
   at Xim.AppApi.Controllers.MenuController.GetTinTucbyMenuAsync(Guid idmenu, paging paging) in D:\Code\Cong TT\CodeBECong\Api\Xim.AppApi\Controllers\MenuController.cs:line 93
   at Microsoft.AspNetCore.Mvc.Infrastructure.ActionMethodExecutor.TaskOfIActionResultExecutor.Execute(ActionContext actionContext, IActionResultTypeMapper mapper, ObjectMethodExecutor executor, Object controller, Object[] arguments)
   at Microsoft.AspNetCore.Mvc.Infrastructure.ControllerActionInvoker.<InvokeActionMethodAsync>g__Awaited|12_0(ControllerActionInvoker invoker, ValueTask`1 actionResultValueTask)
   at Microsoft.AspNetCore.Mvc.Infrastructure.ControllerActionInvoker.<InvokeNextActionFilterAsync>g__Awaited|10_0(ControllerActionInvoker invoker, Task lastTask, State next, Scope scope, Object state, Boolean isCompleted)
ClientConnectionId:836c337b-95b4-40ac-ae30-40afe8e076b0
Error Number:207,State:1,Class:16

2024-11-04 15:11:36.0900-ERROR-Xim.AppApi.ActionFilters.ExceptionActionFilter-http://localhost/Menus/GetTinTucByMenu-GetTinTucbyMenu:
Invalid column name 'NgayBH'.
System.Data.SqlClient.SqlException (0x80131904): Invalid column name 'NgayBH'.
   at System.Data.SqlClient.SqlCommand.<>c.<ExecuteDbDataReaderAsync>b__126_0(Task`1 result)
   at System.Threading.Tasks.ContinuationResultTaskFromResultTask`2.InnerInvoke()
   at System.Threading.ExecutionContext.RunInternal(ExecutionContext executionContext, ContextCallback callback, Object state)
--- End of stack trace from previous location ---
   at System.Threading.ExecutionContext.RunInternal(ExecutionContext executionContext, ContextCallback callback, Object state)
   at System.Threading.Tasks.Task.ExecuteWithThreadLocal(Task& currentTaskSlot, Thread threadPoolThread)
--- End of stack trace from previous location ---
   at Dapper.SqlMapper.QueryAsync[T](IDbConnection cnn, Type effectiveType, CommandDefinition command) in /_/Dapper/SqlMapper.Async.cs:line 434
   at Xim.Domain.Mssql.Providers.MssqlProvider.QueryAsync[T](IDbConnection cnn, String commandText, Dictionary`2 param) in D:\Code\Cong TT\CodeBECong\Api\Xim.Domain.Mssql\Providers\MssqlProvider.cs:line 476
   at Xim.Domain.Mssql.Providers.MssqlProvider.QueryAsync[T](String commandText, Dictionary`2 param) in D:\Code\Cong TT\CodeBECong\Api\Xim.Domain.Mssql\Providers\MssqlProvider.cs:line 469
   at Xim.Domain.Mssql.Repos.MenuRepo.GetTinBaibyMenuAsync(Guid idmenu, paging paging) in D:\Code\Cong TT\CodeBECong\Api\Xim.Domain.Mssql\App\MenuRepo.cs:line 79
   at Xim.Application.Services.MenuService.GetTinBaibyMenuAsync(Guid idmenu, paging paging) in D:\Code\Cong TT\CodeBECong\Api\Xim.Application\Services\MenuService.cs:line 33
   at Xim.AppApi.Controllers.MenuController.GetTinTucbyMenuAsync(Guid idmenu, paging paging) in D:\Code\Cong TT\CodeBECong\Api\Xim.AppApi\Controllers\MenuController.cs:line 93
   at Microsoft.AspNetCore.Mvc.Infrastructure.ActionMethodExecutor.TaskOfIActionResultExecutor.Execute(ActionContext actionContext, IActionResultTypeMapper mapper, ObjectMethodExecutor executor, Object controller, Object[] arguments)
   at Microsoft.AspNetCore.Mvc.Infrastructure.ControllerActionInvoker.<InvokeActionMethodAsync>g__Awaited|12_0(ControllerActionInvoker invoker, ValueTask`1 actionResultValueTask)
   at Microsoft.AspNetCore.Mvc.Infrastructure.ControllerActionInvoker.<InvokeNextActionFilterAsync>g__Awaited|10_0(ControllerActionInvoker invoker, Task lastTask, State next, Scope scope, Object state, Boolean isCompleted)
ClientConnectionId:dfde8bc4-79c1-4e42-a6f2-acb8668a8779
Error Number:207,State:1,Class:16

2024-11-04 15:12:33.2137-ERROR-Xim.AppApi.ActionFilters.ExceptionActionFilter-http://localhost/Menus/GetTinTucByMenu-GetTinTucbyMenu:
Invalid column name 'NgayBH'.
System.Data.SqlClient.SqlException (0x80131904): Invalid column name 'NgayBH'.
   at System.Data.SqlClient.SqlCommand.<>c.<ExecuteDbDataReaderAsync>b__126_0(Task`1 result)
   at System.Threading.Tasks.ContinuationResultTaskFromResultTask`2.InnerInvoke()
   at System.Threading.ExecutionContext.RunInternal(ExecutionContext executionContext, ContextCallback callback, Object state)
--- End of stack trace from previous location ---
   at System.Threading.ExecutionContext.RunInternal(ExecutionContext executionContext, ContextCallback callback, Object state)
   at System.Threading.Tasks.Task.ExecuteWithThreadLocal(Task& currentTaskSlot, Thread threadPoolThread)
--- End of stack trace from previous location ---
   at Dapper.SqlMapper.QueryAsync[T](IDbConnection cnn, Type effectiveType, CommandDefinition command) in /_/Dapper/SqlMapper.Async.cs:line 434
   at Xim.Domain.Mssql.Providers.MssqlProvider.QueryAsync[T](IDbConnection cnn, String commandText, Dictionary`2 param) in D:\Code\Cong TT\CodeBECong\Api\Xim.Domain.Mssql\Providers\MssqlProvider.cs:line 476
   at Xim.Domain.Mssql.Providers.MssqlProvider.QueryAsync[T](String commandText, Dictionary`2 param) in D:\Code\Cong TT\CodeBECong\Api\Xim.Domain.Mssql\Providers\MssqlProvider.cs:line 469
   at Xim.Domain.Mssql.Repos.MenuRepo.GetTinBaibyMenuAsync(Guid idmenu, paging paging) in D:\Code\Cong TT\CodeBECong\Api\Xim.Domain.Mssql\App\MenuRepo.cs:line 79
   at Xim.Application.Services.MenuService.GetTinBaibyMenuAsync(Guid idmenu, paging paging) in D:\Code\Cong TT\CodeBECong\Api\Xim.Application\Services\MenuService.cs:line 33
   at Xim.AppApi.Controllers.MenuController.GetTinTucbyMenuAsync(Guid idmenu, paging paging) in D:\Code\Cong TT\CodeBECong\Api\Xim.AppApi\Controllers\MenuController.cs:line 93
   at Microsoft.AspNetCore.Mvc.Infrastructure.ActionMethodExecutor.TaskOfIActionResultExecutor.Execute(ActionContext actionContext, IActionResultTypeMapper mapper, ObjectMethodExecutor executor, Object controller, Object[] arguments)
   at Microsoft.AspNetCore.Mvc.Infrastructure.ControllerActionInvoker.<InvokeActionMethodAsync>g__Awaited|12_0(ControllerActionInvoker invoker, ValueTask`1 actionResultValueTask)
   at Microsoft.AspNetCore.Mvc.Infrastructure.ControllerActionInvoker.<InvokeNextActionFilterAsync>g__Awaited|10_0(ControllerActionInvoker invoker, Task lastTask, State next, Scope scope, Object state, Boolean isCompleted)
ClientConnectionId:dfde8bc4-79c1-4e42-a6f2-acb8668a8779
Error Number:207,State:1,Class:16

2024-11-04 15:14:21.4090-ERROR-Xim.AppApi.ActionFilters.ExceptionActionFilter-http://localhost/Menus/GetTinTucByMenu-GetTinTucbyMenu:
The number of rows provided for a FETCH clause must be greater then zero.
System.Data.SqlClient.SqlException (0x80131904): The number of rows provided for a FETCH clause must be greater then zero.
   at System.Data.SqlClient.SqlConnection.OnError(SqlException exception, Boolean breakConnection, Action`1 wrapCloseInAction)
   at System.Data.SqlClient.SqlInternalConnection.OnError(SqlException exception, Boolean breakConnection, Action`1 wrapCloseInAction)
   at System.Data.SqlClient.TdsParser.ThrowExceptionAndWarning(TdsParserStateObject stateObj, Boolean callerHasConnectionLock, Boolean asyncClose)
   at System.Data.SqlClient.TdsParser.TryRun(RunBehavior runBehavior, SqlCommand cmdHandler, SqlDataReader dataStream, BulkCopySimpleResultSet bulkCopyHandler, TdsParserStateObject stateObj, Boolean& dataReady)
   at System.Data.SqlClient.SqlDataReader.TryHasMoreRows(Boolean& moreRows)
   at System.Data.SqlClient.SqlDataReader.TryReadInternal(Boolean setTimeout, Boolean& more)
   at System.Data.SqlClient.SqlDataReader.<>c__DisplayClass190_0.<ReadAsync>b__1(Task t)
   at System.Data.SqlClient.SqlDataReader.InvokeRetryable[T](Func`2 moreFunc, TaskCompletionSource`1 source, IDisposable objectToDispose)
--- End of stack trace from previous location ---
   at Dapper.SqlMapper.QueryAsync[T](IDbConnection cnn, Type effectiveType, CommandDefinition command) in /_/Dapper/SqlMapper.Async.cs:line 452
   at Xim.Domain.Mssql.Providers.MssqlProvider.QueryAsync[T](IDbConnection cnn, String commandText, Dictionary`2 param) in D:\Code\Cong TT\CodeBECong\Api\Xim.Domain.Mssql\Providers\MssqlProvider.cs:line 476
   at Xim.Domain.Mssql.Providers.MssqlProvider.QueryAsync[T](String commandText, Dictionary`2 param) in D:\Code\Cong TT\CodeBECong\Api\Xim.Domain.Mssql\Providers\MssqlProvider.cs:line 469
   at Xim.Domain.Mssql.Repos.MenuRepo.GetTinBaibyMenuAsync(Guid idmenu, paging paging) in D:\Code\Cong TT\CodeBECong\Api\Xim.Domain.Mssql\App\MenuRepo.cs:line 79
   at Xim.Application.Services.MenuService.GetTinBaibyMenuAsync(Guid idmenu, paging paging) in D:\Code\Cong TT\CodeBECong\Api\Xim.Application\Services\MenuService.cs:line 33
   at Xim.AppApi.Controllers.MenuController.GetTinTucbyMenuAsync(Guid idmenu, paging paging) in D:\Code\Cong TT\CodeBECong\Api\Xim.AppApi\Controllers\MenuController.cs:line 93
   at Microsoft.AspNetCore.Mvc.Infrastructure.ActionMethodExecutor.TaskOfIActionResultExecutor.Execute(ActionContext actionContext, IActionResultTypeMapper mapper, ObjectMethodExecutor executor, Object controller, Object[] arguments)
   at Microsoft.AspNetCore.Mvc.Infrastructure.ControllerActionInvoker.<InvokeActionMethodAsync>g__Awaited|12_0(ControllerActionInvoker invoker, ValueTask`1 actionResultValueTask)
   at Microsoft.AspNetCore.Mvc.Infrastructure.ControllerActionInvoker.<InvokeNextActionFilterAsync>g__Awaited|10_0(ControllerActionInvoker invoker, Task lastTask, State next, Scope scope, Object state, Boolean isCompleted)
ClientConnectionId:9bf0eca9-9287-4a39-9df8-2eedb3040734
Error Number:10744,State:1,Class:15

2024-11-04 15:15:39.4863-ERROR-Xim.AppApi.ActionFilters.ExceptionActionFilter-http://localhost/Menus/GetTinTucByMenu-GetTinTucbyMenu:
The number of rows provided for a FETCH clause must be greater then zero.
System.Data.SqlClient.SqlException (0x80131904): The number of rows provided for a FETCH clause must be greater then zero.
   at System.Data.SqlClient.SqlConnection.OnError(SqlException exception, Boolean breakConnection, Action`1 wrapCloseInAction)
   at System.Data.SqlClient.SqlInternalConnection.OnError(SqlException exception, Boolean breakConnection, Action`1 wrapCloseInAction)
   at System.Data.SqlClient.TdsParser.ThrowExceptionAndWarning(TdsParserStateObject stateObj, Boolean callerHasConnectionLock, Boolean asyncClose)
   at System.Data.SqlClient.TdsParser.TryRun(RunBehavior runBehavior, SqlCommand cmdHandler, SqlDataReader dataStream, BulkCopySimpleResultSet bulkCopyHandler, TdsParserStateObject stateObj, Boolean& dataReady)
   at System.Data.SqlClient.SqlDataReader.TryHasMoreRows(Boolean& moreRows)
   at System.Data.SqlClient.SqlDataReader.TryReadInternal(Boolean setTimeout, Boolean& more)
   at System.Data.SqlClient.SqlDataReader.<>c__DisplayClass190_0.<ReadAsync>b__1(Task t)
   at System.Data.SqlClient.SqlDataReader.InvokeRetryable[T](Func`2 moreFunc, TaskCompletionSource`1 source, IDisposable objectToDispose)
--- End of stack trace from previous location ---
   at Dapper.SqlMapper.QueryAsync[T](IDbConnection cnn, Type effectiveType, CommandDefinition command) in /_/Dapper/SqlMapper.Async.cs:line 452
   at Xim.Domain.Mssql.Providers.MssqlProvider.QueryAsync[T](IDbConnection cnn, String commandText, Dictionary`2 param) in D:\Code\Cong TT\CodeBECong\Api\Xim.Domain.Mssql\Providers\MssqlProvider.cs:line 476
   at Xim.Domain.Mssql.Providers.MssqlProvider.QueryAsync[T](String commandText, Dictionary`2 param) in D:\Code\Cong TT\CodeBECong\Api\Xim.Domain.Mssql\Providers\MssqlProvider.cs:line 469
   at Xim.Domain.Mssql.Repos.MenuRepo.GetTinBaibyMenuAsync(Guid idmenu, paging paging) in D:\Code\Cong TT\CodeBECong\Api\Xim.Domain.Mssql\App\MenuRepo.cs:line 79
   at Xim.Application.Services.MenuService.GetTinBaibyMenuAsync(Guid idmenu, paging paging) in D:\Code\Cong TT\CodeBECong\Api\Xim.Application\Services\MenuService.cs:line 33
   at Xim.AppApi.Controllers.MenuController.GetTinTucbyMenuAsync(Guid idmenu, paging paging) in D:\Code\Cong TT\CodeBECong\Api\Xim.AppApi\Controllers\MenuController.cs:line 93
   at Microsoft.AspNetCore.Mvc.Infrastructure.ActionMethodExecutor.TaskOfIActionResultExecutor.Execute(ActionContext actionContext, IActionResultTypeMapper mapper, ObjectMethodExecutor executor, Object controller, Object[] arguments)
   at Microsoft.AspNetCore.Mvc.Infrastructure.ControllerActionInvoker.<InvokeActionMethodAsync>g__Awaited|12_0(ControllerActionInvoker invoker, ValueTask`1 actionResultValueTask)
   at Microsoft.AspNetCore.Mvc.Infrastructure.ControllerActionInvoker.<InvokeNextActionFilterAsync>g__Awaited|10_0(ControllerActionInvoker invoker, Task lastTask, State next, Scope scope, Object state, Boolean isCompleted)
ClientConnectionId:ddbd503b-cd17-46af-bd65-ed7d1e0f8837
Error Number:10744,State:1,Class:15

2024-11-04 15:16:01.1765-ERROR-Xim.AppApi.ActionFilters.ExceptionActionFilter-http://localhost/Menus/GetTinTucByMenu-GetTinTucbyMenu:
The number of rows provided for a FETCH clause must be greater then zero.
System.Data.SqlClient.SqlException (0x80131904): The number of rows provided for a FETCH clause must be greater then zero.
   at System.Data.SqlClient.SqlConnection.OnError(SqlException exception, Boolean breakConnection, Action`1 wrapCloseInAction)
   at System.Data.SqlClient.SqlInternalConnection.OnError(SqlException exception, Boolean breakConnection, Action`1 wrapCloseInAction)
   at System.Data.SqlClient.TdsParser.ThrowExceptionAndWarning(TdsParserStateObject stateObj, Boolean callerHasConnectionLock, Boolean asyncClose)
   at System.Data.SqlClient.TdsParser.TryRun(RunBehavior runBehavior, SqlCommand cmdHandler, SqlDataReader dataStream, BulkCopySimpleResultSet bulkCopyHandler, TdsParserStateObject stateObj, Boolean& dataReady)
   at System.Data.SqlClient.SqlDataReader.TryHasMoreRows(Boolean& moreRows)
   at System.Data.SqlClient.SqlDataReader.TryReadInternal(Boolean setTimeout, Boolean& more)
   at System.Data.SqlClient.SqlDataReader.<>c__DisplayClass190_0.<ReadAsync>b__1(Task t)
   at System.Data.SqlClient.SqlDataReader.InvokeRetryable[T](Func`2 moreFunc, TaskCompletionSource`1 source, IDisposable objectToDispose)
--- End of stack trace from previous location ---
   at Dapper.SqlMapper.QueryAsync[T](IDbConnection cnn, Type effectiveType, CommandDefinition command) in /_/Dapper/SqlMapper.Async.cs:line 452
   at Xim.Domain.Mssql.Providers.MssqlProvider.QueryAsync[T](IDbConnection cnn, String commandText, Dictionary`2 param) in D:\Code\Cong TT\CodeBECong\Api\Xim.Domain.Mssql\Providers\MssqlProvider.cs:line 476
   at Xim.Domain.Mssql.Providers.MssqlProvider.QueryAsync[T](String commandText, Dictionary`2 param) in D:\Code\Cong TT\CodeBECong\Api\Xim.Domain.Mssql\Providers\MssqlProvider.cs:line 469
   at Xim.Domain.Mssql.Repos.MenuRepo.GetTinBaibyMenuAsync(Guid idmenu, paging paging) in D:\Code\Cong TT\CodeBECong\Api\Xim.Domain.Mssql\App\MenuRepo.cs:line 79
   at Xim.Application.Services.MenuService.GetTinBaibyMenuAsync(Guid idmenu, paging paging) in D:\Code\Cong TT\CodeBECong\Api\Xim.Application\Services\MenuService.cs:line 33
   at Xim.AppApi.Controllers.MenuController.GetTinTucbyMenuAsync(Guid idmenu, paging paging) in D:\Code\Cong TT\CodeBECong\Api\Xim.AppApi\Controllers\MenuController.cs:line 93
   at Microsoft.AspNetCore.Mvc.Infrastructure.ActionMethodExecutor.TaskOfIActionResultExecutor.Execute(ActionContext actionContext, IActionResultTypeMapper mapper, ObjectMethodExecutor executor, Object controller, Object[] arguments)
   at Microsoft.AspNetCore.Mvc.Infrastructure.ControllerActionInvoker.<InvokeActionMethodAsync>g__Awaited|12_0(ControllerActionInvoker invoker, ValueTask`1 actionResultValueTask)
   at Microsoft.AspNetCore.Mvc.Infrastructure.ControllerActionInvoker.<InvokeNextActionFilterAsync>g__Awaited|10_0(ControllerActionInvoker invoker, Task lastTask, State next, Scope scope, Object state, Boolean isCompleted)
ClientConnectionId:ddbd503b-cd17-46af-bd65-ed7d1e0f8837
Error Number:10744,State:1,Class:15

2024-11-04 15:16:55.6169-ERROR-Xim.AppApi.ActionFilters.ExceptionActionFilter-http://localhost/Menus/GetTinTucByMenu-GetTinTucbyMenu:
The number of rows provided for a FETCH clause must be greater then zero.
System.Data.SqlClient.SqlException (0x80131904): The number of rows provided for a FETCH clause must be greater then zero.
   at System.Data.SqlClient.SqlConnection.OnError(SqlException exception, Boolean breakConnection, Action`1 wrapCloseInAction)
   at System.Data.SqlClient.SqlInternalConnection.OnError(SqlException exception, Boolean breakConnection, Action`1 wrapCloseInAction)
   at System.Data.SqlClient.TdsParser.ThrowExceptionAndWarning(TdsParserStateObject stateObj, Boolean callerHasConnectionLock, Boolean asyncClose)
   at System.Data.SqlClient.TdsParser.TryRun(RunBehavior runBehavior, SqlCommand cmdHandler, SqlDataReader dataStream, BulkCopySimpleResultSet bulkCopyHandler, TdsParserStateObject stateObj, Boolean& dataReady)
   at System.Data.SqlClient.SqlDataReader.TryHasMoreRows(Boolean& moreRows)
   at System.Data.SqlClient.SqlDataReader.TryReadInternal(Boolean setTimeout, Boolean& more)
   at System.Data.SqlClient.SqlDataReader.<>c__DisplayClass190_0.<ReadAsync>b__1(Task t)
   at System.Data.SqlClient.SqlDataReader.InvokeRetryable[T](Func`2 moreFunc, TaskCompletionSource`1 source, IDisposable objectToDispose)
--- End of stack trace from previous location ---
   at Dapper.SqlMapper.QueryAsync[T](IDbConnection cnn, Type effectiveType, CommandDefinition command) in /_/Dapper/SqlMapper.Async.cs:line 452
   at Xim.Domain.Mssql.Providers.MssqlProvider.QueryAsync[T](IDbConnection cnn, String commandText, Dictionary`2 param) in D:\Code\Cong TT\CodeBECong\Api\Xim.Domain.Mssql\Providers\MssqlProvider.cs:line 476
   at Xim.Domain.Mssql.Providers.MssqlProvider.QueryAsync[T](String commandText, Dictionary`2 param) in D:\Code\Cong TT\CodeBECong\Api\Xim.Domain.Mssql\Providers\MssqlProvider.cs:line 469
   at Xim.Domain.Mssql.Repos.MenuRepo.GetTinBaibyMenuAsync(Guid idmenu, paging paging) in D:\Code\Cong TT\CodeBECong\Api\Xim.Domain.Mssql\App\MenuRepo.cs:line 79
   at Xim.Application.Services.MenuService.GetTinBaibyMenuAsync(Guid idmenu, paging paging) in D:\Code\Cong TT\CodeBECong\Api\Xim.Application\Services\MenuService.cs:line 33
   at Xim.AppApi.Controllers.MenuController.GetTinTucbyMenuAsync(Guid idmenu, paging paging) in D:\Code\Cong TT\CodeBECong\Api\Xim.AppApi\Controllers\MenuController.cs:line 93
   at Microsoft.AspNetCore.Mvc.Infrastructure.ActionMethodExecutor.TaskOfIActionResultExecutor.Execute(ActionContext actionContext, IActionResultTypeMapper mapper, ObjectMethodExecutor executor, Object controller, Object[] arguments)
   at Microsoft.AspNetCore.Mvc.Infrastructure.ControllerActionInvoker.<InvokeActionMethodAsync>g__Awaited|12_0(ControllerActionInvoker invoker, ValueTask`1 actionResultValueTask)
   at Microsoft.AspNetCore.Mvc.Infrastructure.ControllerActionInvoker.<InvokeNextActionFilterAsync>g__Awaited|10_0(ControllerActionInvoker invoker, Task lastTask, State next, Scope scope, Object state, Boolean isCompleted)
ClientConnectionId:ddbd503b-cd17-46af-bd65-ed7d1e0f8837
Error Number:10744,State:1,Class:15

2024-11-04 15:20:01.9428-ERROR-Xim.AppApi.ActionFilters.ExceptionActionFilter-http://localhost/Menus/GetTinTucByMenu-GetTinTucbyMenu:
The number of rows provided for a FETCH clause must be greater then zero.
System.Data.SqlClient.SqlException (0x80131904): The number of rows provided for a FETCH clause must be greater then zero.
   at System.Data.SqlClient.SqlConnection.OnError(SqlException exception, Boolean breakConnection, Action`1 wrapCloseInAction)
   at System.Data.SqlClient.SqlInternalConnection.OnError(SqlException exception, Boolean breakConnection, Action`1 wrapCloseInAction)
   at System.Data.SqlClient.TdsParser.ThrowExceptionAndWarning(TdsParserStateObject stateObj, Boolean callerHasConnectionLock, Boolean asyncClose)
   at System.Data.SqlClient.TdsParser.TryRun(RunBehavior runBehavior, SqlCommand cmdHandler, SqlDataReader dataStream, BulkCopySimpleResultSet bulkCopyHandler, TdsParserStateObject stateObj, Boolean& dataReady)
   at System.Data.SqlClient.SqlDataReader.TryHasMoreRows(Boolean& moreRows)
   at System.Data.SqlClient.SqlDataReader.TryReadInternal(Boolean setTimeout, Boolean& more)
   at System.Data.SqlClient.SqlDataReader.<>c__DisplayClass190_0.<ReadAsync>b__1(Task t)
   at System.Data.SqlClient.SqlDataReader.InvokeRetryable[T](Func`2 moreFunc, TaskCompletionSource`1 source, IDisposable objectToDispose)
--- End of stack trace from previous location ---
   at Dapper.SqlMapper.QueryAsync[T](IDbConnection cnn, Type effectiveType, CommandDefinition command) in /_/Dapper/SqlMapper.Async.cs:line 452
   at Xim.Domain.Mssql.Providers.MssqlProvider.QueryAsync[T](IDbConnection cnn, String commandText, Dictionary`2 param) in D:\Code\Cong TT\CodeBECong\Api\Xim.Domain.Mssql\Providers\MssqlProvider.cs:line 476
   at Xim.Domain.Mssql.Providers.MssqlProvider.QueryAsync[T](String commandText, Dictionary`2 param) in D:\Code\Cong TT\CodeBECong\Api\Xim.Domain.Mssql\Providers\MssqlProvider.cs:line 469
   at Xim.Domain.Mssql.Repos.MenuRepo.GetTinBaibyMenuAsync(Guid idmenu, paging paging) in D:\Code\Cong TT\CodeBECong\Api\Xim.Domain.Mssql\App\MenuRepo.cs:line 79
   at Xim.Application.Services.MenuService.GetTinBaibyMenuAsync(Guid idmenu, paging paging) in D:\Code\Cong TT\CodeBECong\Api\Xim.Application\Services\MenuService.cs:line 33
   at Xim.AppApi.Controllers.MenuController.GetTinTucbyMenuAsync(Guid idmenu, paging paging) in D:\Code\Cong TT\CodeBECong\Api\Xim.AppApi\Controllers\MenuController.cs:line 93
   at Microsoft.AspNetCore.Mvc.Infrastructure.ActionMethodExecutor.TaskOfIActionResultExecutor.Execute(ActionContext actionContext, IActionResultTypeMapper mapper, ObjectMethodExecutor executor, Object controller, Object[] arguments)
   at Microsoft.AspNetCore.Mvc.Infrastructure.ControllerActionInvoker.<InvokeActionMethodAsync>g__Awaited|12_0(ControllerActionInvoker invoker, ValueTask`1 actionResultValueTask)
   at Microsoft.AspNetCore.Mvc.Infrastructure.ControllerActionInvoker.<InvokeNextActionFilterAsync>g__Awaited|10_0(ControllerActionInvoker invoker, Task lastTask, State next, Scope scope, Object state, Boolean isCompleted)
ClientConnectionId:ddbd503b-cd17-46af-bd65-ed7d1e0f8837
Error Number:10744,State:1,Class:15

