2024-10-08 15:52:34.6160-ERROR-Xim.AppApi.ActionFilters.ExceptionActionFilter-http://localhost/TinTucs/getall-GetList:
Invalid column name 'thutu'.
System.Data.SqlClient.SqlException (0x80131904): Invalid column name 'thutu'.
   at System.Data.SqlClient.SqlCommand.<>c.<ExecuteDbDataReaderAsync>b__126_0(Task`1 result)
   at System.Threading.Tasks.ContinuationResultTaskFromResultTask`2.InnerInvoke()
   at System.Threading.ExecutionContext.RunInternal(ExecutionContext executionContext, ContextCallback callback, Object state)
--- End of stack trace from previous location ---
   at System.Threading.ExecutionContext.RunInternal(ExecutionContext executionContext, ContextCallback callback, Object state)
   at System.Threading.Tasks.Task.ExecuteWithThreadLocal(Task& currentTaskSlot, Thread threadPoolThread)
--- End of stack trace from previous location ---
   at Dapper.SqlMapper.QueryAsync[T](IDbConnection cnn, Type effectiveType, CommandDefinition command) in /_/Dapper/SqlMapper.Async.cs:line 434
   at Xim.Domain.Mssql.Providers.MssqlProvider.QueryAsync(IDbConnection cnn, String commandText, Dictionary`2 param) in D:\Code\Cong TT\CodeBECong\Api\Xim.Domain.Mssql\Providers\MssqlProvider.cs:line 526
   at Xim.Domain.Mssql.Providers.MssqlProvider.QueryAsync(String commandText, Dictionary`2 param) in D:\Code\Cong TT\CodeBECong\Api\Xim.Domain.Mssql\Providers\MssqlProvider.cs:line 519
   at Xim.Domain.Mssql.Base.MssqlRepo`2.GetPagingAsync(PagingParam param) in D:\Code\Cong TT\CodeBECong\Api\Xim.Domain.Mssql\Base\MssqlRepo.cs:line 802
   at Xim.Application.Services.TinTucService.GetListAsync(PagingParam param) in D:\Code\Cong TT\CodeBECong\Api\Xim.Application\Services\TinTucService.cs:line 94
   at Xim.AppApi.Controllers.TinTucController.GetListAsync(paging paging) in D:\Code\Cong TT\CodeBECong\Api\Xim.AppApi\Controllers\TinTucController.cs:line 30
   at Microsoft.AspNetCore.Mvc.Infrastructure.ActionMethodExecutor.TaskOfIActionResultExecutor.Execute(ActionContext actionContext, IActionResultTypeMapper mapper, ObjectMethodExecutor executor, Object controller, Object[] arguments)
   at Microsoft.AspNetCore.Mvc.Infrastructure.ControllerActionInvoker.<InvokeActionMethodAsync>g__Awaited|12_0(ControllerActionInvoker invoker, ValueTask`1 actionResultValueTask)
   at Microsoft.AspNetCore.Mvc.Infrastructure.ControllerActionInvoker.<InvokeNextActionFilterAsync>g__Awaited|10_0(ControllerActionInvoker invoker, Task lastTask, State next, Scope scope, Object state, Boolean isCompleted)
ClientConnectionId:35969c9b-f113-4e3f-b7a9-33228d521e54
Error Number:207,State:1,Class:16

2024-10-08 16:33:05.4415-ERROR-Xim.AppApi.ActionFilters.ExceptionActionFilter-http://localhost/TinTucs-Insert:
Invalid column name 'TinhTrang'.
System.Data.SqlClient.SqlException (0x80131904): Invalid column name 'TinhTrang'.
   at System.Data.SqlClient.SqlConnection.OnError(SqlException exception, Boolean breakConnection, Action`1 wrapCloseInAction)
   at System.Data.SqlClient.SqlInternalConnection.OnError(SqlException exception, Boolean breakConnection, Action`1 wrapCloseInAction)
   at System.Data.SqlClient.TdsParser.ThrowExceptionAndWarning(TdsParserStateObject stateObj, Boolean callerHasConnectionLock, Boolean asyncClose)
   at System.Data.SqlClient.TdsParser.TryRun(RunBehavior runBehavior, SqlCommand cmdHandler, SqlDataReader dataStream, BulkCopySimpleResultSet bulkCopyHandler, TdsParserStateObject stateObj, Boolean& dataReady)
   at System.Data.SqlClient.SqlDataReader.TryConsumeMetaData()
   at System.Data.SqlClient.SqlDataReader.get_MetaData()
   at System.Data.SqlClient.SqlCommand.FinishExecuteReader(SqlDataReader ds, RunBehavior runBehavior, String resetOptionsString)
   at System.Data.SqlClient.SqlCommand.CompleteAsyncExecuteReader()
   at System.Data.SqlClient.SqlCommand.InternalEndExecuteReader(IAsyncResult asyncResult, String endMethod)
   at System.Data.SqlClient.SqlCommand.EndExecuteReaderInternal(IAsyncResult asyncResult)
   at System.Data.SqlClient.SqlCommand.EndExecuteReader(IAsyncResult asyncResult)
   at System.Threading.Tasks.TaskFactory`1.FromAsyncCoreLogic(IAsyncResult iar, Func`2 endFunction, Action`1 endAction, Task`1 promise, Boolean requiresSynchronization)
--- End of stack trace from previous location ---
   at Dapper.SqlMapper.ExecuteScalarImplAsync[T](IDbConnection cnn, CommandDefinition command) in /_/Dapper/SqlMapper.Async.cs:line 1241
   at Xim.Domain.Mssql.Providers.MssqlProvider.ExecuteScalarTextAsync(IDbConnection cnn, String commandText, Object param) in D:\Code\Cong TT\CodeBECong\Api\Xim.Domain.Mssql\Providers\MssqlProvider.cs:line 461
   at Xim.Domain.Mssql.Providers.MssqlProvider.ExecuteScalarTextAsync(String commandText, Object param) in D:\Code\Cong TT\CodeBECong\Api\Xim.Domain.Mssql\Providers\MssqlProvider.cs:line 455
   at Xim.Domain.Mssql.Base.MssqlRepo`2.InsertAsync[TData](TData item) in D:\Code\Cong TT\CodeBECong\Api\Xim.Domain.Mssql\Base\MssqlRepo.cs:line 130
   at Xim.Application.Services.TinTucService.CreateAsync(TinTucDtoCreate model) in D:\Code\Cong TT\CodeBECong\Api\Xim.Application\Services\TinTucService.cs:line 52
   at Xim.AppApi.Controllers.TinTucController.InsertAsync(TinTucDtoCreate model, IFormFile thumbnail) in D:\Code\Cong TT\CodeBECong\Api\Xim.AppApi\Controllers\TinTucController.cs:line 59
   at lambda_method28(Closure, Object)
   at Microsoft.AspNetCore.Mvc.Infrastructure.ActionMethodExecutor.AwaitableObjectResultExecutor.Execute(ActionContext actionContext, IActionResultTypeMapper mapper, ObjectMethodExecutor executor, Object controller, Object[] arguments)
   at Microsoft.AspNetCore.Mvc.Infrastructure.ControllerActionInvoker.<InvokeActionMethodAsync>g__Awaited|12_0(ControllerActionInvoker invoker, ValueTask`1 actionResultValueTask)
   at Microsoft.AspNetCore.Mvc.Infrastructure.ControllerActionInvoker.<InvokeNextActionFilterAsync>g__Awaited|10_0(ControllerActionInvoker invoker, Task lastTask, State next, Scope scope, Object state, Boolean isCompleted)
ClientConnectionId:786add4b-cba6-43dd-9e97-71ed29b9fb11
Error Number:207,State:1,Class:16

