2024-11-05 09:32:11.6953-INFO-Microsoft.AspNetCore.DataProtection.KeyManagement.XmlKeyManager--:
User profile is available. Using 'C:\Users\Van Laptop\AppData\Local\ASP.NET\DataProtection-Keys' as key repository and Windows DPAPI to encrypt keys at rest.


2024-11-05 09:32:12.4838-INFO-Microsoft.Hosting.Lifetime--:
Now listening on: http://localhost:5260


2024-11-05 09:32:12.4949-INFO-Microsoft.Hosting.Lifetime--:
Application started. Press Ctrl+C to shut down.


2024-11-05 09:32:12.4949-INFO-Microsoft.Hosting.Lifetime--:
Hosting environment: Development


2024-11-05 09:32:12.4949-INFO-Microsoft.Hosting.Lifetime--:
Content root path: D:\Code\Cong TT\CodeBECong\Api\Xim.AppApi


2024-11-05 09:32:19.3663-INFO-Microsoft.AspNetCore.Hosting.Diagnostics-http://localhost/swagger/index.html-:
Request starting HTTP/1.1 GET http://localhost:5260/swagger/index.html - - -


2024-11-05 09:32:20.5166-INFO-Microsoft.AspNetCore.Hosting.Diagnostics-http://localhost/swagger/index.html-:
Request finished HTTP/1.1 GET http://localhost:5260/swagger/index.html - 200 - text/html;charset=utf-8 1245.1051ms


2024-11-05 09:32:21.0451-INFO-Microsoft.AspNetCore.Hosting.Diagnostics-http://localhost/swagger/v1/swagger.json-:
Request starting HTTP/1.1 GET http://localhost:5260/swagger/v1/swagger.json - - -


2024-11-05 09:32:22.0101-INFO-Microsoft.AspNetCore.Hosting.Diagnostics-http://localhost/swagger/v1/swagger.json-:
Request finished HTTP/1.1 GET http://localhost:5260/swagger/v1/swagger.json - 200 - application/json;charset=utf-8 965.6005ms


2024-11-05 09:32:32.8411-INFO-Microsoft.AspNetCore.Hosting.Diagnostics-http://localhost/Accounts/login-:
Request starting HTTP/1.1 POST http://localhost:5260/Accounts/login - application/json-patch+json 49


2024-11-05 09:32:32.8599-INFO-Microsoft.AspNetCore.Cors.Infrastructure.CorsService-http://localhost/Accounts/login-Login:
CORS policy execution successful.


2024-11-05 09:32:33.2080-INFO-Microsoft.AspNetCore.Routing.EndpointMiddleware-http://localhost/Accounts/login-Login:
Executing endpoint 'Xim.AppApi.Controllers.AccountController.LoginAsync (API)'


2024-11-05 09:32:33.2272-INFO-Microsoft.AspNetCore.Mvc.Infrastructure.ControllerActionInvoker-http://localhost/Accounts/login-Login:
Route matched with {action = "Login", controller = "Account"}. Executing controller action with signature System.Threading.Tasks.Task`1[Microsoft.AspNetCore.Mvc.IActionResult] LoginAsync(Xim.Application.Contracts.Users.UserDtoLogin) on controller Xim.AppApi.Controllers.AccountController (API).


2024-11-05 09:32:33.5928-INFO-Microsoft.AspNetCore.Mvc.Infrastructure.ObjectResultExecutor-http://localhost/Accounts/login-Login:
Executing OkObjectResult, writing value of type 'Xim.AppApi.Controllers.AccountController+JwtTokenInfo'.


2024-11-05 09:32:33.6104-INFO-Microsoft.AspNetCore.Mvc.Infrastructure.ControllerActionInvoker-http://localhost/Accounts/login-Login:
Executed action Xim.AppApi.Controllers.AccountController.LoginAsync (API) in 371.5252ms


2024-11-05 09:32:33.6104-INFO-Microsoft.AspNetCore.Routing.EndpointMiddleware-http://localhost/Accounts/login-Login:
Executed endpoint 'Xim.AppApi.Controllers.AccountController.LoginAsync (API)'


2024-11-05 09:32:33.6104-INFO-Microsoft.AspNetCore.Hosting.Diagnostics-http://localhost/Accounts/login-Login:
Request finished HTTP/1.1 POST http://localhost:5260/Accounts/login - 200 599 application/json;+charset=utf-8 775.1769ms


2024-11-05 09:32:57.0433-INFO-Microsoft.AspNetCore.Hosting.Diagnostics-http://localhost/ThuTruongs/getall-:
Request starting HTTP/1.1 POST http://localhost:5260/ThuTruongs/getall - application/json-patch+json 37


2024-11-05 09:32:57.0877-INFO-Microsoft.AspNetCore.Cors.Infrastructure.CorsService-http://localhost/ThuTruongs/getall-GetList:
CORS policy execution successful.


2024-11-05 09:32:57.1915-INFO-Microsoft.AspNetCore.Routing.EndpointMiddleware-http://localhost/ThuTruongs/getall-GetList:
Executing endpoint 'Xim.AppApi.Controllers.ThuTruongController.GetListAsync (API)'


2024-11-05 09:32:57.1915-INFO-Microsoft.AspNetCore.Mvc.Infrastructure.ControllerActionInvoker-http://localhost/ThuTruongs/getall-GetList:
Route matched with {action = "GetList", controller = "ThuTruong"}. Executing controller action with signature System.Threading.Tasks.Task`1[Microsoft.AspNetCore.Mvc.IActionResult] GetListAsync(Xim.Domain.Pagings.paging) on controller Xim.AppApi.Controllers.ThuTruongController (API).


2024-11-05 09:32:57.5765-INFO-Microsoft.AspNetCore.Mvc.Infrastructure.ObjectResultExecutor-http://localhost/ThuTruongs/getall-GetList:
Executing ObjectResult, writing value of type 'System.String'.


2024-11-05 09:32:57.5765-INFO-Microsoft.AspNetCore.Mvc.Infrastructure.ControllerActionInvoker-http://localhost/ThuTruongs/getall-GetList:
Executed action Xim.AppApi.Controllers.ThuTruongController.GetListAsync (API) in 383.131ms


2024-11-05 09:32:57.5765-INFO-Microsoft.AspNetCore.Routing.EndpointMiddleware-http://localhost/ThuTruongs/getall-GetList:
Executed endpoint 'Xim.AppApi.Controllers.ThuTruongController.GetListAsync (API)'


2024-11-05 09:32:57.5765-INFO-Microsoft.AspNetCore.Hosting.Diagnostics-http://localhost/ThuTruongs/getall-GetList:
Request finished HTTP/1.1 POST http://localhost:5260/ThuTruongs/getall - 500 - text/plain;+charset=utf-8 537.8135ms


2024-11-05 09:33:38.0137-INFO-Microsoft.AspNetCore.Hosting.Diagnostics-http://localhost/ThuTruongs/getall-:
Request starting HTTP/1.1 POST http://localhost:5260/ThuTruongs/getall - application/json-patch+json 37


2024-11-05 09:33:38.0137-INFO-Microsoft.AspNetCore.Cors.Infrastructure.CorsService-http://localhost/ThuTruongs/getall-GetList:
CORS policy execution successful.


2024-11-05 09:33:38.0137-INFO-Microsoft.AspNetCore.Routing.EndpointMiddleware-http://localhost/ThuTruongs/getall-GetList:
Executing endpoint 'Xim.AppApi.Controllers.ThuTruongController.GetListAsync (API)'


2024-11-05 09:33:38.0137-INFO-Microsoft.AspNetCore.Mvc.Infrastructure.ControllerActionInvoker-http://localhost/ThuTruongs/getall-GetList:
Route matched with {action = "GetList", controller = "ThuTruong"}. Executing controller action with signature System.Threading.Tasks.Task`1[Microsoft.AspNetCore.Mvc.IActionResult] GetListAsync(Xim.Domain.Pagings.paging) on controller Xim.AppApi.Controllers.ThuTruongController (API).


2024-11-05 09:33:38.0934-INFO-Microsoft.AspNetCore.Mvc.Infrastructure.ObjectResultExecutor-http://localhost/ThuTruongs/getall-GetList:
Executing OkObjectResult, writing value of type '<>f__AnonymousType0`5[[System.Collections.IList, System.Private.CoreLib, Version=8.0.0.0, Culture=neutral, PublicKeyToken=7cec85d7bea7798e],[System.Int32, System.Private.CoreLib, Version=8.0.0.0, Culture=neutral, PublicKeyToken=7cec85d7bea7798e],[System.Int32, System.Private.CoreLib, Version=8.0.0.0, Culture=neutral, PublicKeyToken=7cec85d7bea7798e],[System.Int32, System.Private.CoreLib, Version=8.0.0.0, Culture=neutral, PublicKeyToken=7cec85d7bea7798e],[System.Int32, System.Private.CoreLib, Version=8.0.0.0, Culture=neutral, PublicKeyToken=7cec85d7bea7798e]]'.


2024-11-05 09:33:38.0934-INFO-Microsoft.AspNetCore.Mvc.Infrastructure.ControllerActionInvoker-http://localhost/ThuTruongs/getall-GetList:
Executed action Xim.AppApi.Controllers.ThuTruongController.GetListAsync (API) in 80.6362ms


2024-11-05 09:33:38.0934-INFO-Microsoft.AspNetCore.Routing.EndpointMiddleware-http://localhost/ThuTruongs/getall-GetList:
Executed endpoint 'Xim.AppApi.Controllers.ThuTruongController.GetListAsync (API)'


2024-11-05 09:33:38.0934-INFO-Microsoft.AspNetCore.Hosting.Diagnostics-http://localhost/ThuTruongs/getall-GetList:
Request finished HTTP/1.1 POST http://localhost:5260/ThuTruongs/getall - 200 73 application/json;+charset=utf-8 85.7861ms


2024-11-05 09:34:45.8083-INFO-Microsoft.AspNetCore.Hosting.Diagnostics-http://localhost/ThuTruongs-:
Request starting HTTP/1.1 POST http://localhost:5260/ThuTruongs - multipart/form-data;+boundary=----WebKitFormBoundary6TY5s4Z9trFFnBq8 31018


2024-11-05 09:34:45.8083-INFO-Microsoft.AspNetCore.Cors.Infrastructure.CorsService-http://localhost/ThuTruongs-Insert:
CORS policy execution successful.


2024-11-05 09:34:45.8216-INFO-Microsoft.AspNetCore.Routing.EndpointMiddleware-http://localhost/ThuTruongs-Insert:
Executing endpoint 'Xim.AppApi.Controllers.ThuTruongController.InsertAsync (API)'


2024-11-05 09:34:45.8372-INFO-Microsoft.AspNetCore.Mvc.Infrastructure.ControllerActionInvoker-http://localhost/ThuTruongs-Insert:
Route matched with {action = "Insert", controller = "ThuTruong"}. Executing controller action with signature System.Threading.Tasks.Task`1[Microsoft.AspNetCore.Mvc.ActionResult`1[Xim.Domain.Entities.TinTucEntity]] InsertAsync(Xim.Application.Contracts.ThuTruong.ThuTruongDtoCreate, Microsoft.AspNetCore.Http.IFormFile) on controller Xim.AppApi.Controllers.ThuTruongController (API).


2024-11-05 09:35:12.7286-INFO-Microsoft.AspNetCore.Mvc.Infrastructure.ObjectResultExecutor-http://localhost/ThuTruongs-Insert:
Executing ObjectResult, writing value of type 'System.String'.


2024-11-05 09:35:12.7286-INFO-Microsoft.AspNetCore.Mvc.Infrastructure.ControllerActionInvoker-http://localhost/ThuTruongs-Insert:
Executed action Xim.AppApi.Controllers.ThuTruongController.InsertAsync (API) in 26887.335ms


2024-11-05 09:35:12.7286-INFO-Microsoft.AspNetCore.Routing.EndpointMiddleware-http://localhost/ThuTruongs-Insert:
Executed endpoint 'Xim.AppApi.Controllers.ThuTruongController.InsertAsync (API)'


2024-11-05 09:35:12.7286-INFO-Microsoft.AspNetCore.Hosting.Diagnostics-http://localhost/ThuTruongs-Insert:
Request finished HTTP/1.1 POST http://localhost:5260/ThuTruongs - 500 - text/plain;+charset=utf-8 26924.3398ms


2024-11-05 09:35:35.1140-INFO-Microsoft.AspNetCore.Hosting.Diagnostics-http://localhost/ThuTruongs-:
Request starting HTTP/1.1 POST http://localhost:5260/ThuTruongs - multipart/form-data;+boundary=----WebKitFormBoundarynbmQ7FkypPqB4YaJ 31027


2024-11-05 09:35:35.1140-INFO-Microsoft.AspNetCore.Cors.Infrastructure.CorsService-http://localhost/ThuTruongs-Insert:
CORS policy execution successful.


2024-11-05 09:35:35.1140-INFO-Microsoft.AspNetCore.Routing.EndpointMiddleware-http://localhost/ThuTruongs-Insert:
Executing endpoint 'Xim.AppApi.Controllers.ThuTruongController.InsertAsync (API)'


2024-11-05 09:35:35.1140-INFO-Microsoft.AspNetCore.Mvc.Infrastructure.ControllerActionInvoker-http://localhost/ThuTruongs-Insert:
Route matched with {action = "Insert", controller = "ThuTruong"}. Executing controller action with signature System.Threading.Tasks.Task`1[Microsoft.AspNetCore.Mvc.ActionResult`1[Xim.Domain.Entities.TinTucEntity]] InsertAsync(Xim.Application.Contracts.ThuTruong.ThuTruongDtoCreate, Microsoft.AspNetCore.Http.IFormFile) on controller Xim.AppApi.Controllers.ThuTruongController (API).


2024-11-05 09:35:41.5950-INFO-Microsoft.AspNetCore.Mvc.Infrastructure.ObjectResultExecutor-http://localhost/ThuTruongs-Insert:
Executing ObjectResult, writing value of type 'System.String'.


2024-11-05 09:35:41.5950-INFO-Microsoft.AspNetCore.Mvc.Infrastructure.ControllerActionInvoker-http://localhost/ThuTruongs-Insert:
Executed action Xim.AppApi.Controllers.ThuTruongController.InsertAsync (API) in 6481.1727ms


2024-11-05 09:35:41.5950-INFO-Microsoft.AspNetCore.Routing.EndpointMiddleware-http://localhost/ThuTruongs-Insert:
Executed endpoint 'Xim.AppApi.Controllers.ThuTruongController.InsertAsync (API)'


2024-11-05 09:35:41.5950-INFO-Microsoft.AspNetCore.Hosting.Diagnostics-http://localhost/ThuTruongs-Insert:
Request finished HTTP/1.1 POST http://localhost:5260/ThuTruongs - 500 - text/plain;+charset=utf-8 6482.9648ms


2024-11-05 09:42:43.3312-INFO-Microsoft.AspNetCore.DataProtection.KeyManagement.XmlKeyManager--:
User profile is available. Using 'C:\Users\Van Laptop\AppData\Local\ASP.NET\DataProtection-Keys' as key repository and Windows DPAPI to encrypt keys at rest.


2024-11-05 09:42:43.6863-INFO-Microsoft.Hosting.Lifetime--:
Now listening on: http://localhost:5260


2024-11-05 09:42:43.6863-INFO-Microsoft.Hosting.Lifetime--:
Application started. Press Ctrl+C to shut down.


2024-11-05 09:42:43.6863-INFO-Microsoft.Hosting.Lifetime--:
Hosting environment: Development


2024-11-05 09:42:43.6863-INFO-Microsoft.Hosting.Lifetime--:
Content root path: D:\Code\Cong TT\CodeBECong\Api\Xim.AppApi


2024-11-05 09:42:48.2007-INFO-Microsoft.AspNetCore.Hosting.Diagnostics-http://localhost/swagger/index.html-:
Request starting HTTP/1.1 GET http://localhost:5260/swagger/index.html - - -


2024-11-05 09:42:48.5057-INFO-Microsoft.AspNetCore.Hosting.Diagnostics-http://localhost/swagger/index.html-:
Request finished HTTP/1.1 GET http://localhost:5260/swagger/index.html - 200 - text/html;charset=utf-8 321.9033ms


2024-11-05 09:42:53.9458-INFO-Microsoft.AspNetCore.Hosting.Diagnostics-http://localhost/swagger/v1/swagger.json-:
Request starting HTTP/1.1 GET http://localhost:5260/swagger/v1/swagger.json - - -


2024-11-05 09:42:54.0987-INFO-Microsoft.AspNetCore.Hosting.Diagnostics-http://localhost/swagger/v1/swagger.json-:
Request finished HTTP/1.1 GET http://localhost:5260/swagger/v1/swagger.json - 200 - application/json;charset=utf-8 153.4336ms


2024-11-05 09:43:56.1981-INFO-Microsoft.AspNetCore.Hosting.Diagnostics-http://localhost/ThuTruongs-:
Request starting HTTP/1.1 POST http://localhost:5260/ThuTruongs - multipart/form-data;+boundary=----WebKitFormBoundaryatCuN0iVxoMpjLm4 30990


2024-11-05 09:43:56.2129-INFO-Microsoft.AspNetCore.Cors.Infrastructure.CorsService-http://localhost/ThuTruongs-Insert:
CORS policy execution successful.


2024-11-05 09:43:56.5580-INFO-Microsoft.AspNetCore.Authorization.DefaultAuthorizationService-http://localhost/ThuTruongs-Insert:
Authorization failed. These requirements were not met:
DenyAnonymousAuthorizationRequirement: Requires an authenticated user.


2024-11-05 09:43:56.5580-INFO-Microsoft.AspNetCore.Authentication.JwtBearer.JwtBearerHandler-http://localhost/ThuTruongs-Insert:
AuthenticationScheme: Bearer was challenged.


2024-11-05 09:43:56.5580-INFO-Microsoft.AspNetCore.Hosting.Diagnostics-http://localhost/ThuTruongs-Insert:
Request finished HTTP/1.1 POST http://localhost:5260/ThuTruongs - 401 0 - 364.6200ms


2024-11-05 09:44:10.7342-INFO-Microsoft.AspNetCore.Hosting.Diagnostics-http://localhost/Accounts/login-:
Request starting HTTP/1.1 POST http://localhost:5260/Accounts/login - application/json-patch+json 49


2024-11-05 09:44:10.7342-INFO-Microsoft.AspNetCore.Cors.Infrastructure.CorsService-http://localhost/Accounts/login-Login:
CORS policy execution successful.


2024-11-05 09:44:10.7342-INFO-Microsoft.AspNetCore.Routing.EndpointMiddleware-http://localhost/Accounts/login-Login:
Executing endpoint 'Xim.AppApi.Controllers.AccountController.LoginAsync (API)'


2024-11-05 09:44:10.7756-INFO-Microsoft.AspNetCore.Mvc.Infrastructure.ControllerActionInvoker-http://localhost/Accounts/login-Login:
Route matched with {action = "Login", controller = "Account"}. Executing controller action with signature System.Threading.Tasks.Task`1[Microsoft.AspNetCore.Mvc.IActionResult] LoginAsync(Xim.Application.Contracts.Users.UserDtoLogin) on controller Xim.AppApi.Controllers.AccountController (API).


2024-11-05 09:44:11.1190-INFO-Microsoft.AspNetCore.Mvc.Infrastructure.ObjectResultExecutor-http://localhost/Accounts/login-Login:
Executing OkObjectResult, writing value of type 'Xim.AppApi.Controllers.AccountController+JwtTokenInfo'.


2024-11-05 09:44:11.1342-INFO-Microsoft.AspNetCore.Mvc.Infrastructure.ControllerActionInvoker-http://localhost/Accounts/login-Login:
Executed action Xim.AppApi.Controllers.AccountController.LoginAsync (API) in 363.4896ms


2024-11-05 09:44:11.1342-INFO-Microsoft.AspNetCore.Routing.EndpointMiddleware-http://localhost/Accounts/login-Login:
Executed endpoint 'Xim.AppApi.Controllers.AccountController.LoginAsync (API)'


2024-11-05 09:44:11.1492-INFO-Microsoft.AspNetCore.Hosting.Diagnostics-http://localhost/Accounts/login-Login:
Request finished HTTP/1.1 POST http://localhost:5260/Accounts/login - 200 599 application/json;+charset=utf-8 415.2464ms


2024-11-05 09:44:28.0451-INFO-Microsoft.AspNetCore.Hosting.Diagnostics-http://localhost/ThuTruongs-:
Request starting HTTP/1.1 POST http://localhost:5260/ThuTruongs - multipart/form-data;+boundary=----WebKitFormBoundarysLGyYYUiQfkUAgjc 30990


2024-11-05 09:44:28.0451-INFO-Microsoft.AspNetCore.Cors.Infrastructure.CorsService-http://localhost/ThuTruongs-Insert:
CORS policy execution successful.


2024-11-05 09:44:28.0905-INFO-Microsoft.AspNetCore.Routing.EndpointMiddleware-http://localhost/ThuTruongs-Insert:
Executing endpoint 'Xim.AppApi.Controllers.ThuTruongController.InsertAsync (API)'


2024-11-05 09:44:28.1025-INFO-Microsoft.AspNetCore.Mvc.Infrastructure.ControllerActionInvoker-http://localhost/ThuTruongs-Insert:
Route matched with {action = "Insert", controller = "ThuTruong"}. Executing controller action with signature System.Threading.Tasks.Task`1[Microsoft.AspNetCore.Mvc.ActionResult`1[Xim.Domain.Entities.TinTucEntity]] InsertAsync(Xim.Application.Contracts.ThuTruong.ThuTruongDtoCreate, Microsoft.AspNetCore.Http.IFormFile) on controller Xim.AppApi.Controllers.ThuTruongController (API).


2024-11-05 09:44:28.3302-INFO-Microsoft.AspNetCore.Mvc.Infrastructure.ObjectResultExecutor-http://localhost/ThuTruongs-Insert:
Executing ObjectResult, writing value of type 'System.String'.


2024-11-05 09:44:28.3302-INFO-Microsoft.AspNetCore.Mvc.Infrastructure.ControllerActionInvoker-http://localhost/ThuTruongs-Insert:
Executed action Xim.AppApi.Controllers.ThuTruongController.InsertAsync (API) in 226.1651ms


2024-11-05 09:44:28.3302-INFO-Microsoft.AspNetCore.Routing.EndpointMiddleware-http://localhost/ThuTruongs-Insert:
Executed endpoint 'Xim.AppApi.Controllers.ThuTruongController.InsertAsync (API)'


2024-11-05 09:44:28.3302-INFO-Microsoft.AspNetCore.Hosting.Diagnostics-http://localhost/ThuTruongs-Insert:
Request finished HTTP/1.1 POST http://localhost:5260/ThuTruongs - 500 - text/plain;+charset=utf-8 288.5541ms


2024-11-05 09:45:02.2686-INFO-Microsoft.AspNetCore.Hosting.Diagnostics-http://localhost/ThuTruongs-:
Request starting HTTP/1.1 POST http://localhost:5260/ThuTruongs - multipart/form-data;+boundary=----WebKitFormBoundarySydiyojtnZzaBBHW 30991


2024-11-05 09:45:02.2686-INFO-Microsoft.AspNetCore.Cors.Infrastructure.CorsService-http://localhost/ThuTruongs-Insert:
CORS policy execution successful.


2024-11-05 09:45:02.2799-INFO-Microsoft.AspNetCore.Routing.EndpointMiddleware-http://localhost/ThuTruongs-Insert:
Executing endpoint 'Xim.AppApi.Controllers.ThuTruongController.InsertAsync (API)'


2024-11-05 09:45:02.2906-INFO-Microsoft.AspNetCore.Mvc.Infrastructure.ControllerActionInvoker-http://localhost/ThuTruongs-Insert:
Route matched with {action = "Insert", controller = "ThuTruong"}. Executing controller action with signature System.Threading.Tasks.Task`1[Microsoft.AspNetCore.Mvc.ActionResult`1[Xim.Domain.Entities.TinTucEntity]] InsertAsync(Xim.Application.Contracts.ThuTruong.ThuTruongDtoCreate, Microsoft.AspNetCore.Http.IFormFile) on controller Xim.AppApi.Controllers.ThuTruongController (API).


2024-11-05 09:45:02.4070-INFO-Microsoft.AspNetCore.Mvc.Infrastructure.ObjectResultExecutor-http://localhost/ThuTruongs-Insert:
Executing ObjectResult, writing value of type 'System.String'.


2024-11-05 09:45:02.4070-INFO-Microsoft.AspNetCore.Mvc.Infrastructure.ControllerActionInvoker-http://localhost/ThuTruongs-Insert:
Executed action Xim.AppApi.Controllers.ThuTruongController.InsertAsync (API) in 118.7937ms


2024-11-05 09:45:02.4070-INFO-Microsoft.AspNetCore.Routing.EndpointMiddleware-http://localhost/ThuTruongs-Insert:
Executed endpoint 'Xim.AppApi.Controllers.ThuTruongController.InsertAsync (API)'


2024-11-05 09:45:02.4070-INFO-Microsoft.AspNetCore.Hosting.Diagnostics-http://localhost/ThuTruongs-Insert:
Request finished HTTP/1.1 POST http://localhost:5260/ThuTruongs - 500 - text/plain;+charset=utf-8 141.3841ms


2024-11-05 09:46:57.1198-INFO-Microsoft.AspNetCore.DataProtection.KeyManagement.XmlKeyManager--:
User profile is available. Using 'C:\Users\Van Laptop\AppData\Local\ASP.NET\DataProtection-Keys' as key repository and Windows DPAPI to encrypt keys at rest.


2024-11-05 09:46:57.3631-INFO-Microsoft.Hosting.Lifetime--:
Now listening on: http://localhost:5260


2024-11-05 09:46:57.3631-INFO-Microsoft.Hosting.Lifetime--:
Application started. Press Ctrl+C to shut down.


2024-11-05 09:46:57.3631-INFO-Microsoft.Hosting.Lifetime--:
Hosting environment: Development


2024-11-05 09:46:57.3631-INFO-Microsoft.Hosting.Lifetime--:
Content root path: D:\Code\Cong TT\CodeBECong\Api\Xim.AppApi


2024-11-05 09:46:58.4861-INFO-Microsoft.AspNetCore.Hosting.Diagnostics-http://localhost/swagger/index.html-:
Request starting HTTP/1.1 GET http://localhost:5260/swagger/index.html - - -


2024-11-05 09:46:58.6932-INFO-Microsoft.AspNetCore.Hosting.Diagnostics-http://localhost/swagger/index.html-:
Request finished HTTP/1.1 GET http://localhost:5260/swagger/index.html - 200 - text/html;charset=utf-8 223.6643ms


2024-11-05 09:46:58.8333-INFO-Microsoft.AspNetCore.Hosting.Diagnostics-http://localhost/swagger/v1/swagger.json-:
Request starting HTTP/1.1 GET http://localhost:5260/swagger/v1/swagger.json - - -


2024-11-05 09:46:59.0852-INFO-Microsoft.AspNetCore.Hosting.Diagnostics-http://localhost/swagger/v1/swagger.json-:
Request finished HTTP/1.1 GET http://localhost:5260/swagger/v1/swagger.json - 200 - application/json;charset=utf-8 252.5393ms


2024-11-05 09:47:11.6130-INFO-Microsoft.AspNetCore.Hosting.Diagnostics-http://localhost/swagger/index.html-:
Request starting HTTP/1.1 GET http://localhost:5260/swagger/index.html - - -


2024-11-05 09:47:11.6178-INFO-Microsoft.AspNetCore.Hosting.Diagnostics-http://localhost/swagger/index.html-:
Request finished HTTP/1.1 GET http://localhost:5260/swagger/index.html - 200 - text/html;charset=utf-8 2.9155ms


2024-11-05 09:47:11.6399-INFO-Microsoft.AspNetCore.Hosting.Diagnostics-http://localhost/swagger/swagger-ui.css-:
Request starting HTTP/1.1 GET http://localhost:5260/swagger/swagger-ui.css - - -


2024-11-05 09:47:11.6515-INFO-Microsoft.AspNetCore.Hosting.Diagnostics-http://localhost/swagger/swagger-ui-bundle.js-:
Request starting HTTP/1.1 GET http://localhost:5260/swagger/swagger-ui-bundle.js - - -


2024-11-05 09:47:11.6515-INFO-Microsoft.AspNetCore.Hosting.Diagnostics-http://localhost/swagger/swagger-ui-standalone-preset.js-:
Request starting HTTP/1.1 GET http://localhost:5260/swagger/swagger-ui-standalone-preset.js - - -


2024-11-05 09:47:12.0995-INFO-Microsoft.AspNetCore.StaticFiles.StaticFileMiddleware-http://localhost/swagger/swagger-ui-standalone-preset.js-:
Sending file. Request path: '/swagger-ui-standalone-preset.js'. Physical path: 'N/A'


2024-11-05 09:47:12.0995-INFO-Microsoft.AspNetCore.StaticFiles.StaticFileMiddleware-http://localhost/swagger/swagger-ui.css-:
Sending file. Request path: '/swagger-ui.css'. Physical path: 'N/A'


2024-11-05 09:47:12.1025-INFO-Microsoft.AspNetCore.Hosting.Diagnostics-http://localhost/swagger/swagger-ui.css-:
Request finished HTTP/1.1 GET http://localhost:5260/swagger/swagger-ui.css - 200 143943 text/css 466.2657ms


2024-11-05 09:47:12.1025-INFO-Microsoft.AspNetCore.Hosting.Diagnostics-http://localhost/swagger/swagger-ui-standalone-preset.js-:
Request finished HTTP/1.1 GET http://localhost:5260/swagger/swagger-ui-standalone-preset.js - 200 339486 text/javascript 453.4694ms


2024-11-05 09:47:12.1025-INFO-Microsoft.AspNetCore.StaticFiles.StaticFileMiddleware-http://localhost/swagger/swagger-ui-bundle.js-:
Sending file. Request path: '/swagger-ui-bundle.js'. Physical path: 'N/A'


2024-11-05 09:47:12.1025-INFO-Microsoft.AspNetCore.Hosting.Diagnostics-http://localhost/swagger/swagger-ui-bundle.js-:
Request finished HTTP/1.1 GET http://localhost:5260/swagger/swagger-ui-bundle.js - 200 1096145 text/javascript 458.3707ms


2024-11-05 09:47:12.2677-INFO-Microsoft.AspNetCore.Hosting.Diagnostics-http://localhost/swagger/v1/swagger.json-:
Request starting HTTP/1.1 GET http://localhost:5260/swagger/v1/swagger.json - - -


2024-11-05 09:47:12.3171-INFO-Microsoft.AspNetCore.Hosting.Diagnostics-http://localhost/swagger/favicon-32x32.png-:
Request starting HTTP/1.1 GET http://localhost:5260/swagger/favicon-32x32.png - - -


2024-11-05 09:47:12.3171-INFO-Microsoft.AspNetCore.StaticFiles.StaticFileMiddleware-http://localhost/swagger/favicon-32x32.png-:
Sending file. Request path: '/favicon-32x32.png'. Physical path: 'N/A'


2024-11-05 09:47:12.3171-INFO-Microsoft.AspNetCore.Hosting.Diagnostics-http://localhost/swagger/favicon-32x32.png-:
Request finished HTTP/1.1 GET http://localhost:5260/swagger/favicon-32x32.png - 200 628 image/png 1.6290ms


2024-11-05 09:47:12.3404-INFO-Microsoft.AspNetCore.Hosting.Diagnostics-http://localhost/swagger/v1/swagger.json-:
Request finished HTTP/1.1 GET http://localhost:5260/swagger/v1/swagger.json - 200 - application/json;charset=utf-8 73.1881ms


2024-11-05 09:47:23.3489-INFO-Microsoft.AspNetCore.Hosting.Diagnostics-http://localhost/Accounts/login-:
Request starting HTTP/1.1 POST http://localhost:5260/Accounts/login - application/json-patch+json 49


2024-11-05 09:47:23.3537-INFO-Microsoft.AspNetCore.Cors.Infrastructure.CorsService-http://localhost/Accounts/login-Login:
CORS policy execution successful.


2024-11-05 09:47:23.4007-INFO-Microsoft.AspNetCore.Routing.EndpointMiddleware-http://localhost/Accounts/login-Login:
Executing endpoint 'Xim.AppApi.Controllers.AccountController.LoginAsync (API)'


2024-11-05 09:47:23.4147-INFO-Microsoft.AspNetCore.Mvc.Infrastructure.ControllerActionInvoker-http://localhost/Accounts/login-Login:
Route matched with {action = "Login", controller = "Account"}. Executing controller action with signature System.Threading.Tasks.Task`1[Microsoft.AspNetCore.Mvc.IActionResult] LoginAsync(Xim.Application.Contracts.Users.UserDtoLogin) on controller Xim.AppApi.Controllers.AccountController (API).


2024-11-05 09:47:23.5952-INFO-Microsoft.AspNetCore.Mvc.Infrastructure.ObjectResultExecutor-http://localhost/Accounts/login-Login:
Executing OkObjectResult, writing value of type 'Xim.AppApi.Controllers.AccountController+JwtTokenInfo'.


2024-11-05 09:47:23.6137-INFO-Microsoft.AspNetCore.Mvc.Infrastructure.ControllerActionInvoker-http://localhost/Accounts/login-Login:
Executed action Xim.AppApi.Controllers.AccountController.LoginAsync (API) in 183.5401ms


2024-11-05 09:47:23.6137-INFO-Microsoft.AspNetCore.Routing.EndpointMiddleware-http://localhost/Accounts/login-Login:
Executed endpoint 'Xim.AppApi.Controllers.AccountController.LoginAsync (API)'


2024-11-05 09:47:23.6183-INFO-Microsoft.AspNetCore.Hosting.Diagnostics-http://localhost/Accounts/login-Login:
Request finished HTTP/1.1 POST http://localhost:5260/Accounts/login - 200 599 application/json;+charset=utf-8 269.5995ms


2024-11-05 09:48:02.0209-INFO-Microsoft.AspNetCore.Hosting.Diagnostics-http://localhost/ThuTruongs-:
Request starting HTTP/1.1 POST http://localhost:5260/ThuTruongs - multipart/form-data;+boundary=----WebKitFormBoundaryq2GyPy7rwimdwS0D 144327


2024-11-05 09:48:02.0249-INFO-Microsoft.AspNetCore.Cors.Infrastructure.CorsService-http://localhost/ThuTruongs-Insert:
CORS policy execution successful.


2024-11-05 09:48:02.0934-INFO-Microsoft.AspNetCore.Routing.EndpointMiddleware-http://localhost/ThuTruongs-Insert:
Executing endpoint 'Xim.AppApi.Controllers.ThuTruongController.InsertAsync (API)'


2024-11-05 09:48:02.1032-INFO-Microsoft.AspNetCore.Mvc.Infrastructure.ControllerActionInvoker-http://localhost/ThuTruongs-Insert:
Route matched with {action = "Insert", controller = "ThuTruong"}. Executing controller action with signature System.Threading.Tasks.Task`1[Microsoft.AspNetCore.Mvc.ActionResult`1[Xim.Domain.Entities.TinTucEntity]] InsertAsync(Xim.Application.Contracts.ThuTruong.ThuTruongDtoCreate, Microsoft.AspNetCore.Http.IFormFile) on controller Xim.AppApi.Controllers.ThuTruongController (API).


2024-11-05 09:48:02.3156-INFO-Microsoft.AspNetCore.Mvc.Infrastructure.ObjectResultExecutor-http://localhost/ThuTruongs-Insert:
Executing BadRequestObjectResult, writing value of type 'System.String'.


2024-11-05 09:48:02.3156-INFO-Microsoft.AspNetCore.Mvc.Infrastructure.ControllerActionInvoker-http://localhost/ThuTruongs-Insert:
Executed action Xim.AppApi.Controllers.ThuTruongController.InsertAsync (API) in 206.1235ms


2024-11-05 09:48:02.3156-INFO-Microsoft.AspNetCore.Routing.EndpointMiddleware-http://localhost/ThuTruongs-Insert:
Executed endpoint 'Xim.AppApi.Controllers.ThuTruongController.InsertAsync (API)'


2024-11-05 09:48:02.3156-INFO-Microsoft.AspNetCore.Hosting.Diagnostics-http://localhost/ThuTruongs-Insert:
Request finished HTTP/1.1 POST http://localhost:5260/ThuTruongs - 400 - text/plain;+charset=utf-8 298.0347ms


2024-11-05 09:50:11.7091-INFO-Microsoft.AspNetCore.Hosting.Diagnostics-http://localhost/ThuTruongs-:
Request starting HTTP/1.1 POST http://localhost:5260/ThuTruongs - multipart/form-data;+boundary=----WebKitFormBoundaryGB58SaCBsoyJqTDN 144327


2024-11-05 09:50:11.7124-INFO-Microsoft.AspNetCore.Cors.Infrastructure.CorsService-http://localhost/ThuTruongs-Insert:
CORS policy execution successful.


2024-11-05 09:50:11.7271-INFO-Microsoft.AspNetCore.Routing.EndpointMiddleware-http://localhost/ThuTruongs-Insert:
Executing endpoint 'Xim.AppApi.Controllers.ThuTruongController.InsertAsync (API)'


2024-11-05 09:50:11.7436-INFO-Microsoft.AspNetCore.Mvc.Infrastructure.ControllerActionInvoker-http://localhost/ThuTruongs-Insert:
Route matched with {action = "Insert", controller = "ThuTruong"}. Executing controller action with signature System.Threading.Tasks.Task`1[Microsoft.AspNetCore.Mvc.ActionResult`1[Xim.Domain.Entities.TinTucEntity]] InsertAsync(Xim.Application.Contracts.ThuTruong.ThuTruongDtoCreate, Microsoft.AspNetCore.Http.IFormFile) on controller Xim.AppApi.Controllers.ThuTruongController (API).


2024-11-05 09:50:52.7131-INFO-Microsoft.AspNetCore.Mvc.Infrastructure.ObjectResultExecutor-http://localhost/ThuTruongs-Insert:
Executing BadRequestObjectResult, writing value of type 'System.String'.


2024-11-05 09:50:52.7131-INFO-Microsoft.AspNetCore.Mvc.Infrastructure.ControllerActionInvoker-http://localhost/ThuTruongs-Insert:
Executed action Xim.AppApi.Controllers.ThuTruongController.InsertAsync (API) in 40969.2286ms


2024-11-05 09:50:52.7131-INFO-Microsoft.AspNetCore.Routing.EndpointMiddleware-http://localhost/ThuTruongs-Insert:
Executed endpoint 'Xim.AppApi.Controllers.ThuTruongController.InsertAsync (API)'


2024-11-05 09:50:52.7131-INFO-Microsoft.AspNetCore.Hosting.Diagnostics-http://localhost/ThuTruongs-Insert:
Request finished HTTP/1.1 POST http://localhost:5260/ThuTruongs - 400 - text/plain;+charset=utf-8 41005.4586ms


2024-11-05 09:52:10.1702-INFO-Microsoft.AspNetCore.Hosting.Diagnostics-http://localhost/ThuTruongs-:
Request starting HTTP/1.1 POST http://localhost:5260/ThuTruongs - multipart/form-data;+boundary=----WebKitFormBoundaryvn9qnwAXsBNpzBfX 144327


2024-11-05 09:52:10.1702-INFO-Microsoft.AspNetCore.Cors.Infrastructure.CorsService-http://localhost/ThuTruongs-Insert:
CORS policy execution successful.


2024-11-05 09:52:10.1803-INFO-Microsoft.AspNetCore.Routing.EndpointMiddleware-http://localhost/ThuTruongs-Insert:
Executing endpoint 'Xim.AppApi.Controllers.ThuTruongController.InsertAsync (API)'


2024-11-05 09:52:10.1803-INFO-Microsoft.AspNetCore.Mvc.Infrastructure.ControllerActionInvoker-http://localhost/ThuTruongs-Insert:
Route matched with {action = "Insert", controller = "ThuTruong"}. Executing controller action with signature System.Threading.Tasks.Task`1[Microsoft.AspNetCore.Mvc.ActionResult`1[Xim.Domain.Entities.TinTucEntity]] InsertAsync(Xim.Application.Contracts.ThuTruong.ThuTruongDtoCreate, Microsoft.AspNetCore.Http.IFormFile) on controller Xim.AppApi.Controllers.ThuTruongController (API).


2024-11-05 09:52:59.8428-INFO-Microsoft.AspNetCore.Mvc.Infrastructure.ObjectResultExecutor-http://localhost/ThuTruongs-Insert:
Executing BadRequestObjectResult, writing value of type 'System.String'.


2024-11-05 09:52:59.8428-INFO-Microsoft.AspNetCore.Mvc.Infrastructure.ControllerActionInvoker-http://localhost/ThuTruongs-Insert:
Executed action Xim.AppApi.Controllers.ThuTruongController.InsertAsync (API) in 49648.9221ms


2024-11-05 09:52:59.8428-INFO-Microsoft.AspNetCore.Routing.EndpointMiddleware-http://localhost/ThuTruongs-Insert:
Executed endpoint 'Xim.AppApi.Controllers.ThuTruongController.InsertAsync (API)'


2024-11-05 09:52:59.8428-INFO-Microsoft.AspNetCore.Hosting.Diagnostics-http://localhost/ThuTruongs-Insert:
Request finished HTTP/1.1 POST http://localhost:5260/ThuTruongs - 400 - text/plain;+charset=utf-8 49674.2153ms


2024-11-05 09:54:12.4676-INFO-Microsoft.AspNetCore.DataProtection.KeyManagement.XmlKeyManager--:
User profile is available. Using 'C:\Users\Van Laptop\AppData\Local\ASP.NET\DataProtection-Keys' as key repository and Windows DPAPI to encrypt keys at rest.


2024-11-05 09:54:12.6484-INFO-Microsoft.Hosting.Lifetime--:
Now listening on: http://localhost:5260


2024-11-05 09:54:12.6497-INFO-Microsoft.Hosting.Lifetime--:
Application started. Press Ctrl+C to shut down.


2024-11-05 09:54:12.6497-INFO-Microsoft.Hosting.Lifetime--:
Hosting environment: Development


2024-11-05 09:54:12.6497-INFO-Microsoft.Hosting.Lifetime--:
Content root path: D:\Code\Cong TT\CodeBECong\Api\Xim.AppApi


2024-11-05 09:54:14.0717-INFO-Microsoft.AspNetCore.Hosting.Diagnostics-http://localhost/swagger/index.html-:
Request starting HTTP/1.1 GET http://localhost:5260/swagger/index.html - - -


2024-11-05 09:54:14.2554-INFO-Microsoft.AspNetCore.Hosting.Diagnostics-http://localhost/swagger/index.html-:
Request finished HTTP/1.1 GET http://localhost:5260/swagger/index.html - 200 - text/html;charset=utf-8 184.4330ms


2024-11-05 09:54:14.4363-INFO-Microsoft.AspNetCore.Hosting.Diagnostics-http://localhost/swagger/v1/swagger.json-:
Request starting HTTP/1.1 GET http://localhost:5260/swagger/v1/swagger.json - - -


2024-11-05 09:54:14.6940-INFO-Microsoft.AspNetCore.Hosting.Diagnostics-http://localhost/swagger/v1/swagger.json-:
Request finished HTTP/1.1 GET http://localhost:5260/swagger/v1/swagger.json - 200 - application/json;charset=utf-8 258.4415ms


2024-11-05 09:54:48.1386-INFO-Microsoft.AspNetCore.Hosting.Diagnostics-http://localhost/Accounts/login-:
Request starting HTTP/1.1 POST http://localhost:5260/Accounts/login - application/json-patch+json 49


2024-11-05 09:54:48.1814-INFO-Microsoft.AspNetCore.Cors.Infrastructure.CorsService-http://localhost/Accounts/login-Login:
CORS policy execution successful.


2024-11-05 09:54:48.2303-INFO-Microsoft.AspNetCore.Routing.EndpointMiddleware-http://localhost/Accounts/login-Login:
Executing endpoint 'Xim.AppApi.Controllers.AccountController.LoginAsync (API)'


2024-11-05 09:54:48.2436-INFO-Microsoft.AspNetCore.Mvc.Infrastructure.ControllerActionInvoker-http://localhost/Accounts/login-Login:
Route matched with {action = "Login", controller = "Account"}. Executing controller action with signature System.Threading.Tasks.Task`1[Microsoft.AspNetCore.Mvc.IActionResult] LoginAsync(Xim.Application.Contracts.Users.UserDtoLogin) on controller Xim.AppApi.Controllers.AccountController (API).


2024-11-05 09:54:48.4310-INFO-Microsoft.AspNetCore.Mvc.Infrastructure.ObjectResultExecutor-http://localhost/Accounts/login-Login:
Executing OkObjectResult, writing value of type 'Xim.AppApi.Controllers.AccountController+JwtTokenInfo'.


2024-11-05 09:54:48.4485-INFO-Microsoft.AspNetCore.Mvc.Infrastructure.ControllerActionInvoker-http://localhost/Accounts/login-Login:
Executed action Xim.AppApi.Controllers.AccountController.LoginAsync (API) in 189.1971ms


2024-11-05 09:54:48.4485-INFO-Microsoft.AspNetCore.Routing.EndpointMiddleware-http://localhost/Accounts/login-Login:
Executed endpoint 'Xim.AppApi.Controllers.AccountController.LoginAsync (API)'


2024-11-05 09:54:48.4485-INFO-Microsoft.AspNetCore.Hosting.Diagnostics-http://localhost/Accounts/login-Login:
Request finished HTTP/1.1 POST http://localhost:5260/Accounts/login - 200 599 application/json;+charset=utf-8 312.7580ms


2024-11-05 09:55:01.1032-INFO-Microsoft.AspNetCore.Hosting.Diagnostics-http://localhost/ThuTruongs-:
Request starting HTTP/1.1 POST http://localhost:5260/ThuTruongs - multipart/form-data;+boundary=----WebKitFormBoundaryTAZBBrxn6AScy6GK 144327


2024-11-05 09:55:01.1032-INFO-Microsoft.AspNetCore.Cors.Infrastructure.CorsService-http://localhost/ThuTruongs-Insert:
CORS policy execution successful.


2024-11-05 09:55:01.1506-INFO-Microsoft.AspNetCore.Routing.EndpointMiddleware-http://localhost/ThuTruongs-Insert:
Executing endpoint 'Xim.AppApi.Controllers.ThuTruongController.InsertAsync (API)'


2024-11-05 09:55:01.1645-INFO-Microsoft.AspNetCore.Mvc.Infrastructure.ControllerActionInvoker-http://localhost/ThuTruongs-Insert:
Route matched with {action = "Insert", controller = "ThuTruong"}. Executing controller action with signature System.Threading.Tasks.Task`1[Microsoft.AspNetCore.Mvc.ActionResult`1[Xim.Domain.Entities.ThuTruongEntity]] InsertAsync(Xim.Application.Contracts.ThuTruong.ThuTruongDtoCreate, Microsoft.AspNetCore.Http.IFormFile) on controller Xim.AppApi.Controllers.ThuTruongController (API).


2024-11-05 09:55:05.2986-INFO-Microsoft.AspNetCore.Mvc.Infrastructure.ObjectResultExecutor-http://localhost/ThuTruongs-Insert:
Executing BadRequestObjectResult, writing value of type 'System.String'.


2024-11-05 09:55:05.2986-INFO-Microsoft.AspNetCore.Mvc.Infrastructure.ControllerActionInvoker-http://localhost/ThuTruongs-Insert:
Executed action Xim.AppApi.Controllers.ThuTruongController.InsertAsync (API) in 4130.4391ms


2024-11-05 09:55:05.2986-INFO-Microsoft.AspNetCore.Routing.EndpointMiddleware-http://localhost/ThuTruongs-Insert:
Executed endpoint 'Xim.AppApi.Controllers.ThuTruongController.InsertAsync (API)'


2024-11-05 09:55:05.2986-INFO-Microsoft.AspNetCore.Hosting.Diagnostics-http://localhost/ThuTruongs-Insert:
Request finished HTTP/1.1 POST http://localhost:5260/ThuTruongs - 400 - text/plain;+charset=utf-8 4199.7778ms


2024-11-05 09:55:51.6403-INFO-Microsoft.AspNetCore.Hosting.Diagnostics-http://localhost/ThuTruongs-:
Request starting HTTP/1.1 POST http://localhost:5260/ThuTruongs - multipart/form-data;+boundary=----WebKitFormBoundarym9A0ODLmJgjXZ9cc 30940


2024-11-05 09:55:51.6403-INFO-Microsoft.AspNetCore.Cors.Infrastructure.CorsService-http://localhost/ThuTruongs-Insert:
CORS policy execution successful.


2024-11-05 09:55:51.6649-INFO-Microsoft.AspNetCore.Routing.EndpointMiddleware-http://localhost/ThuTruongs-Insert:
Executing endpoint 'Xim.AppApi.Controllers.ThuTruongController.InsertAsync (API)'


2024-11-05 09:55:51.6649-INFO-Microsoft.AspNetCore.Mvc.Infrastructure.ControllerActionInvoker-http://localhost/ThuTruongs-Insert:
Route matched with {action = "Insert", controller = "ThuTruong"}. Executing controller action with signature System.Threading.Tasks.Task`1[Microsoft.AspNetCore.Mvc.ActionResult`1[Xim.Domain.Entities.ThuTruongEntity]] InsertAsync(Xim.Application.Contracts.ThuTruong.ThuTruongDtoCreate, Microsoft.AspNetCore.Http.IFormFile) on controller Xim.AppApi.Controllers.ThuTruongController (API).


2024-11-05 09:55:59.9859-INFO-Microsoft.AspNetCore.Mvc.Infrastructure.ObjectResultExecutor-http://localhost/ThuTruongs-Insert:
Executing BadRequestObjectResult, writing value of type 'System.String'.


2024-11-05 09:55:59.9859-INFO-Microsoft.AspNetCore.Mvc.Infrastructure.ControllerActionInvoker-http://localhost/ThuTruongs-Insert:
Executed action Xim.AppApi.Controllers.ThuTruongController.InsertAsync (API) in 8319.0281ms


2024-11-05 09:55:59.9859-INFO-Microsoft.AspNetCore.Routing.EndpointMiddleware-http://localhost/ThuTruongs-Insert:
Executed endpoint 'Xim.AppApi.Controllers.ThuTruongController.InsertAsync (API)'


2024-11-05 09:55:59.9859-INFO-Microsoft.AspNetCore.Hosting.Diagnostics-http://localhost/ThuTruongs-Insert:
Request finished HTTP/1.1 POST http://localhost:5260/ThuTruongs - 400 - text/plain;+charset=utf-8 8346.6672ms


2024-11-05 09:56:33.1409-INFO-Microsoft.AspNetCore.DataProtection.KeyManagement.XmlKeyManager--:
User profile is available. Using 'C:\Users\Van Laptop\AppData\Local\ASP.NET\DataProtection-Keys' as key repository and Windows DPAPI to encrypt keys at rest.


2024-11-05 09:56:33.3807-INFO-Microsoft.Hosting.Lifetime--:
Now listening on: http://localhost:5260


2024-11-05 09:56:33.3807-INFO-Microsoft.Hosting.Lifetime--:
Application started. Press Ctrl+C to shut down.


2024-11-05 09:56:33.3832-INFO-Microsoft.Hosting.Lifetime--:
Hosting environment: Development


2024-11-05 09:56:33.3832-INFO-Microsoft.Hosting.Lifetime--:
Content root path: D:\Code\Cong TT\CodeBECong\Api\Xim.AppApi


2024-11-05 09:56:34.4643-INFO-Microsoft.AspNetCore.Hosting.Diagnostics-http://localhost/swagger/index.html-:
Request starting HTTP/1.1 GET http://localhost:5260/swagger/index.html - - -


2024-11-05 09:56:34.6496-INFO-Microsoft.AspNetCore.Hosting.Diagnostics-http://localhost/swagger/index.html-:
Request finished HTTP/1.1 GET http://localhost:5260/swagger/index.html - 200 - text/html;charset=utf-8 210.2261ms


2024-11-05 09:56:34.7859-INFO-Microsoft.AspNetCore.Hosting.Diagnostics-http://localhost/swagger/v1/swagger.json-:
Request starting HTTP/1.1 GET http://localhost:5260/swagger/v1/swagger.json - - -


2024-11-05 09:56:35.0322-INFO-Microsoft.AspNetCore.Hosting.Diagnostics-http://localhost/swagger/v1/swagger.json-:
Request finished HTTP/1.1 GET http://localhost:5260/swagger/v1/swagger.json - 200 - application/json;charset=utf-8 247.1367ms


2024-11-05 09:56:53.1134-INFO-Microsoft.AspNetCore.DataProtection.KeyManagement.XmlKeyManager--:
User profile is available. Using 'C:\Users\Van Laptop\AppData\Local\ASP.NET\DataProtection-Keys' as key repository and Windows DPAPI to encrypt keys at rest.


2024-11-05 09:56:53.3693-INFO-Microsoft.Hosting.Lifetime--:
Now listening on: http://localhost:5260


2024-11-05 09:56:53.3693-INFO-Microsoft.Hosting.Lifetime--:
Application started. Press Ctrl+C to shut down.


2024-11-05 09:56:53.3693-INFO-Microsoft.Hosting.Lifetime--:
Hosting environment: Development


2024-11-05 09:56:53.3693-INFO-Microsoft.Hosting.Lifetime--:
Content root path: D:\Code\Cong TT\CodeBECong\Api\Xim.AppApi


2024-11-05 09:56:54.7973-INFO-Microsoft.AspNetCore.Hosting.Diagnostics-http://localhost/swagger/index.html-:
Request starting HTTP/1.1 GET http://localhost:5260/swagger/index.html - - -


2024-11-05 09:56:55.0522-INFO-Microsoft.AspNetCore.Hosting.Diagnostics-http://localhost/swagger/index.html-:
Request finished HTTP/1.1 GET http://localhost:5260/swagger/index.html - 200 - text/html;charset=utf-8 271.9439ms


2024-11-05 09:56:55.2537-INFO-Microsoft.AspNetCore.Hosting.Diagnostics-http://localhost/swagger/v1/swagger.json-:
Request starting HTTP/1.1 GET http://localhost:5260/swagger/v1/swagger.json - - -


2024-11-05 09:56:55.6007-INFO-Microsoft.AspNetCore.Hosting.Diagnostics-http://localhost/swagger/v1/swagger.json-:
Request finished HTTP/1.1 GET http://localhost:5260/swagger/v1/swagger.json - 200 - application/json;charset=utf-8 347.8986ms


2024-11-05 09:57:12.9808-INFO-Microsoft.AspNetCore.Hosting.Diagnostics-http://localhost/ThuTruongs/getall-:
Request starting HTTP/1.1 POST http://localhost:5260/ThuTruongs/getall - application/json-patch+json 38


2024-11-05 09:57:12.9808-INFO-Microsoft.AspNetCore.Cors.Infrastructure.CorsService-http://localhost/ThuTruongs/getall-GetList:
CORS policy execution successful.


2024-11-05 09:57:13.0464-INFO-Microsoft.AspNetCore.Routing.EndpointMiddleware-http://localhost/ThuTruongs/getall-GetList:
Executing endpoint 'Xim.AppApi.Controllers.ThuTruongController.GetListAsync (API)'


2024-11-05 09:57:13.0730-INFO-Microsoft.AspNetCore.Mvc.Infrastructure.ControllerActionInvoker-http://localhost/ThuTruongs/getall-GetList:
Route matched with {action = "GetList", controller = "ThuTruong"}. Executing controller action with signature System.Threading.Tasks.Task`1[Microsoft.AspNetCore.Mvc.IActionResult] GetListAsync(Xim.Domain.Pagings.paging) on controller Xim.AppApi.Controllers.ThuTruongController (API).


2024-11-05 09:57:13.2746-INFO-Microsoft.AspNetCore.Mvc.Infrastructure.ObjectResultExecutor-http://localhost/ThuTruongs/getall-GetList:
Executing OkObjectResult, writing value of type '<>f__AnonymousType0`5[[System.Collections.IList, System.Private.CoreLib, Version=8.0.0.0, Culture=neutral, PublicKeyToken=7cec85d7bea7798e],[System.Int32, System.Private.CoreLib, Version=8.0.0.0, Culture=neutral, PublicKeyToken=7cec85d7bea7798e],[System.Int32, System.Private.CoreLib, Version=8.0.0.0, Culture=neutral, PublicKeyToken=7cec85d7bea7798e],[System.Int32, System.Private.CoreLib, Version=8.0.0.0, Culture=neutral, PublicKeyToken=7cec85d7bea7798e],[System.Int32, System.Private.CoreLib, Version=8.0.0.0, Culture=neutral, PublicKeyToken=7cec85d7bea7798e]]'.


2024-11-05 09:57:13.3176-INFO-Microsoft.AspNetCore.Mvc.Infrastructure.ControllerActionInvoker-http://localhost/ThuTruongs/getall-GetList:
Executed action Xim.AppApi.Controllers.ThuTruongController.GetListAsync (API) in 232.3487ms


2024-11-05 09:57:13.3176-INFO-Microsoft.AspNetCore.Routing.EndpointMiddleware-http://localhost/ThuTruongs/getall-GetList:
Executed endpoint 'Xim.AppApi.Controllers.ThuTruongController.GetListAsync (API)'


2024-11-05 09:57:13.3216-INFO-Microsoft.AspNetCore.Hosting.Diagnostics-http://localhost/ThuTruongs/getall-GetList:
Request finished HTTP/1.1 POST http://localhost:5260/ThuTruongs/getall - 200 83 application/json;+charset=utf-8 340.0785ms


2024-11-05 09:57:33.4326-INFO-Microsoft.AspNetCore.Hosting.Diagnostics-http://localhost/ThuTruongs-:
Request starting HTTP/1.1 POST http://localhost:5260/ThuTruongs - multipart/form-data;+boundary=----WebKitFormBoundaryWZqJ8rh7fEoQ2Jhm 30943


2024-11-05 09:57:33.4326-INFO-Microsoft.AspNetCore.Cors.Infrastructure.CorsService-http://localhost/ThuTruongs-Insert:
CORS policy execution successful.


2024-11-05 09:57:33.4489-INFO-Microsoft.AspNetCore.Routing.EndpointMiddleware-http://localhost/ThuTruongs-Insert:
Executing endpoint 'Xim.AppApi.Controllers.ThuTruongController.InsertAsync (API)'


2024-11-05 09:57:33.4619-INFO-Microsoft.AspNetCore.Mvc.Infrastructure.ControllerActionInvoker-http://localhost/ThuTruongs-Insert:
Route matched with {action = "Insert", controller = "ThuTruong"}. Executing controller action with signature System.Threading.Tasks.Task`1[Microsoft.AspNetCore.Mvc.ActionResult`1[Xim.Domain.Entities.ThuTruongEntity]] InsertAsync(Xim.Application.Contracts.ThuTruong.ThuTruongDtoCreate, Microsoft.AspNetCore.Http.IFormFile) on controller Xim.AppApi.Controllers.ThuTruongController (API).


2024-11-05 09:57:45.1647-INFO-Microsoft.AspNetCore.Mvc.Infrastructure.ObjectResultExecutor-http://localhost/ThuTruongs-Insert:
Executing BadRequestObjectResult, writing value of type 'System.String'.


2024-11-05 09:57:45.1647-INFO-Microsoft.AspNetCore.Mvc.Infrastructure.ControllerActionInvoker-http://localhost/ThuTruongs-Insert:
Executed action Xim.AppApi.Controllers.ThuTruongController.InsertAsync (API) in 11693.8323ms


2024-11-05 09:57:45.1647-INFO-Microsoft.AspNetCore.Routing.EndpointMiddleware-http://localhost/ThuTruongs-Insert:
Executed endpoint 'Xim.AppApi.Controllers.ThuTruongController.InsertAsync (API)'


2024-11-05 09:57:45.1647-INFO-Microsoft.AspNetCore.Hosting.Diagnostics-http://localhost/ThuTruongs-Insert:
Request finished HTTP/1.1 POST http://localhost:5260/ThuTruongs - 400 - text/plain;+charset=utf-8 11733.4401ms


2024-11-05 09:58:00.7064-INFO-Microsoft.AspNetCore.DataProtection.KeyManagement.XmlKeyManager--:
User profile is available. Using 'C:\Users\Van Laptop\AppData\Local\ASP.NET\DataProtection-Keys' as key repository and Windows DPAPI to encrypt keys at rest.


2024-11-05 09:58:00.9130-INFO-Microsoft.Hosting.Lifetime--:
Now listening on: http://localhost:5260


2024-11-05 09:58:00.9146-INFO-Microsoft.Hosting.Lifetime--:
Application started. Press Ctrl+C to shut down.


2024-11-05 09:58:00.9146-INFO-Microsoft.Hosting.Lifetime--:
Hosting environment: Development


2024-11-05 09:58:00.9146-INFO-Microsoft.Hosting.Lifetime--:
Content root path: D:\Code\Cong TT\CodeBECong\Api\Xim.AppApi


2024-11-05 09:58:02.2006-INFO-Microsoft.AspNetCore.Hosting.Diagnostics-http://localhost/swagger/index.html-:
Request starting HTTP/1.1 GET http://localhost:5260/swagger/index.html - - -


2024-11-05 09:58:02.3731-INFO-Microsoft.AspNetCore.Hosting.Diagnostics-http://localhost/swagger/index.html-:
Request finished HTTP/1.1 GET http://localhost:5260/swagger/index.html - 200 - text/html;charset=utf-8 186.1993ms


2024-11-05 09:58:02.5932-INFO-Microsoft.AspNetCore.Hosting.Diagnostics-http://localhost/swagger/v1/swagger.json-:
Request starting HTTP/1.1 GET http://localhost:5260/swagger/v1/swagger.json - - -


2024-11-05 09:58:03.0421-INFO-Microsoft.AspNetCore.Hosting.Diagnostics-http://localhost/swagger/v1/swagger.json-:
Request finished HTTP/1.1 GET http://localhost:5260/swagger/v1/swagger.json - 200 - application/json;charset=utf-8 450.2128ms


2024-11-05 09:58:19.0518-INFO-Microsoft.AspNetCore.Hosting.Diagnostics-http://localhost/ThuTruongs-:
Request starting HTTP/1.1 POST http://localhost:5260/ThuTruongs - multipart/form-data;+boundary=----WebKitFormBoundaryCA2AVspldDK3GiBu 2148


2024-11-05 09:58:19.0583-INFO-Microsoft.AspNetCore.Cors.Infrastructure.CorsService-http://localhost/ThuTruongs-Insert:
CORS policy execution successful.


2024-11-05 09:58:19.1303-INFO-Microsoft.AspNetCore.Routing.EndpointMiddleware-http://localhost/ThuTruongs-Insert:
Executing endpoint 'Xim.AppApi.Controllers.ThuTruongController.InsertAsync (API)'


2024-11-05 09:58:19.1658-INFO-Microsoft.AspNetCore.Mvc.Infrastructure.ControllerActionInvoker-http://localhost/ThuTruongs-Insert:
Route matched with {action = "Insert", controller = "ThuTruong"}. Executing controller action with signature System.Threading.Tasks.Task`1[Microsoft.AspNetCore.Mvc.ActionResult`1[Xim.Domain.Entities.ThuTruongEntity]] InsertAsync(Xim.Application.Contracts.ThuTruong.ThuTruongDtoCreate, Microsoft.AspNetCore.Http.IFormFile) on controller Xim.AppApi.Controllers.ThuTruongController (API).


2024-11-05 09:58:22.4015-INFO-Microsoft.AspNetCore.Mvc.Infrastructure.ObjectResultExecutor-http://localhost/ThuTruongs-Insert:
Executing BadRequestObjectResult, writing value of type 'System.String'.


2024-11-05 09:58:22.4181-INFO-Microsoft.AspNetCore.Mvc.Infrastructure.ControllerActionInvoker-http://localhost/ThuTruongs-Insert:
Executed action Xim.AppApi.Controllers.ThuTruongController.InsertAsync (API) in 3245.5109ms


2024-11-05 09:58:22.4181-INFO-Microsoft.AspNetCore.Routing.EndpointMiddleware-http://localhost/ThuTruongs-Insert:
Executed endpoint 'Xim.AppApi.Controllers.ThuTruongController.InsertAsync (API)'


2024-11-05 09:58:22.4181-INFO-Microsoft.AspNetCore.Hosting.Diagnostics-http://localhost/ThuTruongs-Insert:
Request finished HTTP/1.1 POST http://localhost:5260/ThuTruongs - 400 - text/plain;+charset=utf-8 3368.1300ms


2024-11-05 10:00:55.7627-INFO-Microsoft.AspNetCore.DataProtection.KeyManagement.XmlKeyManager--:
User profile is available. Using 'C:\Users\Van Laptop\AppData\Local\ASP.NET\DataProtection-Keys' as key repository and Windows DPAPI to encrypt keys at rest.


2024-11-05 10:00:55.9910-INFO-Microsoft.Hosting.Lifetime--:
Now listening on: http://localhost:5260


2024-11-05 10:00:55.9910-INFO-Microsoft.Hosting.Lifetime--:
Application started. Press Ctrl+C to shut down.


2024-11-05 10:00:55.9910-INFO-Microsoft.Hosting.Lifetime--:
Hosting environment: Development


2024-11-05 10:00:55.9934-INFO-Microsoft.Hosting.Lifetime--:
Content root path: D:\Code\Cong TT\CodeBECong\Api\Xim.AppApi


2024-11-05 10:00:57.2681-INFO-Microsoft.AspNetCore.Hosting.Diagnostics-http://localhost/swagger/index.html-:
Request starting HTTP/1.1 GET http://localhost:5260/swagger/index.html - - -


2024-11-05 10:00:57.4650-INFO-Microsoft.AspNetCore.Hosting.Diagnostics-http://localhost/swagger/index.html-:
Request finished HTTP/1.1 GET http://localhost:5260/swagger/index.html - 200 - text/html;charset=utf-8 209.7679ms


2024-11-05 10:00:57.6186-INFO-Microsoft.AspNetCore.Hosting.Diagnostics-http://localhost/swagger/v1/swagger.json-:
Request starting HTTP/1.1 GET http://localhost:5260/swagger/v1/swagger.json - - -


2024-11-05 10:00:57.8592-INFO-Microsoft.AspNetCore.Hosting.Diagnostics-http://localhost/swagger/v1/swagger.json-:
Request finished HTTP/1.1 GET http://localhost:5260/swagger/v1/swagger.json - 200 - application/json;charset=utf-8 241.6103ms


2024-11-05 10:01:30.1345-INFO-Microsoft.AspNetCore.Hosting.Diagnostics-http://localhost/ThuTruongs-:
Request starting HTTP/1.1 POST http://localhost:5260/ThuTruongs - multipart/form-data;+boundary=----WebKitFormBoundaryfUT7ms9VXH42AZds 30940


2024-11-05 10:01:30.1563-INFO-Microsoft.AspNetCore.Cors.Infrastructure.CorsService-http://localhost/ThuTruongs-Insert:
CORS policy execution successful.


2024-11-05 10:01:30.2051-INFO-Microsoft.AspNetCore.Routing.EndpointMiddleware-http://localhost/ThuTruongs-Insert:
Executing endpoint 'Xim.AppApi.Controllers.ThuTruongController.InsertAsync (API)'


2024-11-05 10:01:30.2275-INFO-Microsoft.AspNetCore.Mvc.Infrastructure.ControllerActionInvoker-http://localhost/ThuTruongs-Insert:
Route matched with {action = "Insert", controller = "ThuTruong"}. Executing controller action with signature System.Threading.Tasks.Task`1[Microsoft.AspNetCore.Mvc.ActionResult`1[Xim.Domain.Entities.ThuTruongEntity]] InsertAsync(Xim.Application.Contracts.ThuTruong.ThuTruongDtoCreate, Microsoft.AspNetCore.Http.IFormFile) on controller Xim.AppApi.Controllers.ThuTruongController (API).


2024-11-05 10:27:25.4251-INFO-Microsoft.AspNetCore.DataProtection.KeyManagement.XmlKeyManager--:
User profile is available. Using 'C:\Users\Van Laptop\AppData\Local\ASP.NET\DataProtection-Keys' as key repository and Windows DPAPI to encrypt keys at rest.


2024-11-05 10:27:25.6189-INFO-Microsoft.Hosting.Lifetime--:
Now listening on: http://localhost:5260


2024-11-05 10:27:25.6189-INFO-Microsoft.Hosting.Lifetime--:
Application started. Press Ctrl+C to shut down.


2024-11-05 10:27:25.6189-INFO-Microsoft.Hosting.Lifetime--:
Hosting environment: Development


2024-11-05 10:27:25.6189-INFO-Microsoft.Hosting.Lifetime--:
Content root path: D:\Code\Cong TT\CodeBECong\Api\Xim.AppApi


2024-11-05 10:27:26.8908-INFO-Microsoft.AspNetCore.Hosting.Diagnostics-http://localhost/swagger/index.html-:
Request starting HTTP/1.1 GET http://localhost:5260/swagger/index.html - - -


2024-11-05 10:27:27.1072-INFO-Microsoft.AspNetCore.Hosting.Diagnostics-http://localhost/swagger/index.html-:
Request finished HTTP/1.1 GET http://localhost:5260/swagger/index.html - 200 - text/html;charset=utf-8 227.3085ms


2024-11-05 10:27:27.2593-INFO-Microsoft.AspNetCore.Hosting.Diagnostics-http://localhost/swagger/v1/swagger.json-:
Request starting HTTP/1.1 GET http://localhost:5260/swagger/v1/swagger.json - - -


2024-11-05 10:27:27.5158-INFO-Microsoft.AspNetCore.Hosting.Diagnostics-http://localhost/swagger/v1/swagger.json-:
Request finished HTTP/1.1 GET http://localhost:5260/swagger/v1/swagger.json - 200 - application/json;charset=utf-8 257.2228ms


2024-11-05 10:27:59.0562-INFO-Microsoft.AspNetCore.Hosting.Diagnostics-http://localhost/ThuTruongs-:
Request starting HTTP/1.1 POST http://localhost:5260/ThuTruongs - multipart/form-data;+boundary=----WebKitFormBoundary47bMa4RcBnorLALT 30947


2024-11-05 10:27:59.1025-INFO-Microsoft.AspNetCore.Cors.Infrastructure.CorsService-http://localhost/ThuTruongs-Insert:
CORS policy execution successful.


2024-11-05 10:27:59.4373-INFO-Microsoft.AspNetCore.Routing.EndpointMiddleware-http://localhost/ThuTruongs-Insert:
Executing endpoint 'Xim.AppApi.Controllers.ThuTruongController.InsertAsync (API)'


2024-11-05 10:27:59.4617-INFO-Microsoft.AspNetCore.Mvc.Infrastructure.ControllerActionInvoker-http://localhost/ThuTruongs-Insert:
Route matched with {action = "Insert", controller = "ThuTruong"}. Executing controller action with signature System.Threading.Tasks.Task`1[Microsoft.AspNetCore.Mvc.ActionResult`1[Xim.Domain.Entities.ThuTruongEntity]] InsertAsync(Xim.Application.Contracts.ThuTruong.ThuTruongDtoCreate, Microsoft.AspNetCore.Http.IFormFile) on controller Xim.AppApi.Controllers.ThuTruongController (API).


2024-11-05 10:38:15.5677-INFO-Microsoft.AspNetCore.DataProtection.KeyManagement.XmlKeyManager--:
User profile is available. Using 'C:\Users\Van Laptop\AppData\Local\ASP.NET\DataProtection-Keys' as key repository and Windows DPAPI to encrypt keys at rest.


2024-11-05 10:38:15.7611-INFO-Microsoft.Hosting.Lifetime--:
Now listening on: http://localhost:5260


2024-11-05 10:38:15.7611-INFO-Microsoft.Hosting.Lifetime--:
Application started. Press Ctrl+C to shut down.


2024-11-05 10:38:15.7611-INFO-Microsoft.Hosting.Lifetime--:
Hosting environment: Development


2024-11-05 10:38:15.7611-INFO-Microsoft.Hosting.Lifetime--:
Content root path: D:\Code\Cong TT\CodeBECong\Api\Xim.AppApi


2024-11-05 10:38:16.8991-INFO-Microsoft.AspNetCore.Hosting.Diagnostics-http://localhost/swagger/index.html-:
Request starting HTTP/1.1 GET http://localhost:5260/swagger/index.html - - -


2024-11-05 10:38:17.1146-INFO-Microsoft.AspNetCore.Hosting.Diagnostics-http://localhost/swagger/index.html-:
Request finished HTTP/1.1 GET http://localhost:5260/swagger/index.html - 200 - text/html;charset=utf-8 228.8097ms


2024-11-05 10:38:17.2675-INFO-Microsoft.AspNetCore.Hosting.Diagnostics-http://localhost/swagger/v1/swagger.json-:
Request starting HTTP/1.1 GET http://localhost:5260/swagger/v1/swagger.json - - -


2024-11-05 10:38:17.5479-INFO-Microsoft.AspNetCore.Hosting.Diagnostics-http://localhost/swagger/v1/swagger.json-:
Request finished HTTP/1.1 GET http://localhost:5260/swagger/v1/swagger.json - 200 - application/json;charset=utf-8 284.5556ms


2024-11-05 10:38:38.9204-INFO-Microsoft.AspNetCore.Hosting.Diagnostics-http://localhost/ThuTruongs-:
Request starting HTTP/1.1 POST http://localhost:5260/ThuTruongs - multipart/form-data;+boundary=----WebKitFormBoundaryAniuW8ga9911VJmZ 2148


2024-11-05 10:38:38.9465-INFO-Microsoft.AspNetCore.Cors.Infrastructure.CorsService-http://localhost/ThuTruongs-Insert:
CORS policy execution successful.


2024-11-05 10:38:39.2826-INFO-Microsoft.AspNetCore.Routing.EndpointMiddleware-http://localhost/ThuTruongs-Insert:
Executing endpoint 'Xim.AppApi.Controllers.ThuTruongController.InsertAsync (API)'


2024-11-05 10:38:39.3234-INFO-Microsoft.AspNetCore.Mvc.Infrastructure.ControllerActionInvoker-http://localhost/ThuTruongs-Insert:
Route matched with {action = "Insert", controller = "ThuTruong"}. Executing controller action with signature System.Threading.Tasks.Task`1[Microsoft.AspNetCore.Mvc.ActionResult`1[Xim.Domain.Entities.ThuTruongEntity]] InsertAsync(Xim.Application.Contracts.ThuTruong.ThuTruongDtoCreate, Microsoft.AspNetCore.Http.IFormFile) on controller Xim.AppApi.Controllers.ThuTruongController (API).


2024-11-05 10:38:39.7302-INFO-Microsoft.AspNetCore.Mvc.Infrastructure.ObjectResultExecutor-http://localhost/ThuTruongs-Insert:
Executing ObjectResult, writing value of type 'System.String'.


2024-11-05 10:38:39.7460-INFO-Microsoft.AspNetCore.Mvc.Infrastructure.ControllerActionInvoker-http://localhost/ThuTruongs-Insert:
Executed action Xim.AppApi.Controllers.ThuTruongController.InsertAsync (API) in 415.3314ms


2024-11-05 10:38:39.7460-INFO-Microsoft.AspNetCore.Routing.EndpointMiddleware-http://localhost/ThuTruongs-Insert:
Executed endpoint 'Xim.AppApi.Controllers.ThuTruongController.InsertAsync (API)'


2024-11-05 10:38:39.7460-INFO-Microsoft.AspNetCore.Hosting.Diagnostics-http://localhost/ThuTruongs-Insert:
Request finished HTTP/1.1 POST http://localhost:5260/ThuTruongs - 500 - text/plain;+charset=utf-8 825.8677ms


2024-11-05 10:41:00.2234-INFO-Microsoft.AspNetCore.DataProtection.KeyManagement.XmlKeyManager--:
User profile is available. Using 'C:\Users\Van Laptop\AppData\Local\ASP.NET\DataProtection-Keys' as key repository and Windows DPAPI to encrypt keys at rest.


2024-11-05 10:41:00.4118-INFO-Microsoft.Hosting.Lifetime--:
Now listening on: http://localhost:5260


2024-11-05 10:41:00.4118-INFO-Microsoft.Hosting.Lifetime--:
Application started. Press Ctrl+C to shut down.


2024-11-05 10:41:00.4118-INFO-Microsoft.Hosting.Lifetime--:
Hosting environment: Development


2024-11-05 10:41:00.4149-INFO-Microsoft.Hosting.Lifetime--:
Content root path: D:\Code\Cong TT\CodeBECong\Api\Xim.AppApi


2024-11-05 10:41:01.3061-INFO-Microsoft.AspNetCore.Hosting.Diagnostics-http://localhost/swagger/index.html-:
Request starting HTTP/1.1 GET http://localhost:5260/swagger/index.html - - -


2024-11-05 10:41:01.4873-INFO-Microsoft.AspNetCore.Hosting.Diagnostics-http://localhost/swagger/index.html-:
Request finished HTTP/1.1 GET http://localhost:5260/swagger/index.html - 200 - text/html;charset=utf-8 200.3723ms


2024-11-05 10:41:01.6391-INFO-Microsoft.AspNetCore.Hosting.Diagnostics-http://localhost/swagger/v1/swagger.json-:
Request starting HTTP/1.1 GET http://localhost:5260/swagger/v1/swagger.json - - -


2024-11-05 10:41:01.8863-INFO-Microsoft.AspNetCore.Hosting.Diagnostics-http://localhost/swagger/v1/swagger.json-:
Request finished HTTP/1.1 GET http://localhost:5260/swagger/v1/swagger.json - 200 - application/json;charset=utf-8 247.8363ms


2024-11-05 10:41:23.3817-INFO-Microsoft.AspNetCore.Hosting.Diagnostics-http://localhost/ThuTruongs-:
Request starting HTTP/1.1 POST http://localhost:5260/ThuTruongs - multipart/form-data;+boundary=----WebKitFormBoundarypcN3cs9OPfelybcA 30941


2024-11-05 10:41:23.4064-INFO-Microsoft.AspNetCore.Cors.Infrastructure.CorsService-http://localhost/ThuTruongs-Insert:
CORS policy execution successful.


2024-11-05 10:41:23.4597-INFO-Microsoft.AspNetCore.Routing.EndpointMiddleware-http://localhost/ThuTruongs-Insert:
Executing endpoint 'Xim.AppApi.Controllers.ThuTruongController.InsertAsync (API)'


2024-11-05 10:41:23.4800-INFO-Microsoft.AspNetCore.Mvc.Infrastructure.ControllerActionInvoker-http://localhost/ThuTruongs-Insert:
Route matched with {action = "Insert", controller = "ThuTruong"}. Executing controller action with signature System.Threading.Tasks.Task`1[Microsoft.AspNetCore.Mvc.ActionResult`1[Xim.Domain.Entities.ThuTruongEntity]] InsertAsync(Xim.Application.Contracts.ThuTruong.ThuTruongDtoCreate, Microsoft.AspNetCore.Http.IFormFile) on controller Xim.AppApi.Controllers.ThuTruongController (API).


2024-11-05 10:41:23.6966-INFO-Microsoft.AspNetCore.Mvc.Infrastructure.ObjectResultExecutor-http://localhost/ThuTruongs-Insert:
Executing OkObjectResult, writing value of type 'Xim.Application.Contracts.ThuTruong.ThuTruongDtoView'.


2024-11-05 10:41:23.7305-INFO-Microsoft.AspNetCore.Mvc.Infrastructure.ControllerActionInvoker-http://localhost/ThuTruongs-Insert:
Executed action Xim.AppApi.Controllers.ThuTruongController.InsertAsync (API) in 232.2037ms


2024-11-05 10:41:23.7305-INFO-Microsoft.AspNetCore.Routing.EndpointMiddleware-http://localhost/ThuTruongs-Insert:
Executed endpoint 'Xim.AppApi.Controllers.ThuTruongController.InsertAsync (API)'


2024-11-05 10:41:23.7305-INFO-Microsoft.AspNetCore.Hosting.Diagnostics-http://localhost/ThuTruongs-Insert:
Request finished HTTP/1.1 POST http://localhost:5260/ThuTruongs - 200 173 application/json;+charset=utf-8 351.2321ms


2024-11-05 10:41:34.8348-INFO-Microsoft.AspNetCore.Hosting.Diagnostics-http://localhost/Uploads/ThuTruong_ChuyenGia/a16321c9-4b97-4127-8f0d-8fb19b9af50d_Capture.PNG-:
Request starting HTTP/1.1 GET http://localhost:5260/Uploads/ThuTruong_ChuyenGia/a16321c9-4b97-4127-8f0d-8fb19b9af50d_Capture.PNG - - -


2024-11-05 10:41:34.8364-INFO-Microsoft.AspNetCore.StaticFiles.StaticFileMiddleware-http://localhost/Uploads/ThuTruong_ChuyenGia/a16321c9-4b97-4127-8f0d-8fb19b9af50d_Capture.PNG-:
Sending file. Request path: '/Uploads/ThuTruong_ChuyenGia/a16321c9-4b97-4127-8f0d-8fb19b9af50d_Capture.PNG'. Physical path: 'D:\Code\Cong TT\CodeBECong\Api\Xim.AppApi\wwwroot\Uploads\ThuTruong_ChuyenGia\a16321c9-4b97-4127-8f0d-8fb19b9af50d_Capture.PNG'


2024-11-05 10:41:34.8364-INFO-Microsoft.AspNetCore.Hosting.Diagnostics-http://localhost/Uploads/ThuTruong_ChuyenGia/a16321c9-4b97-4127-8f0d-8fb19b9af50d_Capture.PNG-:
Request finished HTTP/1.1 GET http://localhost:5260/Uploads/ThuTruong_ChuyenGia/a16321c9-4b97-4127-8f0d-8fb19b9af50d_Capture.PNG - 200 28743 image/png 17.2129ms


2024-11-05 10:41:34.8687-INFO-Microsoft.AspNetCore.Hosting.Diagnostics-http://localhost/favicon.ico-:
Request starting HTTP/1.1 GET http://localhost:5260/favicon.ico - - -


2024-11-05 10:41:34.8687-INFO-Microsoft.AspNetCore.Hosting.Diagnostics-http://localhost/favicon.ico-:
Request finished HTTP/1.1 GET http://localhost:5260/favicon.ico - 404 0 - 2.2874ms


2024-11-05 10:41:34.8687-INFO-Microsoft.AspNetCore.Hosting.Diagnostics-http://localhost/favicon.ico-:
Request reached the end of the middleware pipeline without being handled by application code. Request path: GET http://localhost:5260/favicon.ico, Response status code: 404


2024-11-05 10:41:54.8262-INFO-Microsoft.AspNetCore.Hosting.Diagnostics-http://localhost/ThuTruongs/getall-:
Request starting HTTP/1.1 POST http://localhost:5260/ThuTruongs/getall - application/json-patch+json 38


2024-11-05 10:41:54.8262-INFO-Microsoft.AspNetCore.Cors.Infrastructure.CorsService-http://localhost/ThuTruongs/getall-GetList:
CORS policy execution successful.


2024-11-05 10:41:54.8262-INFO-Microsoft.AspNetCore.Routing.EndpointMiddleware-http://localhost/ThuTruongs/getall-GetList:
Executing endpoint 'Xim.AppApi.Controllers.ThuTruongController.GetListAsync (API)'


2024-11-05 10:41:54.8262-INFO-Microsoft.AspNetCore.Mvc.Infrastructure.ControllerActionInvoker-http://localhost/ThuTruongs/getall-GetList:
Route matched with {action = "GetList", controller = "ThuTruong"}. Executing controller action with signature System.Threading.Tasks.Task`1[Microsoft.AspNetCore.Mvc.IActionResult] GetListAsync(Xim.Domain.Pagings.paging) on controller Xim.AppApi.Controllers.ThuTruongController (API).


2024-11-05 10:41:54.9384-INFO-Microsoft.AspNetCore.Mvc.Infrastructure.ObjectResultExecutor-http://localhost/ThuTruongs/getall-GetList:
Executing OkObjectResult, writing value of type '<>f__AnonymousType0`5[[System.Collections.IList, System.Private.CoreLib, Version=8.0.0.0, Culture=neutral, PublicKeyToken=7cec85d7bea7798e],[System.Int32, System.Private.CoreLib, Version=8.0.0.0, Culture=neutral, PublicKeyToken=7cec85d7bea7798e],[System.Int32, System.Private.CoreLib, Version=8.0.0.0, Culture=neutral, PublicKeyToken=7cec85d7bea7798e],[System.Int32, System.Private.CoreLib, Version=8.0.0.0, Culture=neutral, PublicKeyToken=7cec85d7bea7798e],[System.Int32, System.Private.CoreLib, Version=8.0.0.0, Culture=neutral, PublicKeyToken=7cec85d7bea7798e]]'.


2024-11-05 10:41:54.9384-INFO-Microsoft.AspNetCore.Mvc.Infrastructure.ControllerActionInvoker-http://localhost/ThuTruongs/getall-GetList:
Executed action Xim.AppApi.Controllers.ThuTruongController.GetListAsync (API) in 111.014ms


2024-11-05 10:41:54.9460-INFO-Microsoft.AspNetCore.Routing.EndpointMiddleware-http://localhost/ThuTruongs/getall-GetList:
Executed endpoint 'Xim.AppApi.Controllers.ThuTruongController.GetListAsync (API)'


2024-11-05 10:41:54.9460-INFO-Microsoft.AspNetCore.Hosting.Diagnostics-http://localhost/ThuTruongs/getall-GetList:
Request finished HTTP/1.1 POST http://localhost:5260/ThuTruongs/getall - 200 83 application/json;+charset=utf-8 120.6335ms


2024-11-05 10:42:02.6211-INFO-Microsoft.AspNetCore.Hosting.Diagnostics-http://localhost/ThuTruongs/getall-:
Request starting HTTP/1.1 POST http://localhost:5260/ThuTruongs/getall - application/json-patch+json 37


2024-11-05 10:42:02.6211-INFO-Microsoft.AspNetCore.Cors.Infrastructure.CorsService-http://localhost/ThuTruongs/getall-GetList:
CORS policy execution successful.


2024-11-05 10:42:02.6211-INFO-Microsoft.AspNetCore.Routing.EndpointMiddleware-http://localhost/ThuTruongs/getall-GetList:
Executing endpoint 'Xim.AppApi.Controllers.ThuTruongController.GetListAsync (API)'


2024-11-05 10:42:02.6211-INFO-Microsoft.AspNetCore.Mvc.Infrastructure.ControllerActionInvoker-http://localhost/ThuTruongs/getall-GetList:
Route matched with {action = "GetList", controller = "ThuTruong"}. Executing controller action with signature System.Threading.Tasks.Task`1[Microsoft.AspNetCore.Mvc.IActionResult] GetListAsync(Xim.Domain.Pagings.paging) on controller Xim.AppApi.Controllers.ThuTruongController (API).


2024-11-05 10:42:02.6333-INFO-Microsoft.AspNetCore.Mvc.Infrastructure.ObjectResultExecutor-http://localhost/ThuTruongs/getall-GetList:
Executing OkObjectResult, writing value of type '<>f__AnonymousType0`5[[System.Collections.IList, System.Private.CoreLib, Version=8.0.0.0, Culture=neutral, PublicKeyToken=7cec85d7bea7798e],[System.Int32, System.Private.CoreLib, Version=8.0.0.0, Culture=neutral, PublicKeyToken=7cec85d7bea7798e],[System.Int32, System.Private.CoreLib, Version=8.0.0.0, Culture=neutral, PublicKeyToken=7cec85d7bea7798e],[System.Int32, System.Private.CoreLib, Version=8.0.0.0, Culture=neutral, PublicKeyToken=7cec85d7bea7798e],[System.Int32, System.Private.CoreLib, Version=8.0.0.0, Culture=neutral, PublicKeyToken=7cec85d7bea7798e]]'.


2024-11-05 10:42:02.6333-INFO-Microsoft.AspNetCore.Mvc.Infrastructure.ControllerActionInvoker-http://localhost/ThuTruongs/getall-GetList:
Executed action Xim.AppApi.Controllers.ThuTruongController.GetListAsync (API) in 11.0532ms


2024-11-05 10:42:02.6333-INFO-Microsoft.AspNetCore.Routing.EndpointMiddleware-http://localhost/ThuTruongs/getall-GetList:
Executed endpoint 'Xim.AppApi.Controllers.ThuTruongController.GetListAsync (API)'


2024-11-05 10:42:02.6333-INFO-Microsoft.AspNetCore.Hosting.Diagnostics-http://localhost/ThuTruongs/getall-GetList:
Request finished HTTP/1.1 POST http://localhost:5260/ThuTruongs/getall - 200 73 application/json;+charset=utf-8 13.0618ms


2024-11-05 10:42:04.9776-INFO-Microsoft.AspNetCore.Hosting.Diagnostics-http://localhost/ThuTruongs/getall-:
Request starting HTTP/1.1 POST http://localhost:5260/ThuTruongs/getall - application/json-patch+json 37


2024-11-05 10:42:04.9781-INFO-Microsoft.AspNetCore.Cors.Infrastructure.CorsService-http://localhost/ThuTruongs/getall-GetList:
CORS policy execution successful.


2024-11-05 10:42:04.9781-INFO-Microsoft.AspNetCore.Routing.EndpointMiddleware-http://localhost/ThuTruongs/getall-GetList:
Executing endpoint 'Xim.AppApi.Controllers.ThuTruongController.GetListAsync (API)'


2024-11-05 10:42:04.9781-INFO-Microsoft.AspNetCore.Mvc.Infrastructure.ControllerActionInvoker-http://localhost/ThuTruongs/getall-GetList:
Route matched with {action = "GetList", controller = "ThuTruong"}. Executing controller action with signature System.Threading.Tasks.Task`1[Microsoft.AspNetCore.Mvc.IActionResult] GetListAsync(Xim.Domain.Pagings.paging) on controller Xim.AppApi.Controllers.ThuTruongController (API).


2024-11-05 10:42:04.9781-INFO-Microsoft.AspNetCore.Mvc.Infrastructure.ObjectResultExecutor-http://localhost/ThuTruongs/getall-GetList:
Executing OkObjectResult, writing value of type '<>f__AnonymousType0`5[[System.Collections.IList, System.Private.CoreLib, Version=8.0.0.0, Culture=neutral, PublicKeyToken=7cec85d7bea7798e],[System.Int32, System.Private.CoreLib, Version=8.0.0.0, Culture=neutral, PublicKeyToken=7cec85d7bea7798e],[System.Int32, System.Private.CoreLib, Version=8.0.0.0, Culture=neutral, PublicKeyToken=7cec85d7bea7798e],[System.Int32, System.Private.CoreLib, Version=8.0.0.0, Culture=neutral, PublicKeyToken=7cec85d7bea7798e],[System.Int32, System.Private.CoreLib, Version=8.0.0.0, Culture=neutral, PublicKeyToken=7cec85d7bea7798e]]'.


2024-11-05 10:42:04.9781-INFO-Microsoft.AspNetCore.Mvc.Infrastructure.ControllerActionInvoker-http://localhost/ThuTruongs/getall-GetList:
Executed action Xim.AppApi.Controllers.ThuTruongController.GetListAsync (API) in 6.4126ms


2024-11-05 10:42:04.9781-INFO-Microsoft.AspNetCore.Routing.EndpointMiddleware-http://localhost/ThuTruongs/getall-GetList:
Executed endpoint 'Xim.AppApi.Controllers.ThuTruongController.GetListAsync (API)'


2024-11-05 10:42:04.9781-INFO-Microsoft.AspNetCore.Hosting.Diagnostics-http://localhost/ThuTruongs/getall-GetList:
Request finished HTTP/1.1 POST http://localhost:5260/ThuTruongs/getall - 200 73 application/json;+charset=utf-8 7.9092ms


2024-11-05 10:42:53.6709-INFO-Microsoft.AspNetCore.Hosting.Diagnostics-http://localhost/ThuTruongs/getall-:
Request starting HTTP/1.1 POST http://localhost:5260/ThuTruongs/getall - application/json-patch+json 37


2024-11-05 10:42:53.6709-INFO-Microsoft.AspNetCore.Cors.Infrastructure.CorsService-http://localhost/ThuTruongs/getall-GetList:
CORS policy execution successful.


2024-11-05 10:42:53.6888-INFO-Microsoft.AspNetCore.Routing.EndpointMiddleware-http://localhost/ThuTruongs/getall-GetList:
Executing endpoint 'Xim.AppApi.Controllers.ThuTruongController.GetListAsync (API)'


2024-11-05 10:42:53.6888-INFO-Microsoft.AspNetCore.Mvc.Infrastructure.ControllerActionInvoker-http://localhost/ThuTruongs/getall-GetList:
Route matched with {action = "GetList", controller = "ThuTruong"}. Executing controller action with signature System.Threading.Tasks.Task`1[Microsoft.AspNetCore.Mvc.IActionResult] GetListAsync(Xim.Domain.Pagings.paging) on controller Xim.AppApi.Controllers.ThuTruongController (API).


2024-11-05 10:42:53.6971-INFO-Microsoft.AspNetCore.Mvc.Infrastructure.ObjectResultExecutor-http://localhost/ThuTruongs/getall-GetList:
Executing OkObjectResult, writing value of type '<>f__AnonymousType0`5[[System.Collections.IList, System.Private.CoreLib, Version=8.0.0.0, Culture=neutral, PublicKeyToken=7cec85d7bea7798e],[System.Int32, System.Private.CoreLib, Version=8.0.0.0, Culture=neutral, PublicKeyToken=7cec85d7bea7798e],[System.Int32, System.Private.CoreLib, Version=8.0.0.0, Culture=neutral, PublicKeyToken=7cec85d7bea7798e],[System.Int32, System.Private.CoreLib, Version=8.0.0.0, Culture=neutral, PublicKeyToken=7cec85d7bea7798e],[System.Int32, System.Private.CoreLib, Version=8.0.0.0, Culture=neutral, PublicKeyToken=7cec85d7bea7798e]]'.


2024-11-05 10:42:53.6971-INFO-Microsoft.AspNetCore.Mvc.Infrastructure.ControllerActionInvoker-http://localhost/ThuTruongs/getall-GetList:
Executed action Xim.AppApi.Controllers.ThuTruongController.GetListAsync (API) in 17.7363ms


2024-11-05 10:42:53.6971-INFO-Microsoft.AspNetCore.Routing.EndpointMiddleware-http://localhost/ThuTruongs/getall-GetList:
Executed endpoint 'Xim.AppApi.Controllers.ThuTruongController.GetListAsync (API)'


2024-11-05 10:42:53.6971-INFO-Microsoft.AspNetCore.Hosting.Diagnostics-http://localhost/ThuTruongs/getall-GetList:
Request finished HTTP/1.1 POST http://localhost:5260/ThuTruongs/getall - 200 73 application/json;+charset=utf-8 36.8179ms


2024-11-05 10:43:03.1657-INFO-Microsoft.AspNetCore.Hosting.Diagnostics-http://localhost/ThuTruongs/getall-:
Request starting HTTP/1.1 POST http://localhost:5260/ThuTruongs/getall - application/json-patch+json 37


2024-11-05 10:43:03.1657-INFO-Microsoft.AspNetCore.Cors.Infrastructure.CorsService-http://localhost/ThuTruongs/getall-GetList:
CORS policy execution successful.


2024-11-05 10:43:03.1657-INFO-Microsoft.AspNetCore.Routing.EndpointMiddleware-http://localhost/ThuTruongs/getall-GetList:
Executing endpoint 'Xim.AppApi.Controllers.ThuTruongController.GetListAsync (API)'


2024-11-05 10:43:03.1657-INFO-Microsoft.AspNetCore.Mvc.Infrastructure.ControllerActionInvoker-http://localhost/ThuTruongs/getall-GetList:
Route matched with {action = "GetList", controller = "ThuTruong"}. Executing controller action with signature System.Threading.Tasks.Task`1[Microsoft.AspNetCore.Mvc.IActionResult] GetListAsync(Xim.Domain.Pagings.paging) on controller Xim.AppApi.Controllers.ThuTruongController (API).


2024-11-05 10:43:03.1954-INFO-Microsoft.AspNetCore.Mvc.Infrastructure.ObjectResultExecutor-http://localhost/ThuTruongs/getall-GetList:
Executing OkObjectResult, writing value of type '<>f__AnonymousType0`5[[System.Collections.IList, System.Private.CoreLib, Version=8.0.0.0, Culture=neutral, PublicKeyToken=7cec85d7bea7798e],[System.Int32, System.Private.CoreLib, Version=8.0.0.0, Culture=neutral, PublicKeyToken=7cec85d7bea7798e],[System.Int32, System.Private.CoreLib, Version=8.0.0.0, Culture=neutral, PublicKeyToken=7cec85d7bea7798e],[System.Int32, System.Private.CoreLib, Version=8.0.0.0, Culture=neutral, PublicKeyToken=7cec85d7bea7798e],[System.Int32, System.Private.CoreLib, Version=8.0.0.0, Culture=neutral, PublicKeyToken=7cec85d7bea7798e]]'.


2024-11-05 10:43:03.1954-INFO-Microsoft.AspNetCore.Mvc.Infrastructure.ControllerActionInvoker-http://localhost/ThuTruongs/getall-GetList:
Executed action Xim.AppApi.Controllers.ThuTruongController.GetListAsync (API) in 29.3953ms


2024-11-05 10:43:03.1954-INFO-Microsoft.AspNetCore.Routing.EndpointMiddleware-http://localhost/ThuTruongs/getall-GetList:
Executed endpoint 'Xim.AppApi.Controllers.ThuTruongController.GetListAsync (API)'


2024-11-05 10:43:03.1954-INFO-Microsoft.AspNetCore.Hosting.Diagnostics-http://localhost/ThuTruongs/getall-GetList:
Request finished HTTP/1.1 POST http://localhost:5260/ThuTruongs/getall - 200 73 application/json;+charset=utf-8 30.7764ms


2024-11-05 10:43:12.7765-INFO-Microsoft.AspNetCore.DataProtection.KeyManagement.XmlKeyManager--:
User profile is available. Using 'C:\Users\Van Laptop\AppData\Local\ASP.NET\DataProtection-Keys' as key repository and Windows DPAPI to encrypt keys at rest.


2024-11-05 10:43:12.9675-INFO-Microsoft.Hosting.Lifetime--:
Now listening on: http://localhost:5260


2024-11-05 10:43:12.9675-INFO-Microsoft.Hosting.Lifetime--:
Application started. Press Ctrl+C to shut down.


2024-11-05 10:43:12.9675-INFO-Microsoft.Hosting.Lifetime--:
Hosting environment: Development


2024-11-05 10:43:12.9675-INFO-Microsoft.Hosting.Lifetime--:
Content root path: D:\Code\Cong TT\CodeBECong\Api\Xim.AppApi


2024-11-05 10:43:14.1549-INFO-Microsoft.AspNetCore.Hosting.Diagnostics-http://localhost/swagger/index.html-:
Request starting HTTP/1.1 GET http://localhost:5260/swagger/index.html - - -


2024-11-05 10:43:14.3989-INFO-Microsoft.AspNetCore.Hosting.Diagnostics-http://localhost/swagger/index.html-:
Request finished HTTP/1.1 GET http://localhost:5260/swagger/index.html - 200 - text/html;charset=utf-8 255.0037ms


2024-11-05 10:43:14.5341-INFO-Microsoft.AspNetCore.Hosting.Diagnostics-http://localhost/swagger/v1/swagger.json-:
Request starting HTTP/1.1 GET http://localhost:5260/swagger/v1/swagger.json - - -


2024-11-05 10:43:14.7622-INFO-Microsoft.AspNetCore.Hosting.Diagnostics-http://localhost/swagger/v1/swagger.json-:
Request finished HTTP/1.1 GET http://localhost:5260/swagger/v1/swagger.json - 200 - application/json;charset=utf-8 228.7896ms


2024-11-05 10:43:30.4868-INFO-Microsoft.AspNetCore.Hosting.Diagnostics-http://localhost/ThuTruongs/getall-:
Request starting HTTP/1.1 POST http://localhost:5260/ThuTruongs/getall - application/json-patch+json 38


2024-11-05 10:43:30.4935-INFO-Microsoft.AspNetCore.Cors.Infrastructure.CorsService-http://localhost/ThuTruongs/getall-GetList:
CORS policy execution successful.


2024-11-05 10:43:30.5467-INFO-Microsoft.AspNetCore.Routing.EndpointMiddleware-http://localhost/ThuTruongs/getall-GetList:
Executing endpoint 'Xim.AppApi.Controllers.ThuTruongController.GetListAsync (API)'


2024-11-05 10:43:30.5739-INFO-Microsoft.AspNetCore.Mvc.Infrastructure.ControllerActionInvoker-http://localhost/ThuTruongs/getall-GetList:
Route matched with {action = "GetList", controller = "ThuTruong"}. Executing controller action with signature System.Threading.Tasks.Task`1[Microsoft.AspNetCore.Mvc.IActionResult] GetListAsync(Xim.Domain.Pagings.paging) on controller Xim.AppApi.Controllers.ThuTruongController (API).


2024-11-05 10:43:36.1224-INFO-Microsoft.AspNetCore.Mvc.Infrastructure.ObjectResultExecutor-http://localhost/ThuTruongs/getall-GetList:
Executing OkObjectResult, writing value of type '<>f__AnonymousType0`5[[System.Collections.IList, System.Private.CoreLib, Version=8.0.0.0, Culture=neutral, PublicKeyToken=7cec85d7bea7798e],[System.Int32, System.Private.CoreLib, Version=8.0.0.0, Culture=neutral, PublicKeyToken=7cec85d7bea7798e],[System.Int32, System.Private.CoreLib, Version=8.0.0.0, Culture=neutral, PublicKeyToken=7cec85d7bea7798e],[System.Int32, System.Private.CoreLib, Version=8.0.0.0, Culture=neutral, PublicKeyToken=7cec85d7bea7798e],[System.Int32, System.Private.CoreLib, Version=8.0.0.0, Culture=neutral, PublicKeyToken=7cec85d7bea7798e]]'.


2024-11-05 10:43:36.1509-INFO-Microsoft.AspNetCore.Mvc.Infrastructure.ControllerActionInvoker-http://localhost/ThuTruongs/getall-GetList:
Executed action Xim.AppApi.Controllers.ThuTruongController.GetListAsync (API) in 5569.6167ms


2024-11-05 10:43:36.1509-INFO-Microsoft.AspNetCore.Routing.EndpointMiddleware-http://localhost/ThuTruongs/getall-GetList:
Executed endpoint 'Xim.AppApi.Controllers.ThuTruongController.GetListAsync (API)'


2024-11-05 10:43:36.1509-INFO-Microsoft.AspNetCore.Hosting.Diagnostics-http://localhost/ThuTruongs/getall-GetList:
Request finished HTTP/1.1 POST http://localhost:5260/ThuTruongs/getall - 200 73 application/json;+charset=utf-8 5665.6348ms


2024-11-05 10:44:52.0210-INFO-Microsoft.AspNetCore.Hosting.Diagnostics-http://localhost/ThuTruongs/getall-:
Request starting HTTP/1.1 POST http://localhost:5260/ThuTruongs/getall - application/json-patch+json 38


2024-11-05 10:44:52.0251-INFO-Microsoft.AspNetCore.Cors.Infrastructure.CorsService-http://localhost/ThuTruongs/getall-GetList:
CORS policy execution successful.


2024-11-05 10:44:52.0426-INFO-Microsoft.AspNetCore.Routing.EndpointMiddleware-http://localhost/ThuTruongs/getall-GetList:
Executing endpoint 'Xim.AppApi.Controllers.ThuTruongController.GetListAsync (API)'


2024-11-05 10:44:52.0426-INFO-Microsoft.AspNetCore.Mvc.Infrastructure.ControllerActionInvoker-http://localhost/ThuTruongs/getall-GetList:
Route matched with {action = "GetList", controller = "ThuTruong"}. Executing controller action with signature System.Threading.Tasks.Task`1[Microsoft.AspNetCore.Mvc.IActionResult] GetListAsync(Xim.Domain.Pagings.paging) on controller Xim.AppApi.Controllers.ThuTruongController (API).


2024-11-05 10:44:54.6826-INFO-Microsoft.AspNetCore.Mvc.Infrastructure.ObjectResultExecutor-http://localhost/ThuTruongs/getall-GetList:
Executing OkObjectResult, writing value of type '<>f__AnonymousType0`5[[System.Collections.IList, System.Private.CoreLib, Version=8.0.0.0, Culture=neutral, PublicKeyToken=7cec85d7bea7798e],[System.Int32, System.Private.CoreLib, Version=8.0.0.0, Culture=neutral, PublicKeyToken=7cec85d7bea7798e],[System.Int32, System.Private.CoreLib, Version=8.0.0.0, Culture=neutral, PublicKeyToken=7cec85d7bea7798e],[System.Int32, System.Private.CoreLib, Version=8.0.0.0, Culture=neutral, PublicKeyToken=7cec85d7bea7798e],[System.Int32, System.Private.CoreLib, Version=8.0.0.0, Culture=neutral, PublicKeyToken=7cec85d7bea7798e]]'.


2024-11-05 10:44:54.6826-INFO-Microsoft.AspNetCore.Mvc.Infrastructure.ControllerActionInvoker-http://localhost/ThuTruongs/getall-GetList:
Executed action Xim.AppApi.Controllers.ThuTruongController.GetListAsync (API) in 2640.7108ms


2024-11-05 10:44:54.6826-INFO-Microsoft.AspNetCore.Routing.EndpointMiddleware-http://localhost/ThuTruongs/getall-GetList:
Executed endpoint 'Xim.AppApi.Controllers.ThuTruongController.GetListAsync (API)'


2024-11-05 10:44:54.6826-INFO-Microsoft.AspNetCore.Hosting.Diagnostics-http://localhost/ThuTruongs/getall-GetList:
Request finished HTTP/1.1 POST http://localhost:5260/ThuTruongs/getall - 200 647 application/json;+charset=utf-8 2701.9172ms


2024-11-05 10:46:23.7863-INFO-Microsoft.AspNetCore.Hosting.Diagnostics-http://localhost/ThuTruongs/91f84ad4-6e3c-4e9a-9b15-95d5f975b445-:
Request starting HTTP/1.1 GET http://localhost:5260/ThuTruongs/91f84ad4-6e3c-4e9a-9b15-95d5f975b445 - - -


2024-11-05 10:46:23.7912-INFO-Microsoft.AspNetCore.Routing.EndpointMiddleware-http://localhost/ThuTruongs/91f84ad4-6e3c-4e9a-9b15-95d5f975b445-Get:
Executing endpoint 'Xim.AppApi.Controllers.ThuTruongController.GetAsync (API)'


2024-11-05 10:46:23.8055-INFO-Microsoft.AspNetCore.Mvc.Infrastructure.ControllerActionInvoker-http://localhost/ThuTruongs/91f84ad4-6e3c-4e9a-9b15-95d5f975b445-Get:
Route matched with {action = "Get", controller = "ThuTruong"}. Executing controller action with signature System.Threading.Tasks.Task`1[Microsoft.AspNetCore.Mvc.IActionResult] GetAsync(System.Guid) on controller Xim.AppApi.Controllers.ThuTruongController (API).


2024-11-05 10:46:23.8947-INFO-Microsoft.AspNetCore.Mvc.Infrastructure.ObjectResultExecutor-http://localhost/ThuTruongs/91f84ad4-6e3c-4e9a-9b15-95d5f975b445-Get:
Executing OkObjectResult, writing value of type 'Xim.Application.Contracts.ThuTruong.ThuTruongDtoView'.


2024-11-05 10:46:23.8995-INFO-Microsoft.AspNetCore.Mvc.Infrastructure.ControllerActionInvoker-http://localhost/ThuTruongs/91f84ad4-6e3c-4e9a-9b15-95d5f975b445-Get:
Executed action Xim.AppApi.Controllers.ThuTruongController.GetAsync (API) in 79.8295ms


2024-11-05 10:46:23.8995-INFO-Microsoft.AspNetCore.Routing.EndpointMiddleware-http://localhost/ThuTruongs/91f84ad4-6e3c-4e9a-9b15-95d5f975b445-Get:
Executed endpoint 'Xim.AppApi.Controllers.ThuTruongController.GetAsync (API)'


2024-11-05 10:46:23.8995-INFO-Microsoft.AspNetCore.Hosting.Diagnostics-http://localhost/ThuTruongs/91f84ad4-6e3c-4e9a-9b15-95d5f975b445-Get:
Request finished HTTP/1.1 GET http://localhost:5260/ThuTruongs/91f84ad4-6e3c-4e9a-9b15-95d5f975b445 - 200 192 application/json;+charset=utf-8 115.9010ms


2024-11-05 10:47:27.3432-INFO-Microsoft.AspNetCore.Hosting.Diagnostics-http://localhost/ThuTruongs/91f84ad4-6e3c-4e9a-9b15-95d5f975b445-:
Request starting HTTP/1.1 PUT http://localhost:5260/ThuTruongs/91f84ad4-6e3c-4e9a-9b15-95d5f975b445 - multipart/form-data;+boundary=----WebKitFormBoundarydmQPMjKssMnAEAvt 2149


2024-11-05 10:47:27.3432-INFO-Microsoft.AspNetCore.Cors.Infrastructure.CorsService-http://localhost/ThuTruongs/91f84ad4-6e3c-4e9a-9b15-95d5f975b445-Update:
CORS policy execution successful.


2024-11-05 10:47:27.3533-INFO-Microsoft.AspNetCore.Routing.EndpointMiddleware-http://localhost/ThuTruongs/91f84ad4-6e3c-4e9a-9b15-95d5f975b445-Update:
Executing endpoint 'Xim.AppApi.Controllers.ThuTruongController.UpdateAsync (API)'


2024-11-05 10:47:27.3686-INFO-Microsoft.AspNetCore.Mvc.Infrastructure.ControllerActionInvoker-http://localhost/ThuTruongs/91f84ad4-6e3c-4e9a-9b15-95d5f975b445-Update:
Route matched with {action = "Update", controller = "ThuTruong"}. Executing controller action with signature System.Threading.Tasks.Task`1[Microsoft.AspNetCore.Mvc.IActionResult] UpdateAsync(System.Guid, Xim.Application.Contracts.ThuTruong.ThuTruongDtoUpdate, Microsoft.AspNetCore.Http.IFormFile) on controller Xim.AppApi.Controllers.ThuTruongController (API).


2024-11-05 10:47:27.3835-INFO-Microsoft.AspNetCore.Mvc.Infrastructure.ObjectResultExecutor-http://localhost/ThuTruongs/91f84ad4-6e3c-4e9a-9b15-95d5f975b445-Update:
Executing ObjectResult, writing value of type 'Microsoft.AspNetCore.Mvc.ProblemDetails'.


2024-11-05 10:47:27.3835-INFO-Microsoft.AspNetCore.Mvc.Infrastructure.ControllerActionInvoker-http://localhost/ThuTruongs/91f84ad4-6e3c-4e9a-9b15-95d5f975b445-Update:
Executed action Xim.AppApi.Controllers.ThuTruongController.UpdateAsync (API) in 26.6468ms


2024-11-05 10:47:27.3835-INFO-Microsoft.AspNetCore.Routing.EndpointMiddleware-http://localhost/ThuTruongs/91f84ad4-6e3c-4e9a-9b15-95d5f975b445-Update:
Executed endpoint 'Xim.AppApi.Controllers.ThuTruongController.UpdateAsync (API)'


2024-11-05 10:47:27.3835-INFO-Microsoft.AspNetCore.Hosting.Diagnostics-http://localhost/ThuTruongs/91f84ad4-6e3c-4e9a-9b15-95d5f975b445-Update:
Request finished HTTP/1.1 PUT http://localhost:5260/ThuTruongs/91f84ad4-6e3c-4e9a-9b15-95d5f975b445 - 415 176 application/problem+json;+charset=utf-8 55.4105ms


2024-11-05 10:52:21.5670-INFO-Microsoft.AspNetCore.DataProtection.KeyManagement.XmlKeyManager--:
User profile is available. Using 'C:\Users\Van Laptop\AppData\Local\ASP.NET\DataProtection-Keys' as key repository and Windows DPAPI to encrypt keys at rest.


2024-11-05 10:52:21.7604-INFO-Microsoft.Hosting.Lifetime--:
Now listening on: http://localhost:5260


2024-11-05 10:52:21.7604-INFO-Microsoft.Hosting.Lifetime--:
Application started. Press Ctrl+C to shut down.


2024-11-05 10:52:21.7604-INFO-Microsoft.Hosting.Lifetime--:
Hosting environment: Development


2024-11-05 10:52:21.7604-INFO-Microsoft.Hosting.Lifetime--:
Content root path: D:\Code\Cong TT\CodeBECong\Api\Xim.AppApi


2024-11-05 10:52:23.0868-INFO-Microsoft.AspNetCore.Hosting.Diagnostics-http://localhost/swagger/index.html-:
Request starting HTTP/1.1 GET http://localhost:5260/swagger/index.html - - -


2024-11-05 10:52:23.2857-INFO-Microsoft.AspNetCore.Hosting.Diagnostics-http://localhost/swagger/index.html-:
Request finished HTTP/1.1 GET http://localhost:5260/swagger/index.html - 200 - text/html;charset=utf-8 211.6990ms


2024-11-05 10:52:23.4305-INFO-Microsoft.AspNetCore.Hosting.Diagnostics-http://localhost/swagger/v1/swagger.json-:
Request starting HTTP/1.1 GET http://localhost:5260/swagger/v1/swagger.json - - -


2024-11-05 10:52:23.6655-INFO-Microsoft.AspNetCore.Hosting.Diagnostics-http://localhost/swagger/v1/swagger.json-:
Request finished HTTP/1.1 GET http://localhost:5260/swagger/v1/swagger.json - 200 - application/json;charset=utf-8 235.9476ms


2024-11-05 10:54:39.9092-INFO-Microsoft.AspNetCore.DataProtection.KeyManagement.XmlKeyManager--:
User profile is available. Using 'C:\Users\Van Laptop\AppData\Local\ASP.NET\DataProtection-Keys' as key repository and Windows DPAPI to encrypt keys at rest.


2024-11-05 10:54:40.1495-INFO-Microsoft.Hosting.Lifetime--:
Now listening on: http://localhost:5260


2024-11-05 10:54:40.1495-INFO-Microsoft.Hosting.Lifetime--:
Application started. Press Ctrl+C to shut down.


2024-11-05 10:54:40.1495-INFO-Microsoft.Hosting.Lifetime--:
Hosting environment: Development


2024-11-05 10:54:40.1495-INFO-Microsoft.Hosting.Lifetime--:
Content root path: D:\Code\Cong TT\CodeBECong\Api\Xim.AppApi


2024-11-05 10:54:41.1244-INFO-Microsoft.AspNetCore.Hosting.Diagnostics-http://localhost/swagger/index.html-:
Request starting HTTP/1.1 GET http://localhost:5260/swagger/index.html - - -


2024-11-05 10:54:41.3012-INFO-Microsoft.AspNetCore.Hosting.Diagnostics-http://localhost/swagger/index.html-:
Request finished HTTP/1.1 GET http://localhost:5260/swagger/index.html - 200 - text/html;charset=utf-8 188.8833ms


2024-11-05 10:54:41.4172-INFO-Microsoft.AspNetCore.Hosting.Diagnostics-http://localhost/swagger/v1/swagger.json-:
Request starting HTTP/1.1 GET http://localhost:5260/swagger/v1/swagger.json - - -


2024-11-05 10:54:41.6263-INFO-Microsoft.AspNetCore.Hosting.Diagnostics-http://localhost/swagger/v1/swagger.json-:
Request finished HTTP/1.1 GET http://localhost:5260/swagger/v1/swagger.json - 200 - application/json;charset=utf-8 209.8409ms


2024-11-05 10:57:20.6454-INFO-Microsoft.AspNetCore.DataProtection.KeyManagement.XmlKeyManager--:
User profile is available. Using 'C:\Users\Van Laptop\AppData\Local\ASP.NET\DataProtection-Keys' as key repository and Windows DPAPI to encrypt keys at rest.


2024-11-05 10:57:20.8490-INFO-Microsoft.Hosting.Lifetime--:
Now listening on: http://localhost:5260


2024-11-05 10:57:20.8490-INFO-Microsoft.Hosting.Lifetime--:
Application started. Press Ctrl+C to shut down.


2024-11-05 10:57:20.8490-INFO-Microsoft.Hosting.Lifetime--:
Hosting environment: Development


2024-11-05 10:57:20.8520-INFO-Microsoft.Hosting.Lifetime--:
Content root path: D:\Code\Cong TT\CodeBECong\Api\Xim.AppApi


2024-11-05 10:57:22.3894-INFO-Microsoft.AspNetCore.Hosting.Diagnostics-http://localhost/swagger/index.html-:
Request starting HTTP/1.1 GET http://localhost:5260/swagger/index.html - - -


2024-11-05 10:57:22.6216-INFO-Microsoft.AspNetCore.Hosting.Diagnostics-http://localhost/swagger/index.html-:
Request finished HTTP/1.1 GET http://localhost:5260/swagger/index.html - 200 - text/html;charset=utf-8 246.0013ms


2024-11-05 10:57:22.7602-INFO-Microsoft.AspNetCore.Hosting.Diagnostics-http://localhost/swagger/v1/swagger.json-:
Request starting HTTP/1.1 GET http://localhost:5260/swagger/v1/swagger.json - - -


2024-11-05 10:57:23.0224-INFO-Microsoft.AspNetCore.Hosting.Diagnostics-http://localhost/swagger/v1/swagger.json-:
Request finished HTTP/1.1 GET http://localhost:5260/swagger/v1/swagger.json - 200 - application/json;charset=utf-8 262.7950ms


