2024-10-28 11:02:16.0047-INFO-Microsoft.AspNetCore.DataProtection.KeyManagement.XmlKeyManager--:
User profile is available. Using 'C:\Users\Van Laptop\AppData\Local\ASP.NET\DataProtection-Keys' as key repository and Windows DPAPI to encrypt keys at rest.


2024-10-28 11:02:16.3260-INFO-Microsoft.Hosting.Lifetime--:
Now listening on: http://localhost:5260


2024-10-28 11:02:16.3260-INFO-Microsoft.Hosting.Lifetime--:
Application started. Press Ctrl+C to shut down.


2024-10-28 11:02:16.3260-INFO-Microsoft.Hosting.Lifetime--:
Hosting environment: Development


2024-10-28 11:02:16.3260-INFO-Microsoft.Hosting.Lifetime--:
Content root path: D:\Code\Cong TT\CodeBECong\Api\Xim.AppApi


2024-10-28 11:02:24.2530-INFO-Microsoft.AspNetCore.Hosting.Diagnostics-http://localhost/swagger/index.html-:
Request starting HTTP/1.1 GET http://localhost:5260/swagger/index.html - - -


2024-10-28 11:02:27.1210-INFO-Microsoft.AspNetCore.Hosting.Diagnostics-http://localhost/swagger/index.html-:
Request finished HTTP/1.1 GET http://localhost:5260/swagger/index.html - 200 - text/html;charset=utf-8 2981.6968ms


2024-10-28 11:02:29.4221-INFO-Microsoft.AspNetCore.Hosting.Diagnostics-http://localhost/swagger/v1/swagger.json-:
Request starting HTTP/1.1 GET http://localhost:5260/swagger/v1/swagger.json - - -


2024-10-28 11:02:29.5923-INFO-Microsoft.AspNetCore.Hosting.Diagnostics-http://localhost/swagger/v1/swagger.json-:
Request finished HTTP/1.1 GET http://localhost:5260/swagger/v1/swagger.json - 200 - application/json;charset=utf-8 170.7916ms


2024-10-28 11:10:02.4931-INFO-Microsoft.AspNetCore.DataProtection.KeyManagement.XmlKeyManager--:
User profile is available. Using 'C:\Users\Van Laptop\AppData\Local\ASP.NET\DataProtection-Keys' as key repository and Windows DPAPI to encrypt keys at rest.


2024-10-28 11:10:02.6754-INFO-Microsoft.Hosting.Lifetime--:
Now listening on: http://localhost:5260


2024-10-28 11:10:02.6754-INFO-Microsoft.Hosting.Lifetime--:
Application started. Press Ctrl+C to shut down.


2024-10-28 11:10:02.6754-INFO-Microsoft.Hosting.Lifetime--:
Hosting environment: Development


2024-10-28 11:10:02.6754-INFO-Microsoft.Hosting.Lifetime--:
Content root path: D:\Code\Cong TT\CodeBECong\Api\Xim.AppApi


2024-10-28 11:10:04.2285-INFO-Microsoft.AspNetCore.Hosting.Diagnostics-http://localhost/swagger/index.html-:
Request starting HTTP/1.1 GET http://localhost:5260/swagger/index.html - - -


2024-10-28 13:56:52.3955-INFO-Microsoft.AspNetCore.DataProtection.KeyManagement.XmlKeyManager--:
User profile is available. Using 'C:\Users\Van Laptop\AppData\Local\ASP.NET\DataProtection-Keys' as key repository and Windows DPAPI to encrypt keys at rest.


2024-10-28 13:56:52.5797-INFO-Microsoft.Hosting.Lifetime--:
Now listening on: http://localhost:5260


2024-10-28 13:56:52.5797-INFO-Microsoft.Hosting.Lifetime--:
Application started. Press Ctrl+C to shut down.


2024-10-28 13:56:52.5797-INFO-Microsoft.Hosting.Lifetime--:
Hosting environment: Development


2024-10-28 13:56:52.5797-INFO-Microsoft.Hosting.Lifetime--:
Content root path: D:\Code\Cong TT\CodeBECong\Api\Xim.AppApi


2024-10-28 13:56:54.5007-INFO-Microsoft.AspNetCore.Hosting.Diagnostics-http://localhost/swagger/index.html-:
Request starting HTTP/1.1 GET http://localhost:5260/swagger/index.html - - -


2024-10-28 13:56:54.6900-INFO-Microsoft.AspNetCore.Hosting.Diagnostics-http://localhost/swagger/index.html-:
Request finished HTTP/1.1 GET http://localhost:5260/swagger/index.html - 200 - text/html;charset=utf-8 200.2816ms


2024-10-28 13:56:55.4005-INFO-Microsoft.AspNetCore.Hosting.Diagnostics-http://localhost/swagger/v1/swagger.json-:
Request starting HTTP/1.1 GET http://localhost:5260/swagger/v1/swagger.json - - -


2024-10-28 13:56:55.5463-INFO-Microsoft.AspNetCore.Hosting.Diagnostics-http://localhost/swagger/v1/swagger.json-:
Request finished HTTP/1.1 GET http://localhost:5260/swagger/v1/swagger.json - 200 - application/json;charset=utf-8 146.6356ms


2024-10-28 13:57:14.7079-INFO-Microsoft.AspNetCore.DataProtection.KeyManagement.XmlKeyManager--:
User profile is available. Using 'C:\Users\Van Laptop\AppData\Local\ASP.NET\DataProtection-Keys' as key repository and Windows DPAPI to encrypt keys at rest.


2024-10-28 13:57:14.8908-INFO-Microsoft.Hosting.Lifetime--:
Now listening on: http://localhost:5260


2024-10-28 13:57:14.8908-INFO-Microsoft.Hosting.Lifetime--:
Application started. Press Ctrl+C to shut down.


2024-10-28 13:57:14.8908-INFO-Microsoft.Hosting.Lifetime--:
Hosting environment: Development


2024-10-28 13:57:14.8908-INFO-Microsoft.Hosting.Lifetime--:
Content root path: D:\Code\Cong TT\CodeBECong\Api\Xim.AppApi


2024-10-28 13:57:16.3704-INFO-Microsoft.AspNetCore.Hosting.Diagnostics-http://localhost/swagger/index.html-:
Request starting HTTP/1.1 GET http://localhost:5260/swagger/index.html - - -


2024-10-28 14:03:58.4144-INFO-Microsoft.AspNetCore.DataProtection.KeyManagement.XmlKeyManager--:
User profile is available. Using 'C:\Users\Van Laptop\AppData\Local\ASP.NET\DataProtection-Keys' as key repository and Windows DPAPI to encrypt keys at rest.


2024-10-28 14:03:58.6611-INFO-Microsoft.Hosting.Lifetime--:
Now listening on: http://localhost:5260


2024-10-28 14:03:58.6684-INFO-Microsoft.Hosting.Lifetime--:
Application started. Press Ctrl+C to shut down.


2024-10-28 14:03:58.6684-INFO-Microsoft.Hosting.Lifetime--:
Hosting environment: Development


2024-10-28 14:03:58.6684-INFO-Microsoft.Hosting.Lifetime--:
Content root path: D:\Code\Cong TT\CodeBECong\Api\Xim.AppApi


2024-10-28 14:04:00.2554-INFO-Microsoft.AspNetCore.Hosting.Diagnostics-http://localhost/swagger/index.html-:
Request starting HTTP/1.1 GET http://localhost:5260/swagger/index.html - - -


2024-10-28 14:05:56.0931-INFO-Microsoft.AspNetCore.DataProtection.KeyManagement.XmlKeyManager--:
User profile is available. Using 'C:\Users\Van Laptop\AppData\Local\ASP.NET\DataProtection-Keys' as key repository and Windows DPAPI to encrypt keys at rest.


2024-10-28 14:05:56.5669-INFO-Microsoft.Hosting.Lifetime--:
Now listening on: http://localhost:5260


2024-10-28 14:05:56.5669-INFO-Microsoft.Hosting.Lifetime--:
Application started. Press Ctrl+C to shut down.


2024-10-28 14:05:56.5669-INFO-Microsoft.Hosting.Lifetime--:
Hosting environment: Development


2024-10-28 14:05:56.5669-INFO-Microsoft.Hosting.Lifetime--:
Content root path: D:\Code\Cong TT\CodeBECong\Api\Xim.AppApi


2024-10-28 14:05:59.6101-INFO-Microsoft.AspNetCore.Hosting.Diagnostics-http://localhost/swagger/index.html-:
Request starting HTTP/1.1 GET http://localhost:5260/swagger/index.html - - -


2024-10-28 14:33:30.3497-INFO-Microsoft.AspNetCore.DataProtection.KeyManagement.XmlKeyManager--:
User profile is available. Using 'C:\Users\Van Laptop\AppData\Local\ASP.NET\DataProtection-Keys' as key repository and Windows DPAPI to encrypt keys at rest.


2024-10-28 14:33:30.5195-INFO-Microsoft.Hosting.Lifetime--:
Now listening on: http://localhost:5260


2024-10-28 14:33:30.5195-INFO-Microsoft.Hosting.Lifetime--:
Application started. Press Ctrl+C to shut down.


2024-10-28 14:33:30.5195-INFO-Microsoft.Hosting.Lifetime--:
Hosting environment: Development


2024-10-28 14:33:30.5195-INFO-Microsoft.Hosting.Lifetime--:
Content root path: D:\Code\Cong TT\CodeBECong\Api\Xim.AppApi


2024-10-28 14:33:32.0400-INFO-Microsoft.AspNetCore.Hosting.Diagnostics-http://localhost/swagger/index.html-:
Request starting HTTP/1.1 GET http://localhost:5260/swagger/index.html - - -


2024-10-28 14:47:07.7408-INFO-Microsoft.AspNetCore.DataProtection.KeyManagement.XmlKeyManager--:
User profile is available. Using 'C:\Users\Van Laptop\AppData\Local\ASP.NET\DataProtection-Keys' as key repository and Windows DPAPI to encrypt keys at rest.


2024-10-28 14:47:07.9156-INFO-Microsoft.Hosting.Lifetime--:
Now listening on: http://localhost:5260


2024-10-28 14:47:07.9163-INFO-Microsoft.Hosting.Lifetime--:
Application started. Press Ctrl+C to shut down.


2024-10-28 14:47:07.9163-INFO-Microsoft.Hosting.Lifetime--:
Hosting environment: Development


2024-10-28 14:47:07.9163-INFO-Microsoft.Hosting.Lifetime--:
Content root path: D:\Code\Cong TT\CodeBECong\Api\Xim.AppApi


2024-10-28 14:47:09.7873-INFO-Microsoft.AspNetCore.Hosting.Diagnostics-http://localhost/swagger/index.html-:
Request starting HTTP/1.1 GET http://localhost:5260/swagger/index.html - - -


