2025-01-22 08:16:19.6938-INFO-Microsoft.AspNetCore.DataProtection.KeyManagement.XmlKeyManager--:
User profile is available. Using 'C:\Users\Van Laptop\AppData\Local\ASP.NET\DataProtection-Keys' as key repository and Windows DPAPI to encrypt keys at rest.


2025-01-22 08:16:19.9789-INFO-Microsoft.Hosting.Lifetime--:
Now listening on: http://localhost:5260


2025-01-22 08:16:19.9789-INFO-Microsoft.Hosting.Lifetime--:
Application started. Press Ctrl+C to shut down.


2025-01-22 08:16:19.9789-INFO-Microsoft.Hosting.Lifetime--:
Hosting environment: Development


2025-01-22 08:16:19.9789-INFO-Microsoft.Hosting.Lifetime--:
Content root path: D:\Code\Cong TT\CodeBECong\Api\Xim.AppApi


2025-01-22 08:16:22.3095-INFO-Microsoft.AspNetCore.Hosting.Diagnostics-http://localhost/swagger/index.html-:
Request starting HTTP/1.1 GET http://localhost:5260/swagger/index.html - - -


2025-01-22 08:16:22.5877-INFO-Microsoft.AspNetCore.Hosting.Diagnostics-http://localhost/swagger/index.html-:
Request finished HTTP/1.1 GET http://localhost:5260/swagger/index.html - 200 - text/html;charset=utf-8 294.3393ms


2025-01-22 08:16:22.8306-INFO-Microsoft.AspNetCore.Hosting.Diagnostics-http://localhost/swagger/v1/swagger.json-:
Request starting HTTP/1.1 GET http://localhost:5260/swagger/v1/swagger.json - - -


2025-01-22 08:16:23.2014-INFO-Microsoft.AspNetCore.Hosting.Diagnostics-http://localhost/swagger/v1/swagger.json-:
Request finished HTTP/1.1 GET http://localhost:5260/swagger/v1/swagger.json - 200 - application/json;charset=utf-8 371.4495ms


2025-01-22 08:32:49.9425-INFO-Microsoft.AspNetCore.DataProtection.KeyManagement.XmlKeyManager--:
User profile is available. Using 'C:\Users\Van Laptop\AppData\Local\ASP.NET\DataProtection-Keys' as key repository and Windows DPAPI to encrypt keys at rest.


2025-01-22 08:32:50.3457-INFO-Microsoft.Hosting.Lifetime--:
Now listening on: http://localhost:5260


2025-01-22 08:32:50.3457-INFO-Microsoft.Hosting.Lifetime--:
Application started. Press Ctrl+C to shut down.


2025-01-22 08:32:50.3457-INFO-Microsoft.Hosting.Lifetime--:
Hosting environment: Development


2025-01-22 08:32:50.3487-INFO-Microsoft.Hosting.Lifetime--:
Content root path: D:\Code\Cong TT\CodeBECong\Api\Xim.AppApi


