2024-11-04 10:45:21.7313-INFO-Microsoft.AspNetCore.DataProtection.KeyManagement.XmlKeyManager--:
User profile is available. Using 'C:\Users\Van Laptop\AppData\Local\ASP.NET\DataProtection-Keys' as key repository and Windows DPAPI to encrypt keys at rest.


2024-11-04 10:45:22.4782-INFO-Microsoft.Hosting.Lifetime--:
Now listening on: http://localhost:5260


2024-11-04 10:45:22.6648-INFO-Microsoft.Hosting.Lifetime--:
Application started. Press Ctrl+C to shut down.


2024-11-04 10:45:22.6648-INFO-Microsoft.Hosting.Lifetime--:
Hosting environment: Development


2024-11-04 10:45:22.6648-INFO-Microsoft.Hosting.Lifetime--:
Content root path: D:\Code\Cong TT\CodeBECong\Api\Xim.AppApi


2024-11-04 10:45:29.2937-INFO-Microsoft.AspNetCore.Hosting.Diagnostics-http://localhost/swagger/index.html-:
Request starting HTTP/1.1 GET http://localhost:5260/swagger/index.html - - -


2024-11-04 10:45:30.2399-INFO-Microsoft.AspNetCore.Hosting.Diagnostics-http://localhost/swagger/index.html-:
Request finished HTTP/1.1 GET http://localhost:5260/swagger/index.html - 200 - text/html;charset=utf-8 952.3729ms


2024-11-04 10:45:31.0101-INFO-Microsoft.AspNetCore.Hosting.Diagnostics-http://localhost/swagger/v1/swagger.json-:
Request starting HTTP/1.1 GET http://localhost:5260/swagger/v1/swagger.json - - -


2024-11-04 10:45:31.1655-INFO-Microsoft.AspNetCore.Hosting.Diagnostics-http://localhost/swagger/v1/swagger.json-:
Request finished HTTP/1.1 GET http://localhost:5260/swagger/v1/swagger.json - 200 - application/json;charset=utf-8 156.1632ms


2024-11-04 10:46:27.1561-INFO-Microsoft.AspNetCore.DataProtection.KeyManagement.XmlKeyManager--:
User profile is available. Using 'C:\Users\Van Laptop\AppData\Local\ASP.NET\DataProtection-Keys' as key repository and Windows DPAPI to encrypt keys at rest.


2024-11-04 10:46:27.3302-INFO-Microsoft.Hosting.Lifetime--:
Now listening on: http://localhost:5260


2024-11-04 10:46:27.3302-INFO-Microsoft.Hosting.Lifetime--:
Application started. Press Ctrl+C to shut down.


2024-11-04 10:46:27.3302-INFO-Microsoft.Hosting.Lifetime--:
Hosting environment: Development


2024-11-04 10:46:27.3302-INFO-Microsoft.Hosting.Lifetime--:
Content root path: D:\Code\Cong TT\CodeBECong\Api\Xim.AppApi


2024-11-04 10:46:29.7762-INFO-Microsoft.AspNetCore.Hosting.Diagnostics-http://localhost/swagger/index.html-:
Request starting HTTP/1.1 GET http://localhost:5260/swagger/index.html - - -


2024-11-04 10:46:30.2765-INFO-Microsoft.AspNetCore.Hosting.Diagnostics-http://localhost/swagger/index.html-:
Request finished HTTP/1.1 GET http://localhost:5260/swagger/index.html - 200 - text/html;charset=utf-8 516.9624ms


2024-11-04 10:46:30.6476-INFO-Microsoft.AspNetCore.Hosting.Diagnostics-http://localhost/swagger/v1/swagger.json-:
Request starting HTTP/1.1 GET http://localhost:5260/swagger/v1/swagger.json - - -


2024-11-04 10:46:31.2170-INFO-Microsoft.AspNetCore.Hosting.Diagnostics-http://localhost/swagger/v1/swagger.json-:
Request finished HTTP/1.1 GET http://localhost:5260/swagger/v1/swagger.json - 200 - application/json;charset=utf-8 570.9441ms


2024-11-04 10:47:09.5197-INFO-Microsoft.AspNetCore.DataProtection.KeyManagement.XmlKeyManager--:
User profile is available. Using 'C:\Users\Van Laptop\AppData\Local\ASP.NET\DataProtection-Keys' as key repository and Windows DPAPI to encrypt keys at rest.


2024-11-04 10:47:09.7615-INFO-Microsoft.Hosting.Lifetime--:
Now listening on: http://localhost:5260


2024-11-04 10:47:09.7615-INFO-Microsoft.Hosting.Lifetime--:
Application started. Press Ctrl+C to shut down.


2024-11-04 10:47:09.7615-INFO-Microsoft.Hosting.Lifetime--:
Hosting environment: Development


2024-11-04 10:47:09.7615-INFO-Microsoft.Hosting.Lifetime--:
Content root path: D:\Code\Cong TT\CodeBECong\Api\Xim.AppApi


2024-11-04 10:47:10.9793-INFO-Microsoft.AspNetCore.Hosting.Diagnostics-http://localhost/swagger/index.html-:
Request starting HTTP/1.1 GET http://localhost:5260/swagger/index.html - - -


2024-11-04 10:47:11.1909-INFO-Microsoft.AspNetCore.Hosting.Diagnostics-http://localhost/swagger/index.html-:
Request finished HTTP/1.1 GET http://localhost:5260/swagger/index.html - 200 - text/html;charset=utf-8 224.4636ms


2024-11-04 10:47:11.3421-INFO-Microsoft.AspNetCore.Hosting.Diagnostics-http://localhost/swagger/v1/swagger.json-:
Request starting HTTP/1.1 GET http://localhost:5260/swagger/v1/swagger.json - - -


2024-11-04 10:47:11.5750-INFO-Microsoft.AspNetCore.Hosting.Diagnostics-http://localhost/swagger/v1/swagger.json-:
Request finished HTTP/1.1 GET http://localhost:5260/swagger/v1/swagger.json - 200 - application/json;charset=utf-8 233.5349ms


2024-11-04 10:49:47.8554-INFO-Microsoft.AspNetCore.DataProtection.KeyManagement.XmlKeyManager--:
User profile is available. Using 'C:\Users\Van Laptop\AppData\Local\ASP.NET\DataProtection-Keys' as key repository and Windows DPAPI to encrypt keys at rest.


2024-11-04 10:49:48.2266-INFO-Microsoft.Hosting.Lifetime--:
Now listening on: http://localhost:5260


2024-11-04 10:49:48.2275-INFO-Microsoft.Hosting.Lifetime--:
Application started. Press Ctrl+C to shut down.


2024-11-04 10:49:48.2275-INFO-Microsoft.Hosting.Lifetime--:
Hosting environment: Development


2024-11-04 10:49:48.2275-INFO-Microsoft.Hosting.Lifetime--:
Content root path: D:\Code\Cong TT\CodeBECong\Api\Xim.AppApi


2024-11-04 10:49:49.6646-INFO-Microsoft.AspNetCore.Hosting.Diagnostics-http://localhost/swagger/index.html-:
Request starting HTTP/1.1 GET http://localhost:5260/swagger/index.html - - -


2024-11-04 10:49:49.8685-INFO-Microsoft.AspNetCore.Hosting.Diagnostics-http://localhost/swagger/index.html-:
Request finished HTTP/1.1 GET http://localhost:5260/swagger/index.html - 200 - text/html;charset=utf-8 218.1925ms


2024-11-04 10:49:50.0161-INFO-Microsoft.AspNetCore.Hosting.Diagnostics-http://localhost/swagger/v1/swagger.json-:
Request starting HTTP/1.1 GET http://localhost:5260/swagger/v1/swagger.json - - -


2024-11-04 10:49:50.2744-INFO-Microsoft.AspNetCore.Hosting.Diagnostics-http://localhost/swagger/v1/swagger.json-:
Request finished HTTP/1.1 GET http://localhost:5260/swagger/v1/swagger.json - 200 - application/json;charset=utf-8 259.0064ms


2024-11-04 10:50:16.9932-INFO-Microsoft.AspNetCore.Hosting.Diagnostics-http://localhost/TinTucs/uploadImage-:
Request starting HTTP/1.1 POST http://localhost:5260/TinTucs/uploadImage - multipart/form-data;+boundary=----WebKitFormBoundaryzfa2zbwiUXpRT45H 28927


2024-11-04 10:50:17.0131-INFO-Microsoft.AspNetCore.Cors.Infrastructure.CorsService-http://localhost/TinTucs/uploadImage-Upload:
CORS policy execution successful.


2024-11-04 10:50:17.5399-INFO-Microsoft.AspNetCore.Authorization.DefaultAuthorizationService-http://localhost/TinTucs/uploadImage-Upload:
Authorization failed. These requirements were not met:
DenyAnonymousAuthorizationRequirement: Requires an authenticated user.


2024-11-04 10:50:17.5399-INFO-Microsoft.AspNetCore.Authentication.JwtBearer.JwtBearerHandler-http://localhost/TinTucs/uploadImage-Upload:
AuthenticationScheme: Bearer was challenged.


2024-11-04 10:50:17.5399-INFO-Microsoft.AspNetCore.Hosting.Diagnostics-http://localhost/TinTucs/uploadImage-Upload:
Request finished HTTP/1.1 POST http://localhost:5260/TinTucs/uploadImage - 401 0 - 556.3735ms


2024-11-04 10:50:44.0925-INFO-Microsoft.AspNetCore.Hosting.Diagnostics-http://localhost/Accounts/login-:
Request starting HTTP/1.1 POST http://localhost:5260/Accounts/login - application/json-patch+json 49


2024-11-04 10:50:44.1033-INFO-Microsoft.AspNetCore.Cors.Infrastructure.CorsService-http://localhost/Accounts/login-Login:
CORS policy execution successful.


2024-11-04 10:50:44.1198-INFO-Microsoft.AspNetCore.Routing.EndpointMiddleware-http://localhost/Accounts/login-Login:
Executing endpoint 'Xim.AppApi.Controllers.AccountController.LoginAsync (API)'


2024-11-04 10:50:44.1518-INFO-Microsoft.AspNetCore.Mvc.Infrastructure.ControllerActionInvoker-http://localhost/Accounts/login-Login:
Route matched with {action = "Login", controller = "Account"}. Executing controller action with signature System.Threading.Tasks.Task`1[Microsoft.AspNetCore.Mvc.IActionResult] LoginAsync(Xim.Application.Contracts.Users.UserDtoLogin) on controller Xim.AppApi.Controllers.AccountController (API).


2024-11-04 10:50:44.5088-INFO-Microsoft.AspNetCore.Mvc.Infrastructure.ObjectResultExecutor-http://localhost/Accounts/login-Login:
Executing OkObjectResult, writing value of type 'Xim.AppApi.Controllers.AccountController+JwtTokenInfo'.


2024-11-04 10:50:44.5267-INFO-Microsoft.AspNetCore.Mvc.Infrastructure.ControllerActionInvoker-http://localhost/Accounts/login-Login:
Executed action Xim.AppApi.Controllers.AccountController.LoginAsync (API) in 373.3188ms


2024-11-04 10:50:44.5267-INFO-Microsoft.AspNetCore.Routing.EndpointMiddleware-http://localhost/Accounts/login-Login:
Executed endpoint 'Xim.AppApi.Controllers.AccountController.LoginAsync (API)'


2024-11-04 10:50:44.5267-INFO-Microsoft.AspNetCore.Hosting.Diagnostics-http://localhost/Accounts/login-Login:
Request finished HTTP/1.1 POST http://localhost:5260/Accounts/login - 200 599 application/json;+charset=utf-8 442.2927ms


2024-11-04 10:51:21.5116-INFO-Microsoft.AspNetCore.Hosting.Diagnostics-http://localhost/TinTucs/uploadImage-:
Request starting HTTP/1.1 POST http://localhost:5260/TinTucs/uploadImage - multipart/form-data;+boundary=----WebKitFormBoundary8Fa0X8b2yj5mmJtr 28927


2024-11-04 10:51:21.5116-INFO-Microsoft.AspNetCore.Cors.Infrastructure.CorsService-http://localhost/TinTucs/uploadImage-Upload:
CORS policy execution successful.


2024-11-04 10:51:21.5116-INFO-Microsoft.AspNetCore.Authorization.DefaultAuthorizationService-http://localhost/TinTucs/uploadImage-Upload:
Authorization failed. These requirements were not met:
DenyAnonymousAuthorizationRequirement: Requires an authenticated user.


2024-11-04 10:51:21.5116-INFO-Microsoft.AspNetCore.Authentication.JwtBearer.JwtBearerHandler-http://localhost/TinTucs/uploadImage-Upload:
AuthenticationScheme: Bearer was challenged.


2024-11-04 10:51:21.5116-INFO-Microsoft.AspNetCore.Hosting.Diagnostics-http://localhost/TinTucs/uploadImage-Upload:
Request finished HTTP/1.1 POST http://localhost:5260/TinTucs/uploadImage - 401 0 - 3.3556ms


2024-11-04 10:51:28.8695-INFO-Microsoft.AspNetCore.Hosting.Diagnostics-http://localhost/Accounts/login-:
Request starting HTTP/1.1 POST http://localhost:5260/Accounts/login - application/json-patch+json 49


2024-11-04 10:51:28.8695-INFO-Microsoft.AspNetCore.Cors.Infrastructure.CorsService-http://localhost/Accounts/login-Login:
CORS policy execution successful.


2024-11-04 10:51:28.8695-INFO-Microsoft.AspNetCore.Routing.EndpointMiddleware-http://localhost/Accounts/login-Login:
Executing endpoint 'Xim.AppApi.Controllers.AccountController.LoginAsync (API)'


2024-11-04 10:51:28.8695-INFO-Microsoft.AspNetCore.Mvc.Infrastructure.ControllerActionInvoker-http://localhost/Accounts/login-Login:
Route matched with {action = "Login", controller = "Account"}. Executing controller action with signature System.Threading.Tasks.Task`1[Microsoft.AspNetCore.Mvc.IActionResult] LoginAsync(Xim.Application.Contracts.Users.UserDtoLogin) on controller Xim.AppApi.Controllers.AccountController (API).


2024-11-04 10:51:28.8838-INFO-Microsoft.AspNetCore.Mvc.Infrastructure.ObjectResultExecutor-http://localhost/Accounts/login-Login:
Executing OkObjectResult, writing value of type 'Xim.AppApi.Controllers.AccountController+JwtTokenInfo'.


2024-11-04 10:51:28.8838-INFO-Microsoft.AspNetCore.Mvc.Infrastructure.ControllerActionInvoker-http://localhost/Accounts/login-Login:
Executed action Xim.AppApi.Controllers.AccountController.LoginAsync (API) in 23.0881ms


2024-11-04 10:51:28.8838-INFO-Microsoft.AspNetCore.Routing.EndpointMiddleware-http://localhost/Accounts/login-Login:
Executed endpoint 'Xim.AppApi.Controllers.AccountController.LoginAsync (API)'


2024-11-04 10:51:28.8838-INFO-Microsoft.AspNetCore.Hosting.Diagnostics-http://localhost/Accounts/login-Login:
Request finished HTTP/1.1 POST http://localhost:5260/Accounts/login - 200 599 application/json;+charset=utf-8 24.8484ms


2024-11-04 10:52:01.0396-INFO-Microsoft.AspNetCore.Hosting.Diagnostics-http://localhost/TinTucs/uploadImage-:
Request starting HTTP/1.1 POST http://localhost:5260/TinTucs/uploadImage - multipart/form-data;+boundary=----WebKitFormBoundarydxRzIoTX4p2aDZY8 28927


2024-11-04 10:52:01.0403-INFO-Microsoft.AspNetCore.Cors.Infrastructure.CorsService-http://localhost/TinTucs/uploadImage-Upload:
CORS policy execution successful.


2024-11-04 10:52:01.1294-INFO-Microsoft.AspNetCore.Routing.EndpointMiddleware-http://localhost/TinTucs/uploadImage-Upload:
Executing endpoint 'Xim.AppApi.Controllers.TinTucController.UploadAsync (API)'


2024-11-04 10:52:01.1354-INFO-Microsoft.AspNetCore.Mvc.Infrastructure.ControllerActionInvoker-http://localhost/TinTucs/uploadImage-Upload:
Route matched with {action = "Upload", controller = "TinTuc"}. Executing controller action with signature System.Threading.Tasks.Task`1[Microsoft.AspNetCore.Mvc.IActionResult] UploadAsync(Microsoft.AspNetCore.Http.IFormFile) on controller Xim.AppApi.Controllers.TinTucController (API).


2024-11-04 10:52:01.1652-INFO-Microsoft.AspNetCore.Mvc.Infrastructure.ObjectResultExecutor-http://localhost/TinTucs/uploadImage-Upload:
Executing OkObjectResult, writing value of type 'Microsoft.AspNetCore.Http.FormFile'.


2024-11-04 10:52:01.1842-INFO-Microsoft.AspNetCore.Mvc.Infrastructure.ControllerActionInvoker-http://localhost/TinTucs/uploadImage-Upload:
Executed action Xim.AppApi.Controllers.TinTucController.UploadAsync (API) in 47.5029ms


2024-11-04 10:52:01.1842-INFO-Microsoft.AspNetCore.Routing.EndpointMiddleware-http://localhost/TinTucs/uploadImage-Upload:
Executed endpoint 'Xim.AppApi.Controllers.TinTucController.UploadAsync (API)'


2024-11-04 10:52:01.1842-INFO-Microsoft.AspNetCore.Hosting.Diagnostics-http://localhost/TinTucs/uploadImage-Upload:
Request finished HTTP/1.1 POST http://localhost:5260/TinTucs/uploadImage - 200 273 application/json;+charset=utf-8 145.5444ms


2024-11-04 15:06:30.9759-INFO-Microsoft.AspNetCore.DataProtection.KeyManagement.XmlKeyManager--:
User profile is available. Using 'C:\Users\Van Laptop\AppData\Local\ASP.NET\DataProtection-Keys' as key repository and Windows DPAPI to encrypt keys at rest.


2024-11-04 15:06:31.2117-INFO-Microsoft.Hosting.Lifetime--:
Now listening on: http://localhost:5260


2024-11-04 15:06:31.2117-INFO-Microsoft.Hosting.Lifetime--:
Application started. Press Ctrl+C to shut down.


2024-11-04 15:06:31.2117-INFO-Microsoft.Hosting.Lifetime--:
Hosting environment: Development


2024-11-04 15:06:31.2117-INFO-Microsoft.Hosting.Lifetime--:
Content root path: D:\Code\Cong TT\CodeBECong\Api\Xim.AppApi


2024-11-04 15:06:32.6071-INFO-Microsoft.AspNetCore.Hosting.Diagnostics-http://localhost/swagger/index.html-:
Request starting HTTP/1.1 GET http://localhost:5260/swagger/index.html - - -


2024-11-04 15:06:32.8062-INFO-Microsoft.AspNetCore.Hosting.Diagnostics-http://localhost/swagger/index.html-:
Request finished HTTP/1.1 GET http://localhost:5260/swagger/index.html - 200 - text/html;charset=utf-8 198.2198ms


2024-11-04 15:06:32.9367-INFO-Microsoft.AspNetCore.Hosting.Diagnostics-http://localhost/swagger/v1/swagger.json-:
Request starting HTTP/1.1 GET http://localhost:5260/swagger/v1/swagger.json - - -


2024-11-04 15:06:33.1749-INFO-Microsoft.AspNetCore.Hosting.Diagnostics-http://localhost/swagger/v1/swagger.json-:
Request finished HTTP/1.1 GET http://localhost:5260/swagger/v1/swagger.json - 200 - application/json;charset=utf-8 239.1236ms


2024-11-04 15:07:22.0450-INFO-Microsoft.AspNetCore.Hosting.Diagnostics-http://localhost/Menus/GetTinTucByMenu-:
Request starting HTTP/1.1 POST http://localhost:5260/Menus/GetTinTucByMenu?idmenu=47d3aedf-1758-43c6-92b3-cca178fcaba4 - application/json-patch+json 38


2024-11-04 15:07:22.0868-INFO-Microsoft.AspNetCore.Cors.Infrastructure.CorsService-http://localhost/Menus/GetTinTucByMenu-GetTinTucbyMenu:
CORS policy execution successful.


2024-11-04 15:07:22.4393-INFO-Microsoft.AspNetCore.Routing.EndpointMiddleware-http://localhost/Menus/GetTinTucByMenu-GetTinTucbyMenu:
Executing endpoint 'Xim.AppApi.Controllers.MenuController.GetTinTucbyMenuAsync (API)'


2024-11-04 15:07:22.4619-INFO-Microsoft.AspNetCore.Mvc.Infrastructure.ControllerActionInvoker-http://localhost/Menus/GetTinTucByMenu-GetTinTucbyMenu:
Route matched with {action = "GetTinTucbyMenu", controller = "Menu"}. Executing controller action with signature System.Threading.Tasks.Task`1[Microsoft.AspNetCore.Mvc.IActionResult] GetTinTucbyMenuAsync(System.Guid, Xim.Domain.Pagings.paging) on controller Xim.AppApi.Controllers.MenuController (API).


2024-11-04 15:07:23.0403-INFO-Microsoft.AspNetCore.Mvc.Infrastructure.ObjectResultExecutor-http://localhost/Menus/GetTinTucByMenu-GetTinTucbyMenu:
Executing ObjectResult, writing value of type 'System.String'.


2024-11-04 15:07:23.0403-INFO-Microsoft.AspNetCore.Mvc.Infrastructure.ControllerActionInvoker-http://localhost/Menus/GetTinTucByMenu-GetTinTucbyMenu:
Executed action Xim.AppApi.Controllers.MenuController.GetTinTucbyMenuAsync (API) in 573.7468ms


2024-11-04 15:07:23.0403-INFO-Microsoft.AspNetCore.Routing.EndpointMiddleware-http://localhost/Menus/GetTinTucByMenu-GetTinTucbyMenu:
Executed endpoint 'Xim.AppApi.Controllers.MenuController.GetTinTucbyMenuAsync (API)'


2024-11-04 15:07:23.0552-INFO-Microsoft.AspNetCore.Hosting.Diagnostics-http://localhost/Menus/GetTinTucByMenu-GetTinTucbyMenu:
Request finished HTTP/1.1 POST http://localhost:5260/Menus/GetTinTucByMenu?idmenu=47d3aedf-1758-43c6-92b3-cca178fcaba4 - 500 - text/plain;+charset=utf-8 1010.3755ms


2024-11-04 15:08:29.6531-INFO-Microsoft.AspNetCore.Hosting.Diagnostics-http://localhost/Menus/GetTinTucByMenu-:
Request starting HTTP/1.1 POST http://localhost:5260/Menus/GetTinTucByMenu?idmenu=47d3aedf-1758-43c6-92b3-cca178fcaba4 - application/json-patch+json 38


2024-11-04 15:08:29.6655-INFO-Microsoft.AspNetCore.Cors.Infrastructure.CorsService-http://localhost/Menus/GetTinTucByMenu-GetTinTucbyMenu:
CORS policy execution successful.


2024-11-04 15:08:29.6821-INFO-Microsoft.AspNetCore.Routing.EndpointMiddleware-http://localhost/Menus/GetTinTucByMenu-GetTinTucbyMenu:
Executing endpoint 'Xim.AppApi.Controllers.MenuController.GetTinTucbyMenuAsync (API)'


2024-11-04 15:08:29.6821-INFO-Microsoft.AspNetCore.Mvc.Infrastructure.ControllerActionInvoker-http://localhost/Menus/GetTinTucByMenu-GetTinTucbyMenu:
Route matched with {action = "GetTinTucbyMenu", controller = "Menu"}. Executing controller action with signature System.Threading.Tasks.Task`1[Microsoft.AspNetCore.Mvc.IActionResult] GetTinTucbyMenuAsync(System.Guid, Xim.Domain.Pagings.paging) on controller Xim.AppApi.Controllers.MenuController (API).


2024-11-04 15:08:29.8230-INFO-Microsoft.AspNetCore.Mvc.Infrastructure.ObjectResultExecutor-http://localhost/Menus/GetTinTucByMenu-GetTinTucbyMenu:
Executing ObjectResult, writing value of type 'System.String'.


2024-11-04 15:08:29.8230-INFO-Microsoft.AspNetCore.Mvc.Infrastructure.ControllerActionInvoker-http://localhost/Menus/GetTinTucByMenu-GetTinTucbyMenu:
Executed action Xim.AppApi.Controllers.MenuController.GetTinTucbyMenuAsync (API) in 137.9493ms


2024-11-04 15:08:29.8230-INFO-Microsoft.AspNetCore.Routing.EndpointMiddleware-http://localhost/Menus/GetTinTucByMenu-GetTinTucbyMenu:
Executed endpoint 'Xim.AppApi.Controllers.MenuController.GetTinTucbyMenuAsync (API)'


2024-11-04 15:08:29.8230-INFO-Microsoft.AspNetCore.Hosting.Diagnostics-http://localhost/Menus/GetTinTucByMenu-GetTinTucbyMenu:
Request finished HTTP/1.1 POST http://localhost:5260/Menus/GetTinTucByMenu?idmenu=47d3aedf-1758-43c6-92b3-cca178fcaba4 - 500 - text/plain;+charset=utf-8 164.7402ms


2024-11-04 15:11:04.1506-INFO-Microsoft.AspNetCore.DataProtection.KeyManagement.XmlKeyManager--:
User profile is available. Using 'C:\Users\Van Laptop\AppData\Local\ASP.NET\DataProtection-Keys' as key repository and Windows DPAPI to encrypt keys at rest.


2024-11-04 15:11:04.4476-INFO-Microsoft.Hosting.Lifetime--:
Now listening on: http://localhost:5260


2024-11-04 15:11:04.4476-INFO-Microsoft.Hosting.Lifetime--:
Application started. Press Ctrl+C to shut down.


2024-11-04 15:11:04.4476-INFO-Microsoft.Hosting.Lifetime--:
Hosting environment: Development


2024-11-04 15:11:04.4476-INFO-Microsoft.Hosting.Lifetime--:
Content root path: D:\Code\Cong TT\CodeBECong\Api\Xim.AppApi


2024-11-04 15:11:05.4595-INFO-Microsoft.AspNetCore.Hosting.Diagnostics-http://localhost/swagger/index.html-:
Request starting HTTP/1.1 GET http://localhost:5260/swagger/index.html - - -


2024-11-04 15:11:05.6651-INFO-Microsoft.AspNetCore.Hosting.Diagnostics-http://localhost/swagger/index.html-:
Request finished HTTP/1.1 GET http://localhost:5260/swagger/index.html - 200 - text/html;charset=utf-8 215.1930ms


2024-11-04 15:11:05.8246-INFO-Microsoft.AspNetCore.Hosting.Diagnostics-http://localhost/swagger/v1/swagger.json-:
Request starting HTTP/1.1 GET http://localhost:5260/swagger/v1/swagger.json - - -


2024-11-04 15:11:06.0641-INFO-Microsoft.AspNetCore.Hosting.Diagnostics-http://localhost/swagger/v1/swagger.json-:
Request finished HTTP/1.1 GET http://localhost:5260/swagger/v1/swagger.json - 200 - application/json;charset=utf-8 240.3561ms


2024-11-04 15:11:35.6972-INFO-Microsoft.AspNetCore.Hosting.Diagnostics-http://localhost/Menus/GetTinTucByMenu-:
Request starting HTTP/1.1 POST http://localhost:5260/Menus/GetTinTucByMenu?idmenu=47d3aedf-1758-43c6-92b3-cca178fcaba4 - application/json-patch+json 38


2024-11-04 15:11:35.7285-INFO-Microsoft.AspNetCore.Cors.Infrastructure.CorsService-http://localhost/Menus/GetTinTucByMenu-GetTinTucbyMenu:
CORS policy execution successful.


2024-11-04 15:11:35.7757-INFO-Microsoft.AspNetCore.Routing.EndpointMiddleware-http://localhost/Menus/GetTinTucByMenu-GetTinTucbyMenu:
Executing endpoint 'Xim.AppApi.Controllers.MenuController.GetTinTucbyMenuAsync (API)'


2024-11-04 15:11:35.8054-INFO-Microsoft.AspNetCore.Mvc.Infrastructure.ControllerActionInvoker-http://localhost/Menus/GetTinTucByMenu-GetTinTucbyMenu:
Route matched with {action = "GetTinTucbyMenu", controller = "Menu"}. Executing controller action with signature System.Threading.Tasks.Task`1[Microsoft.AspNetCore.Mvc.IActionResult] GetTinTucbyMenuAsync(System.Guid, Xim.Domain.Pagings.paging) on controller Xim.AppApi.Controllers.MenuController (API).


2024-11-04 15:11:36.1063-INFO-Microsoft.AspNetCore.Mvc.Infrastructure.ObjectResultExecutor-http://localhost/Menus/GetTinTucByMenu-GetTinTucbyMenu:
Executing ObjectResult, writing value of type 'System.String'.


2024-11-04 15:11:36.1177-INFO-Microsoft.AspNetCore.Mvc.Infrastructure.ControllerActionInvoker-http://localhost/Menus/GetTinTucByMenu-GetTinTucbyMenu:
Executed action Xim.AppApi.Controllers.MenuController.GetTinTucbyMenuAsync (API) in 308.1199ms


2024-11-04 15:11:36.1177-INFO-Microsoft.AspNetCore.Routing.EndpointMiddleware-http://localhost/Menus/GetTinTucByMenu-GetTinTucbyMenu:
Executed endpoint 'Xim.AppApi.Controllers.MenuController.GetTinTucbyMenuAsync (API)'


2024-11-04 15:11:36.1177-INFO-Microsoft.AspNetCore.Hosting.Diagnostics-http://localhost/Menus/GetTinTucByMenu-GetTinTucbyMenu:
Request finished HTTP/1.1 POST http://localhost:5260/Menus/GetTinTucByMenu?idmenu=47d3aedf-1758-43c6-92b3-cca178fcaba4 - 500 - text/plain;+charset=utf-8 429.5063ms


2024-11-04 15:12:25.0675-INFO-Microsoft.AspNetCore.Hosting.Diagnostics-http://localhost/Menus/GetTinTucByMenu-:
Request starting HTTP/1.1 POST http://localhost:5260/Menus/GetTinTucByMenu?idmenu=47d3aedf-1758-43c6-92b3-cca178fcaba4 - application/json-patch+json 38


2024-11-04 15:12:25.1077-INFO-Microsoft.AspNetCore.Cors.Infrastructure.CorsService-http://localhost/Menus/GetTinTucByMenu-GetTinTucbyMenu:
CORS policy execution successful.


2024-11-04 15:12:25.1196-INFO-Microsoft.AspNetCore.Routing.EndpointMiddleware-http://localhost/Menus/GetTinTucByMenu-GetTinTucbyMenu:
Executing endpoint 'Xim.AppApi.Controllers.MenuController.GetTinTucbyMenuAsync (API)'


2024-11-04 15:12:25.1196-INFO-Microsoft.AspNetCore.Mvc.Infrastructure.ControllerActionInvoker-http://localhost/Menus/GetTinTucByMenu-GetTinTucbyMenu:
Route matched with {action = "GetTinTucbyMenu", controller = "Menu"}. Executing controller action with signature System.Threading.Tasks.Task`1[Microsoft.AspNetCore.Mvc.IActionResult] GetTinTucbyMenuAsync(System.Guid, Xim.Domain.Pagings.paging) on controller Xim.AppApi.Controllers.MenuController (API).


2024-11-04 15:12:33.2137-INFO-Microsoft.AspNetCore.Mvc.Infrastructure.ObjectResultExecutor-http://localhost/Menus/GetTinTucByMenu-GetTinTucbyMenu:
Executing ObjectResult, writing value of type 'System.String'.


2024-11-04 15:12:33.2137-INFO-Microsoft.AspNetCore.Mvc.Infrastructure.ControllerActionInvoker-http://localhost/Menus/GetTinTucByMenu-GetTinTucbyMenu:
Executed action Xim.AppApi.Controllers.MenuController.GetTinTucbyMenuAsync (API) in 8092.3182ms


2024-11-04 15:12:33.2137-INFO-Microsoft.AspNetCore.Routing.EndpointMiddleware-http://localhost/Menus/GetTinTucByMenu-GetTinTucbyMenu:
Executed endpoint 'Xim.AppApi.Controllers.MenuController.GetTinTucbyMenuAsync (API)'


2024-11-04 15:12:33.2137-INFO-Microsoft.AspNetCore.Hosting.Diagnostics-http://localhost/Menus/GetTinTucByMenu-GetTinTucbyMenu:
Request finished HTTP/1.1 POST http://localhost:5260/Menus/GetTinTucByMenu?idmenu=47d3aedf-1758-43c6-92b3-cca178fcaba4 - 500 - text/plain;+charset=utf-8 8152.8700ms


2024-11-04 15:13:47.4145-INFO-Microsoft.AspNetCore.DataProtection.KeyManagement.XmlKeyManager--:
User profile is available. Using 'C:\Users\Van Laptop\AppData\Local\ASP.NET\DataProtection-Keys' as key repository and Windows DPAPI to encrypt keys at rest.


2024-11-04 15:13:48.1307-INFO-Microsoft.Hosting.Lifetime--:
Now listening on: http://localhost:5260


2024-11-04 15:13:48.1307-INFO-Microsoft.Hosting.Lifetime--:
Application started. Press Ctrl+C to shut down.


2024-11-04 15:13:48.1307-INFO-Microsoft.Hosting.Lifetime--:
Hosting environment: Development


2024-11-04 15:13:48.1337-INFO-Microsoft.Hosting.Lifetime--:
Content root path: D:\Code\Cong TT\CodeBECong\Api\Xim.AppApi


2024-11-04 15:13:50.7656-INFO-Microsoft.AspNetCore.Hosting.Diagnostics-http://localhost/swagger/index.html-:
Request starting HTTP/1.1 GET http://localhost:5260/swagger/index.html - - -


2024-11-04 15:13:51.0992-INFO-Microsoft.AspNetCore.Hosting.Diagnostics-http://localhost/swagger/index.html-:
Request finished HTTP/1.1 GET http://localhost:5260/swagger/index.html - 200 - text/html;charset=utf-8 342.6599ms


2024-11-04 15:13:51.4306-INFO-Microsoft.AspNetCore.Hosting.Diagnostics-http://localhost/swagger/v1/swagger.json-:
Request starting HTTP/1.1 GET http://localhost:5260/swagger/v1/swagger.json - - -


2024-11-04 15:13:51.7932-INFO-Microsoft.AspNetCore.Hosting.Diagnostics-http://localhost/swagger/v1/swagger.json-:
Request finished HTTP/1.1 GET http://localhost:5260/swagger/v1/swagger.json - 200 - application/json;charset=utf-8 362.5545ms


2024-11-04 15:14:17.7918-INFO-Microsoft.AspNetCore.Hosting.Diagnostics-http://localhost/Menus/GetTinTucByMenu-:
Request starting HTTP/1.1 POST http://localhost:5260/Menus/GetTinTucByMenu?idmenu=47d3aedf-1758-43c6-92b3-cca178fcaba4 - application/json-patch+json 38


2024-11-04 15:14:17.8282-INFO-Microsoft.AspNetCore.Cors.Infrastructure.CorsService-http://localhost/Menus/GetTinTucByMenu-GetTinTucbyMenu:
CORS policy execution successful.


2024-11-04 15:14:18.1809-INFO-Microsoft.AspNetCore.Routing.EndpointMiddleware-http://localhost/Menus/GetTinTucByMenu-GetTinTucbyMenu:
Executing endpoint 'Xim.AppApi.Controllers.MenuController.GetTinTucbyMenuAsync (API)'


2024-11-04 15:14:18.1959-INFO-Microsoft.AspNetCore.Mvc.Infrastructure.ControllerActionInvoker-http://localhost/Menus/GetTinTucByMenu-GetTinTucbyMenu:
Route matched with {action = "GetTinTucbyMenu", controller = "Menu"}. Executing controller action with signature System.Threading.Tasks.Task`1[Microsoft.AspNetCore.Mvc.IActionResult] GetTinTucbyMenuAsync(System.Guid, Xim.Domain.Pagings.paging) on controller Xim.AppApi.Controllers.MenuController (API).


2024-11-04 15:14:21.4933-INFO-Microsoft.AspNetCore.Mvc.Infrastructure.ObjectResultExecutor-http://localhost/Menus/GetTinTucByMenu-GetTinTucbyMenu:
Executing ObjectResult, writing value of type 'System.String'.


2024-11-04 15:14:21.5165-INFO-Microsoft.AspNetCore.Mvc.Infrastructure.ControllerActionInvoker-http://localhost/Menus/GetTinTucByMenu-GetTinTucbyMenu:
Executed action Xim.AppApi.Controllers.MenuController.GetTinTucbyMenuAsync (API) in 3292.2395ms


2024-11-04 15:14:21.5165-INFO-Microsoft.AspNetCore.Routing.EndpointMiddleware-http://localhost/Menus/GetTinTucByMenu-GetTinTucbyMenu:
Executed endpoint 'Xim.AppApi.Controllers.MenuController.GetTinTucbyMenuAsync (API)'


2024-11-04 15:14:21.5241-INFO-Microsoft.AspNetCore.Hosting.Diagnostics-http://localhost/Menus/GetTinTucByMenu-GetTinTucbyMenu:
Request finished HTTP/1.1 POST http://localhost:5260/Menus/GetTinTucByMenu?idmenu=47d3aedf-1758-43c6-92b3-cca178fcaba4 - 500 - text/plain;+charset=utf-8 3726.2489ms


2024-11-04 15:15:19.5570-INFO-Microsoft.AspNetCore.DataProtection.KeyManagement.XmlKeyManager--:
User profile is available. Using 'C:\Users\Van Laptop\AppData\Local\ASP.NET\DataProtection-Keys' as key repository and Windows DPAPI to encrypt keys at rest.


2024-11-04 15:15:19.7898-INFO-Microsoft.Hosting.Lifetime--:
Now listening on: http://localhost:5260


2024-11-04 15:15:19.8059-INFO-Microsoft.Hosting.Lifetime--:
Application started. Press Ctrl+C to shut down.


2024-11-04 15:15:19.8059-INFO-Microsoft.Hosting.Lifetime--:
Hosting environment: Development


2024-11-04 15:15:19.8059-INFO-Microsoft.Hosting.Lifetime--:
Content root path: D:\Code\Cong TT\CodeBECong\Api\Xim.AppApi


2024-11-04 15:15:20.9694-INFO-Microsoft.AspNetCore.Hosting.Diagnostics-http://localhost/swagger/index.html-:
Request starting HTTP/1.1 GET http://localhost:5260/swagger/index.html - - -


2024-11-04 15:15:21.2274-INFO-Microsoft.AspNetCore.Hosting.Diagnostics-http://localhost/swagger/index.html-:
Request finished HTTP/1.1 GET http://localhost:5260/swagger/index.html - 200 - text/html;charset=utf-8 272.7483ms


2024-11-04 15:15:22.6418-INFO-Microsoft.AspNetCore.Hosting.Diagnostics-http://localhost/swagger/v1/swagger.json-:
Request starting HTTP/1.1 GET http://localhost:5260/swagger/v1/swagger.json - - -


2024-11-04 15:15:22.9029-INFO-Microsoft.AspNetCore.Hosting.Diagnostics-http://localhost/swagger/v1/swagger.json-:
Request finished HTTP/1.1 GET http://localhost:5260/swagger/v1/swagger.json - 200 - application/json;charset=utf-8 261.8007ms


2024-11-04 15:15:39.1030-INFO-Microsoft.AspNetCore.Hosting.Diagnostics-http://localhost/Menus/GetTinTucByMenu-:
Request starting HTTP/1.1 POST http://localhost:5260/Menus/GetTinTucByMenu?idmenu=47d3aedf-1758-43c6-92b3-cca178fcaba4 - application/json-patch+json 38


2024-11-04 15:15:39.1030-INFO-Microsoft.AspNetCore.Cors.Infrastructure.CorsService-http://localhost/Menus/GetTinTucByMenu-GetTinTucbyMenu:
CORS policy execution successful.


2024-11-04 15:15:39.1651-INFO-Microsoft.AspNetCore.Routing.EndpointMiddleware-http://localhost/Menus/GetTinTucByMenu-GetTinTucbyMenu:
Executing endpoint 'Xim.AppApi.Controllers.MenuController.GetTinTucbyMenuAsync (API)'


2024-11-04 15:15:39.1893-INFO-Microsoft.AspNetCore.Mvc.Infrastructure.ControllerActionInvoker-http://localhost/Menus/GetTinTucByMenu-GetTinTucbyMenu:
Route matched with {action = "GetTinTucbyMenu", controller = "Menu"}. Executing controller action with signature System.Threading.Tasks.Task`1[Microsoft.AspNetCore.Mvc.IActionResult] GetTinTucbyMenuAsync(System.Guid, Xim.Domain.Pagings.paging) on controller Xim.AppApi.Controllers.MenuController (API).


2024-11-04 15:15:39.5427-INFO-Microsoft.AspNetCore.Mvc.Infrastructure.ObjectResultExecutor-http://localhost/Menus/GetTinTucByMenu-GetTinTucbyMenu:
Executing ObjectResult, writing value of type 'System.String'.


2024-11-04 15:15:39.5588-INFO-Microsoft.AspNetCore.Mvc.Infrastructure.ControllerActionInvoker-http://localhost/Menus/GetTinTucByMenu-GetTinTucbyMenu:
Executed action Xim.AppApi.Controllers.MenuController.GetTinTucbyMenuAsync (API) in 361.1988ms


2024-11-04 15:15:39.5588-INFO-Microsoft.AspNetCore.Routing.EndpointMiddleware-http://localhost/Menus/GetTinTucByMenu-GetTinTucbyMenu:
Executed endpoint 'Xim.AppApi.Controllers.MenuController.GetTinTucbyMenuAsync (API)'


2024-11-04 15:15:39.5588-INFO-Microsoft.AspNetCore.Hosting.Diagnostics-http://localhost/Menus/GetTinTucByMenu-GetTinTucbyMenu:
Request finished HTTP/1.1 POST http://localhost:5260/Menus/GetTinTucByMenu?idmenu=47d3aedf-1758-43c6-92b3-cca178fcaba4 - 500 - text/plain;+charset=utf-8 465.2816ms


2024-11-04 15:16:00.9788-INFO-Microsoft.AspNetCore.Hosting.Diagnostics-http://localhost/Menus/GetTinTucByMenu-:
Request starting HTTP/1.1 POST http://localhost:5260/Menus/GetTinTucByMenu?idmenu=47d3aedf-1758-43c6-92b3-cca178fcaba4 - application/json-patch+json 38


2024-11-04 15:16:00.9788-INFO-Microsoft.AspNetCore.Cors.Infrastructure.CorsService-http://localhost/Menus/GetTinTucByMenu-GetTinTucbyMenu:
CORS policy execution successful.


2024-11-04 15:16:01.0096-INFO-Microsoft.AspNetCore.Routing.EndpointMiddleware-http://localhost/Menus/GetTinTucByMenu-GetTinTucbyMenu:
Executing endpoint 'Xim.AppApi.Controllers.MenuController.GetTinTucbyMenuAsync (API)'


2024-11-04 15:16:01.0096-INFO-Microsoft.AspNetCore.Mvc.Infrastructure.ControllerActionInvoker-http://localhost/Menus/GetTinTucByMenu-GetTinTucbyMenu:
Route matched with {action = "GetTinTucbyMenu", controller = "Menu"}. Executing controller action with signature System.Threading.Tasks.Task`1[Microsoft.AspNetCore.Mvc.IActionResult] GetTinTucbyMenuAsync(System.Guid, Xim.Domain.Pagings.paging) on controller Xim.AppApi.Controllers.MenuController (API).


2024-11-04 15:16:01.1765-INFO-Microsoft.AspNetCore.Mvc.Infrastructure.ObjectResultExecutor-http://localhost/Menus/GetTinTucByMenu-GetTinTucbyMenu:
Executing ObjectResult, writing value of type 'System.String'.


2024-11-04 15:16:01.1765-INFO-Microsoft.AspNetCore.Mvc.Infrastructure.ControllerActionInvoker-http://localhost/Menus/GetTinTucByMenu-GetTinTucbyMenu:
Executed action Xim.AppApi.Controllers.MenuController.GetTinTucbyMenuAsync (API) in 160.2246ms


2024-11-04 15:16:01.1765-INFO-Microsoft.AspNetCore.Routing.EndpointMiddleware-http://localhost/Menus/GetTinTucByMenu-GetTinTucbyMenu:
Executed endpoint 'Xim.AppApi.Controllers.MenuController.GetTinTucbyMenuAsync (API)'


2024-11-04 15:16:01.1765-INFO-Microsoft.AspNetCore.Hosting.Diagnostics-http://localhost/Menus/GetTinTucByMenu-GetTinTucbyMenu:
Request finished HTTP/1.1 POST http://localhost:5260/Menus/GetTinTucByMenu?idmenu=47d3aedf-1758-43c6-92b3-cca178fcaba4 - 500 - text/plain;+charset=utf-8 200.8550ms


2024-11-04 15:16:18.4425-INFO-Microsoft.AspNetCore.Hosting.Diagnostics-http://localhost/Menus/GetTinTucByMenu-:
Request starting HTTP/1.1 POST http://localhost:5260/Menus/GetTinTucByMenu?idmenu=47d3aedf-1758-43c6-92b3-cca178fcaba4 - application/json-patch+json 38


2024-11-04 15:16:18.4425-INFO-Microsoft.AspNetCore.Cors.Infrastructure.CorsService-http://localhost/Menus/GetTinTucByMenu-GetTinTucbyMenu:
CORS policy execution successful.


2024-11-04 15:16:18.4467-INFO-Microsoft.AspNetCore.Routing.EndpointMiddleware-http://localhost/Menus/GetTinTucByMenu-GetTinTucbyMenu:
Executing endpoint 'Xim.AppApi.Controllers.MenuController.GetTinTucbyMenuAsync (API)'


2024-11-04 15:16:18.4467-INFO-Microsoft.AspNetCore.Mvc.Infrastructure.ControllerActionInvoker-http://localhost/Menus/GetTinTucByMenu-GetTinTucbyMenu:
Route matched with {action = "GetTinTucbyMenu", controller = "Menu"}. Executing controller action with signature System.Threading.Tasks.Task`1[Microsoft.AspNetCore.Mvc.IActionResult] GetTinTucbyMenuAsync(System.Guid, Xim.Domain.Pagings.paging) on controller Xim.AppApi.Controllers.MenuController (API).


2024-11-04 15:16:55.6183-INFO-Microsoft.AspNetCore.Mvc.Infrastructure.ObjectResultExecutor-http://localhost/Menus/GetTinTucByMenu-GetTinTucbyMenu:
Executing ObjectResult, writing value of type 'System.String'.


2024-11-04 15:16:55.6183-INFO-Microsoft.AspNetCore.Mvc.Infrastructure.ControllerActionInvoker-http://localhost/Menus/GetTinTucByMenu-GetTinTucbyMenu:
Executed action Xim.AppApi.Controllers.MenuController.GetTinTucbyMenuAsync (API) in 37173.5838ms


2024-11-04 15:16:55.6183-INFO-Microsoft.AspNetCore.Routing.EndpointMiddleware-http://localhost/Menus/GetTinTucByMenu-GetTinTucbyMenu:
Executed endpoint 'Xim.AppApi.Controllers.MenuController.GetTinTucbyMenuAsync (API)'


2024-11-04 15:16:55.6183-INFO-Microsoft.AspNetCore.Hosting.Diagnostics-http://localhost/Menus/GetTinTucByMenu-GetTinTucbyMenu:
Request finished HTTP/1.1 POST http://localhost:5260/Menus/GetTinTucByMenu?idmenu=47d3aedf-1758-43c6-92b3-cca178fcaba4 - 500 - text/plain;+charset=utf-8 37178.1470ms


2024-11-04 15:17:01.3603-INFO-Microsoft.AspNetCore.Hosting.Diagnostics-http://localhost/Menus/GetTinTucByMenu-:
Request starting HTTP/1.1 POST http://localhost:5260/Menus/GetTinTucByMenu?idmenu=47d3aedf-1758-43c6-92b3-cca178fcaba4 - application/json-patch+json 38


2024-11-04 15:17:01.3603-INFO-Microsoft.AspNetCore.Cors.Infrastructure.CorsService-http://localhost/Menus/GetTinTucByMenu-GetTinTucbyMenu:
CORS policy execution successful.


2024-11-04 15:17:01.3603-INFO-Microsoft.AspNetCore.Routing.EndpointMiddleware-http://localhost/Menus/GetTinTucByMenu-GetTinTucbyMenu:
Executing endpoint 'Xim.AppApi.Controllers.MenuController.GetTinTucbyMenuAsync (API)'


2024-11-04 15:17:01.3603-INFO-Microsoft.AspNetCore.Mvc.Infrastructure.ControllerActionInvoker-http://localhost/Menus/GetTinTucByMenu-GetTinTucbyMenu:
Route matched with {action = "GetTinTucbyMenu", controller = "Menu"}. Executing controller action with signature System.Threading.Tasks.Task`1[Microsoft.AspNetCore.Mvc.IActionResult] GetTinTucbyMenuAsync(System.Guid, Xim.Domain.Pagings.paging) on controller Xim.AppApi.Controllers.MenuController (API).


2024-11-04 15:20:01.9428-INFO-Microsoft.AspNetCore.Mvc.Infrastructure.ObjectResultExecutor-http://localhost/Menus/GetTinTucByMenu-GetTinTucbyMenu:
Executing ObjectResult, writing value of type 'System.String'.


2024-11-04 15:20:01.9428-INFO-Microsoft.AspNetCore.Mvc.Infrastructure.ControllerActionInvoker-http://localhost/Menus/GetTinTucByMenu-GetTinTucbyMenu:
Executed action Xim.AppApi.Controllers.MenuController.GetTinTucbyMenuAsync (API) in 180584.2283ms


2024-11-04 15:20:01.9428-INFO-Microsoft.AspNetCore.Routing.EndpointMiddleware-http://localhost/Menus/GetTinTucByMenu-GetTinTucbyMenu:
Executed endpoint 'Xim.AppApi.Controllers.MenuController.GetTinTucbyMenuAsync (API)'


2024-11-04 15:20:01.9458-INFO-Microsoft.AspNetCore.Hosting.Diagnostics-http://localhost/Menus/GetTinTucByMenu-GetTinTucbyMenu:
Request finished HTTP/1.1 POST http://localhost:5260/Menus/GetTinTucByMenu?idmenu=47d3aedf-1758-43c6-92b3-cca178fcaba4 - 500 - text/plain;+charset=utf-8 180585.6937ms


2024-11-04 15:20:08.8273-INFO-Microsoft.AspNetCore.Hosting.Diagnostics-http://localhost/Menus/GetTinTucByMenu-:
Request starting HTTP/1.1 POST http://localhost:5260/Menus/GetTinTucByMenu?idmenu=47d3aedf-1758-43c6-92b3-cca178fcaba4 - application/json-patch+json 38


2024-11-04 15:20:08.8273-INFO-Microsoft.AspNetCore.Cors.Infrastructure.CorsService-http://localhost/Menus/GetTinTucByMenu-GetTinTucbyMenu:
CORS policy execution successful.


2024-11-04 15:20:08.8273-INFO-Microsoft.AspNetCore.Routing.EndpointMiddleware-http://localhost/Menus/GetTinTucByMenu-GetTinTucbyMenu:
Executing endpoint 'Xim.AppApi.Controllers.MenuController.GetTinTucbyMenuAsync (API)'


2024-11-04 15:20:08.8273-INFO-Microsoft.AspNetCore.Mvc.Infrastructure.ControllerActionInvoker-http://localhost/Menus/GetTinTucByMenu-GetTinTucbyMenu:
Route matched with {action = "GetTinTucbyMenu", controller = "Menu"}. Executing controller action with signature System.Threading.Tasks.Task`1[Microsoft.AspNetCore.Mvc.IActionResult] GetTinTucbyMenuAsync(System.Guid, Xim.Domain.Pagings.paging) on controller Xim.AppApi.Controllers.MenuController (API).


2024-11-04 15:20:38.4130-INFO-Microsoft.AspNetCore.Mvc.Infrastructure.ObjectResultExecutor-http://localhost/Menus/GetTinTucByMenu-GetTinTucbyMenu:
Executing OkObjectResult, writing value of type 'Xim.Domain.Pagings.PagedResult'.


2024-11-04 15:20:38.4457-INFO-Microsoft.AspNetCore.Mvc.Infrastructure.ControllerActionInvoker-http://localhost/Menus/GetTinTucByMenu-GetTinTucbyMenu:
Executed action Xim.AppApi.Controllers.MenuController.GetTinTucbyMenuAsync (API) in 29617.1096ms


2024-11-04 15:20:38.4457-INFO-Microsoft.AspNetCore.Routing.EndpointMiddleware-http://localhost/Menus/GetTinTucByMenu-GetTinTucbyMenu:
Executed endpoint 'Xim.AppApi.Controllers.MenuController.GetTinTucbyMenuAsync (API)'


2024-11-04 15:20:38.4457-INFO-Microsoft.AspNetCore.Hosting.Diagnostics-http://localhost/Menus/GetTinTucByMenu-GetTinTucbyMenu:
Request finished HTTP/1.1 POST http://localhost:5260/Menus/GetTinTucByMenu?idmenu=47d3aedf-1758-43c6-92b3-cca178fcaba4 - 200 992 application/json;+charset=utf-8 29619.4570ms


2024-11-04 15:23:12.6846-INFO-Microsoft.AspNetCore.DataProtection.KeyManagement.XmlKeyManager--:
User profile is available. Using 'C:\Users\Van Laptop\AppData\Local\ASP.NET\DataProtection-Keys' as key repository and Windows DPAPI to encrypt keys at rest.


2024-11-04 15:23:12.9066-INFO-Microsoft.Hosting.Lifetime--:
Now listening on: http://localhost:5260


2024-11-04 15:23:12.9066-INFO-Microsoft.Hosting.Lifetime--:
Application started. Press Ctrl+C to shut down.


2024-11-04 15:23:12.9066-INFO-Microsoft.Hosting.Lifetime--:
Hosting environment: Development


2024-11-04 15:23:12.9066-INFO-Microsoft.Hosting.Lifetime--:
Content root path: D:\Code\Cong TT\CodeBECong\Api\Xim.AppApi


2024-11-04 15:23:15.1175-INFO-Microsoft.AspNetCore.Hosting.Diagnostics-http://localhost/swagger/index.html-:
Request starting HTTP/1.1 GET http://localhost:5260/swagger/index.html - - -


2024-11-04 15:23:15.4002-INFO-Microsoft.AspNetCore.Hosting.Diagnostics-http://localhost/swagger/index.html-:
Request finished HTTP/1.1 GET http://localhost:5260/swagger/index.html - 200 - text/html;charset=utf-8 305.2480ms


2024-11-04 15:23:15.5997-INFO-Microsoft.AspNetCore.Hosting.Diagnostics-http://localhost/swagger/v1/swagger.json-:
Request starting HTTP/1.1 GET http://localhost:5260/swagger/v1/swagger.json - - -


2024-11-04 15:23:15.8850-INFO-Microsoft.AspNetCore.Hosting.Diagnostics-http://localhost/swagger/v1/swagger.json-:
Request finished HTTP/1.1 GET http://localhost:5260/swagger/v1/swagger.json - 200 - application/json;charset=utf-8 286.0310ms


2024-11-04 15:23:34.0383-INFO-Microsoft.AspNetCore.Hosting.Diagnostics-http://localhost/Menus/GetTinTucByMenu-:
Request starting HTTP/1.1 POST http://localhost:5260/Menus/GetTinTucByMenu?idmenu=47d3aedf-1758-43c6-92b3-cca178fcaba4 - application/json-patch+json 38


2024-11-04 15:23:34.0587-INFO-Microsoft.AspNetCore.Cors.Infrastructure.CorsService-http://localhost/Menus/GetTinTucByMenu-GetTinTucbyMenu:
CORS policy execution successful.


2024-11-04 15:23:34.1187-INFO-Microsoft.AspNetCore.Routing.EndpointMiddleware-http://localhost/Menus/GetTinTucByMenu-GetTinTucbyMenu:
Executing endpoint 'Xim.AppApi.Controllers.MenuController.GetTinTucbyMenuAsync (API)'


2024-11-04 15:23:34.1361-INFO-Microsoft.AspNetCore.Mvc.Infrastructure.ControllerActionInvoker-http://localhost/Menus/GetTinTucByMenu-GetTinTucbyMenu:
Route matched with {action = "GetTinTucbyMenu", controller = "Menu"}. Executing controller action with signature System.Threading.Tasks.Task`1[Microsoft.AspNetCore.Mvc.IActionResult] GetTinTucbyMenuAsync(System.Guid, Xim.Domain.Pagings.paging) on controller Xim.AppApi.Controllers.MenuController (API).


2024-11-04 15:23:47.1503-INFO-Microsoft.AspNetCore.Mvc.Infrastructure.ObjectResultExecutor-http://localhost/Menus/GetTinTucByMenu-GetTinTucbyMenu:
Executing OkObjectResult, writing value of type 'Xim.Domain.Pagings.PagedResult'.


2024-11-04 15:23:47.1995-INFO-Microsoft.AspNetCore.Mvc.Infrastructure.ControllerActionInvoker-http://localhost/Menus/GetTinTucByMenu-GetTinTucbyMenu:
Executed action Xim.AppApi.Controllers.MenuController.GetTinTucbyMenuAsync (API) in 13050.4602ms


2024-11-04 15:23:47.1995-INFO-Microsoft.AspNetCore.Routing.EndpointMiddleware-http://localhost/Menus/GetTinTucByMenu-GetTinTucbyMenu:
Executed endpoint 'Xim.AppApi.Controllers.MenuController.GetTinTucbyMenuAsync (API)'


2024-11-04 15:23:47.1995-INFO-Microsoft.AspNetCore.Hosting.Diagnostics-http://localhost/Menus/GetTinTucByMenu-GetTinTucbyMenu:
Request finished HTTP/1.1 POST http://localhost:5260/Menus/GetTinTucByMenu?idmenu=47d3aedf-1758-43c6-92b3-cca178fcaba4 - 200 992 application/json;+charset=utf-8 13162.6268ms


