2024-11-15 10:34:25.9420-INFO-Microsoft.AspNetCore.DataProtection.KeyManagement.XmlKeyManager--:
User profile is available. Using 'C:\Users\Van Laptop\AppData\Local\ASP.NET\DataProtection-Keys' as key repository and Windows DPAPI to encrypt keys at rest.


2024-11-15 10:34:26.4532-INFO-Microsoft.Hosting.Lifetime--:
Now listening on: http://localhost:5260


2024-11-15 10:34:26.4532-INFO-Microsoft.Hosting.Lifetime--:
Application started. Press Ctrl+C to shut down.


2024-11-15 10:34:26.4532-INFO-Microsoft.Hosting.Lifetime--:
Hosting environment: Development


2024-11-15 10:34:26.4532-INFO-Microsoft.Hosting.Lifetime--:
Content root path: D:\Code\Cong TT\CodeBECong\Api\Xim.AppApi


2024-11-15 10:34:32.2906-INFO-Microsoft.AspNetCore.Hosting.Diagnostics-http://localhost/swagger/index.html-:
Request starting HTTP/1.1 GET http://localhost:5260/swagger/index.html - - -


2024-11-15 10:34:33.1656-INFO-Microsoft.AspNetCore.Hosting.Diagnostics-http://localhost/swagger/index.html-:
Request finished HTTP/1.1 GET http://localhost:5260/swagger/index.html - 200 - text/html;charset=utf-8 885.2348ms


2024-11-15 10:34:34.3212-INFO-Microsoft.AspNetCore.Hosting.Diagnostics-http://localhost/swagger/v1/swagger.json-:
Request starting HTTP/1.1 GET http://localhost:5260/swagger/v1/swagger.json - - -


2024-11-15 10:34:34.8199-INFO-Microsoft.AspNetCore.Hosting.Diagnostics-http://localhost/swagger/v1/swagger.json-:
Request finished HTTP/1.1 GET http://localhost:5260/swagger/v1/swagger.json - 200 - application/json;charset=utf-8 499.4104ms


2024-11-15 10:34:46.9470-INFO-Microsoft.AspNetCore.Hosting.Diagnostics-http://localhost/HoatDongs/getall-:
Request starting HTTP/1.1 POST http://localhost:5260/HoatDongs/getall - application/json-patch+json 38


2024-11-15 10:34:46.9859-INFO-Microsoft.AspNetCore.Cors.Infrastructure.CorsService-http://localhost/HoatDongs/getall-GetList:
CORS policy execution successful.


2024-11-15 10:34:47.4946-INFO-Microsoft.AspNetCore.Routing.EndpointMiddleware-http://localhost/HoatDongs/getall-GetList:
Executing endpoint 'Xim.AppApi.Controllers.HoatDongController.GetListAsync (API)'


2024-11-15 10:34:47.5586-INFO-Microsoft.AspNetCore.Mvc.Infrastructure.ControllerActionInvoker-http://localhost/HoatDongs/getall-GetList:
Route matched with {action = "GetList", controller = "HoatDong"}. Executing controller action with signature System.Threading.Tasks.Task`1[Microsoft.AspNetCore.Mvc.IActionResult] GetListAsync(Xim.Domain.Pagings.paging) on controller Xim.AppApi.Controllers.HoatDongController (API).


2024-11-15 10:35:01.8231-INFO-Microsoft.AspNetCore.Mvc.Infrastructure.ObjectResultExecutor-http://localhost/HoatDongs/getall-GetList:
Executing ObjectResult, writing value of type 'System.String'.


2024-11-15 10:35:01.8373-INFO-Microsoft.AspNetCore.Mvc.Infrastructure.ControllerActionInvoker-http://localhost/HoatDongs/getall-GetList:
Executed action Xim.AppApi.Controllers.HoatDongController.GetListAsync (API) in 14272.0043ms


2024-11-15 10:35:01.8373-INFO-Microsoft.AspNetCore.Routing.EndpointMiddleware-http://localhost/HoatDongs/getall-GetList:
Executed endpoint 'Xim.AppApi.Controllers.HoatDongController.GetListAsync (API)'


2024-11-15 10:35:01.8373-INFO-Microsoft.AspNetCore.Hosting.Diagnostics-http://localhost/HoatDongs/getall-GetList:
Request finished HTTP/1.1 POST http://localhost:5260/HoatDongs/getall - 500 - text/plain;+charset=utf-8 14893.3960ms


2024-11-15 10:35:10.1402-INFO-Microsoft.AspNetCore.Hosting.Diagnostics-http://localhost/HoatDongs/getall-:
Request starting HTTP/1.1 POST http://localhost:5260/HoatDongs/getall - application/json-patch+json 38


2024-11-15 10:35:10.1402-INFO-Microsoft.AspNetCore.Cors.Infrastructure.CorsService-http://localhost/HoatDongs/getall-GetList:
CORS policy execution successful.


2024-11-15 10:35:10.1402-INFO-Microsoft.AspNetCore.Routing.EndpointMiddleware-http://localhost/HoatDongs/getall-GetList:
Executing endpoint 'Xim.AppApi.Controllers.HoatDongController.GetListAsync (API)'


2024-11-15 10:35:10.1402-INFO-Microsoft.AspNetCore.Mvc.Infrastructure.ControllerActionInvoker-http://localhost/HoatDongs/getall-GetList:
Route matched with {action = "GetList", controller = "HoatDong"}. Executing controller action with signature System.Threading.Tasks.Task`1[Microsoft.AspNetCore.Mvc.IActionResult] GetListAsync(Xim.Domain.Pagings.paging) on controller Xim.AppApi.Controllers.HoatDongController (API).


2024-11-15 10:44:25.5267-INFO-Microsoft.AspNetCore.DataProtection.KeyManagement.XmlKeyManager--:
User profile is available. Using 'C:\Users\Van Laptop\AppData\Local\ASP.NET\DataProtection-Keys' as key repository and Windows DPAPI to encrypt keys at rest.


2024-11-15 10:44:25.8106-INFO-Microsoft.Hosting.Lifetime--:
Now listening on: http://localhost:5260


2024-11-15 10:44:25.8106-INFO-Microsoft.Hosting.Lifetime--:
Application started. Press Ctrl+C to shut down.


2024-11-15 10:44:25.8106-INFO-Microsoft.Hosting.Lifetime--:
Hosting environment: Development


2024-11-15 10:44:25.8106-INFO-Microsoft.Hosting.Lifetime--:
Content root path: D:\Code\Cong TT\CodeBECong\Api\Xim.AppApi


2024-11-15 10:44:30.3791-INFO-Microsoft.AspNetCore.Hosting.Diagnostics-http://localhost/swagger/index.html-:
Request starting HTTP/1.1 GET http://localhost:5260/swagger/index.html - - -


2024-11-15 10:44:30.5594-INFO-Microsoft.AspNetCore.Hosting.Diagnostics-http://localhost/swagger/index.html-:
Request finished HTTP/1.1 GET http://localhost:5260/swagger/index.html - 200 - text/html;charset=utf-8 194.1321ms


2024-11-15 10:44:30.7224-INFO-Microsoft.AspNetCore.Hosting.Diagnostics-http://localhost/swagger/v1/swagger.json-:
Request starting HTTP/1.1 GET http://localhost:5260/swagger/v1/swagger.json - - -


2024-11-15 10:44:31.0035-INFO-Microsoft.AspNetCore.Hosting.Diagnostics-http://localhost/swagger/v1/swagger.json-:
Request finished HTTP/1.1 GET http://localhost:5260/swagger/v1/swagger.json - 200 - application/json;charset=utf-8 281.8172ms


2024-11-15 10:45:51.0270-INFO-Microsoft.AspNetCore.Hosting.Diagnostics-http://localhost/HoatDongs/getall-:
Request starting HTTP/1.1 POST http://localhost:5260/HoatDongs/getall - application/json-patch+json 38


2024-11-15 10:45:51.0440-INFO-Microsoft.AspNetCore.Cors.Infrastructure.CorsService-http://localhost/HoatDongs/getall-GetList:
CORS policy execution successful.


2024-11-15 10:45:51.4474-INFO-Microsoft.AspNetCore.Routing.EndpointMiddleware-http://localhost/HoatDongs/getall-GetList:
Executing endpoint 'Xim.AppApi.Controllers.HoatDongController.GetListAsync (API)'


2024-11-15 10:45:51.4777-INFO-Microsoft.AspNetCore.Mvc.Infrastructure.ControllerActionInvoker-http://localhost/HoatDongs/getall-GetList:
Route matched with {action = "GetList", controller = "HoatDong"}. Executing controller action with signature System.Threading.Tasks.Task`1[Microsoft.AspNetCore.Mvc.IActionResult] GetListAsync(Xim.Domain.Pagings.paging) on controller Xim.AppApi.Controllers.HoatDongController (API).


2024-11-15 10:45:51.8070-INFO-Microsoft.AspNetCore.Mvc.Infrastructure.ObjectResultExecutor-http://localhost/HoatDongs/getall-GetList:
Executing OkObjectResult, writing value of type '<>f__AnonymousType0`5[[System.Collections.IList, System.Private.CoreLib, Version=8.0.0.0, Culture=neutral, PublicKeyToken=7cec85d7bea7798e],[System.Int32, System.Private.CoreLib, Version=8.0.0.0, Culture=neutral, PublicKeyToken=7cec85d7bea7798e],[System.Int32, System.Private.CoreLib, Version=8.0.0.0, Culture=neutral, PublicKeyToken=7cec85d7bea7798e],[System.Int32, System.Private.CoreLib, Version=8.0.0.0, Culture=neutral, PublicKeyToken=7cec85d7bea7798e],[System.Int32, System.Private.CoreLib, Version=8.0.0.0, Culture=neutral, PublicKeyToken=7cec85d7bea7798e]]'.


2024-11-15 10:45:51.8230-INFO-Microsoft.AspNetCore.Mvc.Infrastructure.ControllerActionInvoker-http://localhost/HoatDongs/getall-GetList:
Executed action Xim.AppApi.Controllers.HoatDongController.GetListAsync (API) in 350.4476ms


2024-11-15 10:45:51.8370-INFO-Microsoft.AspNetCore.Routing.EndpointMiddleware-http://localhost/HoatDongs/getall-GetList:
Executed endpoint 'Xim.AppApi.Controllers.HoatDongController.GetListAsync (API)'


2024-11-15 10:45:51.8370-INFO-Microsoft.AspNetCore.Hosting.Diagnostics-http://localhost/HoatDongs/getall-GetList:
Request finished HTTP/1.1 POST http://localhost:5260/HoatDongs/getall - 200 83 application/json;+charset=utf-8 810.9487ms


2024-11-15 10:47:43.2097-INFO-Microsoft.AspNetCore.Hosting.Diagnostics-http://localhost/HoatDongs-:
Request starting HTTP/1.1 POST http://localhost:5260/HoatDongs - multipart/form-data;+boundary=----WebKitFormBoundary4AbW5EADjJsPvp7h 32065


2024-11-15 10:47:43.2123-INFO-Microsoft.AspNetCore.Cors.Infrastructure.CorsService-http://localhost/HoatDongs-Insert:
CORS policy execution successful.


2024-11-15 10:47:43.2435-INFO-Microsoft.AspNetCore.Authorization.DefaultAuthorizationService-http://localhost/HoatDongs-Insert:
Authorization failed. These requirements were not met:
DenyAnonymousAuthorizationRequirement: Requires an authenticated user.


2024-11-15 10:47:43.2435-INFO-Microsoft.AspNetCore.Authentication.JwtBearer.JwtBearerHandler-http://localhost/HoatDongs-Insert:
AuthenticationScheme: Bearer was challenged.


2024-11-15 10:47:43.2435-INFO-Microsoft.AspNetCore.Hosting.Diagnostics-http://localhost/HoatDongs-Insert:
Request finished HTTP/1.1 POST http://localhost:5260/HoatDongs - 401 0 - 43.5514ms


2024-11-15 10:48:05.0137-INFO-Microsoft.AspNetCore.Hosting.Diagnostics-http://localhost/Accounts/login-:
Request starting HTTP/1.1 POST http://localhost:5260/Accounts/login - application/json-patch+json 49


2024-11-15 10:48:05.0137-INFO-Microsoft.AspNetCore.Cors.Infrastructure.CorsService-http://localhost/Accounts/login-Login:
CORS policy execution successful.


2024-11-15 10:48:05.0137-INFO-Microsoft.AspNetCore.Routing.EndpointMiddleware-http://localhost/Accounts/login-Login:
Executing endpoint 'Xim.AppApi.Controllers.AccountController.LoginAsync (API)'


2024-11-15 10:48:05.0744-INFO-Microsoft.AspNetCore.Mvc.Infrastructure.ControllerActionInvoker-http://localhost/Accounts/login-Login:
Route matched with {action = "Login", controller = "Account"}. Executing controller action with signature System.Threading.Tasks.Task`1[Microsoft.AspNetCore.Mvc.IActionResult] LoginAsync(Xim.Application.Contracts.Users.UserDtoLogin) on controller Xim.AppApi.Controllers.AccountController (API).


2024-11-15 10:48:05.4543-INFO-Microsoft.AspNetCore.Mvc.Infrastructure.ObjectResultExecutor-http://localhost/Accounts/login-Login:
Executing OkObjectResult, writing value of type 'Xim.AppApi.Controllers.AccountController+JwtTokenInfo'.


2024-11-15 10:48:05.4543-INFO-Microsoft.AspNetCore.Mvc.Infrastructure.ControllerActionInvoker-http://localhost/Accounts/login-Login:
Executed action Xim.AppApi.Controllers.AccountController.LoginAsync (API) in 380.1609ms


2024-11-15 10:48:05.4543-INFO-Microsoft.AspNetCore.Routing.EndpointMiddleware-http://localhost/Accounts/login-Login:
Executed endpoint 'Xim.AppApi.Controllers.AccountController.LoginAsync (API)'


2024-11-15 10:48:05.4543-INFO-Microsoft.AspNetCore.Hosting.Diagnostics-http://localhost/Accounts/login-Login:
Request finished HTTP/1.1 POST http://localhost:5260/Accounts/login - 200 599 application/json;+charset=utf-8 444.5171ms


2024-11-15 10:48:25.9515-INFO-Microsoft.AspNetCore.Hosting.Diagnostics-http://localhost/HoatDongs-:
Request starting HTTP/1.1 POST http://localhost:5260/HoatDongs - multipart/form-data;+boundary=----WebKitFormBoundarym1tGzL7bepxvjQv6 32065


2024-11-15 10:48:25.9515-INFO-Microsoft.AspNetCore.Cors.Infrastructure.CorsService-http://localhost/HoatDongs-Insert:
CORS policy execution successful.


2024-11-15 10:48:26.0419-INFO-Microsoft.AspNetCore.Routing.EndpointMiddleware-http://localhost/HoatDongs-Insert:
Executing endpoint 'Xim.AppApi.Controllers.HoatDongController.InsertAsync (API)'


2024-11-15 10:48:26.0419-INFO-Microsoft.AspNetCore.Mvc.Infrastructure.ControllerActionInvoker-http://localhost/HoatDongs-Insert:
Route matched with {action = "Insert", controller = "HoatDong"}. Executing controller action with signature System.Threading.Tasks.Task`1[Microsoft.AspNetCore.Mvc.ActionResult] InsertAsync(System.String, System.Collections.Generic.IList`1[Microsoft.AspNetCore.Http.IFormFile]) on controller Xim.AppApi.Controllers.HoatDongController (API).


2024-11-15 10:48:26.1901-INFO-Microsoft.AspNetCore.Mvc.Infrastructure.ObjectResultExecutor-http://localhost/HoatDongs-Insert:
Executing OkObjectResult, writing value of type 'System.Collections.Generic.List`1[[Xim.Application.Contracts.HoatDong.HoatDongDtoView, Xim.Application.Contracts, Version=1.0.0.0, Culture=neutral, PublicKeyToken=null]]'.


2024-11-15 10:48:26.1901-INFO-Microsoft.AspNetCore.Mvc.Infrastructure.ControllerActionInvoker-http://localhost/HoatDongs-Insert:
Executed action Xim.AppApi.Controllers.HoatDongController.InsertAsync (API) in 137.1477ms


2024-11-15 10:48:26.1901-INFO-Microsoft.AspNetCore.Routing.EndpointMiddleware-http://localhost/HoatDongs-Insert:
Executed endpoint 'Xim.AppApi.Controllers.HoatDongController.InsertAsync (API)'


2024-11-15 10:48:26.1901-INFO-Microsoft.AspNetCore.Hosting.Diagnostics-http://localhost/HoatDongs-Insert:
Request finished HTTP/1.1 POST http://localhost:5260/HoatDongs - 200 2 application/json;+charset=utf-8 242.6071ms


2024-11-15 10:48:51.1387-INFO-Microsoft.AspNetCore.Hosting.Diagnostics-http://localhost/DMTaiLieus/download-:
Request starting HTTP/1.1 GET http://localhost:5260/DMTaiLieus/download?id=a3cf0d18-1fd1-41f4-8160-4044971ac7f7 - - -


2024-11-15 10:48:51.1496-INFO-Microsoft.AspNetCore.Routing.EndpointMiddleware-http://localhost/DMTaiLieus/download-DownloadFile:
Executing endpoint 'Xim.AppApi.Controllers.DMTaiLieuController.DownloadFile (API)'


2024-11-15 10:48:51.1496-INFO-Microsoft.AspNetCore.Mvc.Infrastructure.ControllerActionInvoker-http://localhost/DMTaiLieus/download-DownloadFile:
Route matched with {action = "DownloadFile", controller = "DMTaiLieu"}. Executing controller action with signature System.Threading.Tasks.Task`1[Microsoft.AspNetCore.Mvc.IActionResult] DownloadFile(System.Guid) on controller Xim.AppApi.Controllers.DMTaiLieuController (API).


2024-11-15 10:48:51.2067-INFO-Microsoft.AspNetCore.Mvc.Infrastructure.ObjectResultExecutor-http://localhost/DMTaiLieus/download-DownloadFile:
Executing NotFoundObjectResult, writing value of type 'System.String'.


2024-11-15 10:48:51.2067-INFO-Microsoft.AspNetCore.Mvc.Infrastructure.ControllerActionInvoker-http://localhost/DMTaiLieus/download-DownloadFile:
Executed action Xim.AppApi.Controllers.DMTaiLieuController.DownloadFile (API) in 46.1585ms


2024-11-15 10:48:51.2067-INFO-Microsoft.AspNetCore.Routing.EndpointMiddleware-http://localhost/DMTaiLieus/download-DownloadFile:
Executed endpoint 'Xim.AppApi.Controllers.DMTaiLieuController.DownloadFile (API)'


2024-11-15 10:48:51.2067-INFO-Microsoft.AspNetCore.Hosting.Diagnostics-http://localhost/DMTaiLieus/download-DownloadFile:
Request finished HTTP/1.1 GET http://localhost:5260/DMTaiLieus/download?id=a3cf0d18-1fd1-41f4-8160-4044971ac7f7 - 404 - text/plain;+charset=utf-8 94.7113ms


2024-11-15 10:58:52.5416-INFO-Microsoft.AspNetCore.Hosting.Diagnostics-http://localhost/DMTaiLieus/download-:
Request starting HTTP/1.1 GET http://localhost:5260/DMTaiLieus/download?id=a3cf0d18-1fd1-41f4-8160-4044971ac7f7 - - -


2024-11-15 10:58:52.5416-INFO-Microsoft.AspNetCore.Routing.EndpointMiddleware-http://localhost/DMTaiLieus/download-DownloadFile:
Executing endpoint 'Xim.AppApi.Controllers.DMTaiLieuController.DownloadFile (API)'


2024-11-15 10:58:52.5416-INFO-Microsoft.AspNetCore.Mvc.Infrastructure.ControllerActionInvoker-http://localhost/DMTaiLieus/download-DownloadFile:
Route matched with {action = "DownloadFile", controller = "DMTaiLieu"}. Executing controller action with signature System.Threading.Tasks.Task`1[Microsoft.AspNetCore.Mvc.IActionResult] DownloadFile(System.Guid) on controller Xim.AppApi.Controllers.DMTaiLieuController (API).


2024-11-15 10:59:25.6650-INFO-Microsoft.AspNetCore.Mvc.Infrastructure.ObjectResultExecutor-http://localhost/DMTaiLieus/download-DownloadFile:
Executing NotFoundObjectResult, writing value of type 'System.String'.


2024-11-15 10:59:25.6650-INFO-Microsoft.AspNetCore.Mvc.Infrastructure.ControllerActionInvoker-http://localhost/DMTaiLieus/download-DownloadFile:
Executed action Xim.AppApi.Controllers.DMTaiLieuController.DownloadFile (API) in 33110.9125ms


2024-11-15 10:59:25.6650-INFO-Microsoft.AspNetCore.Routing.EndpointMiddleware-http://localhost/DMTaiLieus/download-DownloadFile:
Executed endpoint 'Xim.AppApi.Controllers.DMTaiLieuController.DownloadFile (API)'


2024-11-15 10:59:25.6650-INFO-Microsoft.AspNetCore.Hosting.Diagnostics-http://localhost/DMTaiLieus/download-DownloadFile:
Request finished HTTP/1.1 GET http://localhost:5260/DMTaiLieus/download?id=a3cf0d18-1fd1-41f4-8160-4044971ac7f7 - 404 - text/plain;+charset=utf-8 33121.5528ms


2024-11-15 11:12:06.7301-INFO-Microsoft.AspNetCore.Hosting.Diagnostics-http://localhost/HoatDongs-:
Request starting HTTP/1.1 POST http://localhost:5260/HoatDongs - multipart/form-data;+boundary=----WebKitFormBoundaryf1qBwWMYtrLiij6J 32065


2024-11-15 11:12:06.7301-INFO-Microsoft.AspNetCore.Cors.Infrastructure.CorsService-http://localhost/HoatDongs-Insert:
CORS policy execution successful.


2024-11-15 11:12:06.7301-INFO-Microsoft.AspNetCore.Routing.EndpointMiddleware-http://localhost/HoatDongs-Insert:
Executing endpoint 'Xim.AppApi.Controllers.HoatDongController.InsertAsync (API)'


2024-11-15 11:12:06.7301-INFO-Microsoft.AspNetCore.Mvc.Infrastructure.ControllerActionInvoker-http://localhost/HoatDongs-Insert:
Route matched with {action = "Insert", controller = "HoatDong"}. Executing controller action with signature System.Threading.Tasks.Task`1[Microsoft.AspNetCore.Mvc.ActionResult] InsertAsync(System.String, System.Collections.Generic.IList`1[Microsoft.AspNetCore.Http.IFormFile]) on controller Xim.AppApi.Controllers.HoatDongController (API).


2024-11-15 11:12:06.7748-INFO-Microsoft.AspNetCore.Mvc.Infrastructure.ObjectResultExecutor-http://localhost/HoatDongs-Insert:
Executing OkObjectResult, writing value of type 'System.Collections.Generic.List`1[[Xim.Application.Contracts.HoatDong.HoatDongDtoView, Xim.Application.Contracts, Version=1.0.0.0, Culture=neutral, PublicKeyToken=null]]'.


2024-11-15 11:12:06.7748-INFO-Microsoft.AspNetCore.Mvc.Infrastructure.ControllerActionInvoker-http://localhost/HoatDongs-Insert:
Executed action Xim.AppApi.Controllers.HoatDongController.InsertAsync (API) in 50.7223ms


2024-11-15 11:12:06.7748-INFO-Microsoft.AspNetCore.Routing.EndpointMiddleware-http://localhost/HoatDongs-Insert:
Executed endpoint 'Xim.AppApi.Controllers.HoatDongController.InsertAsync (API)'


2024-11-15 11:12:06.7748-INFO-Microsoft.AspNetCore.Hosting.Diagnostics-http://localhost/HoatDongs-Insert:
Request finished HTTP/1.1 POST http://localhost:5260/HoatDongs - 200 2 application/json;+charset=utf-8 86.1768ms


2024-11-15 11:12:36.0380-INFO-Microsoft.AspNetCore.Hosting.Diagnostics-http://localhost/HoatDongs-:
Request starting HTTP/1.1 POST http://localhost:5260/HoatDongs - multipart/form-data;+boundary=----WebKitFormBoundarySJ0P6wZmljd4A2Uq 32065


2024-11-15 11:12:36.0411-INFO-Microsoft.AspNetCore.Cors.Infrastructure.CorsService-http://localhost/HoatDongs-Insert:
CORS policy execution successful.


2024-11-15 11:12:36.0411-INFO-Microsoft.AspNetCore.Routing.EndpointMiddleware-http://localhost/HoatDongs-Insert:
Executing endpoint 'Xim.AppApi.Controllers.HoatDongController.InsertAsync (API)'


2024-11-15 11:12:36.0411-INFO-Microsoft.AspNetCore.Mvc.Infrastructure.ControllerActionInvoker-http://localhost/HoatDongs-Insert:
Route matched with {action = "Insert", controller = "HoatDong"}. Executing controller action with signature System.Threading.Tasks.Task`1[Microsoft.AspNetCore.Mvc.ActionResult] InsertAsync(System.String, System.Collections.Generic.IList`1[Microsoft.AspNetCore.Http.IFormFile]) on controller Xim.AppApi.Controllers.HoatDongController (API).


2024-11-15 11:46:00.1911-INFO-Microsoft.AspNetCore.Mvc.Infrastructure.ObjectResultExecutor-http://localhost/HoatDongs-Insert:
Executing OkObjectResult, writing value of type 'System.Collections.Generic.List`1[[Xim.Application.Contracts.HoatDong.HoatDongDtoView, Xim.Application.Contracts, Version=1.0.0.0, Culture=neutral, PublicKeyToken=null]]'.


2024-11-15 11:46:00.1911-INFO-Microsoft.AspNetCore.Mvc.Infrastructure.ControllerActionInvoker-http://localhost/HoatDongs-Insert:
Executed action Xim.AppApi.Controllers.HoatDongController.InsertAsync (API) in 2004143.4645ms


2024-11-15 11:46:00.1911-INFO-Microsoft.AspNetCore.Routing.EndpointMiddleware-http://localhost/HoatDongs-Insert:
Executed endpoint 'Xim.AppApi.Controllers.HoatDongController.InsertAsync (API)'


2024-11-15 11:46:00.1911-INFO-Microsoft.AspNetCore.Hosting.Diagnostics-http://localhost/HoatDongs-Insert:
Request finished HTTP/1.1 POST http://localhost:5260/HoatDongs - 200 2 application/json;+charset=utf-8 2004155.1559ms


2024-11-15 11:47:49.6713-INFO-Microsoft.AspNetCore.Hosting.Diagnostics-http://localhost/DMTaiLieus-:
Request starting HTTP/1.1 POST http://localhost:5260/DMTaiLieus - multipart/form-data;+boundary=----WebKitFormBoundaryTBlkQABFAhpQYuqX 26371


2024-11-15 11:47:49.6713-INFO-Microsoft.AspNetCore.Cors.Infrastructure.CorsService-http://localhost/DMTaiLieus-Insert:
CORS policy execution successful.


2024-11-15 11:47:49.6713-INFO-Microsoft.AspNetCore.Routing.EndpointMiddleware-http://localhost/DMTaiLieus-Insert:
Executing endpoint 'Xim.AppApi.Controllers.DMTaiLieuController.InsertAsync (API)'


2024-11-15 11:47:49.6975-INFO-Microsoft.AspNetCore.Mvc.Infrastructure.ControllerActionInvoker-http://localhost/DMTaiLieus-Insert:
Route matched with {action = "Insert", controller = "DMTaiLieu"}. Executing controller action with signature System.Threading.Tasks.Task`1[Microsoft.AspNetCore.Mvc.IActionResult] InsertAsync(Xim.Application.Contracts.DMTailieu.DMTailieuDtoCreate, Microsoft.AspNetCore.Http.IFormFile) on controller Xim.AppApi.Controllers.DMTaiLieuController (API).


2024-11-15 11:47:49.7548-INFO-Microsoft.AspNetCore.Mvc.Infrastructure.ObjectResultExecutor-http://localhost/DMTaiLieus-Insert:
Executing OkObjectResult, writing value of type 'Xim.Application.Contracts.DMTailieu.DMTailieuDtoView'.


2024-11-15 11:47:49.7621-INFO-Microsoft.AspNetCore.Mvc.Infrastructure.ControllerActionInvoker-http://localhost/DMTaiLieus-Insert:
Executed action Xim.AppApi.Controllers.DMTaiLieuController.InsertAsync (API) in 61.4308ms


2024-11-15 11:47:49.7621-INFO-Microsoft.AspNetCore.Routing.EndpointMiddleware-http://localhost/DMTaiLieus-Insert:
Executed endpoint 'Xim.AppApi.Controllers.DMTaiLieuController.InsertAsync (API)'


2024-11-15 11:47:49.7621-INFO-Microsoft.AspNetCore.Hosting.Diagnostics-http://localhost/DMTaiLieus-Insert:
Request finished HTTP/1.1 POST http://localhost:5260/DMTaiLieus - 200 250 application/json;+charset=utf-8 91.0176ms


2024-11-15 11:48:47.7713-INFO-Microsoft.AspNetCore.Hosting.Diagnostics-http://localhost/DMTaiLieus/download-:
Request starting HTTP/1.1 GET http://localhost:5260/DMTaiLieus/download?id=6193c41f-34d1-453a-b56b-7d43c8134ad2 - - -


2024-11-15 11:48:47.7750-INFO-Microsoft.AspNetCore.Routing.EndpointMiddleware-http://localhost/DMTaiLieus/download-DownloadFile:
Executing endpoint 'Xim.AppApi.Controllers.DMTaiLieuController.DownloadFile (API)'


2024-11-15 11:48:47.7750-INFO-Microsoft.AspNetCore.Mvc.Infrastructure.ControllerActionInvoker-http://localhost/DMTaiLieus/download-DownloadFile:
Route matched with {action = "DownloadFile", controller = "DMTaiLieu"}. Executing controller action with signature System.Threading.Tasks.Task`1[Microsoft.AspNetCore.Mvc.IActionResult] DownloadFile(System.Guid) on controller Xim.AppApi.Controllers.DMTaiLieuController (API).


2024-11-15 11:48:47.8069-INFO-Microsoft.AspNetCore.Mvc.Infrastructure.ObjectResultExecutor-http://localhost/DMTaiLieus/download-DownloadFile:
Executing NotFoundObjectResult, writing value of type 'System.String'.


2024-11-15 11:48:47.8069-INFO-Microsoft.AspNetCore.Mvc.Infrastructure.ControllerActionInvoker-http://localhost/DMTaiLieus/download-DownloadFile:
Executed action Xim.AppApi.Controllers.DMTaiLieuController.DownloadFile (API) in 35.5595ms


2024-11-15 11:48:47.8069-INFO-Microsoft.AspNetCore.Routing.EndpointMiddleware-http://localhost/DMTaiLieus/download-DownloadFile:
Executed endpoint 'Xim.AppApi.Controllers.DMTaiLieuController.DownloadFile (API)'


2024-11-15 11:48:47.8218-INFO-Microsoft.AspNetCore.Hosting.Diagnostics-http://localhost/DMTaiLieus/download-DownloadFile:
Request finished HTTP/1.1 GET http://localhost:5260/DMTaiLieus/download?id=6193c41f-34d1-453a-b56b-7d43c8134ad2 - 404 - text/plain;+charset=utf-8 50.5086ms


2024-11-15 11:48:53.9233-INFO-Microsoft.AspNetCore.Hosting.Diagnostics-http://localhost/DMTaiLieus/download-:
Request starting HTTP/1.1 GET http://localhost:5260/DMTaiLieus/download?id=6193c41f-34d1-453a-b56b-7d43c8134ad2 - - -


2024-11-15 11:48:53.9233-INFO-Microsoft.AspNetCore.Routing.EndpointMiddleware-http://localhost/DMTaiLieus/download-DownloadFile:
Executing endpoint 'Xim.AppApi.Controllers.DMTaiLieuController.DownloadFile (API)'


2024-11-15 11:48:53.9233-INFO-Microsoft.AspNetCore.Mvc.Infrastructure.ControllerActionInvoker-http://localhost/DMTaiLieus/download-DownloadFile:
Route matched with {action = "DownloadFile", controller = "DMTaiLieu"}. Executing controller action with signature System.Threading.Tasks.Task`1[Microsoft.AspNetCore.Mvc.IActionResult] DownloadFile(System.Guid) on controller Xim.AppApi.Controllers.DMTaiLieuController (API).


2024-11-15 11:48:53.9233-INFO-Microsoft.AspNetCore.Mvc.Infrastructure.ObjectResultExecutor-http://localhost/DMTaiLieus/download-DownloadFile:
Executing NotFoundObjectResult, writing value of type 'System.String'.


2024-11-15 11:48:53.9233-INFO-Microsoft.AspNetCore.Mvc.Infrastructure.ControllerActionInvoker-http://localhost/DMTaiLieus/download-DownloadFile:
Executed action Xim.AppApi.Controllers.DMTaiLieuController.DownloadFile (API) in 4.5203ms


2024-11-15 11:48:53.9233-INFO-Microsoft.AspNetCore.Routing.EndpointMiddleware-http://localhost/DMTaiLieus/download-DownloadFile:
Executed endpoint 'Xim.AppApi.Controllers.DMTaiLieuController.DownloadFile (API)'


2024-11-15 11:48:53.9233-INFO-Microsoft.AspNetCore.Hosting.Diagnostics-http://localhost/DMTaiLieus/download-DownloadFile:
Request finished HTTP/1.1 GET http://localhost:5260/DMTaiLieus/download?id=6193c41f-34d1-453a-b56b-7d43c8134ad2 - 404 - text/plain;+charset=utf-8 5.8786ms


2024-11-15 11:49:07.1135-INFO-Microsoft.AspNetCore.Hosting.Diagnostics-http://localhost/DMTaiLieus/download-:
Request starting HTTP/1.1 GET http://localhost:5260/DMTaiLieus/download?id=6193c41f-34d1-453a-b56b-7d43c8134ad2 - - -


2024-11-15 11:49:07.1135-INFO-Microsoft.AspNetCore.Routing.EndpointMiddleware-http://localhost/DMTaiLieus/download-DownloadFile:
Executing endpoint 'Xim.AppApi.Controllers.DMTaiLieuController.DownloadFile (API)'


2024-11-15 11:49:07.1135-INFO-Microsoft.AspNetCore.Mvc.Infrastructure.ControllerActionInvoker-http://localhost/DMTaiLieus/download-DownloadFile:
Route matched with {action = "DownloadFile", controller = "DMTaiLieu"}. Executing controller action with signature System.Threading.Tasks.Task`1[Microsoft.AspNetCore.Mvc.IActionResult] DownloadFile(System.Guid) on controller Xim.AppApi.Controllers.DMTaiLieuController (API).


2024-11-15 11:53:52.0205-INFO-Microsoft.AspNetCore.DataProtection.KeyManagement.XmlKeyManager--:
User profile is available. Using 'C:\Users\Van Laptop\AppData\Local\ASP.NET\DataProtection-Keys' as key repository and Windows DPAPI to encrypt keys at rest.


2024-11-15 11:53:52.2277-INFO-Microsoft.Hosting.Lifetime--:
Now listening on: http://localhost:5260


2024-11-15 11:53:52.2277-INFO-Microsoft.Hosting.Lifetime--:
Application started. Press Ctrl+C to shut down.


2024-11-15 11:53:52.2277-INFO-Microsoft.Hosting.Lifetime--:
Hosting environment: Development


2024-11-15 11:53:52.2277-INFO-Microsoft.Hosting.Lifetime--:
Content root path: D:\Code\Cong TT\CodeBECong\Api\Xim.AppApi


2024-11-15 11:53:53.3704-INFO-Microsoft.AspNetCore.Hosting.Diagnostics-http://localhost/swagger/index.html-:
Request starting HTTP/1.1 GET http://localhost:5260/swagger/index.html - - -


2024-11-15 11:53:53.5971-INFO-Microsoft.AspNetCore.Hosting.Diagnostics-http://localhost/swagger/index.html-:
Request finished HTTP/1.1 GET http://localhost:5260/swagger/index.html - 200 - text/html;charset=utf-8 238.5581ms


2024-11-15 11:53:53.7638-INFO-Microsoft.AspNetCore.Hosting.Diagnostics-http://localhost/swagger/v1/swagger.json-:
Request starting HTTP/1.1 GET http://localhost:5260/swagger/v1/swagger.json - - -


2024-11-15 11:53:54.1579-INFO-Microsoft.AspNetCore.Hosting.Diagnostics-http://localhost/swagger/v1/swagger.json-:
Request finished HTTP/1.1 GET http://localhost:5260/swagger/v1/swagger.json - 200 - application/json;charset=utf-8 394.8317ms


2024-11-15 11:54:11.3221-INFO-Microsoft.AspNetCore.Hosting.Diagnostics-http://localhost/DMTaiLieus/download-:
Request starting HTTP/1.1 GET http://localhost:5260/DMTaiLieus/download?id=6193c41f-34d1-453a-b56b-7d43c8134ad2 - - -


2024-11-15 11:54:11.3996-INFO-Microsoft.AspNetCore.Routing.EndpointMiddleware-http://localhost/DMTaiLieus/download-DownloadFile:
Executing endpoint 'Xim.AppApi.Controllers.DMTaiLieuController.DownloadFile (API)'


2024-11-15 11:54:11.4359-INFO-Microsoft.AspNetCore.Mvc.Infrastructure.ControllerActionInvoker-http://localhost/DMTaiLieus/download-DownloadFile:
Route matched with {action = "DownloadFile", controller = "DMTaiLieu"}. Executing controller action with signature System.Threading.Tasks.Task`1[Microsoft.AspNetCore.Mvc.IActionResult] DownloadFile(System.Guid) on controller Xim.AppApi.Controllers.DMTaiLieuController (API).


2024-11-15 11:54:43.9937-INFO-Microsoft.AspNetCore.Mvc.Infrastructure.ObjectResultExecutor-http://localhost/DMTaiLieus/download-DownloadFile:
Executing NotFoundObjectResult, writing value of type 'System.String'.


2024-11-15 11:54:43.9937-INFO-Microsoft.AspNetCore.Mvc.Infrastructure.ControllerActionInvoker-http://localhost/DMTaiLieus/download-DownloadFile:
Executed action Xim.AppApi.Controllers.DMTaiLieuController.DownloadFile (API) in 32558.2995ms


2024-11-15 11:54:43.9937-INFO-Microsoft.AspNetCore.Routing.EndpointMiddleware-http://localhost/DMTaiLieus/download-DownloadFile:
Executed endpoint 'Xim.AppApi.Controllers.DMTaiLieuController.DownloadFile (API)'


2024-11-15 11:54:43.9937-INFO-Microsoft.AspNetCore.Hosting.Diagnostics-http://localhost/DMTaiLieus/download-DownloadFile:
Request finished HTTP/1.1 GET http://localhost:5260/DMTaiLieus/download?id=6193c41f-34d1-453a-b56b-7d43c8134ad2 - 404 - text/plain;+charset=utf-8 32681.0557ms


2024-11-15 11:54:52.7026-INFO-Microsoft.AspNetCore.Hosting.Diagnostics-http://localhost/DMTaiLieus/download-:
Request starting HTTP/1.1 GET http://localhost:5260/DMTaiLieus/download?id=6193c41f-34d1-453a-b56b-7d43c8134ad2 - - -


2024-11-15 11:54:52.7026-INFO-Microsoft.AspNetCore.Routing.EndpointMiddleware-http://localhost/DMTaiLieus/download-DownloadFile:
Executing endpoint 'Xim.AppApi.Controllers.DMTaiLieuController.DownloadFile (API)'


2024-11-15 11:54:52.7026-INFO-Microsoft.AspNetCore.Mvc.Infrastructure.ControllerActionInvoker-http://localhost/DMTaiLieus/download-DownloadFile:
Route matched with {action = "DownloadFile", controller = "DMTaiLieu"}. Executing controller action with signature System.Threading.Tasks.Task`1[Microsoft.AspNetCore.Mvc.IActionResult] DownloadFile(System.Guid) on controller Xim.AppApi.Controllers.DMTaiLieuController (API).


2024-11-15 16:19:51.6549-INFO-Microsoft.AspNetCore.DataProtection.KeyManagement.XmlKeyManager--:
User profile is available. Using 'C:\Users\Van Laptop\AppData\Local\ASP.NET\DataProtection-Keys' as key repository and Windows DPAPI to encrypt keys at rest.


2024-11-15 16:19:51.9408-INFO-Microsoft.Hosting.Lifetime--:
Now listening on: http://localhost:5260


2024-11-15 16:19:51.9408-INFO-Microsoft.Hosting.Lifetime--:
Application started. Press Ctrl+C to shut down.


2024-11-15 16:19:51.9408-INFO-Microsoft.Hosting.Lifetime--:
Hosting environment: Development


2024-11-15 16:19:51.9408-INFO-Microsoft.Hosting.Lifetime--:
Content root path: D:\Code\Cong TT\CodeBECong\Api\Xim.AppApi


2024-11-15 16:19:53.4625-INFO-Microsoft.AspNetCore.Hosting.Diagnostics-http://localhost/swagger/index.html-:
Request starting HTTP/1.1 GET http://localhost:5260/swagger/index.html - - -


2024-11-15 16:19:53.7603-INFO-Microsoft.AspNetCore.Hosting.Diagnostics-http://localhost/swagger/index.html-:
Request finished HTTP/1.1 GET http://localhost:5260/swagger/index.html - 200 - text/html;charset=utf-8 313.9068ms


2024-11-15 16:19:53.9975-INFO-Microsoft.AspNetCore.Hosting.Diagnostics-http://localhost/swagger/v1/swagger.json-:
Request starting HTTP/1.1 GET http://localhost:5260/swagger/v1/swagger.json - - -


2024-11-15 16:19:54.0109-INFO-Microsoft.AspNetCore.Hosting.Diagnostics-http://localhost/swagger/favicon-32x32.png-:
Request starting HTTP/1.1 GET http://localhost:5260/swagger/favicon-32x32.png - - -


2024-11-15 16:19:54.1186-INFO-Microsoft.AspNetCore.StaticFiles.StaticFileMiddleware-http://localhost/swagger/favicon-32x32.png-:
The file /favicon-32x32.png was not modified


2024-11-15 16:19:54.1186-INFO-Microsoft.AspNetCore.Hosting.Diagnostics-http://localhost/swagger/favicon-32x32.png-:
Request finished HTTP/1.1 GET http://localhost:5260/swagger/favicon-32x32.png - 304 - image/png 107.1077ms


2024-11-15 16:19:54.3502-INFO-Microsoft.AspNetCore.Hosting.Diagnostics-http://localhost/swagger/v1/swagger.json-:
Request finished HTTP/1.1 GET http://localhost:5260/swagger/v1/swagger.json - 200 - application/json;charset=utf-8 353.5353ms


2024-11-15 16:20:05.9022-INFO-Microsoft.AspNetCore.Hosting.Diagnostics-http://localhost/Uploads/FileDMTaiLieu/1789ae51-2491-4e7a-9db4-e053ea924cc3_Capture.PNG-:
Request starting HTTP/1.1 GET http://localhost:5260/Uploads/FileDMTaiLieu/1789ae51-2491-4e7a-9db4-e053ea924cc3_Capture.PNG - - -


2024-11-15 16:20:05.9637-INFO-Microsoft.AspNetCore.StaticFiles.StaticFileMiddleware-http://localhost/Uploads/FileDMTaiLieu/1789ae51-2491-4e7a-9db4-e053ea924cc3_Capture.PNG-:
Sending file. Request path: '/Uploads/FileDMTaiLieu/1789ae51-2491-4e7a-9db4-e053ea924cc3_Capture.PNG'. Physical path: 'D:\Code\Cong TT\CodeBECong\Api\Xim.AppApi\wwwroot\Uploads\FileDMTaiLieu\1789ae51-2491-4e7a-9db4-e053ea924cc3_Capture.PNG'


2024-11-15 16:20:05.9637-INFO-Microsoft.AspNetCore.Hosting.Diagnostics-http://localhost/Uploads/FileDMTaiLieu/1789ae51-2491-4e7a-9db4-e053ea924cc3_Capture.PNG-:
Request finished HTTP/1.1 GET http://localhost:5260/Uploads/FileDMTaiLieu/1789ae51-2491-4e7a-9db4-e053ea924cc3_Capture.PNG - 200 24746 image/png 62.2598ms


2024-11-15 16:20:05.9914-INFO-Microsoft.AspNetCore.Hosting.Diagnostics-http://localhost/favicon.ico-:
Request starting HTTP/1.1 GET http://localhost:5260/favicon.ico - - -


2024-11-15 16:20:06.3587-INFO-Microsoft.AspNetCore.Hosting.Diagnostics-http://localhost/favicon.ico-:
Request finished HTTP/1.1 GET http://localhost:5260/favicon.ico - 404 0 - 368.6601ms


2024-11-15 16:20:06.3587-INFO-Microsoft.AspNetCore.Hosting.Diagnostics-http://localhost/favicon.ico-:
Request reached the end of the middleware pipeline without being handled by application code. Request path: GET http://localhost:5260/favicon.ico, Response status code: 404


2024-11-15 16:24:23.4044-INFO-Microsoft.AspNetCore.DataProtection.KeyManagement.XmlKeyManager--:
User profile is available. Using 'C:\Users\Van Laptop\AppData\Local\ASP.NET\DataProtection-Keys' as key repository and Windows DPAPI to encrypt keys at rest.


2024-11-15 16:24:23.6712-INFO-Microsoft.Hosting.Lifetime--:
Now listening on: http://localhost:5260


2024-11-15 16:24:23.6712-INFO-Microsoft.Hosting.Lifetime--:
Application started. Press Ctrl+C to shut down.


2024-11-15 16:24:23.6712-INFO-Microsoft.Hosting.Lifetime--:
Hosting environment: Development


2024-11-15 16:24:23.6712-INFO-Microsoft.Hosting.Lifetime--:
Content root path: D:\Code\Cong TT\CodeBECong\Api\Xim.AppApi


2024-11-15 16:24:24.9146-INFO-Microsoft.AspNetCore.Hosting.Diagnostics-http://localhost/swagger/index.html-:
Request starting HTTP/1.1 GET http://localhost:5260/swagger/index.html - - -


2024-11-15 16:24:25.1343-INFO-Microsoft.AspNetCore.Hosting.Diagnostics-http://localhost/swagger/index.html-:
Request finished HTTP/1.1 GET http://localhost:5260/swagger/index.html - 200 - text/html;charset=utf-8 232.1504ms


2024-11-15 16:24:25.2811-INFO-Microsoft.AspNetCore.Hosting.Diagnostics-http://localhost/swagger/v1/swagger.json-:
Request starting HTTP/1.1 GET http://localhost:5260/swagger/v1/swagger.json - - -


2024-11-15 16:24:25.5373-INFO-Microsoft.AspNetCore.Hosting.Diagnostics-http://localhost/swagger/v1/swagger.json-:
Request finished HTTP/1.1 GET http://localhost:5260/swagger/v1/swagger.json - 200 - application/json;charset=utf-8 256.9232ms


2024-11-15 16:24:29.8924-INFO-Microsoft.AspNetCore.Hosting.Diagnostics-http://localhost/favicon.ico-:
Request starting HTTP/1.1 GET http://localhost:5260/favicon.ico - - -


2024-11-15 16:24:30.0300-INFO-Microsoft.AspNetCore.Hosting.Diagnostics-http://localhost/favicon.ico-:
Request finished HTTP/1.1 GET http://localhost:5260/favicon.ico - 404 0 - 138.8675ms


2024-11-15 16:24:30.0300-INFO-Microsoft.AspNetCore.Hosting.Diagnostics-http://localhost/favicon.ico-:
Request reached the end of the middleware pipeline without being handled by application code. Request path: GET http://localhost:5260/favicon.ico, Response status code: 404


2024-11-15 16:24:44.6499-INFO-Microsoft.AspNetCore.Hosting.Diagnostics-http://localhost/DMTaiLieus/download-:
Request starting HTTP/1.1 GET http://localhost:5260/DMTaiLieus/download?id=6193c41f-34d1-453a-b56b-7d43c8134ad2 - - -


2024-11-15 16:24:44.6882-INFO-Microsoft.AspNetCore.Routing.EndpointMiddleware-http://localhost/DMTaiLieus/download-DownloadFile:
Executing endpoint 'Xim.AppApi.Controllers.DMTaiLieuController.DownloadFile (API)'


2024-11-15 16:24:44.7295-INFO-Microsoft.AspNetCore.Mvc.Infrastructure.ControllerActionInvoker-http://localhost/DMTaiLieus/download-DownloadFile:
Route matched with {action = "DownloadFile", controller = "DMTaiLieu"}. Executing controller action with signature System.Threading.Tasks.Task`1[Microsoft.AspNetCore.Mvc.IActionResult] DownloadFile(System.Guid) on controller Xim.AppApi.Controllers.DMTaiLieuController (API).


2024-11-15 16:26:54.4835-INFO-Microsoft.AspNetCore.DataProtection.KeyManagement.XmlKeyManager--:
User profile is available. Using 'C:\Users\Van Laptop\AppData\Local\ASP.NET\DataProtection-Keys' as key repository and Windows DPAPI to encrypt keys at rest.


2024-11-15 16:26:54.6864-INFO-Microsoft.Hosting.Lifetime--:
Now listening on: http://localhost:5260


2024-11-15 16:26:54.6864-INFO-Microsoft.Hosting.Lifetime--:
Application started. Press Ctrl+C to shut down.


2024-11-15 16:26:54.6864-INFO-Microsoft.Hosting.Lifetime--:
Hosting environment: Development


2024-11-15 16:26:54.6864-INFO-Microsoft.Hosting.Lifetime--:
Content root path: D:\Code\Cong TT\CodeBECong\Api\Xim.AppApi


2024-11-15 16:26:56.1262-INFO-Microsoft.AspNetCore.Hosting.Diagnostics-http://localhost/swagger/index.html-:
Request starting HTTP/1.1 GET http://localhost:5260/swagger/index.html - - -


2024-11-15 16:26:56.3950-INFO-Microsoft.AspNetCore.Hosting.Diagnostics-http://localhost/swagger/index.html-:
Request finished HTTP/1.1 GET http://localhost:5260/swagger/index.html - 200 - text/html;charset=utf-8 287.6920ms


2024-11-15 16:26:56.6031-INFO-Microsoft.AspNetCore.Hosting.Diagnostics-http://localhost/swagger/v1/swagger.json-:
Request starting HTTP/1.1 GET http://localhost:5260/swagger/v1/swagger.json - - -


2024-11-15 16:26:56.9852-INFO-Microsoft.AspNetCore.Hosting.Diagnostics-http://localhost/swagger/v1/swagger.json-:
Request finished HTTP/1.1 GET http://localhost:5260/swagger/v1/swagger.json - 200 - application/json;charset=utf-8 382.8052ms


2024-11-15 16:27:20.2851-INFO-Microsoft.AspNetCore.Hosting.Diagnostics-http://localhost/DMTaiLieus/download-:
Request starting HTTP/1.1 GET http://localhost:5260/DMTaiLieus/download?id=6193c41f-34d1-453a-b56b-7d43c8134ad2 - - -


2024-11-15 16:27:20.7593-INFO-Microsoft.AspNetCore.Routing.EndpointMiddleware-http://localhost/DMTaiLieus/download-DownloadFile:
Executing endpoint 'Xim.AppApi.Controllers.DMTaiLieuController.DownloadFile (API)'


2024-11-15 16:27:20.7913-INFO-Microsoft.AspNetCore.Mvc.Infrastructure.ControllerActionInvoker-http://localhost/DMTaiLieus/download-DownloadFile:
Route matched with {action = "DownloadFile", controller = "DMTaiLieu"}. Executing controller action with signature System.Threading.Tasks.Task`1[Microsoft.AspNetCore.Mvc.IActionResult] DownloadFile(System.Guid) on controller Xim.AppApi.Controllers.DMTaiLieuController (API).


2024-11-15 16:28:41.9355-INFO-Microsoft.AspNetCore.DataProtection.KeyManagement.XmlKeyManager--:
User profile is available. Using 'C:\Users\Van Laptop\AppData\Local\ASP.NET\DataProtection-Keys' as key repository and Windows DPAPI to encrypt keys at rest.


2024-11-15 16:28:42.2018-INFO-Microsoft.Hosting.Lifetime--:
Now listening on: http://localhost:5260


2024-11-15 16:28:42.2018-INFO-Microsoft.Hosting.Lifetime--:
Application started. Press Ctrl+C to shut down.


2024-11-15 16:28:42.2018-INFO-Microsoft.Hosting.Lifetime--:
Hosting environment: Development


2024-11-15 16:28:42.2018-INFO-Microsoft.Hosting.Lifetime--:
Content root path: D:\Code\Cong TT\CodeBECong\Api\Xim.AppApi


2024-11-15 16:28:43.5557-INFO-Microsoft.AspNetCore.Hosting.Diagnostics-http://localhost/swagger/index.html-:
Request starting HTTP/1.1 GET http://localhost:5260/swagger/index.html - - -


2024-11-15 16:28:43.9041-INFO-Microsoft.AspNetCore.Hosting.Diagnostics-http://localhost/swagger/index.html-:
Request finished HTTP/1.1 GET http://localhost:5260/swagger/index.html - 200 - text/html;charset=utf-8 352.2626ms


2024-11-15 16:28:44.2608-INFO-Microsoft.AspNetCore.Hosting.Diagnostics-http://localhost/swagger/v1/swagger.json-:
Request starting HTTP/1.1 GET http://localhost:5260/swagger/v1/swagger.json - - -


2024-11-15 16:28:45.2613-INFO-Microsoft.AspNetCore.Hosting.Diagnostics-http://localhost/swagger/v1/swagger.json-:
Request finished HTTP/1.1 GET http://localhost:5260/swagger/v1/swagger.json - 200 - application/json;charset=utf-8 1007.8886ms


2024-11-15 16:28:57.8879-INFO-Microsoft.AspNetCore.Hosting.Diagnostics-http://localhost/DMTaiLieus/download-:
Request starting HTTP/1.1 GET http://localhost:5260/DMTaiLieus/download?id=6193c41f-34d1-453a-b56b-7d43c8134ad2 - - -


2024-11-15 16:28:57.9517-INFO-Microsoft.AspNetCore.Routing.EndpointMiddleware-http://localhost/DMTaiLieus/download-DownloadFile:
Executing endpoint 'Xim.AppApi.Controllers.DMTaiLieuController.DownloadFile (API)'


2024-11-15 16:28:57.9847-INFO-Microsoft.AspNetCore.Mvc.Infrastructure.ControllerActionInvoker-http://localhost/DMTaiLieus/download-DownloadFile:
Route matched with {action = "DownloadFile", controller = "DMTaiLieu"}. Executing controller action with signature System.Threading.Tasks.Task`1[Microsoft.AspNetCore.Mvc.IActionResult] DownloadFile(System.Guid) on controller Xim.AppApi.Controllers.DMTaiLieuController (API).


2024-11-15 16:29:08.2566-INFO-Microsoft.AspNetCore.Mvc.Infrastructure.PhysicalFileResultExecutor-http://localhost/DMTaiLieus/download-DownloadFile:
Executing PhysicalFileResult, sending file 'D:\Code\Cong TT\CodeBECong\Api\Xim.AppApi\wwwroot\Uploads\FileDMTaiLieu\1789ae51-2491-4e7a-9db4-e053ea924cc3_Capture.PNG' with download name '1789ae51-2491-4e7a-9db4-e053ea924cc3_Capture.PNG' ...


2024-11-15 16:29:08.2930-INFO-Microsoft.AspNetCore.Mvc.Infrastructure.ControllerActionInvoker-http://localhost/DMTaiLieus/download-DownloadFile:
Executed action Xim.AppApi.Controllers.DMTaiLieuController.DownloadFile (API) in 10292.6633ms


2024-11-15 16:29:08.2930-INFO-Microsoft.AspNetCore.Routing.EndpointMiddleware-http://localhost/DMTaiLieus/download-DownloadFile:
Executed endpoint 'Xim.AppApi.Controllers.DMTaiLieuController.DownloadFile (API)'


2024-11-15 16:29:08.2930-INFO-Microsoft.AspNetCore.Hosting.Diagnostics-http://localhost/DMTaiLieus/download-DownloadFile:
Request finished HTTP/1.1 GET http://localhost:5260/DMTaiLieus/download?id=6193c41f-34d1-453a-b56b-7d43c8134ad2 - 200 24746 image/png 10412.6558ms


