2024-11-13 08:43:21.1517-INFO-Microsoft.AspNetCore.DataProtection.KeyManagement.XmlKeyManager--:
User profile is available. Using 'C:\Users\Van Laptop\AppData\Local\ASP.NET\DataProtection-Keys' as key repository and Windows DPAPI to encrypt keys at rest.


2024-11-13 08:43:22.7509-INFO-Microsoft.Hosting.Lifetime--:
Now listening on: http://localhost:5260


2024-11-13 08:43:22.7509-INFO-Microsoft.Hosting.Lifetime--:
Application started. Press Ctrl+C to shut down.


2024-11-13 08:43:22.7509-INFO-Microsoft.Hosting.Lifetime--:
Hosting environment: Development


2024-11-13 08:43:22.7509-INFO-Microsoft.Hosting.Lifetime--:
Content root path: D:\Code\Cong TT\CodeBECong\Api\Xim.AppApi


2024-11-13 08:44:25.5473-INFO-Microsoft.AspNetCore.DataProtection.KeyManagement.XmlKeyManager--:
User profile is available. Using 'C:\Users\Van Laptop\AppData\Local\ASP.NET\DataProtection-Keys' as key repository and Windows DPAPI to encrypt keys at rest.


2024-11-13 08:44:25.8272-INFO-Microsoft.Hosting.Lifetime--:
Now listening on: http://localhost:5260


2024-11-13 08:44:25.8272-INFO-Microsoft.Hosting.Lifetime--:
Application started. Press Ctrl+C to shut down.


2024-11-13 08:44:25.8272-INFO-Microsoft.Hosting.Lifetime--:
Hosting environment: Development


2024-11-13 08:44:25.8272-INFO-Microsoft.Hosting.Lifetime--:
Content root path: D:\Code\Cong TT\CodeBECong\Api\Xim.AppApi


2024-11-13 08:44:28.8208-INFO-Microsoft.AspNetCore.Hosting.Diagnostics-http://localhost/swagger/index.html-:
Request starting HTTP/1.1 GET http://localhost:5260/swagger/index.html - - -


2024-11-13 08:44:30.6440-INFO-Microsoft.AspNetCore.Hosting.Diagnostics-http://localhost/swagger/index.html-:
Request finished HTTP/1.1 GET http://localhost:5260/swagger/index.html - 200 - text/html;charset=utf-8 1876.5695ms


2024-11-13 08:44:31.6366-INFO-Microsoft.AspNetCore.Hosting.Diagnostics-http://localhost/swagger/v1/swagger.json-:
Request starting HTTP/1.1 GET http://localhost:5260/swagger/v1/swagger.json - - -


2024-11-13 08:44:32.3672-INFO-Microsoft.AspNetCore.Hosting.Diagnostics-http://localhost/swagger/v1/swagger.json-:
Request finished HTTP/1.1 GET http://localhost:5260/swagger/v1/swagger.json - 200 - application/json;charset=utf-8 731.4128ms


2024-11-13 09:57:58.9623-INFO-Microsoft.AspNetCore.DataProtection.KeyManagement.XmlKeyManager--:
User profile is available. Using 'C:\Users\Van Laptop\AppData\Local\ASP.NET\DataProtection-Keys' as key repository and Windows DPAPI to encrypt keys at rest.


2024-11-13 09:57:59.1975-INFO-Microsoft.Hosting.Lifetime--:
Now listening on: http://localhost:5260


2024-11-13 09:57:59.1983-INFO-Microsoft.Hosting.Lifetime--:
Application started. Press Ctrl+C to shut down.


2024-11-13 09:57:59.1983-INFO-Microsoft.Hosting.Lifetime--:
Hosting environment: Development


2024-11-13 09:57:59.1983-INFO-Microsoft.Hosting.Lifetime--:
Content root path: D:\Code\Cong TT\CodeBECong\Api\Xim.AppApi


2024-11-13 09:58:01.0616-INFO-Microsoft.AspNetCore.Hosting.Diagnostics-http://localhost/swagger/index.html-:
Request starting HTTP/1.1 GET http://localhost:5260/swagger/index.html - - -


2024-11-13 09:58:01.3714-INFO-Microsoft.AspNetCore.Hosting.Diagnostics-http://localhost/swagger/index.html-:
Request finished HTTP/1.1 GET http://localhost:5260/swagger/index.html - 200 - text/html;charset=utf-8 321.7859ms


2024-11-13 09:58:02.1424-INFO-Microsoft.AspNetCore.Hosting.Diagnostics-http://localhost/swagger/v1/swagger.json-:
Request starting HTTP/1.1 GET http://localhost:5260/swagger/v1/swagger.json - - -


2024-11-13 09:58:02.6096-INFO-Microsoft.AspNetCore.Hosting.Diagnostics-http://localhost/swagger/v1/swagger.json-:
Request finished HTTP/1.1 GET http://localhost:5260/swagger/v1/swagger.json - 200 - application/json;charset=utf-8 467.8228ms


2024-11-13 09:58:16.7704-INFO-Microsoft.AspNetCore.Hosting.Diagnostics-http://localhost/Accounts/login-:
Request starting HTTP/1.1 POST http://localhost:5260/Accounts/login - application/json-patch+json 49


2024-11-13 09:58:16.9074-INFO-Microsoft.AspNetCore.Cors.Infrastructure.CorsService-http://localhost/Accounts/login-Login:
CORS policy execution successful.


2024-11-13 09:58:17.8558-INFO-Microsoft.AspNetCore.Routing.EndpointMiddleware-http://localhost/Accounts/login-Login:
Executing endpoint 'Xim.AppApi.Controllers.AccountController.LoginAsync (API)'


2024-11-13 09:58:18.3386-INFO-Microsoft.AspNetCore.Mvc.Infrastructure.ControllerActionInvoker-http://localhost/Accounts/login-Login:
Route matched with {action = "Login", controller = "Account"}. Executing controller action with signature System.Threading.Tasks.Task`1[Microsoft.AspNetCore.Mvc.IActionResult] LoginAsync(Xim.Application.Contracts.Users.UserDtoLogin) on controller Xim.AppApi.Controllers.AccountController (API).


2024-11-13 09:58:20.0063-INFO-Microsoft.AspNetCore.Mvc.Infrastructure.ObjectResultExecutor-http://localhost/Accounts/login-Login:
Executing OkObjectResult, writing value of type 'Xim.AppApi.Controllers.AccountController+JwtTokenInfo'.


2024-11-13 09:58:20.0802-INFO-Microsoft.AspNetCore.Mvc.Infrastructure.ControllerActionInvoker-http://localhost/Accounts/login-Login:
Executed action Xim.AppApi.Controllers.AccountController.LoginAsync (API) in 1734.5587ms


2024-11-13 09:58:20.0802-INFO-Microsoft.AspNetCore.Routing.EndpointMiddleware-http://localhost/Accounts/login-Login:
Executed endpoint 'Xim.AppApi.Controllers.AccountController.LoginAsync (API)'


2024-11-13 09:58:20.0802-INFO-Microsoft.AspNetCore.Hosting.Diagnostics-http://localhost/Accounts/login-Login:
Request finished HTTP/1.1 POST http://localhost:5260/Accounts/login - 200 599 application/json;+charset=utf-8 3312.1130ms


2024-11-13 09:59:00.0864-INFO-Microsoft.AspNetCore.Hosting.Diagnostics-http://localhost/CaiDats/d3669e20-34f3-47d7-96ff-8de872d6a4fd-:
Request starting HTTP/1.1 PUT http://localhost:5260/CaiDats/d3669e20-34f3-47d7-96ff-8de872d6a4fd - multipart/form-data;+boundary=----WebKitFormBoundaryUbdjhUWOMWtvlwkT 2575


2024-11-13 09:59:00.0904-INFO-Microsoft.AspNetCore.Cors.Infrastructure.CorsService-http://localhost/CaiDats/d3669e20-34f3-47d7-96ff-8de872d6a4fd-Update:
CORS policy execution successful.


2024-11-13 09:59:00.1572-INFO-Microsoft.AspNetCore.Routing.EndpointMiddleware-http://localhost/CaiDats/d3669e20-34f3-47d7-96ff-8de872d6a4fd-Update:
Executing endpoint 'Xim.AppApi.Controllers.CaiDatController.UpdateAsync (API)'


2024-11-13 09:59:00.1705-INFO-Microsoft.AspNetCore.Mvc.Infrastructure.ControllerActionInvoker-http://localhost/CaiDats/d3669e20-34f3-47d7-96ff-8de872d6a4fd-Update:
Route matched with {action = "Update", controller = "CaiDat"}. Executing controller action with signature System.Threading.Tasks.Task`1[Microsoft.AspNetCore.Mvc.IActionResult] UpdateAsync(System.Guid, API.Controllers.CaiDatForm) on controller Xim.AppApi.Controllers.CaiDatController (API).


2024-11-13 09:59:00.3237-INFO-Microsoft.AspNetCore.Mvc.Infrastructure.ObjectResultExecutor-http://localhost/CaiDats/d3669e20-34f3-47d7-96ff-8de872d6a4fd-Update:
Executing OkObjectResult, writing value of type 'Xim.Application.Contracts.CaiDat.CaiDatDtoView'.


2024-11-13 09:59:00.3237-INFO-Microsoft.AspNetCore.Mvc.Infrastructure.ControllerActionInvoker-http://localhost/CaiDats/d3669e20-34f3-47d7-96ff-8de872d6a4fd-Update:
Executed action Xim.AppApi.Controllers.CaiDatController.UpdateAsync (API) in 152.8102ms


2024-11-13 09:59:00.3237-INFO-Microsoft.AspNetCore.Routing.EndpointMiddleware-http://localhost/CaiDats/d3669e20-34f3-47d7-96ff-8de872d6a4fd-Update:
Executed endpoint 'Xim.AppApi.Controllers.CaiDatController.UpdateAsync (API)'


2024-11-13 09:59:00.3237-INFO-Microsoft.AspNetCore.Hosting.Diagnostics-http://localhost/CaiDats/d3669e20-34f3-47d7-96ff-8de872d6a4fd-Update:
Request finished HTTP/1.1 PUT http://localhost:5260/CaiDats/d3669e20-34f3-47d7-96ff-8de872d6a4fd - 200 13 application/json;+charset=utf-8 248.3846ms


2024-11-13 10:00:39.1962-INFO-Microsoft.AspNetCore.Hosting.Diagnostics-http://localhost/CaiDats/d3669e20-34f3-47d7-96ff-8de872d6a4fd-:
Request starting HTTP/1.1 PUT http://localhost:5260/CaiDats/d3669e20-34f3-47d7-96ff-8de872d6a4fd - multipart/form-data;+boundary=----WebKitFormBoundarykMg6BAbhv2XwFsy3 22453


2024-11-13 10:00:39.1962-INFO-Microsoft.AspNetCore.Cors.Infrastructure.CorsService-http://localhost/CaiDats/d3669e20-34f3-47d7-96ff-8de872d6a4fd-Update:
CORS policy execution successful.


2024-11-13 10:00:39.2142-INFO-Microsoft.AspNetCore.Routing.EndpointMiddleware-http://localhost/CaiDats/d3669e20-34f3-47d7-96ff-8de872d6a4fd-Update:
Executing endpoint 'Xim.AppApi.Controllers.CaiDatController.UpdateAsync (API)'


2024-11-13 10:00:39.2142-INFO-Microsoft.AspNetCore.Mvc.Infrastructure.ControllerActionInvoker-http://localhost/CaiDats/d3669e20-34f3-47d7-96ff-8de872d6a4fd-Update:
Route matched with {action = "Update", controller = "CaiDat"}. Executing controller action with signature System.Threading.Tasks.Task`1[Microsoft.AspNetCore.Mvc.IActionResult] UpdateAsync(System.Guid, API.Controllers.CaiDatForm) on controller Xim.AppApi.Controllers.CaiDatController (API).


2024-11-13 10:00:39.3429-INFO-Microsoft.AspNetCore.Mvc.Infrastructure.ObjectResultExecutor-http://localhost/CaiDats/d3669e20-34f3-47d7-96ff-8de872d6a4fd-Update:
Executing OkObjectResult, writing value of type 'Xim.Application.Contracts.CaiDat.CaiDatDtoView'.


2024-11-13 10:00:39.3429-INFO-Microsoft.AspNetCore.Mvc.Infrastructure.ControllerActionInvoker-http://localhost/CaiDats/d3669e20-34f3-47d7-96ff-8de872d6a4fd-Update:
Executed action Xim.AppApi.Controllers.CaiDatController.UpdateAsync (API) in 118.1042ms


2024-11-13 10:00:39.3429-INFO-Microsoft.AspNetCore.Routing.EndpointMiddleware-http://localhost/CaiDats/d3669e20-34f3-47d7-96ff-8de872d6a4fd-Update:
Executed endpoint 'Xim.AppApi.Controllers.CaiDatController.UpdateAsync (API)'


2024-11-13 10:00:39.3429-INFO-Microsoft.AspNetCore.Hosting.Diagnostics-http://localhost/CaiDats/d3669e20-34f3-47d7-96ff-8de872d6a4fd-Update:
Request finished HTTP/1.1 PUT http://localhost:5260/CaiDats/d3669e20-34f3-47d7-96ff-8de872d6a4fd - 200 251 application/json;+charset=utf-8 148.2487ms


