2024-08-28 11:00:16.4226-INFO-Xim.AppApi.Controllers.CapbacController-http://localhost/Capbacs-Insert:
Index page visited at 08/28/2024 04:00:16


2024-08-28 14:32:14.2011-INFO-Xim.AppApi.Controllers.CapbacController-http://localhost/Capbacs-Insert:
Index page visited at 08/28/2024 07:32:14


2024-08-28 14:34:01.1491-INFO-Xim.AppApi.Controllers.CapbacController-http://localhost/Capbacs-Insert:
Index page visited at 08/28/2024 07:34:01


2024-08-28 14:35:02.2328-INFO-Xim.AppApi.Controllers.CapbacController-http://localhost/Capbacs-Insert:
Index page visited at 08/28/2024 07:35:02


2024-08-28 14:36:40.2373-INFO-Xim.AppApi.Controllers.CapbacController-http://localhost/Capbacs-Insert:
Index page visited at 08/28/2024 07:36:40


2024-08-28 15:04:53.1099-INFO-Microsoft.AspNetCore.DataProtection.KeyManagement.XmlKeyManager--:
User profile is available. Using 'C:\Users\Van Laptop\AppData\Local\ASP.NET\DataProtection-Keys' as key repository and Windows DPAPI to encrypt keys at rest.


2024-08-28 15:04:53.2674-INFO-Microsoft.Hosting.Lifetime--:
Now listening on: http://localhost:5260


2024-08-28 15:04:53.2685-INFO-Microsoft.Hosting.Lifetime--:
Application started. Press Ctrl+C to shut down.


2024-08-28 15:04:53.2685-INFO-Microsoft.Hosting.Lifetime--:
Hosting environment: Development


2024-08-28 15:04:53.2685-INFO-Microsoft.Hosting.Lifetime--:
Content root path: D:\Code\Cong TT\Api\Api\Xim.AppApi


2024-08-28 15:04:55.0750-INFO-Microsoft.AspNetCore.Hosting.Diagnostics-http://localhost/swagger/index.html-:
Request starting HTTP/1.1 GET http://localhost:5260/swagger/index.html - - -


2024-08-28 15:04:55.2288-INFO-Microsoft.AspNetCore.Hosting.Diagnostics-http://localhost/swagger/index.html-:
Request finished HTTP/1.1 GET http://localhost:5260/swagger/index.html - 200 - text/html;charset=utf-8 163.5260ms


2024-08-28 15:04:55.4394-INFO-Microsoft.AspNetCore.Hosting.Diagnostics-http://localhost/swagger/v1/swagger.json-:
Request starting HTTP/1.1 GET http://localhost:5260/swagger/v1/swagger.json - - -


2024-08-28 15:04:55.5607-INFO-Microsoft.AspNetCore.Hosting.Diagnostics-http://localhost/swagger/v1/swagger.json-:
Request finished HTTP/1.1 GET http://localhost:5260/swagger/v1/swagger.json - 200 - application/json;charset=utf-8 121.7492ms


2024-08-28 15:07:05.9992-INFO-Microsoft.AspNetCore.Hosting.Diagnostics-http://localhost/Accounts/login-:
Request starting HTTP/1.1 POST http://localhost:5260/Accounts/login - application/json-patch+json 49


2024-08-28 15:07:06.0197-INFO-Microsoft.AspNetCore.Cors.Infrastructure.CorsService-http://localhost/Accounts/login-Login:
CORS policy execution successful.


2024-08-28 15:07:06.5222-INFO-Microsoft.AspNetCore.Routing.EndpointMiddleware-http://localhost/Accounts/login-Login:
Executing endpoint 'Xim.AppApi.Controllers.AccountController.LoginAsync (Xim.AppApi)'


2024-08-28 15:07:06.5525-INFO-Microsoft.AspNetCore.Mvc.Infrastructure.ControllerActionInvoker-http://localhost/Accounts/login-Login:
Route matched with {action = "Login", controller = "Account"}. Executing controller action with signature System.Threading.Tasks.Task`1[Microsoft.AspNetCore.Mvc.IActionResult] LoginAsync(Xim.Application.Contracts.Users.UserDtoLogin) on controller Xim.AppApi.Controllers.AccountController (Xim.AppApi).


2024-08-28 15:07:07.7065-INFO-Microsoft.AspNetCore.Mvc.Infrastructure.ObjectResultExecutor-http://localhost/Accounts/login-Login:
Executing OkObjectResult, writing value of type 'Xim.AppApi.Controllers.AccountController+JwtTokenInfo'.


2024-08-28 15:07:07.7226-INFO-Microsoft.AspNetCore.Mvc.Infrastructure.ControllerActionInvoker-http://localhost/Accounts/login-Login:
Executed action Xim.AppApi.Controllers.AccountController.LoginAsync (Xim.AppApi) in 1160.3092ms


2024-08-28 15:07:07.7226-INFO-Microsoft.AspNetCore.Routing.EndpointMiddleware-http://localhost/Accounts/login-Login:
Executed endpoint 'Xim.AppApi.Controllers.AccountController.LoginAsync (Xim.AppApi)'


2024-08-28 15:07:07.7226-INFO-Microsoft.AspNetCore.Hosting.Diagnostics-http://localhost/Accounts/login-Login:
Request finished HTTP/1.1 POST http://localhost:5260/Accounts/login - 200 613 application/json;+charset=utf-8 1729.8039ms


2024-08-28 15:07:17.9560-INFO-Microsoft.AspNetCore.Hosting.Diagnostics-http://localhost/Accounts/login-:
Request starting HTTP/1.1 POST http://localhost:5260/Accounts/login - application/json 52


2024-08-28 15:07:17.9560-INFO-Microsoft.AspNetCore.Routing.EndpointMiddleware-http://localhost/Accounts/login-Login:
Executing endpoint 'Xim.AppApi.Controllers.AccountController.LoginAsync (Xim.AppApi)'


2024-08-28 15:07:17.9560-INFO-Microsoft.AspNetCore.Mvc.Infrastructure.ControllerActionInvoker-http://localhost/Accounts/login-Login:
Route matched with {action = "Login", controller = "Account"}. Executing controller action with signature System.Threading.Tasks.Task`1[Microsoft.AspNetCore.Mvc.IActionResult] LoginAsync(Xim.Application.Contracts.Users.UserDtoLogin) on controller Xim.AppApi.Controllers.AccountController (Xim.AppApi).


2024-08-28 15:07:17.9877-INFO-Microsoft.AspNetCore.Mvc.Infrastructure.ObjectResultExecutor-http://localhost/Accounts/login-Login:
Executing OkObjectResult, writing value of type 'Xim.AppApi.Controllers.AccountController+JwtTokenInfo'.


2024-08-28 15:07:17.9877-INFO-Microsoft.AspNetCore.Mvc.Infrastructure.ControllerActionInvoker-http://localhost/Accounts/login-Login:
Executed action Xim.AppApi.Controllers.AccountController.LoginAsync (Xim.AppApi) in 22.1713ms


2024-08-28 15:07:17.9877-INFO-Microsoft.AspNetCore.Routing.EndpointMiddleware-http://localhost/Accounts/login-Login:
Executed endpoint 'Xim.AppApi.Controllers.AccountController.LoginAsync (Xim.AppApi)'


2024-08-28 15:07:17.9877-INFO-Microsoft.AspNetCore.Hosting.Diagnostics-http://localhost/Accounts/login-Login:
Request finished HTTP/1.1 POST http://localhost:5260/Accounts/login - 200 613 application/json;+charset=utf-8 30.8205ms


2024-08-28 15:07:55.5734-INFO-Microsoft.AspNetCore.Hosting.Diagnostics-http://localhost/Capbacs-:
Request starting HTTP/1.1 POST http://localhost:5260/Capbacs - application/json-patch+json 58


2024-08-28 15:07:55.5815-INFO-Microsoft.AspNetCore.Cors.Infrastructure.CorsService-http://localhost/Capbacs-Insert:
CORS policy execution successful.


2024-08-28 15:07:55.5968-INFO-Microsoft.AspNetCore.Authorization.DefaultAuthorizationService-http://localhost/Capbacs-Insert:
Authorization failed. These requirements were not met:
DenyAnonymousAuthorizationRequirement: Requires an authenticated user.


2024-08-28 15:07:55.5968-INFO-Microsoft.AspNetCore.Authentication.JwtBearer.JwtBearerHandler-http://localhost/Capbacs-Insert:
AuthenticationScheme: Bearer was challenged.


2024-08-28 15:07:55.5968-INFO-Microsoft.AspNetCore.Hosting.Diagnostics-http://localhost/Capbacs-Insert:
Request finished HTTP/1.1 POST http://localhost:5260/Capbacs - 401 0 - 37.7897ms


2024-08-28 15:08:21.8118-INFO-Microsoft.AspNetCore.Hosting.Diagnostics-http://localhost/Capbacs-:
Request starting HTTP/1.1 POST http://localhost:5260/Capbacs - application/json 62


2024-08-28 15:08:21.8317-INFO-Microsoft.AspNetCore.Authentication.JwtBearer.JwtBearerHandler-http://localhost/Capbacs-Insert:
Failed to validate the token.
Microsoft.IdentityModel.Tokens.SecurityTokenMalformedException: IDX14100: JWT is not well formed, there are no dots (.).
The token needs to be in JWS or JWE Compact Serialization Format. (JWS): 'EncodedHeader.EndcodedPayload.EncodedSignature'. (JWE): 'EncodedProtectedHeader.EncodedEncryptedKey.EncodedInitializationVector.EncodedCiphertext.EncodedAuthenticationTag'.
 ---> System.ArgumentException: IDX14102: Unable to decode the header '[PII of type 'Microsoft.IdentityModel.Logging.SecurityArtifact' is hidden. For more details, see https://aka.ms/IdentityModel/PII.]' as Base64Url encoded string.
 ---> System.ArgumentOutOfRangeException: Specified argument was out of the range of valid values. (Parameter 'IDX10820: Invalid character found in Base64UrlEncoding. Character: '32', Encoding: '[PII of type 'System.String' is hidden. For more details, see https://aka.ms/IdentityModel/PII.]'.')
   at Microsoft.IdentityModel.Tokens.Base64UrlEncoding.Decode(String input, Int32 offset, Int32 length, Byte[] output)
   at Microsoft.IdentityModel.Tokens.Base64UrlEncoding.Decode[T](String input, Int32 offset, Int32 length, Func`3 action)
   at Microsoft.IdentityModel.JsonWebTokens.JsonWebToken.CreateClaimSet(String rawString, Int32 startIndex, Int32 length, Func`3 action)
   at Microsoft.IdentityModel.JsonWebTokens.JsonWebToken.ReadToken(String encodedJson)
   --- End of inner exception stack trace ---
   at Microsoft.IdentityModel.JsonWebTokens.JsonWebToken.ReadToken(String encodedJson)
   at Microsoft.IdentityModel.JsonWebTokens.JsonWebToken..ctor(String jwtEncodedString)
   at Microsoft.IdentityModel.JsonWebTokens.JsonWebTokenHandler.ReadToken(String token, TokenValidationParameters validationParameters)
   --- End of inner exception stack trace ---

2024-08-28 15:08:21.8317-INFO-Microsoft.AspNetCore.Authentication.JwtBearer.JwtBearerHandler-http://localhost/Capbacs-Insert:
Bearer was not authenticated. Failure message: IDX14100: JWT is not well formed, there are no dots (.).
The token needs to be in JWS or JWE Compact Serialization Format. (JWS): 'EncodedHeader.EndcodedPayload.EncodedSignature'. (JWE): 'EncodedProtectedHeader.EncodedEncryptedKey.EncodedInitializationVector.EncodedCiphertext.EncodedAuthenticationTag'.


2024-08-28 15:08:21.8472-INFO-Microsoft.AspNetCore.Authorization.DefaultAuthorizationService-http://localhost/Capbacs-Insert:
Authorization failed. These requirements were not met:
DenyAnonymousAuthorizationRequirement: Requires an authenticated user.


2024-08-28 15:08:21.8472-INFO-Microsoft.AspNetCore.Authentication.JwtBearer.JwtBearerHandler-http://localhost/Capbacs-Insert:
AuthenticationScheme: Bearer was challenged.


2024-08-28 15:08:21.8472-INFO-Microsoft.AspNetCore.Hosting.Diagnostics-http://localhost/Capbacs-Insert:
Request finished HTTP/1.1 POST http://localhost:5260/Capbacs - 401 0 - 37.6965ms


2024-08-28 15:10:29.2107-INFO-Microsoft.AspNetCore.Hosting.Diagnostics-http://localhost/Capbacs-:
Request starting HTTP/1.1 POST http://localhost:5260/Capbacs - application/json 62


2024-08-28 15:10:29.2107-INFO-Microsoft.AspNetCore.Authentication.JwtBearer.JwtBearerHandler-http://localhost/Capbacs-Insert:
Failed to validate the token.
Microsoft.IdentityModel.Tokens.SecurityTokenMalformedException: IDX14100: JWT is not well formed, there are no dots (.).
The token needs to be in JWS or JWE Compact Serialization Format. (JWS): 'EncodedHeader.EndcodedPayload.EncodedSignature'. (JWE): 'EncodedProtectedHeader.EncodedEncryptedKey.EncodedInitializationVector.EncodedCiphertext.EncodedAuthenticationTag'.
 ---> System.ArgumentException: IDX14102: Unable to decode the header '[PII of type 'Microsoft.IdentityModel.Logging.SecurityArtifact' is hidden. For more details, see https://aka.ms/IdentityModel/PII.]' as Base64Url encoded string.
 ---> System.ArgumentOutOfRangeException: Specified argument was out of the range of valid values. (Parameter 'IDX10820: Invalid character found in Base64UrlEncoding. Character: '32', Encoding: '[PII of type 'System.String' is hidden. For more details, see https://aka.ms/IdentityModel/PII.]'.')
   at Microsoft.IdentityModel.Tokens.Base64UrlEncoding.Decode(String input, Int32 offset, Int32 length, Byte[] output)
   at Microsoft.IdentityModel.Tokens.Base64UrlEncoding.Decode[T](String input, Int32 offset, Int32 length, Func`3 action)
   at Microsoft.IdentityModel.JsonWebTokens.JsonWebToken.CreateClaimSet(String rawString, Int32 startIndex, Int32 length, Func`3 action)
   at Microsoft.IdentityModel.JsonWebTokens.JsonWebToken.ReadToken(String encodedJson)
   --- End of inner exception stack trace ---
   at Microsoft.IdentityModel.JsonWebTokens.JsonWebToken.ReadToken(String encodedJson)
   at Microsoft.IdentityModel.JsonWebTokens.JsonWebToken..ctor(String jwtEncodedString)
   at Microsoft.IdentityModel.JsonWebTokens.JsonWebTokenHandler.ReadToken(String token, TokenValidationParameters validationParameters)
   --- End of inner exception stack trace ---

2024-08-28 15:10:29.2220-INFO-Microsoft.AspNetCore.Authentication.JwtBearer.JwtBearerHandler-http://localhost/Capbacs-Insert:
Bearer was not authenticated. Failure message: IDX14100: JWT is not well formed, there are no dots (.).
The token needs to be in JWS or JWE Compact Serialization Format. (JWS): 'EncodedHeader.EndcodedPayload.EncodedSignature'. (JWE): 'EncodedProtectedHeader.EncodedEncryptedKey.EncodedInitializationVector.EncodedCiphertext.EncodedAuthenticationTag'.


2024-08-28 15:10:29.2377-INFO-Microsoft.AspNetCore.Authorization.DefaultAuthorizationService-http://localhost/Capbacs-Insert:
Authorization failed. These requirements were not met:
DenyAnonymousAuthorizationRequirement: Requires an authenticated user.


2024-08-28 15:10:29.2377-INFO-Microsoft.AspNetCore.Authentication.JwtBearer.JwtBearerHandler-http://localhost/Capbacs-Insert:
AuthenticationScheme: Bearer was challenged.


2024-08-28 15:10:29.2377-INFO-Microsoft.AspNetCore.Hosting.Diagnostics-http://localhost/Capbacs-Insert:
Request finished HTTP/1.1 POST http://localhost:5260/Capbacs - 401 0 - 32.0144ms


2024-08-28 15:11:14.2574-INFO-Microsoft.AspNetCore.Hosting.Diagnostics-http://localhost/Capbacs-:
Request starting HTTP/1.1 POST http://localhost:5260/Capbacs - application/json 62


2024-08-28 15:11:14.2574-INFO-Microsoft.AspNetCore.Authentication.JwtBearer.JwtBearerHandler-http://localhost/Capbacs-Insert:
Failed to validate the token.
Microsoft.IdentityModel.Tokens.SecurityTokenMalformedException: IDX14100: JWT is not well formed, there are no dots (.).
The token needs to be in JWS or JWE Compact Serialization Format. (JWS): 'EncodedHeader.EndcodedPayload.EncodedSignature'. (JWE): 'EncodedProtectedHeader.EncodedEncryptedKey.EncodedInitializationVector.EncodedCiphertext.EncodedAuthenticationTag'.
 ---> System.ArgumentException: IDX14102: Unable to decode the header '[PII of type 'Microsoft.IdentityModel.Logging.SecurityArtifact' is hidden. For more details, see https://aka.ms/IdentityModel/PII.]' as Base64Url encoded string.
 ---> System.ArgumentOutOfRangeException: Specified argument was out of the range of valid values. (Parameter 'IDX10820: Invalid character found in Base64UrlEncoding. Character: '32', Encoding: '[PII of type 'System.String' is hidden. For more details, see https://aka.ms/IdentityModel/PII.]'.')
   at Microsoft.IdentityModel.Tokens.Base64UrlEncoding.Decode(String input, Int32 offset, Int32 length, Byte[] output)
   at Microsoft.IdentityModel.Tokens.Base64UrlEncoding.Decode[T](String input, Int32 offset, Int32 length, Func`3 action)
   at Microsoft.IdentityModel.JsonWebTokens.JsonWebToken.CreateClaimSet(String rawString, Int32 startIndex, Int32 length, Func`3 action)
   at Microsoft.IdentityModel.JsonWebTokens.JsonWebToken.ReadToken(String encodedJson)
   --- End of inner exception stack trace ---
   at Microsoft.IdentityModel.JsonWebTokens.JsonWebToken.ReadToken(String encodedJson)
   at Microsoft.IdentityModel.JsonWebTokens.JsonWebToken..ctor(String jwtEncodedString)
   at Microsoft.IdentityModel.JsonWebTokens.JsonWebTokenHandler.ReadToken(String token, TokenValidationParameters validationParameters)
   --- End of inner exception stack trace ---

2024-08-28 15:11:14.2574-INFO-Microsoft.AspNetCore.Authentication.JwtBearer.JwtBearerHandler-http://localhost/Capbacs-Insert:
Bearer was not authenticated. Failure message: IDX14100: JWT is not well formed, there are no dots (.).
The token needs to be in JWS or JWE Compact Serialization Format. (JWS): 'EncodedHeader.EndcodedPayload.EncodedSignature'. (JWE): 'EncodedProtectedHeader.EncodedEncryptedKey.EncodedInitializationVector.EncodedCiphertext.EncodedAuthenticationTag'.


2024-08-28 15:11:14.2574-INFO-Microsoft.AspNetCore.Authorization.DefaultAuthorizationService-http://localhost/Capbacs-Insert:
Authorization failed. These requirements were not met:
DenyAnonymousAuthorizationRequirement: Requires an authenticated user.


2024-08-28 15:11:14.2574-INFO-Microsoft.AspNetCore.Authentication.JwtBearer.JwtBearerHandler-http://localhost/Capbacs-Insert:
AuthenticationScheme: Bearer was challenged.


2024-08-28 15:11:14.2574-INFO-Microsoft.AspNetCore.Hosting.Diagnostics-http://localhost/Capbacs-Insert:
Request finished HTTP/1.1 POST http://localhost:5260/Capbacs - 401 0 - 9.6919ms


2024-08-28 15:11:43.8034-INFO-Microsoft.AspNetCore.Hosting.Diagnostics-http://localhost/Capbacs-:
Request starting HTTP/1.1 POST http://localhost:5260/Capbacs - application/json 62


2024-08-28 15:11:43.8034-INFO-Microsoft.AspNetCore.Authorization.DefaultAuthorizationService-http://localhost/Capbacs-Insert:
Authorization failed. These requirements were not met:
DenyAnonymousAuthorizationRequirement: Requires an authenticated user.


2024-08-28 15:11:43.8034-INFO-Microsoft.AspNetCore.Authentication.JwtBearer.JwtBearerHandler-http://localhost/Capbacs-Insert:
AuthenticationScheme: Bearer was challenged.


2024-08-28 15:11:43.8034-INFO-Microsoft.AspNetCore.Hosting.Diagnostics-http://localhost/Capbacs-Insert:
Request finished HTTP/1.1 POST http://localhost:5260/Capbacs - 401 0 - 46.2186ms


2024-08-28 15:12:15.8582-INFO-Microsoft.AspNetCore.Hosting.Diagnostics-http://localhost/Accounts/login-:
Request starting HTTP/1.1 POST http://localhost:5260/Accounts/login - application/json 52


2024-08-28 15:12:15.8628-INFO-Microsoft.AspNetCore.Routing.EndpointMiddleware-http://localhost/Accounts/login-Login:
Executing endpoint 'Xim.AppApi.Controllers.AccountController.LoginAsync (Xim.AppApi)'


2024-08-28 15:12:15.8628-INFO-Microsoft.AspNetCore.Mvc.Infrastructure.ControllerActionInvoker-http://localhost/Accounts/login-Login:
Route matched with {action = "Login", controller = "Account"}. Executing controller action with signature System.Threading.Tasks.Task`1[Microsoft.AspNetCore.Mvc.IActionResult] LoginAsync(Xim.Application.Contracts.Users.UserDtoLogin) on controller Xim.AppApi.Controllers.AccountController (Xim.AppApi).


2024-08-28 15:12:15.8784-INFO-Microsoft.AspNetCore.Mvc.Infrastructure.ObjectResultExecutor-http://localhost/Accounts/login-Login:
Executing OkObjectResult, writing value of type 'Xim.AppApi.Controllers.AccountController+JwtTokenInfo'.


2024-08-28 15:12:15.8784-INFO-Microsoft.AspNetCore.Mvc.Infrastructure.ControllerActionInvoker-http://localhost/Accounts/login-Login:
Executed action Xim.AppApi.Controllers.AccountController.LoginAsync (Xim.AppApi) in 15.135ms


2024-08-28 15:12:15.8784-INFO-Microsoft.AspNetCore.Routing.EndpointMiddleware-http://localhost/Accounts/login-Login:
Executed endpoint 'Xim.AppApi.Controllers.AccountController.LoginAsync (Xim.AppApi)'


2024-08-28 15:12:15.8784-INFO-Microsoft.AspNetCore.Hosting.Diagnostics-http://localhost/Accounts/login-Login:
Request finished HTTP/1.1 POST http://localhost:5260/Accounts/login - 200 613 application/json;+charset=utf-8 28.2007ms


2024-08-28 15:12:26.9028-INFO-Microsoft.AspNetCore.Hosting.Diagnostics-http://localhost/Capbacs-:
Request starting HTTP/1.1 POST http://localhost:5260/Capbacs - application/json 62


2024-08-28 15:12:26.9028-INFO-Microsoft.AspNetCore.Authentication.JwtBearer.JwtBearerHandler-http://localhost/Capbacs-Insert:
Failed to validate the token.
Microsoft.IdentityModel.Tokens.SecurityTokenMalformedException: IDX14100: JWT is not well formed, there are no dots (.).
The token needs to be in JWS or JWE Compact Serialization Format. (JWS): 'EncodedHeader.EndcodedPayload.EncodedSignature'. (JWE): 'EncodedProtectedHeader.EncodedEncryptedKey.EncodedInitializationVector.EncodedCiphertext.EncodedAuthenticationTag'.
 ---> System.ArgumentException: IDX14102: Unable to decode the header '[PII of type 'Microsoft.IdentityModel.Logging.SecurityArtifact' is hidden. For more details, see https://aka.ms/IdentityModel/PII.]' as Base64Url encoded string.
 ---> System.ArgumentOutOfRangeException: Specified argument was out of the range of valid values. (Parameter 'IDX10820: Invalid character found in Base64UrlEncoding. Character: '32', Encoding: '[PII of type 'System.String' is hidden. For more details, see https://aka.ms/IdentityModel/PII.]'.')
   at Microsoft.IdentityModel.Tokens.Base64UrlEncoding.Decode(String input, Int32 offset, Int32 length, Byte[] output)
   at Microsoft.IdentityModel.Tokens.Base64UrlEncoding.Decode[T](String input, Int32 offset, Int32 length, Func`3 action)
   at Microsoft.IdentityModel.JsonWebTokens.JsonWebToken.CreateClaimSet(String rawString, Int32 startIndex, Int32 length, Func`3 action)
   at Microsoft.IdentityModel.JsonWebTokens.JsonWebToken.ReadToken(String encodedJson)
   --- End of inner exception stack trace ---
   at Microsoft.IdentityModel.JsonWebTokens.JsonWebToken.ReadToken(String encodedJson)
   at Microsoft.IdentityModel.JsonWebTokens.JsonWebToken..ctor(String jwtEncodedString)
   at Microsoft.IdentityModel.JsonWebTokens.JsonWebTokenHandler.ReadToken(String token, TokenValidationParameters validationParameters)
   --- End of inner exception stack trace ---

2024-08-28 15:12:26.9028-INFO-Microsoft.AspNetCore.Authentication.JwtBearer.JwtBearerHandler-http://localhost/Capbacs-Insert:
Bearer was not authenticated. Failure message: IDX14100: JWT is not well formed, there are no dots (.).
The token needs to be in JWS or JWE Compact Serialization Format. (JWS): 'EncodedHeader.EndcodedPayload.EncodedSignature'. (JWE): 'EncodedProtectedHeader.EncodedEncryptedKey.EncodedInitializationVector.EncodedCiphertext.EncodedAuthenticationTag'.


2024-08-28 15:12:26.9028-INFO-Microsoft.AspNetCore.Authorization.DefaultAuthorizationService-http://localhost/Capbacs-Insert:
Authorization failed. These requirements were not met:
DenyAnonymousAuthorizationRequirement: Requires an authenticated user.


2024-08-28 15:12:26.9028-INFO-Microsoft.AspNetCore.Authentication.JwtBearer.JwtBearerHandler-http://localhost/Capbacs-Insert:
AuthenticationScheme: Bearer was challenged.


2024-08-28 15:12:26.9028-INFO-Microsoft.AspNetCore.Hosting.Diagnostics-http://localhost/Capbacs-Insert:
Request finished HTTP/1.1 POST http://localhost:5260/Capbacs - 401 0 - 2.2936ms


2024-08-28 15:13:15.4524-INFO-Microsoft.AspNetCore.Hosting.Diagnostics-http://localhost/Capbacs-:
Request starting HTTP/1.1 POST http://localhost:5260/Capbacs - application/json 62


2024-08-28 15:13:15.4561-INFO-Microsoft.AspNetCore.Authentication.JwtBearer.JwtBearerHandler-http://localhost/Capbacs-Insert:
Failed to validate the token.
Microsoft.IdentityModel.Tokens.SecurityTokenMalformedException: IDX14100: JWT is not well formed, there are no dots (.).
The token needs to be in JWS or JWE Compact Serialization Format. (JWS): 'EncodedHeader.EndcodedPayload.EncodedSignature'. (JWE): 'EncodedProtectedHeader.EncodedEncryptedKey.EncodedInitializationVector.EncodedCiphertext.EncodedAuthenticationTag'.
 ---> System.ArgumentException: IDX14102: Unable to decode the header '[PII of type 'Microsoft.IdentityModel.Logging.SecurityArtifact' is hidden. For more details, see https://aka.ms/IdentityModel/PII.]' as Base64Url encoded string.
 ---> System.ArgumentOutOfRangeException: Specified argument was out of the range of valid values. (Parameter 'IDX10820: Invalid character found in Base64UrlEncoding. Character: '32', Encoding: '[PII of type 'System.String' is hidden. For more details, see https://aka.ms/IdentityModel/PII.]'.')
   at Microsoft.IdentityModel.Tokens.Base64UrlEncoding.Decode(String input, Int32 offset, Int32 length, Byte[] output)
   at Microsoft.IdentityModel.Tokens.Base64UrlEncoding.Decode[T](String input, Int32 offset, Int32 length, Func`3 action)
   at Microsoft.IdentityModel.JsonWebTokens.JsonWebToken.CreateClaimSet(String rawString, Int32 startIndex, Int32 length, Func`3 action)
   at Microsoft.IdentityModel.JsonWebTokens.JsonWebToken.ReadToken(String encodedJson)
   --- End of inner exception stack trace ---
   at Microsoft.IdentityModel.JsonWebTokens.JsonWebToken.ReadToken(String encodedJson)
   at Microsoft.IdentityModel.JsonWebTokens.JsonWebToken..ctor(String jwtEncodedString)
   at Microsoft.IdentityModel.JsonWebTokens.JsonWebTokenHandler.ReadToken(String token, TokenValidationParameters validationParameters)
   --- End of inner exception stack trace ---

2024-08-28 15:13:15.4561-INFO-Microsoft.AspNetCore.Authentication.JwtBearer.JwtBearerHandler-http://localhost/Capbacs-Insert:
Bearer was not authenticated. Failure message: IDX14100: JWT is not well formed, there are no dots (.).
The token needs to be in JWS or JWE Compact Serialization Format. (JWS): 'EncodedHeader.EndcodedPayload.EncodedSignature'. (JWE): 'EncodedProtectedHeader.EncodedEncryptedKey.EncodedInitializationVector.EncodedCiphertext.EncodedAuthenticationTag'.


2024-08-28 15:13:15.4561-INFO-Microsoft.AspNetCore.Authorization.DefaultAuthorizationService-http://localhost/Capbacs-Insert:
Authorization failed. These requirements were not met:
DenyAnonymousAuthorizationRequirement: Requires an authenticated user.


2024-08-28 15:13:15.4561-INFO-Microsoft.AspNetCore.Authentication.JwtBearer.JwtBearerHandler-http://localhost/Capbacs-Insert:
AuthenticationScheme: Bearer was challenged.


2024-08-28 15:13:15.4561-INFO-Microsoft.AspNetCore.Hosting.Diagnostics-http://localhost/Capbacs-Insert:
Request finished HTTP/1.1 POST http://localhost:5260/Capbacs - 401 0 - 11.2165ms


2024-08-28 15:13:24.2586-INFO-Microsoft.AspNetCore.Hosting.Diagnostics-http://localhost/Accounts/login-:
Request starting HTTP/1.1 POST http://localhost:5260/Accounts/login - application/json 52


2024-08-28 15:13:24.2586-INFO-Microsoft.AspNetCore.Routing.EndpointMiddleware-http://localhost/Accounts/login-Login:
Executing endpoint 'Xim.AppApi.Controllers.AccountController.LoginAsync (Xim.AppApi)'


2024-08-28 15:13:24.2586-INFO-Microsoft.AspNetCore.Mvc.Infrastructure.ControllerActionInvoker-http://localhost/Accounts/login-Login:
Route matched with {action = "Login", controller = "Account"}. Executing controller action with signature System.Threading.Tasks.Task`1[Microsoft.AspNetCore.Mvc.IActionResult] LoginAsync(Xim.Application.Contracts.Users.UserDtoLogin) on controller Xim.AppApi.Controllers.AccountController (Xim.AppApi).


2024-08-28 15:13:24.3861-INFO-Microsoft.AspNetCore.Mvc.Infrastructure.ObjectResultExecutor-http://localhost/Accounts/login-Login:
Executing OkObjectResult, writing value of type 'Xim.AppApi.Controllers.AccountController+JwtTokenInfo'.


2024-08-28 15:13:24.3861-INFO-Microsoft.AspNetCore.Mvc.Infrastructure.ControllerActionInvoker-http://localhost/Accounts/login-Login:
Executed action Xim.AppApi.Controllers.AccountController.LoginAsync (Xim.AppApi) in 129.4645ms


2024-08-28 15:13:24.3861-INFO-Microsoft.AspNetCore.Routing.EndpointMiddleware-http://localhost/Accounts/login-Login:
Executed endpoint 'Xim.AppApi.Controllers.AccountController.LoginAsync (Xim.AppApi)'


2024-08-28 15:13:24.3861-INFO-Microsoft.AspNetCore.Hosting.Diagnostics-http://localhost/Accounts/login-Login:
Request finished HTTP/1.1 POST http://localhost:5260/Accounts/login - 200 613 application/json;+charset=utf-8 130.7406ms


2024-08-28 15:13:25.5532-INFO-Microsoft.AspNetCore.Hosting.Diagnostics-http://localhost/Accounts/login-:
Request starting HTTP/1.1 POST http://localhost:5260/Accounts/login - application/json 52


2024-08-28 15:13:25.5532-INFO-Microsoft.AspNetCore.Routing.EndpointMiddleware-http://localhost/Accounts/login-Login:
Executing endpoint 'Xim.AppApi.Controllers.AccountController.LoginAsync (Xim.AppApi)'


2024-08-28 15:13:25.5532-INFO-Microsoft.AspNetCore.Mvc.Infrastructure.ControllerActionInvoker-http://localhost/Accounts/login-Login:
Route matched with {action = "Login", controller = "Account"}. Executing controller action with signature System.Threading.Tasks.Task`1[Microsoft.AspNetCore.Mvc.IActionResult] LoginAsync(Xim.Application.Contracts.Users.UserDtoLogin) on controller Xim.AppApi.Controllers.AccountController (Xim.AppApi).


2024-08-28 15:13:25.5681-INFO-Microsoft.AspNetCore.Mvc.Infrastructure.ObjectResultExecutor-http://localhost/Accounts/login-Login:
Executing OkObjectResult, writing value of type 'Xim.AppApi.Controllers.AccountController+JwtTokenInfo'.


2024-08-28 15:13:25.5681-INFO-Microsoft.AspNetCore.Mvc.Infrastructure.ControllerActionInvoker-http://localhost/Accounts/login-Login:
Executed action Xim.AppApi.Controllers.AccountController.LoginAsync (Xim.AppApi) in 18.1393ms


2024-08-28 15:13:25.5681-INFO-Microsoft.AspNetCore.Routing.EndpointMiddleware-http://localhost/Accounts/login-Login:
Executed endpoint 'Xim.AppApi.Controllers.AccountController.LoginAsync (Xim.AppApi)'


2024-08-28 15:13:25.5681-INFO-Microsoft.AspNetCore.Hosting.Diagnostics-http://localhost/Accounts/login-Login:
Request finished HTTP/1.1 POST http://localhost:5260/Accounts/login - 200 613 application/json;+charset=utf-8 19.9614ms


2024-08-28 15:14:39.7390-INFO-Microsoft.AspNetCore.Hosting.Diagnostics-http://localhost/Accounts/login-:
Request starting HTTP/1.1 POST http://localhost:5260/Accounts/login - application/json 52


2024-08-28 15:14:39.7390-INFO-Microsoft.AspNetCore.Routing.EndpointMiddleware-http://localhost/Accounts/login-Login:
Executing endpoint 'Xim.AppApi.Controllers.AccountController.LoginAsync (Xim.AppApi)'


2024-08-28 15:14:39.7390-INFO-Microsoft.AspNetCore.Mvc.Infrastructure.ControllerActionInvoker-http://localhost/Accounts/login-Login:
Route matched with {action = "Login", controller = "Account"}. Executing controller action with signature System.Threading.Tasks.Task`1[Microsoft.AspNetCore.Mvc.IActionResult] LoginAsync(Xim.Application.Contracts.Users.UserDtoLogin) on controller Xim.AppApi.Controllers.AccountController (Xim.AppApi).


2024-08-28 15:14:39.7545-INFO-Microsoft.AspNetCore.Mvc.Infrastructure.ObjectResultExecutor-http://localhost/Accounts/login-Login:
Executing OkObjectResult, writing value of type 'Xim.AppApi.Controllers.AccountController+JwtTokenInfo'.


2024-08-28 15:14:39.7545-INFO-Microsoft.AspNetCore.Mvc.Infrastructure.ControllerActionInvoker-http://localhost/Accounts/login-Login:
Executed action Xim.AppApi.Controllers.AccountController.LoginAsync (Xim.AppApi) in 15.7291ms


2024-08-28 15:14:39.7545-INFO-Microsoft.AspNetCore.Routing.EndpointMiddleware-http://localhost/Accounts/login-Login:
Executed endpoint 'Xim.AppApi.Controllers.AccountController.LoginAsync (Xim.AppApi)'


2024-08-28 15:14:39.7545-INFO-Microsoft.AspNetCore.Hosting.Diagnostics-http://localhost/Accounts/login-Login:
Request finished HTTP/1.1 POST http://localhost:5260/Accounts/login - 200 613 application/json;+charset=utf-8 21.1887ms


2024-08-28 15:15:04.5456-INFO-Microsoft.AspNetCore.Hosting.Diagnostics-http://localhost/Capbacs-:
Request starting HTTP/1.1 POST http://localhost:5260/Capbacs - application/json 62


2024-08-28 15:15:04.5516-INFO-Microsoft.AspNetCore.Authentication.JwtBearer.JwtBearerHandler-http://localhost/Capbacs-Insert:
Failed to validate the token.
Microsoft.IdentityModel.Tokens.SecurityTokenMalformedException: IDX14100: JWT is not well formed, there are no dots (.).
The token needs to be in JWS or JWE Compact Serialization Format. (JWS): 'EncodedHeader.EndcodedPayload.EncodedSignature'. (JWE): 'EncodedProtectedHeader.EncodedEncryptedKey.EncodedInitializationVector.EncodedCiphertext.EncodedAuthenticationTag'.
 ---> System.ArgumentException: IDX14102: Unable to decode the header '[PII of type 'Microsoft.IdentityModel.Logging.SecurityArtifact' is hidden. For more details, see https://aka.ms/IdentityModel/PII.]' as Base64Url encoded string.
 ---> System.ArgumentOutOfRangeException: Specified argument was out of the range of valid values. (Parameter 'IDX10820: Invalid character found in Base64UrlEncoding. Character: '32', Encoding: '[PII of type 'System.String' is hidden. For more details, see https://aka.ms/IdentityModel/PII.]'.')
   at Microsoft.IdentityModel.Tokens.Base64UrlEncoding.Decode(String input, Int32 offset, Int32 length, Byte[] output)
   at Microsoft.IdentityModel.Tokens.Base64UrlEncoding.Decode[T](String input, Int32 offset, Int32 length, Func`3 action)
   at Microsoft.IdentityModel.JsonWebTokens.JsonWebToken.CreateClaimSet(String rawString, Int32 startIndex, Int32 length, Func`3 action)
   at Microsoft.IdentityModel.JsonWebTokens.JsonWebToken.ReadToken(String encodedJson)
   --- End of inner exception stack trace ---
   at Microsoft.IdentityModel.JsonWebTokens.JsonWebToken.ReadToken(String encodedJson)
   at Microsoft.IdentityModel.JsonWebTokens.JsonWebToken..ctor(String jwtEncodedString)
   at Microsoft.IdentityModel.JsonWebTokens.JsonWebTokenHandler.ReadToken(String token, TokenValidationParameters validationParameters)
   --- End of inner exception stack trace ---

2024-08-28 15:15:04.5516-INFO-Microsoft.AspNetCore.Authentication.JwtBearer.JwtBearerHandler-http://localhost/Capbacs-Insert:
Bearer was not authenticated. Failure message: IDX14100: JWT is not well formed, there are no dots (.).
The token needs to be in JWS or JWE Compact Serialization Format. (JWS): 'EncodedHeader.EndcodedPayload.EncodedSignature'. (JWE): 'EncodedProtectedHeader.EncodedEncryptedKey.EncodedInitializationVector.EncodedCiphertext.EncodedAuthenticationTag'.


2024-08-28 15:15:04.5661-INFO-Microsoft.AspNetCore.Authorization.DefaultAuthorizationService-http://localhost/Capbacs-Insert:
Authorization failed. These requirements were not met:
DenyAnonymousAuthorizationRequirement: Requires an authenticated user.


2024-08-28 15:15:04.5661-INFO-Microsoft.AspNetCore.Authentication.JwtBearer.JwtBearerHandler-http://localhost/Capbacs-Insert:
AuthenticationScheme: Bearer was challenged.


2024-08-28 15:15:04.5661-INFO-Microsoft.AspNetCore.Hosting.Diagnostics-http://localhost/Capbacs-Insert:
Request finished HTTP/1.1 POST http://localhost:5260/Capbacs - 401 0 - 20.8639ms


2024-08-28 15:18:08.6373-INFO-Microsoft.AspNetCore.Hosting.Diagnostics-http://localhost/Capbacs-:
Request starting HTTP/1.1 POST http://localhost:5260/Capbacs - application/json 62


2024-08-28 15:18:08.6464-INFO-Microsoft.AspNetCore.Authentication.JwtBearer.JwtBearerHandler-http://localhost/Capbacs-Insert:
Failed to validate the token.
Microsoft.IdentityModel.Tokens.SecurityTokenMalformedException: IDX14100: JWT is not well formed, there are no dots (.).
The token needs to be in JWS or JWE Compact Serialization Format. (JWS): 'EncodedHeader.EndcodedPayload.EncodedSignature'. (JWE): 'EncodedProtectedHeader.EncodedEncryptedKey.EncodedInitializationVector.EncodedCiphertext.EncodedAuthenticationTag'.
 ---> System.ArgumentException: IDX14102: Unable to decode the header '[PII of type 'Microsoft.IdentityModel.Logging.SecurityArtifact' is hidden. For more details, see https://aka.ms/IdentityModel/PII.]' as Base64Url encoded string.
 ---> System.ArgumentOutOfRangeException: Specified argument was out of the range of valid values. (Parameter 'IDX10820: Invalid character found in Base64UrlEncoding. Character: '32', Encoding: '[PII of type 'System.String' is hidden. For more details, see https://aka.ms/IdentityModel/PII.]'.')
   at Microsoft.IdentityModel.Tokens.Base64UrlEncoding.Decode(String input, Int32 offset, Int32 length, Byte[] output)
   at Microsoft.IdentityModel.Tokens.Base64UrlEncoding.Decode[T](String input, Int32 offset, Int32 length, Func`3 action)
   at Microsoft.IdentityModel.JsonWebTokens.JsonWebToken.CreateClaimSet(String rawString, Int32 startIndex, Int32 length, Func`3 action)
   at Microsoft.IdentityModel.JsonWebTokens.JsonWebToken.ReadToken(String encodedJson)
   --- End of inner exception stack trace ---
   at Microsoft.IdentityModel.JsonWebTokens.JsonWebToken.ReadToken(String encodedJson)
   at Microsoft.IdentityModel.JsonWebTokens.JsonWebToken..ctor(String jwtEncodedString)
   at Microsoft.IdentityModel.JsonWebTokens.JsonWebTokenHandler.ReadToken(String token, TokenValidationParameters validationParameters)
   --- End of inner exception stack trace ---

2024-08-28 15:18:08.6592-INFO-Microsoft.AspNetCore.Authentication.JwtBearer.JwtBearerHandler-http://localhost/Capbacs-Insert:
Bearer was not authenticated. Failure message: IDX14100: JWT is not well formed, there are no dots (.).
The token needs to be in JWS or JWE Compact Serialization Format. (JWS): 'EncodedHeader.EndcodedPayload.EncodedSignature'. (JWE): 'EncodedProtectedHeader.EncodedEncryptedKey.EncodedInitializationVector.EncodedCiphertext.EncodedAuthenticationTag'.


2024-08-28 15:18:08.6592-INFO-Microsoft.AspNetCore.Authorization.DefaultAuthorizationService-http://localhost/Capbacs-Insert:
Authorization failed. These requirements were not met:
DenyAnonymousAuthorizationRequirement: Requires an authenticated user.


2024-08-28 15:18:08.6592-INFO-Microsoft.AspNetCore.Authentication.JwtBearer.JwtBearerHandler-http://localhost/Capbacs-Insert:
AuthenticationScheme: Bearer was challenged.


2024-08-28 15:18:08.6592-INFO-Microsoft.AspNetCore.Hosting.Diagnostics-http://localhost/Capbacs-Insert:
Request finished HTTP/1.1 POST http://localhost:5260/Capbacs - 401 0 - 29.5877ms


2024-08-28 15:18:26.5829-INFO-Microsoft.AspNetCore.Hosting.Diagnostics-http://localhost/Capbacs-:
Request starting HTTP/1.1 POST http://localhost:5260/Capbacs - application/json 62


2024-08-28 15:18:26.5829-INFO-Microsoft.AspNetCore.Authentication.JwtBearer.JwtBearerHandler-http://localhost/Capbacs-Insert:
Failed to validate the token.
Microsoft.IdentityModel.Tokens.SecurityTokenMalformedException: IDX14100: JWT is not well formed, there are no dots (.).
The token needs to be in JWS or JWE Compact Serialization Format. (JWS): 'EncodedHeader.EndcodedPayload.EncodedSignature'. (JWE): 'EncodedProtectedHeader.EncodedEncryptedKey.EncodedInitializationVector.EncodedCiphertext.EncodedAuthenticationTag'.
 ---> System.ArgumentException: IDX14102: Unable to decode the header '[PII of type 'Microsoft.IdentityModel.Logging.SecurityArtifact' is hidden. For more details, see https://aka.ms/IdentityModel/PII.]' as Base64Url encoded string.
 ---> System.ArgumentOutOfRangeException: Specified argument was out of the range of valid values. (Parameter 'IDX10820: Invalid character found in Base64UrlEncoding. Character: '32', Encoding: '[PII of type 'System.String' is hidden. For more details, see https://aka.ms/IdentityModel/PII.]'.')
   at Microsoft.IdentityModel.Tokens.Base64UrlEncoding.Decode(String input, Int32 offset, Int32 length, Byte[] output)
   at Microsoft.IdentityModel.Tokens.Base64UrlEncoding.Decode[T](String input, Int32 offset, Int32 length, Func`3 action)
   at Microsoft.IdentityModel.JsonWebTokens.JsonWebToken.CreateClaimSet(String rawString, Int32 startIndex, Int32 length, Func`3 action)
   at Microsoft.IdentityModel.JsonWebTokens.JsonWebToken.ReadToken(String encodedJson)
   --- End of inner exception stack trace ---
   at Microsoft.IdentityModel.JsonWebTokens.JsonWebToken.ReadToken(String encodedJson)
   at Microsoft.IdentityModel.JsonWebTokens.JsonWebToken..ctor(String jwtEncodedString)
   at Microsoft.IdentityModel.JsonWebTokens.JsonWebTokenHandler.ReadToken(String token, TokenValidationParameters validationParameters)
   --- End of inner exception stack trace ---

2024-08-28 15:18:26.5829-INFO-Microsoft.AspNetCore.Authentication.JwtBearer.JwtBearerHandler-http://localhost/Capbacs-Insert:
Bearer was not authenticated. Failure message: IDX14100: JWT is not well formed, there are no dots (.).
The token needs to be in JWS or JWE Compact Serialization Format. (JWS): 'EncodedHeader.EndcodedPayload.EncodedSignature'. (JWE): 'EncodedProtectedHeader.EncodedEncryptedKey.EncodedInitializationVector.EncodedCiphertext.EncodedAuthenticationTag'.


2024-08-28 15:18:26.5829-INFO-Microsoft.AspNetCore.Authorization.DefaultAuthorizationService-http://localhost/Capbacs-Insert:
Authorization failed. These requirements were not met:
DenyAnonymousAuthorizationRequirement: Requires an authenticated user.


2024-08-28 15:18:26.5829-INFO-Microsoft.AspNetCore.Authentication.JwtBearer.JwtBearerHandler-http://localhost/Capbacs-Insert:
AuthenticationScheme: Bearer was challenged.


2024-08-28 15:18:26.5829-INFO-Microsoft.AspNetCore.Hosting.Diagnostics-http://localhost/Capbacs-Insert:
Request finished HTTP/1.1 POST http://localhost:5260/Capbacs - 401 0 - 1.7921ms


2024-08-28 15:20:30.3981-INFO-Microsoft.AspNetCore.Hosting.Diagnostics-http://localhost/Capbacs-:
Request starting HTTP/1.1 POST http://localhost:5260/Capbacs - application/json 62


2024-08-28 15:20:30.4134-INFO-Microsoft.AspNetCore.Authentication.JwtBearer.JwtBearerHandler-http://localhost/Capbacs-Insert:
Failed to validate the token.
Microsoft.IdentityModel.Tokens.SecurityTokenMalformedException: IDX14100: JWT is not well formed, there are no dots (.).
The token needs to be in JWS or JWE Compact Serialization Format. (JWS): 'EncodedHeader.EndcodedPayload.EncodedSignature'. (JWE): 'EncodedProtectedHeader.EncodedEncryptedKey.EncodedInitializationVector.EncodedCiphertext.EncodedAuthenticationTag'.
 ---> System.ArgumentException: IDX14102: Unable to decode the header '[PII of type 'Microsoft.IdentityModel.Logging.SecurityArtifact' is hidden. For more details, see https://aka.ms/IdentityModel/PII.]' as Base64Url encoded string.
 ---> System.ArgumentOutOfRangeException: Specified argument was out of the range of valid values. (Parameter 'IDX10820: Invalid character found in Base64UrlEncoding. Character: '32', Encoding: '[PII of type 'System.String' is hidden. For more details, see https://aka.ms/IdentityModel/PII.]'.')
   at Microsoft.IdentityModel.Tokens.Base64UrlEncoding.Decode(String input, Int32 offset, Int32 length, Byte[] output)
   at Microsoft.IdentityModel.Tokens.Base64UrlEncoding.Decode[T](String input, Int32 offset, Int32 length, Func`3 action)
   at Microsoft.IdentityModel.JsonWebTokens.JsonWebToken.CreateClaimSet(String rawString, Int32 startIndex, Int32 length, Func`3 action)
   at Microsoft.IdentityModel.JsonWebTokens.JsonWebToken.ReadToken(String encodedJson)
   --- End of inner exception stack trace ---
   at Microsoft.IdentityModel.JsonWebTokens.JsonWebToken.ReadToken(String encodedJson)
   at Microsoft.IdentityModel.JsonWebTokens.JsonWebToken..ctor(String jwtEncodedString)
   at Microsoft.IdentityModel.JsonWebTokens.JsonWebTokenHandler.ReadToken(String token, TokenValidationParameters validationParameters)
   --- End of inner exception stack trace ---

2024-08-28 15:20:30.4122-INFO-Microsoft.AspNetCore.Authentication.JwtBearer.JwtBearerHandler-http://localhost/Capbacs-Insert:
Bearer was not authenticated. Failure message: IDX14100: JWT is not well formed, there are no dots (.).
The token needs to be in JWS or JWE Compact Serialization Format. (JWS): 'EncodedHeader.EndcodedPayload.EncodedSignature'. (JWE): 'EncodedProtectedHeader.EncodedEncryptedKey.EncodedInitializationVector.EncodedCiphertext.EncodedAuthenticationTag'.


2024-08-28 15:20:30.4255-INFO-Microsoft.AspNetCore.Authorization.DefaultAuthorizationService-http://localhost/Capbacs-Insert:
Authorization failed. These requirements were not met:
DenyAnonymousAuthorizationRequirement: Requires an authenticated user.


2024-08-28 15:20:30.4255-INFO-Microsoft.AspNetCore.Authentication.JwtBearer.JwtBearerHandler-http://localhost/Capbacs-Insert:
AuthenticationScheme: Bearer was challenged.


2024-08-28 15:20:30.4255-INFO-Microsoft.AspNetCore.Hosting.Diagnostics-http://localhost/Capbacs-Insert:
Request finished HTTP/1.1 POST http://localhost:5260/Capbacs - 401 0 - 31.6295ms


2024-08-28 15:22:43.5552-INFO-Microsoft.AspNetCore.Hosting.Diagnostics-http://localhost/Accounts/login-:
Request starting HTTP/1.1 POST http://localhost:5260/Accounts/login - application/json 52


2024-08-28 15:22:43.5552-INFO-Microsoft.AspNetCore.Routing.EndpointMiddleware-http://localhost/Accounts/login-Login:
Executing endpoint 'Xim.AppApi.Controllers.AccountController.LoginAsync (Xim.AppApi)'


2024-08-28 15:22:43.5552-INFO-Microsoft.AspNetCore.Mvc.Infrastructure.ControllerActionInvoker-http://localhost/Accounts/login-Login:
Route matched with {action = "Login", controller = "Account"}. Executing controller action with signature System.Threading.Tasks.Task`1[Microsoft.AspNetCore.Mvc.IActionResult] LoginAsync(Xim.Application.Contracts.Users.UserDtoLogin) on controller Xim.AppApi.Controllers.AccountController (Xim.AppApi).


2024-08-28 15:22:43.6297-INFO-Microsoft.AspNetCore.Mvc.Infrastructure.ObjectResultExecutor-http://localhost/Accounts/login-Login:
Executing OkObjectResult, writing value of type 'Xim.AppApi.Controllers.AccountController+JwtTokenInfo'.


2024-08-28 15:22:43.6297-INFO-Microsoft.AspNetCore.Mvc.Infrastructure.ControllerActionInvoker-http://localhost/Accounts/login-Login:
Executed action Xim.AppApi.Controllers.AccountController.LoginAsync (Xim.AppApi) in 63.9791ms


2024-08-28 15:22:43.6297-INFO-Microsoft.AspNetCore.Routing.EndpointMiddleware-http://localhost/Accounts/login-Login:
Executed endpoint 'Xim.AppApi.Controllers.AccountController.LoginAsync (Xim.AppApi)'


2024-08-28 15:22:43.6297-INFO-Microsoft.AspNetCore.Hosting.Diagnostics-http://localhost/Accounts/login-Login:
Request finished HTTP/1.1 POST http://localhost:5260/Accounts/login - 200 613 application/json;+charset=utf-8 80.9063ms


2024-08-28 15:23:08.4253-INFO-Microsoft.AspNetCore.Hosting.Diagnostics-http://localhost/Accounts/login-:
Request starting HTTP/1.1 POST http://localhost:5260/Accounts/login - application/json 52


2024-08-28 15:23:08.4253-INFO-Microsoft.AspNetCore.Routing.EndpointMiddleware-http://localhost/Accounts/login-Login:
Executing endpoint 'Xim.AppApi.Controllers.AccountController.LoginAsync (Xim.AppApi)'


2024-08-28 15:23:08.4406-INFO-Microsoft.AspNetCore.Mvc.Infrastructure.ControllerActionInvoker-http://localhost/Accounts/login-Login:
Route matched with {action = "Login", controller = "Account"}. Executing controller action with signature System.Threading.Tasks.Task`1[Microsoft.AspNetCore.Mvc.IActionResult] LoginAsync(Xim.Application.Contracts.Users.UserDtoLogin) on controller Xim.AppApi.Controllers.AccountController (Xim.AppApi).


2024-08-28 15:23:08.4609-INFO-Microsoft.AspNetCore.Mvc.Infrastructure.ObjectResultExecutor-http://localhost/Accounts/login-Login:
Executing OkObjectResult, writing value of type 'Xim.AppApi.Controllers.AccountController+JwtTokenInfo'.


2024-08-28 15:23:08.4609-INFO-Microsoft.AspNetCore.Mvc.Infrastructure.ControllerActionInvoker-http://localhost/Accounts/login-Login:
Executed action Xim.AppApi.Controllers.AccountController.LoginAsync (Xim.AppApi) in 13.2982ms


2024-08-28 15:23:08.4609-INFO-Microsoft.AspNetCore.Routing.EndpointMiddleware-http://localhost/Accounts/login-Login:
Executed endpoint 'Xim.AppApi.Controllers.AccountController.LoginAsync (Xim.AppApi)'


2024-08-28 15:23:08.4609-INFO-Microsoft.AspNetCore.Hosting.Diagnostics-http://localhost/Accounts/login-Login:
Request finished HTTP/1.1 POST http://localhost:5260/Accounts/login - 200 613 application/json;+charset=utf-8 38.9609ms


2024-08-28 15:23:17.3500-INFO-Microsoft.AspNetCore.Hosting.Diagnostics-http://localhost/Capbacs-:
Request starting HTTP/1.1 POST http://localhost:5260/Capbacs - application/json 62


2024-08-28 15:23:17.3500-INFO-Microsoft.AspNetCore.Authentication.JwtBearer.JwtBearerHandler-http://localhost/Capbacs-Insert:
Failed to validate the token.
Microsoft.IdentityModel.Tokens.SecurityTokenMalformedException: IDX14100: JWT is not well formed, there are no dots (.).
The token needs to be in JWS or JWE Compact Serialization Format. (JWS): 'EncodedHeader.EndcodedPayload.EncodedSignature'. (JWE): 'EncodedProtectedHeader.EncodedEncryptedKey.EncodedInitializationVector.EncodedCiphertext.EncodedAuthenticationTag'.
 ---> System.ArgumentException: IDX14102: Unable to decode the header '[PII of type 'Microsoft.IdentityModel.Logging.SecurityArtifact' is hidden. For more details, see https://aka.ms/IdentityModel/PII.]' as Base64Url encoded string.
 ---> System.ArgumentOutOfRangeException: Specified argument was out of the range of valid values. (Parameter 'IDX10820: Invalid character found in Base64UrlEncoding. Character: '32', Encoding: '[PII of type 'System.String' is hidden. For more details, see https://aka.ms/IdentityModel/PII.]'.')
   at Microsoft.IdentityModel.Tokens.Base64UrlEncoding.Decode(String input, Int32 offset, Int32 length, Byte[] output)
   at Microsoft.IdentityModel.Tokens.Base64UrlEncoding.Decode[T](String input, Int32 offset, Int32 length, Func`3 action)
   at Microsoft.IdentityModel.JsonWebTokens.JsonWebToken.CreateClaimSet(String rawString, Int32 startIndex, Int32 length, Func`3 action)
   at Microsoft.IdentityModel.JsonWebTokens.JsonWebToken.ReadToken(String encodedJson)
   --- End of inner exception stack trace ---
   at Microsoft.IdentityModel.JsonWebTokens.JsonWebToken.ReadToken(String encodedJson)
   at Microsoft.IdentityModel.JsonWebTokens.JsonWebToken..ctor(String jwtEncodedString)
   at Microsoft.IdentityModel.JsonWebTokens.JsonWebTokenHandler.ReadToken(String token, TokenValidationParameters validationParameters)
   --- End of inner exception stack trace ---

2024-08-28 15:23:17.3500-INFO-Microsoft.AspNetCore.Authentication.JwtBearer.JwtBearerHandler-http://localhost/Capbacs-Insert:
Bearer was not authenticated. Failure message: IDX14100: JWT is not well formed, there are no dots (.).
The token needs to be in JWS or JWE Compact Serialization Format. (JWS): 'EncodedHeader.EndcodedPayload.EncodedSignature'. (JWE): 'EncodedProtectedHeader.EncodedEncryptedKey.EncodedInitializationVector.EncodedCiphertext.EncodedAuthenticationTag'.


2024-08-28 15:23:17.3500-INFO-Microsoft.AspNetCore.Authorization.DefaultAuthorizationService-http://localhost/Capbacs-Insert:
Authorization failed. These requirements were not met:
DenyAnonymousAuthorizationRequirement: Requires an authenticated user.


2024-08-28 15:23:17.3500-INFO-Microsoft.AspNetCore.Authentication.JwtBearer.JwtBearerHandler-http://localhost/Capbacs-Insert:
AuthenticationScheme: Bearer was challenged.


2024-08-28 15:23:17.3500-INFO-Microsoft.AspNetCore.Hosting.Diagnostics-http://localhost/Capbacs-Insert:
Request finished HTTP/1.1 POST http://localhost:5260/Capbacs - 401 0 - 2.5220ms


2024-08-28 15:27:17.4950-INFO-Microsoft.AspNetCore.Hosting.Diagnostics-http://localhost/Accounts/login-:
Request starting HTTP/1.1 POST http://localhost:5260/Accounts/login - application/json 52


2024-08-28 15:27:17.4950-INFO-Microsoft.AspNetCore.Routing.EndpointMiddleware-http://localhost/Accounts/login-Login:
Executing endpoint 'Xim.AppApi.Controllers.AccountController.LoginAsync (Xim.AppApi)'


2024-08-28 15:27:17.4950-INFO-Microsoft.AspNetCore.Mvc.Infrastructure.ControllerActionInvoker-http://localhost/Accounts/login-Login:
Route matched with {action = "Login", controller = "Account"}. Executing controller action with signature System.Threading.Tasks.Task`1[Microsoft.AspNetCore.Mvc.IActionResult] LoginAsync(Xim.Application.Contracts.Users.UserDtoLogin) on controller Xim.AppApi.Controllers.AccountController (Xim.AppApi).


2024-08-28 15:27:17.5031-INFO-Microsoft.AspNetCore.Mvc.Infrastructure.ObjectResultExecutor-http://localhost/Accounts/login-Login:
Executing OkObjectResult, writing value of type 'Xim.AppApi.Controllers.AccountController+JwtTokenInfo'.


2024-08-28 15:27:17.5182-INFO-Microsoft.AspNetCore.Mvc.Infrastructure.ControllerActionInvoker-http://localhost/Accounts/login-Login:
Executed action Xim.AppApi.Controllers.AccountController.LoginAsync (Xim.AppApi) in 17.7593ms


2024-08-28 15:27:17.5182-INFO-Microsoft.AspNetCore.Routing.EndpointMiddleware-http://localhost/Accounts/login-Login:
Executed endpoint 'Xim.AppApi.Controllers.AccountController.LoginAsync (Xim.AppApi)'


2024-08-28 15:27:17.5182-INFO-Microsoft.AspNetCore.Hosting.Diagnostics-http://localhost/Accounts/login-Login:
Request finished HTTP/1.1 POST http://localhost:5260/Accounts/login - 200 613 application/json;+charset=utf-8 26.9509ms


2024-08-28 15:27:22.8571-INFO-Microsoft.AspNetCore.Hosting.Diagnostics-http://localhost/Capbacs-:
Request starting HTTP/1.1 POST http://localhost:5260/Capbacs - application/json 62


2024-08-28 15:27:22.8571-INFO-Microsoft.AspNetCore.Authentication.JwtBearer.JwtBearerHandler-http://localhost/Capbacs-Insert:
Failed to validate the token.
Microsoft.IdentityModel.Tokens.SecurityTokenMalformedException: IDX14100: JWT is not well formed, there are no dots (.).
The token needs to be in JWS or JWE Compact Serialization Format. (JWS): 'EncodedHeader.EndcodedPayload.EncodedSignature'. (JWE): 'EncodedProtectedHeader.EncodedEncryptedKey.EncodedInitializationVector.EncodedCiphertext.EncodedAuthenticationTag'.
 ---> System.ArgumentException: IDX14102: Unable to decode the header '[PII of type 'Microsoft.IdentityModel.Logging.SecurityArtifact' is hidden. For more details, see https://aka.ms/IdentityModel/PII.]' as Base64Url encoded string.
 ---> System.ArgumentOutOfRangeException: Specified argument was out of the range of valid values. (Parameter 'IDX10820: Invalid character found in Base64UrlEncoding. Character: '32', Encoding: '[PII of type 'System.String' is hidden. For more details, see https://aka.ms/IdentityModel/PII.]'.')
   at Microsoft.IdentityModel.Tokens.Base64UrlEncoding.Decode(String input, Int32 offset, Int32 length, Byte[] output)
   at Microsoft.IdentityModel.Tokens.Base64UrlEncoding.Decode[T](String input, Int32 offset, Int32 length, Func`3 action)
   at Microsoft.IdentityModel.JsonWebTokens.JsonWebToken.CreateClaimSet(String rawString, Int32 startIndex, Int32 length, Func`3 action)
   at Microsoft.IdentityModel.JsonWebTokens.JsonWebToken.ReadToken(String encodedJson)
   --- End of inner exception stack trace ---
   at Microsoft.IdentityModel.JsonWebTokens.JsonWebToken.ReadToken(String encodedJson)
   at Microsoft.IdentityModel.JsonWebTokens.JsonWebToken..ctor(String jwtEncodedString)
   at Microsoft.IdentityModel.JsonWebTokens.JsonWebTokenHandler.ReadToken(String token, TokenValidationParameters validationParameters)
   --- End of inner exception stack trace ---

2024-08-28 15:27:22.8802-INFO-Microsoft.AspNetCore.Authentication.JwtBearer.JwtBearerHandler-http://localhost/Capbacs-Insert:
Bearer was not authenticated. Failure message: IDX14100: JWT is not well formed, there are no dots (.).
The token needs to be in JWS or JWE Compact Serialization Format. (JWS): 'EncodedHeader.EndcodedPayload.EncodedSignature'. (JWE): 'EncodedProtectedHeader.EncodedEncryptedKey.EncodedInitializationVector.EncodedCiphertext.EncodedAuthenticationTag'.


2024-08-28 15:27:22.8802-INFO-Microsoft.AspNetCore.Authorization.DefaultAuthorizationService-http://localhost/Capbacs-Insert:
Authorization failed. These requirements were not met:
DenyAnonymousAuthorizationRequirement: Requires an authenticated user.


2024-08-28 15:27:22.8802-INFO-Microsoft.AspNetCore.Authentication.JwtBearer.JwtBearerHandler-http://localhost/Capbacs-Insert:
AuthenticationScheme: Bearer was challenged.


2024-08-28 15:27:22.8802-INFO-Microsoft.AspNetCore.Hosting.Diagnostics-http://localhost/Capbacs-Insert:
Request finished HTTP/1.1 POST http://localhost:5260/Capbacs - 401 0 - 27.0795ms


2024-08-28 15:32:20.6625-INFO-Microsoft.AspNetCore.DataProtection.KeyManagement.XmlKeyManager--:
User profile is available. Using 'C:\Users\Van Laptop\AppData\Local\ASP.NET\DataProtection-Keys' as key repository and Windows DPAPI to encrypt keys at rest.


2024-08-28 15:32:20.8440-INFO-Microsoft.Hosting.Lifetime--:
Now listening on: http://localhost:5260


2024-08-28 15:32:20.8440-INFO-Microsoft.Hosting.Lifetime--:
Application started. Press Ctrl+C to shut down.


2024-08-28 15:32:20.8440-INFO-Microsoft.Hosting.Lifetime--:
Hosting environment: Development


2024-08-28 15:32:20.8440-INFO-Microsoft.Hosting.Lifetime--:
Content root path: D:\Code\Cong TT\Api\Api\Xim.AppApi


2024-08-28 15:32:22.0941-INFO-Microsoft.AspNetCore.Hosting.Diagnostics-http://localhost/swagger/index.html-:
Request starting HTTP/1.1 GET http://localhost:5260/swagger/index.html - - -


2024-08-28 15:32:22.2135-INFO-Microsoft.AspNetCore.Hosting.Diagnostics-http://localhost/swagger/index.html-:
Request finished HTTP/1.1 GET http://localhost:5260/swagger/index.html - 200 - text/html;charset=utf-8 128.3359ms


2024-08-28 15:32:22.4443-INFO-Microsoft.AspNetCore.Hosting.Diagnostics-http://localhost/swagger/v1/swagger.json-:
Request starting HTTP/1.1 GET http://localhost:5260/swagger/v1/swagger.json - - -


2024-08-28 15:32:22.5600-INFO-Microsoft.AspNetCore.Hosting.Diagnostics-http://localhost/swagger/v1/swagger.json-:
Request finished HTTP/1.1 GET http://localhost:5260/swagger/v1/swagger.json - 200 - application/json;charset=utf-8 116.2320ms


2024-08-28 15:32:25.5886-INFO-Microsoft.AspNetCore.Hosting.Diagnostics-http://localhost/Capbacs-:
Request starting HTTP/1.1 POST http://localhost:5260/Capbacs - application/json 62


2024-08-28 15:32:26.2599-INFO-Microsoft.AspNetCore.Authentication.JwtBearer.JwtBearerHandler-http://localhost/Capbacs-Insert:
Failed to validate the token.
Microsoft.IdentityModel.Tokens.SecurityTokenMalformedException: IDX14100: JWT is not well formed, there are no dots (.).
The token needs to be in JWS or JWE Compact Serialization Format. (JWS): 'EncodedHeader.EndcodedPayload.EncodedSignature'. (JWE): 'EncodedProtectedHeader.EncodedEncryptedKey.EncodedInitializationVector.EncodedCiphertext.EncodedAuthenticationTag'.
 ---> System.ArgumentException: IDX14102: Unable to decode the header '[PII of type 'Microsoft.IdentityModel.Logging.SecurityArtifact' is hidden. For more details, see https://aka.ms/IdentityModel/PII.]' as Base64Url encoded string.
 ---> System.ArgumentOutOfRangeException: Specified argument was out of the range of valid values. (Parameter 'IDX10820: Invalid character found in Base64UrlEncoding. Character: '32', Encoding: '[PII of type 'System.String' is hidden. For more details, see https://aka.ms/IdentityModel/PII.]'.')
   at Microsoft.IdentityModel.Tokens.Base64UrlEncoding.Decode(String input, Int32 offset, Int32 length, Byte[] output)
   at Microsoft.IdentityModel.Tokens.Base64UrlEncoding.Decode[T](String input, Int32 offset, Int32 length, Func`3 action)
   at Microsoft.IdentityModel.JsonWebTokens.JsonWebToken.CreateClaimSet(String rawString, Int32 startIndex, Int32 length, Func`3 action)
   at Microsoft.IdentityModel.JsonWebTokens.JsonWebToken.ReadToken(String encodedJson)
   --- End of inner exception stack trace ---
   at Microsoft.IdentityModel.JsonWebTokens.JsonWebToken.ReadToken(String encodedJson)
   at Microsoft.IdentityModel.JsonWebTokens.JsonWebToken..ctor(String jwtEncodedString)
   at Microsoft.IdentityModel.JsonWebTokens.JsonWebTokenHandler.ReadToken(String token, TokenValidationParameters validationParameters)
   --- End of inner exception stack trace ---

2024-08-28 15:32:26.2599-INFO-Microsoft.AspNetCore.Authentication.JwtBearer.JwtBearerHandler-http://localhost/Capbacs-Insert:
Bearer was not authenticated. Failure message: IDX14100: JWT is not well formed, there are no dots (.).
The token needs to be in JWS or JWE Compact Serialization Format. (JWS): 'EncodedHeader.EndcodedPayload.EncodedSignature'. (JWE): 'EncodedProtectedHeader.EncodedEncryptedKey.EncodedInitializationVector.EncodedCiphertext.EncodedAuthenticationTag'.


2024-08-28 15:32:26.2696-INFO-Microsoft.AspNetCore.Authorization.DefaultAuthorizationService-http://localhost/Capbacs-Insert:
Authorization failed. These requirements were not met:
DenyAnonymousAuthorizationRequirement: Requires an authenticated user.


2024-08-28 15:32:26.3057-INFO-Microsoft.AspNetCore.Authentication.JwtBearer.JwtBearerHandler-http://localhost/Capbacs-Insert:
AuthenticationScheme: Bearer was challenged.


2024-08-28 15:32:26.3057-INFO-Microsoft.AspNetCore.Hosting.Diagnostics-http://localhost/Capbacs-Insert:
Request finished HTTP/1.1 POST http://localhost:5260/Capbacs - 401 0 - 722.8072ms


2024-08-28 15:32:34.8447-INFO-Microsoft.AspNetCore.Hosting.Diagnostics-http://localhost/Capbacs-:
Request starting HTTP/1.1 POST http://localhost:5260/Capbacs - application/json 62


2024-08-28 15:32:34.9894-INFO-Microsoft.AspNetCore.Routing.EndpointMiddleware-http://localhost/Capbacs-Insert:
Executing endpoint 'Xim.AppApi.Controllers.CapbacController.InsertAsync (Xim.AppApi)'


2024-08-28 15:32:35.0186-INFO-Microsoft.AspNetCore.Mvc.Infrastructure.ControllerActionInvoker-http://localhost/Capbacs-Insert:
Route matched with {action = "Insert", controller = "Capbac"}. Executing controller action with signature System.Threading.Tasks.Task`1[Microsoft.AspNetCore.Mvc.IActionResult] InsertAsync(Xim.Application.Contracts.Capbacs.CapbacDtoCreate) on controller Xim.AppApi.Controllers.CapbacController (Xim.AppApi).


2024-08-28 15:32:35.1148-INFO-Xim.AppApi.Controllers.CapbacController-http://localhost/Capbacs-Insert:
Index page visited at 08/28/2024 08:32:35


2024-08-28 15:32:35.4444-INFO-Microsoft.AspNetCore.Mvc.Infrastructure.ObjectResultExecutor-http://localhost/Capbacs-Insert:
Executing ObjectResult, writing value of type 'System.String'.


2024-08-28 15:32:35.4560-INFO-Microsoft.AspNetCore.Mvc.Infrastructure.ControllerActionInvoker-http://localhost/Capbacs-Insert:
Executed action Xim.AppApi.Controllers.CapbacController.InsertAsync (Xim.AppApi) in 431.1151ms


2024-08-28 15:32:35.4560-INFO-Microsoft.AspNetCore.Routing.EndpointMiddleware-http://localhost/Capbacs-Insert:
Executed endpoint 'Xim.AppApi.Controllers.CapbacController.InsertAsync (Xim.AppApi)'


2024-08-28 15:32:35.4560-INFO-Microsoft.AspNetCore.Hosting.Diagnostics-http://localhost/Capbacs-Insert:
Request finished HTTP/1.1 POST http://localhost:5260/Capbacs - 444 - text/plain;+charset=utf-8 613.5440ms


2024-08-28 15:33:36.8728-INFO-Microsoft.AspNetCore.Hosting.Diagnostics-http://localhost/Capbacs-:
Request starting HTTP/1.1 POST http://localhost:5260/Capbacs - application/json 62


2024-08-28 15:33:36.8969-INFO-Microsoft.AspNetCore.Routing.EndpointMiddleware-http://localhost/Capbacs-Insert:
Executing endpoint 'Xim.AppApi.Controllers.CapbacController.InsertAsync (Xim.AppApi)'


2024-08-28 15:33:36.8969-INFO-Microsoft.AspNetCore.Mvc.Infrastructure.ControllerActionInvoker-http://localhost/Capbacs-Insert:
Route matched with {action = "Insert", controller = "Capbac"}. Executing controller action with signature System.Threading.Tasks.Task`1[Microsoft.AspNetCore.Mvc.IActionResult] InsertAsync(Xim.Application.Contracts.Capbacs.CapbacDtoCreate) on controller Xim.AppApi.Controllers.CapbacController (Xim.AppApi).


2024-08-28 15:33:36.8969-INFO-Xim.AppApi.Controllers.CapbacController-http://localhost/Capbacs-Insert:
Index page visited at 08/28/2024 08:33:36


2024-08-28 15:33:36.9590-INFO-Microsoft.AspNetCore.Mvc.Infrastructure.ObjectResultExecutor-http://localhost/Capbacs-Insert:
Executing ObjectResult, writing value of type 'System.String'.


2024-08-28 15:33:36.9590-INFO-Microsoft.AspNetCore.Mvc.Infrastructure.ControllerActionInvoker-http://localhost/Capbacs-Insert:
Executed action Xim.AppApi.Controllers.CapbacController.InsertAsync (Xim.AppApi) in 61.697ms


2024-08-28 15:33:36.9590-INFO-Microsoft.AspNetCore.Routing.EndpointMiddleware-http://localhost/Capbacs-Insert:
Executed endpoint 'Xim.AppApi.Controllers.CapbacController.InsertAsync (Xim.AppApi)'


2024-08-28 15:33:36.9590-INFO-Microsoft.AspNetCore.Hosting.Diagnostics-http://localhost/Capbacs-Insert:
Request finished HTTP/1.1 POST http://localhost:5260/Capbacs - 444 - text/plain;+charset=utf-8 89.0941ms


2024-08-28 15:34:00.7828-INFO-Microsoft.AspNetCore.Hosting.Diagnostics-http://localhost/Capbacs-:
Request starting HTTP/1.1 POST http://localhost:5260/Capbacs - application/json 62


2024-08-28 15:34:00.7842-INFO-Microsoft.AspNetCore.Routing.EndpointMiddleware-http://localhost/Capbacs-Insert:
Executing endpoint 'Xim.AppApi.Controllers.CapbacController.InsertAsync (Xim.AppApi)'


2024-08-28 15:34:00.7842-INFO-Microsoft.AspNetCore.Mvc.Infrastructure.ControllerActionInvoker-http://localhost/Capbacs-Insert:
Route matched with {action = "Insert", controller = "Capbac"}. Executing controller action with signature System.Threading.Tasks.Task`1[Microsoft.AspNetCore.Mvc.IActionResult] InsertAsync(Xim.Application.Contracts.Capbacs.CapbacDtoCreate) on controller Xim.AppApi.Controllers.CapbacController (Xim.AppApi).


2024-08-28 15:34:00.8459-INFO-Xim.AppApi.Controllers.CapbacController-http://localhost/Capbacs-Insert:
Index page visited at 08/28/2024 08:34:00


2024-08-28 15:34:00.9006-INFO-Microsoft.AspNetCore.Mvc.Infrastructure.ObjectResultExecutor-http://localhost/Capbacs-Insert:
Executing ObjectResult, writing value of type 'System.String'.


2024-08-28 15:34:00.9006-INFO-Microsoft.AspNetCore.Mvc.Infrastructure.ControllerActionInvoker-http://localhost/Capbacs-Insert:
Executed action Xim.AppApi.Controllers.CapbacController.InsertAsync (Xim.AppApi) in 107.8278ms


2024-08-28 15:34:00.9006-INFO-Microsoft.AspNetCore.Routing.EndpointMiddleware-http://localhost/Capbacs-Insert:
Executed endpoint 'Xim.AppApi.Controllers.CapbacController.InsertAsync (Xim.AppApi)'


2024-08-28 15:34:00.9006-INFO-Microsoft.AspNetCore.Hosting.Diagnostics-http://localhost/Capbacs-Insert:
Request finished HTTP/1.1 POST http://localhost:5260/Capbacs - 444 - text/plain;+charset=utf-8 120.0563ms


2024-08-28 15:34:15.6091-INFO-Microsoft.AspNetCore.Hosting.Diagnostics-http://localhost/Capbacs-:
Request starting HTTP/1.1 POST http://localhost:5260/Capbacs - application/json 52


2024-08-28 15:34:15.6091-INFO-Microsoft.AspNetCore.Routing.EndpointMiddleware-http://localhost/Capbacs-Insert:
Executing endpoint 'Xim.AppApi.Controllers.CapbacController.InsertAsync (Xim.AppApi)'


2024-08-28 15:34:15.6091-INFO-Microsoft.AspNetCore.Mvc.Infrastructure.ControllerActionInvoker-http://localhost/Capbacs-Insert:
Route matched with {action = "Insert", controller = "Capbac"}. Executing controller action with signature System.Threading.Tasks.Task`1[Microsoft.AspNetCore.Mvc.IActionResult] InsertAsync(Xim.Application.Contracts.Capbacs.CapbacDtoCreate) on controller Xim.AppApi.Controllers.CapbacController (Xim.AppApi).


2024-08-28 15:34:15.6091-INFO-Xim.AppApi.Controllers.CapbacController-http://localhost/Capbacs-Insert:
Index page visited at 08/28/2024 08:34:15


2024-08-28 15:34:15.6774-INFO-Microsoft.AspNetCore.Mvc.Infrastructure.ObjectResultExecutor-http://localhost/Capbacs-Insert:
Executing OkObjectResult, writing value of type 'Xim.Application.Contracts.Capbacs.CapbacDtoView'.


2024-08-28 15:34:15.6914-INFO-Microsoft.AspNetCore.Mvc.Infrastructure.ControllerActionInvoker-http://localhost/Capbacs-Insert:
Executed action Xim.AppApi.Controllers.CapbacController.InsertAsync (Xim.AppApi) in 81.0543ms


2024-08-28 15:34:15.6914-INFO-Microsoft.AspNetCore.Routing.EndpointMiddleware-http://localhost/Capbacs-Insert:
Executed endpoint 'Xim.AppApi.Controllers.CapbacController.InsertAsync (Xim.AppApi)'


2024-08-28 15:34:15.6914-INFO-Microsoft.AspNetCore.Hosting.Diagnostics-http://localhost/Capbacs-Insert:
Request finished HTTP/1.1 POST http://localhost:5260/Capbacs - 200 35 application/json;+charset=utf-8 83.1499ms


2024-08-28 15:34:27.6805-INFO-Microsoft.AspNetCore.Hosting.Diagnostics-http://localhost/Capbacs-:
Request starting HTTP/1.1 POST http://localhost:5260/Capbacs - application/json 52


2024-08-28 15:34:27.6805-INFO-Microsoft.AspNetCore.Authentication.JwtBearer.JwtBearerHandler-http://localhost/Capbacs-Insert:
Failed to validate the token.
Microsoft.IdentityModel.Tokens.SecurityTokenMalformedException: IDX14100: JWT is not well formed, there are no dots (.).
The token needs to be in JWS or JWE Compact Serialization Format. (JWS): 'EncodedHeader.EndcodedPayload.EncodedSignature'. (JWE): 'EncodedProtectedHeader.EncodedEncryptedKey.EncodedInitializationVector.EncodedCiphertext.EncodedAuthenticationTag'.
 ---> System.ArgumentException: IDX14102: Unable to decode the header '[PII of type 'Microsoft.IdentityModel.Logging.SecurityArtifact' is hidden. For more details, see https://aka.ms/IdentityModel/PII.]' as Base64Url encoded string.
 ---> System.ArgumentOutOfRangeException: Specified argument was out of the range of valid values. (Parameter 'IDX10820: Invalid character found in Base64UrlEncoding. Character: '32', Encoding: '[PII of type 'System.String' is hidden. For more details, see https://aka.ms/IdentityModel/PII.]'.')
   at Microsoft.IdentityModel.Tokens.Base64UrlEncoding.Decode(String input, Int32 offset, Int32 length, Byte[] output)
   at Microsoft.IdentityModel.Tokens.Base64UrlEncoding.Decode[T](String input, Int32 offset, Int32 length, Func`3 action)
   at Microsoft.IdentityModel.JsonWebTokens.JsonWebToken.CreateClaimSet(String rawString, Int32 startIndex, Int32 length, Func`3 action)
   at Microsoft.IdentityModel.JsonWebTokens.JsonWebToken.ReadToken(String encodedJson)
   --- End of inner exception stack trace ---
   at Microsoft.IdentityModel.JsonWebTokens.JsonWebToken.ReadToken(String encodedJson)
   at Microsoft.IdentityModel.JsonWebTokens.JsonWebToken..ctor(String jwtEncodedString)
   at Microsoft.IdentityModel.JsonWebTokens.JsonWebTokenHandler.ReadToken(String token, TokenValidationParameters validationParameters)
   --- End of inner exception stack trace ---

2024-08-28 15:34:27.6805-INFO-Microsoft.AspNetCore.Authentication.JwtBearer.JwtBearerHandler-http://localhost/Capbacs-Insert:
Bearer was not authenticated. Failure message: IDX14100: JWT is not well formed, there are no dots (.).
The token needs to be in JWS or JWE Compact Serialization Format. (JWS): 'EncodedHeader.EndcodedPayload.EncodedSignature'. (JWE): 'EncodedProtectedHeader.EncodedEncryptedKey.EncodedInitializationVector.EncodedCiphertext.EncodedAuthenticationTag'.


2024-08-28 15:34:27.6805-INFO-Microsoft.AspNetCore.Authorization.DefaultAuthorizationService-http://localhost/Capbacs-Insert:
Authorization failed. These requirements were not met:
DenyAnonymousAuthorizationRequirement: Requires an authenticated user.


2024-08-28 15:34:27.6805-INFO-Microsoft.AspNetCore.Authentication.JwtBearer.JwtBearerHandler-http://localhost/Capbacs-Insert:
AuthenticationScheme: Bearer was challenged.


2024-08-28 15:34:27.6805-INFO-Microsoft.AspNetCore.Hosting.Diagnostics-http://localhost/Capbacs-Insert:
Request finished HTTP/1.1 POST http://localhost:5260/Capbacs - 401 0 - 2.0575ms


2024-08-28 15:36:44.9602-INFO-Microsoft.AspNetCore.Hosting.Diagnostics-http://localhost/Accounts/login-:
Request starting HTTP/1.1 POST http://localhost:5260/Accounts/login - application/json 52


2024-08-28 15:36:44.9602-INFO-Microsoft.AspNetCore.Routing.EndpointMiddleware-http://localhost/Accounts/login-Login:
Executing endpoint 'Xim.AppApi.Controllers.AccountController.LoginAsync (Xim.AppApi)'


2024-08-28 15:36:44.9920-INFO-Microsoft.AspNetCore.Mvc.Infrastructure.ControllerActionInvoker-http://localhost/Accounts/login-Login:
Route matched with {action = "Login", controller = "Account"}. Executing controller action with signature System.Threading.Tasks.Task`1[Microsoft.AspNetCore.Mvc.IActionResult] LoginAsync(Xim.Application.Contracts.Users.UserDtoLogin) on controller Xim.AppApi.Controllers.AccountController (Xim.AppApi).


2024-08-28 15:36:45.0195-INFO-Microsoft.AspNetCore.Mvc.Infrastructure.ObjectResultExecutor-http://localhost/Accounts/login-Login:
Executing OkObjectResult, writing value of type 'Xim.AppApi.Controllers.AccountController+JwtTokenInfo'.


2024-08-28 15:36:45.0195-INFO-Microsoft.AspNetCore.Mvc.Infrastructure.ControllerActionInvoker-http://localhost/Accounts/login-Login:
Executed action Xim.AppApi.Controllers.AccountController.LoginAsync (Xim.AppApi) in 26.7324ms


2024-08-28 15:36:45.0195-INFO-Microsoft.AspNetCore.Routing.EndpointMiddleware-http://localhost/Accounts/login-Login:
Executed endpoint 'Xim.AppApi.Controllers.AccountController.LoginAsync (Xim.AppApi)'


2024-08-28 15:36:45.0195-INFO-Microsoft.AspNetCore.Hosting.Diagnostics-http://localhost/Accounts/login-Login:
Request finished HTTP/1.1 POST http://localhost:5260/Accounts/login - 200 613 application/json;+charset=utf-8 63.2772ms


2024-08-28 15:36:50.7221-INFO-Microsoft.AspNetCore.Hosting.Diagnostics-http://localhost/Capbacs-:
Request starting HTTP/1.1 POST http://localhost:5260/Capbacs - application/json 52


2024-08-28 15:36:50.7221-INFO-Microsoft.AspNetCore.Authentication.JwtBearer.JwtBearerHandler-http://localhost/Capbacs-Insert:
Failed to validate the token.
Microsoft.IdentityModel.Tokens.SecurityTokenMalformedException: IDX14100: JWT is not well formed, there are no dots (.).
The token needs to be in JWS or JWE Compact Serialization Format. (JWS): 'EncodedHeader.EndcodedPayload.EncodedSignature'. (JWE): 'EncodedProtectedHeader.EncodedEncryptedKey.EncodedInitializationVector.EncodedCiphertext.EncodedAuthenticationTag'.
 ---> System.ArgumentException: IDX14102: Unable to decode the header '[PII of type 'Microsoft.IdentityModel.Logging.SecurityArtifact' is hidden. For more details, see https://aka.ms/IdentityModel/PII.]' as Base64Url encoded string.
 ---> System.ArgumentOutOfRangeException: Specified argument was out of the range of valid values. (Parameter 'IDX10820: Invalid character found in Base64UrlEncoding. Character: '32', Encoding: '[PII of type 'System.String' is hidden. For more details, see https://aka.ms/IdentityModel/PII.]'.')
   at Microsoft.IdentityModel.Tokens.Base64UrlEncoding.Decode(String input, Int32 offset, Int32 length, Byte[] output)
   at Microsoft.IdentityModel.Tokens.Base64UrlEncoding.Decode[T](String input, Int32 offset, Int32 length, Func`3 action)
   at Microsoft.IdentityModel.JsonWebTokens.JsonWebToken.CreateClaimSet(String rawString, Int32 startIndex, Int32 length, Func`3 action)
   at Microsoft.IdentityModel.JsonWebTokens.JsonWebToken.ReadToken(String encodedJson)
   --- End of inner exception stack trace ---
   at Microsoft.IdentityModel.JsonWebTokens.JsonWebToken.ReadToken(String encodedJson)
   at Microsoft.IdentityModel.JsonWebTokens.JsonWebToken..ctor(String jwtEncodedString)
   at Microsoft.IdentityModel.JsonWebTokens.JsonWebTokenHandler.ReadToken(String token, TokenValidationParameters validationParameters)
   --- End of inner exception stack trace ---

2024-08-28 15:36:50.7221-INFO-Microsoft.AspNetCore.Authentication.JwtBearer.JwtBearerHandler-http://localhost/Capbacs-Insert:
Bearer was not authenticated. Failure message: IDX14100: JWT is not well formed, there are no dots (.).
The token needs to be in JWS or JWE Compact Serialization Format. (JWS): 'EncodedHeader.EndcodedPayload.EncodedSignature'. (JWE): 'EncodedProtectedHeader.EncodedEncryptedKey.EncodedInitializationVector.EncodedCiphertext.EncodedAuthenticationTag'.


2024-08-28 15:36:50.7221-INFO-Microsoft.AspNetCore.Authorization.DefaultAuthorizationService-http://localhost/Capbacs-Insert:
Authorization failed. These requirements were not met:
DenyAnonymousAuthorizationRequirement: Requires an authenticated user.


2024-08-28 15:36:50.7221-INFO-Microsoft.AspNetCore.Authentication.JwtBearer.JwtBearerHandler-http://localhost/Capbacs-Insert:
AuthenticationScheme: Bearer was challenged.


2024-08-28 15:36:50.7221-INFO-Microsoft.AspNetCore.Hosting.Diagnostics-http://localhost/Capbacs-Insert:
Request finished HTTP/1.1 POST http://localhost:5260/Capbacs - 401 0 - 2.6861ms


2024-08-28 15:37:03.8637-INFO-Microsoft.AspNetCore.Hosting.Diagnostics-http://localhost/Accounts/login-:
Request starting HTTP/1.1 POST http://localhost:5260/Accounts/login - application/json 52


2024-08-28 15:37:03.8637-INFO-Microsoft.AspNetCore.Routing.EndpointMiddleware-http://localhost/Accounts/login-Login:
Executing endpoint 'Xim.AppApi.Controllers.AccountController.LoginAsync (Xim.AppApi)'


2024-08-28 15:37:03.8637-INFO-Microsoft.AspNetCore.Mvc.Infrastructure.ControllerActionInvoker-http://localhost/Accounts/login-Login:
Route matched with {action = "Login", controller = "Account"}. Executing controller action with signature System.Threading.Tasks.Task`1[Microsoft.AspNetCore.Mvc.IActionResult] LoginAsync(Xim.Application.Contracts.Users.UserDtoLogin) on controller Xim.AppApi.Controllers.AccountController (Xim.AppApi).


2024-08-28 15:37:03.8637-INFO-Microsoft.AspNetCore.Mvc.Infrastructure.ObjectResultExecutor-http://localhost/Accounts/login-Login:
Executing OkObjectResult, writing value of type 'Xim.AppApi.Controllers.AccountController+JwtTokenInfo'.


2024-08-28 15:37:03.8637-INFO-Microsoft.AspNetCore.Mvc.Infrastructure.ControllerActionInvoker-http://localhost/Accounts/login-Login:
Executed action Xim.AppApi.Controllers.AccountController.LoginAsync (Xim.AppApi) in 11.1879ms


2024-08-28 15:37:03.8637-INFO-Microsoft.AspNetCore.Routing.EndpointMiddleware-http://localhost/Accounts/login-Login:
Executed endpoint 'Xim.AppApi.Controllers.AccountController.LoginAsync (Xim.AppApi)'


2024-08-28 15:37:03.8637-INFO-Microsoft.AspNetCore.Hosting.Diagnostics-http://localhost/Accounts/login-Login:
Request finished HTTP/1.1 POST http://localhost:5260/Accounts/login - 200 613 application/json;+charset=utf-8 13.0783ms


2024-08-28 15:37:59.2383-INFO-Microsoft.AspNetCore.Hosting.Diagnostics-http://localhost/Accounts/login-:
Request starting HTTP/1.1 POST http://localhost:5260/Accounts/login - application/json 52


2024-08-28 15:37:59.2383-INFO-Microsoft.AspNetCore.Routing.EndpointMiddleware-http://localhost/Accounts/login-Login:
Executing endpoint 'Xim.AppApi.Controllers.AccountController.LoginAsync (Xim.AppApi)'


2024-08-28 15:37:59.2383-INFO-Microsoft.AspNetCore.Mvc.Infrastructure.ControllerActionInvoker-http://localhost/Accounts/login-Login:
Route matched with {action = "Login", controller = "Account"}. Executing controller action with signature System.Threading.Tasks.Task`1[Microsoft.AspNetCore.Mvc.IActionResult] LoginAsync(Xim.Application.Contracts.Users.UserDtoLogin) on controller Xim.AppApi.Controllers.AccountController (Xim.AppApi).


2024-08-28 15:37:59.2737-INFO-Microsoft.AspNetCore.Mvc.Infrastructure.ObjectResultExecutor-http://localhost/Accounts/login-Login:
Executing OkObjectResult, writing value of type 'Xim.AppApi.Controllers.AccountController+JwtTokenInfo'.


2024-08-28 15:37:59.2737-INFO-Microsoft.AspNetCore.Mvc.Infrastructure.ControllerActionInvoker-http://localhost/Accounts/login-Login:
Executed action Xim.AppApi.Controllers.AccountController.LoginAsync (Xim.AppApi) in 22.7494ms


2024-08-28 15:37:59.2737-INFO-Microsoft.AspNetCore.Routing.EndpointMiddleware-http://localhost/Accounts/login-Login:
Executed endpoint 'Xim.AppApi.Controllers.AccountController.LoginAsync (Xim.AppApi)'


2024-08-28 15:37:59.2737-INFO-Microsoft.AspNetCore.Hosting.Diagnostics-http://localhost/Accounts/login-Login:
Request finished HTTP/1.1 POST http://localhost:5260/Accounts/login - 200 613 application/json;+charset=utf-8 39.5168ms


2024-08-28 15:38:18.6997-INFO-Microsoft.AspNetCore.Hosting.Diagnostics-http://localhost/Accounts/login-:
Request starting HTTP/1.1 POST http://localhost:5260/Accounts/login - application/json 52


2024-08-28 15:38:18.6997-INFO-Microsoft.AspNetCore.Routing.EndpointMiddleware-http://localhost/Accounts/login-Login:
Executing endpoint 'Xim.AppApi.Controllers.AccountController.LoginAsync (Xim.AppApi)'


2024-08-28 15:38:18.6997-INFO-Microsoft.AspNetCore.Mvc.Infrastructure.ControllerActionInvoker-http://localhost/Accounts/login-Login:
Route matched with {action = "Login", controller = "Account"}. Executing controller action with signature System.Threading.Tasks.Task`1[Microsoft.AspNetCore.Mvc.IActionResult] LoginAsync(Xim.Application.Contracts.Users.UserDtoLogin) on controller Xim.AppApi.Controllers.AccountController (Xim.AppApi).


2024-08-28 15:38:18.7075-INFO-Microsoft.AspNetCore.Mvc.Infrastructure.ObjectResultExecutor-http://localhost/Accounts/login-Login:
Executing OkObjectResult, writing value of type 'Xim.AppApi.Controllers.AccountController+JwtTokenInfo'.


2024-08-28 15:38:18.7075-INFO-Microsoft.AspNetCore.Mvc.Infrastructure.ControllerActionInvoker-http://localhost/Accounts/login-Login:
Executed action Xim.AppApi.Controllers.AccountController.LoginAsync (Xim.AppApi) in 16.3811ms


2024-08-28 15:38:18.7075-INFO-Microsoft.AspNetCore.Routing.EndpointMiddleware-http://localhost/Accounts/login-Login:
Executed endpoint 'Xim.AppApi.Controllers.AccountController.LoginAsync (Xim.AppApi)'


2024-08-28 15:38:18.7075-INFO-Microsoft.AspNetCore.Hosting.Diagnostics-http://localhost/Accounts/login-Login:
Request finished HTTP/1.1 POST http://localhost:5260/Accounts/login - 200 613 application/json;+charset=utf-8 18.4099ms


2024-08-28 15:38:37.8665-INFO-Microsoft.AspNetCore.Hosting.Diagnostics-http://localhost/Accounts/login-:
Request starting HTTP/1.1 POST http://localhost:5260/Accounts/login - application/json 52


2024-08-28 15:38:37.8665-INFO-Microsoft.AspNetCore.Routing.EndpointMiddleware-http://localhost/Accounts/login-Login:
Executing endpoint 'Xim.AppApi.Controllers.AccountController.LoginAsync (Xim.AppApi)'


2024-08-28 15:38:37.8665-INFO-Microsoft.AspNetCore.Mvc.Infrastructure.ControllerActionInvoker-http://localhost/Accounts/login-Login:
Route matched with {action = "Login", controller = "Account"}. Executing controller action with signature System.Threading.Tasks.Task`1[Microsoft.AspNetCore.Mvc.IActionResult] LoginAsync(Xim.Application.Contracts.Users.UserDtoLogin) on controller Xim.AppApi.Controllers.AccountController (Xim.AppApi).


2024-08-28 15:38:37.8665-INFO-Microsoft.AspNetCore.Mvc.Infrastructure.ObjectResultExecutor-http://localhost/Accounts/login-Login:
Executing OkObjectResult, writing value of type 'Xim.AppApi.Controllers.AccountController+JwtTokenInfo'.


2024-08-28 15:38:37.8665-INFO-Microsoft.AspNetCore.Mvc.Infrastructure.ControllerActionInvoker-http://localhost/Accounts/login-Login:
Executed action Xim.AppApi.Controllers.AccountController.LoginAsync (Xim.AppApi) in 5.1572ms


2024-08-28 15:38:37.8665-INFO-Microsoft.AspNetCore.Routing.EndpointMiddleware-http://localhost/Accounts/login-Login:
Executed endpoint 'Xim.AppApi.Controllers.AccountController.LoginAsync (Xim.AppApi)'


2024-08-28 15:38:37.8665-INFO-Microsoft.AspNetCore.Hosting.Diagnostics-http://localhost/Accounts/login-Login:
Request finished HTTP/1.1 POST http://localhost:5260/Accounts/login - 200 613 application/json;+charset=utf-8 6.5920ms


2024-08-28 15:38:58.7831-INFO-Microsoft.AspNetCore.Hosting.Diagnostics-http://localhost/Capbacs-:
Request starting HTTP/1.1 POST http://localhost:5260/Capbacs - application/json 52


2024-08-28 15:38:58.8041-INFO-Microsoft.AspNetCore.Routing.EndpointMiddleware-http://localhost/Capbacs-Insert:
Executing endpoint 'Xim.AppApi.Controllers.CapbacController.InsertAsync (Xim.AppApi)'


2024-08-28 15:38:58.8041-INFO-Microsoft.AspNetCore.Mvc.Infrastructure.ControllerActionInvoker-http://localhost/Capbacs-Insert:
Route matched with {action = "Insert", controller = "Capbac"}. Executing controller action with signature System.Threading.Tasks.Task`1[Microsoft.AspNetCore.Mvc.IActionResult] InsertAsync(Xim.Application.Contracts.Capbacs.CapbacDtoCreate) on controller Xim.AppApi.Controllers.CapbacController (Xim.AppApi).


2024-08-28 15:38:58.8152-INFO-Xim.AppApi.Controllers.CapbacController-http://localhost/Capbacs-Insert:
Index page visited at 08/28/2024 08:38:58


2024-08-28 15:38:58.8702-INFO-Microsoft.AspNetCore.Mvc.Infrastructure.ObjectResultExecutor-http://localhost/Capbacs-Insert:
Executing ObjectResult, writing value of type 'System.String'.


2024-08-28 15:38:58.8702-INFO-Microsoft.AspNetCore.Mvc.Infrastructure.ControllerActionInvoker-http://localhost/Capbacs-Insert:
Executed action Xim.AppApi.Controllers.CapbacController.InsertAsync (Xim.AppApi) in 56.9948ms


2024-08-28 15:38:58.8702-INFO-Microsoft.AspNetCore.Routing.EndpointMiddleware-http://localhost/Capbacs-Insert:
Executed endpoint 'Xim.AppApi.Controllers.CapbacController.InsertAsync (Xim.AppApi)'


2024-08-28 15:38:58.8702-INFO-Microsoft.AspNetCore.Hosting.Diagnostics-http://localhost/Capbacs-Insert:
Request finished HTTP/1.1 POST http://localhost:5260/Capbacs - 444 - text/plain;+charset=utf-8 89.6120ms


2024-08-28 15:39:30.0281-INFO-Microsoft.AspNetCore.DataProtection.KeyManagement.XmlKeyManager--:
User profile is available. Using 'C:\Users\Van Laptop\AppData\Local\ASP.NET\DataProtection-Keys' as key repository and Windows DPAPI to encrypt keys at rest.


2024-08-28 15:39:30.1937-INFO-Microsoft.Hosting.Lifetime--:
Now listening on: http://localhost:5260


2024-08-28 15:39:30.1937-INFO-Microsoft.Hosting.Lifetime--:
Application started. Press Ctrl+C to shut down.


2024-08-28 15:39:30.1937-INFO-Microsoft.Hosting.Lifetime--:
Hosting environment: Development


2024-08-28 15:39:30.1937-INFO-Microsoft.Hosting.Lifetime--:
Content root path: D:\Code\Cong TT\Api\Api\Xim.AppApi


2024-08-28 15:39:31.4801-INFO-Microsoft.AspNetCore.Hosting.Diagnostics-http://localhost/swagger/index.html-:
Request starting HTTP/1.1 GET http://localhost:5260/swagger/index.html - - -


2024-08-28 15:39:31.6171-INFO-Microsoft.AspNetCore.Hosting.Diagnostics-http://localhost/swagger/index.html-:
Request finished HTTP/1.1 GET http://localhost:5260/swagger/index.html - 200 - text/html;charset=utf-8 147.6754ms


2024-08-28 15:39:31.7554-INFO-Microsoft.AspNetCore.Hosting.Diagnostics-http://localhost/swagger/v1/swagger.json-:
Request starting HTTP/1.1 GET http://localhost:5260/swagger/v1/swagger.json - - -


2024-08-28 15:39:31.8675-INFO-Microsoft.AspNetCore.Hosting.Diagnostics-http://localhost/swagger/v1/swagger.json-:
Request finished HTTP/1.1 GET http://localhost:5260/swagger/v1/swagger.json - 200 - application/json;charset=utf-8 112.5964ms


2024-08-28 15:39:36.7131-INFO-Microsoft.AspNetCore.Hosting.Diagnostics-http://localhost/Accounts/login-:
Request starting HTTP/1.1 POST http://localhost:5260/Accounts/login - application/json 52


2024-08-28 15:39:36.7740-INFO-Microsoft.AspNetCore.Routing.EndpointMiddleware-http://localhost/Accounts/login-Login:
Executing endpoint 'Xim.AppApi.Controllers.AccountController.LoginAsync (Xim.AppApi)'


2024-08-28 15:39:36.7942-INFO-Microsoft.AspNetCore.Mvc.Infrastructure.ControllerActionInvoker-http://localhost/Accounts/login-Login:
Route matched with {action = "Login", controller = "Account"}. Executing controller action with signature System.Threading.Tasks.Task`1[Microsoft.AspNetCore.Mvc.IActionResult] LoginAsync(Xim.Application.Contracts.Users.UserDtoLogin) on controller Xim.AppApi.Controllers.AccountController (Xim.AppApi).


2024-08-28 15:39:36.9779-INFO-Microsoft.AspNetCore.Mvc.Infrastructure.ObjectResultExecutor-http://localhost/Accounts/login-Login:
Executing OkObjectResult, writing value of type 'Xim.AppApi.Controllers.AccountController+JwtTokenInfo'.


2024-08-28 15:39:36.9913-INFO-Microsoft.AspNetCore.Mvc.Infrastructure.ControllerActionInvoker-http://localhost/Accounts/login-Login:
Executed action Xim.AppApi.Controllers.AccountController.LoginAsync (Xim.AppApi) in 195.9202ms


2024-08-28 15:39:36.9913-INFO-Microsoft.AspNetCore.Routing.EndpointMiddleware-http://localhost/Accounts/login-Login:
Executed endpoint 'Xim.AppApi.Controllers.AccountController.LoginAsync (Xim.AppApi)'


2024-08-28 15:39:36.9913-INFO-Microsoft.AspNetCore.Hosting.Diagnostics-http://localhost/Accounts/login-Login:
Request finished HTTP/1.1 POST http://localhost:5260/Accounts/login - 200 613 application/json;+charset=utf-8 287.4576ms


2024-08-28 15:39:52.2665-INFO-Microsoft.AspNetCore.Hosting.Diagnostics-http://localhost/Capbacs-:
Request starting HTTP/1.1 POST http://localhost:5260/Capbacs - application/json 52


2024-08-28 15:39:52.3090-INFO-Microsoft.AspNetCore.Routing.EndpointMiddleware-http://localhost/Capbacs-Insert:
Executing endpoint 'Xim.AppApi.Controllers.CapbacController.InsertAsync (Xim.AppApi)'


2024-08-28 15:39:52.3184-INFO-Microsoft.AspNetCore.Mvc.Infrastructure.ControllerActionInvoker-http://localhost/Capbacs-Insert:
Route matched with {action = "Insert", controller = "Capbac"}. Executing controller action with signature System.Threading.Tasks.Task`1[Microsoft.AspNetCore.Mvc.IActionResult] InsertAsync(Xim.Application.Contracts.Capbacs.CapbacDtoCreate) on controller Xim.AppApi.Controllers.CapbacController (Xim.AppApi).


2024-08-28 15:39:52.3329-INFO-Xim.AppApi.Controllers.CapbacController-http://localhost/Capbacs-Insert:
Index page visited at 08/28/2024 08:39:52


2024-08-28 15:39:52.4136-INFO-Microsoft.AspNetCore.Mvc.Infrastructure.ObjectResultExecutor-http://localhost/Capbacs-Insert:
Executing ObjectResult, writing value of type 'System.String'.


2024-08-28 15:39:52.4136-INFO-Microsoft.AspNetCore.Mvc.Infrastructure.ControllerActionInvoker-http://localhost/Capbacs-Insert:
Executed action Xim.AppApi.Controllers.CapbacController.InsertAsync (Xim.AppApi) in 95.9664ms


2024-08-28 15:39:52.4136-INFO-Microsoft.AspNetCore.Routing.EndpointMiddleware-http://localhost/Capbacs-Insert:
Executed endpoint 'Xim.AppApi.Controllers.CapbacController.InsertAsync (Xim.AppApi)'


2024-08-28 15:39:52.4136-INFO-Microsoft.AspNetCore.Hosting.Diagnostics-http://localhost/Capbacs-Insert:
Request finished HTTP/1.1 POST http://localhost:5260/Capbacs - 444 - text/plain;+charset=utf-8 148.3012ms


2024-08-28 15:40:31.3474-INFO-Microsoft.AspNetCore.Hosting.Diagnostics-http://localhost/Capbacs-:
Request starting HTTP/1.1 POST http://localhost:5260/Capbacs - application/json 52


2024-08-28 15:40:31.3625-INFO-Microsoft.AspNetCore.Routing.EndpointMiddleware-http://localhost/Capbacs-Insert:
Executing endpoint 'Xim.AppApi.Controllers.CapbacController.InsertAsync (Xim.AppApi)'


2024-08-28 15:40:31.3625-INFO-Microsoft.AspNetCore.Mvc.Infrastructure.ControllerActionInvoker-http://localhost/Capbacs-Insert:
Route matched with {action = "Insert", controller = "Capbac"}. Executing controller action with signature System.Threading.Tasks.Task`1[Microsoft.AspNetCore.Mvc.IActionResult] InsertAsync(Xim.Application.Contracts.Capbacs.CapbacDtoCreate) on controller Xim.AppApi.Controllers.CapbacController (Xim.AppApi).


2024-08-28 15:40:59.1325-INFO-Microsoft.AspNetCore.Hosting.Diagnostics-http://localhost/Capbacs-:
Request starting HTTP/1.1 POST http://localhost:5260/Capbacs - application/json 54


2024-08-28 15:40:59.1325-INFO-Microsoft.AspNetCore.Routing.EndpointMiddleware-http://localhost/Capbacs-Insert:
Executing endpoint 'Xim.AppApi.Controllers.CapbacController.InsertAsync (Xim.AppApi)'


2024-08-28 15:40:59.1325-INFO-Microsoft.AspNetCore.Mvc.Infrastructure.ControllerActionInvoker-http://localhost/Capbacs-Insert:
Route matched with {action = "Insert", controller = "Capbac"}. Executing controller action with signature System.Threading.Tasks.Task`1[Microsoft.AspNetCore.Mvc.IActionResult] InsertAsync(Xim.Application.Contracts.Capbacs.CapbacDtoCreate) on controller Xim.AppApi.Controllers.CapbacController (Xim.AppApi).


2024-08-28 15:41:31.9561-INFO-Microsoft.AspNetCore.DataProtection.KeyManagement.XmlKeyManager--:
User profile is available. Using 'C:\Users\Van Laptop\AppData\Local\ASP.NET\DataProtection-Keys' as key repository and Windows DPAPI to encrypt keys at rest.


2024-08-28 15:41:32.1260-INFO-Microsoft.Hosting.Lifetime--:
Now listening on: http://localhost:5260


2024-08-28 15:41:32.1277-INFO-Microsoft.Hosting.Lifetime--:
Application started. Press Ctrl+C to shut down.


2024-08-28 15:41:32.1277-INFO-Microsoft.Hosting.Lifetime--:
Hosting environment: Development


2024-08-28 15:41:32.1277-INFO-Microsoft.Hosting.Lifetime--:
Content root path: D:\Code\Cong TT\Api\Api\Xim.AppApi


2024-08-28 15:41:34.3172-INFO-Microsoft.AspNetCore.Hosting.Diagnostics-http://localhost/swagger/index.html-:
Request starting HTTP/1.1 GET http://localhost:5260/swagger/index.html - - -


2024-08-28 15:41:34.4714-INFO-Microsoft.AspNetCore.Hosting.Diagnostics-http://localhost/swagger/index.html-:
Request finished HTTP/1.1 GET http://localhost:5260/swagger/index.html - 200 - text/html;charset=utf-8 162.3866ms


2024-08-28 15:41:34.7619-INFO-Microsoft.AspNetCore.Hosting.Diagnostics-http://localhost/swagger/v1/swagger.json-:
Request starting HTTP/1.1 GET http://localhost:5260/swagger/v1/swagger.json - - -


2024-08-28 15:41:34.9278-INFO-Microsoft.AspNetCore.Hosting.Diagnostics-http://localhost/swagger/v1/swagger.json-:
Request finished HTTP/1.1 GET http://localhost:5260/swagger/v1/swagger.json - 200 - application/json;charset=utf-8 166.4163ms


2024-08-28 15:43:09.0812-INFO-Microsoft.AspNetCore.Hosting.Diagnostics-http://localhost/Capbacs-:
Request starting HTTP/1.1 POST http://localhost:5260/Capbacs - application/json-patch+json 51


2024-08-28 15:43:09.1278-INFO-Microsoft.AspNetCore.Cors.Infrastructure.CorsService-http://localhost/Capbacs-Insert:
CORS policy execution successful.


2024-08-28 15:43:09.1947-INFO-Microsoft.AspNetCore.Authorization.DefaultAuthorizationService-http://localhost/Capbacs-Insert:
Authorization failed. These requirements were not met:
DenyAnonymousAuthorizationRequirement: Requires an authenticated user.


2024-08-28 15:43:09.2086-INFO-Microsoft.AspNetCore.Authentication.JwtBearer.JwtBearerHandler-http://localhost/Capbacs-Insert:
AuthenticationScheme: Bearer was challenged.


2024-08-28 15:43:09.2086-INFO-Microsoft.AspNetCore.Hosting.Diagnostics-http://localhost/Capbacs-Insert:
Request finished HTTP/1.1 POST http://localhost:5260/Capbacs - 401 0 - 122.6550ms


2024-08-28 15:43:13.7135-INFO-Microsoft.AspNetCore.Hosting.Diagnostics-http://localhost/Capbacs-:
Request starting HTTP/1.1 POST http://localhost:5260/Capbacs - application/json 54


2024-08-28 15:43:13.7929-INFO-Microsoft.AspNetCore.Routing.EndpointMiddleware-http://localhost/Capbacs-Insert:
Executing endpoint 'Xim.AppApi.Controllers.CapbacController.InsertAsync (Xim.AppApi)'


2024-08-28 15:43:13.8156-INFO-Microsoft.AspNetCore.Mvc.Infrastructure.ControllerActionInvoker-http://localhost/Capbacs-Insert:
Route matched with {action = "Insert", controller = "Capbac"}. Executing controller action with signature System.Threading.Tasks.Task`1[Microsoft.AspNetCore.Mvc.IActionResult] InsertAsync(Xim.Application.Contracts.Capbacs.CapbacDtoCreate) on controller Xim.AppApi.Controllers.CapbacController (Xim.AppApi).


2024-08-28 15:45:26.1504-INFO-Xim.AppApi.Controllers.CapbacController-http://localhost/Capbacs-Insert:
Index page visited at 08/28/2024 08:45:26


2024-08-28 15:45:26.3376-INFO-Microsoft.AspNetCore.Mvc.Infrastructure.ObjectResultExecutor-http://localhost/Capbacs-Insert:
Executing OkObjectResult, writing value of type 'Xim.Application.Contracts.Capbacs.CapbacDtoView'.


2024-08-28 15:45:26.3634-INFO-Microsoft.AspNetCore.Mvc.Infrastructure.ControllerActionInvoker-http://localhost/Capbacs-Insert:
Executed action Xim.AppApi.Controllers.CapbacController.InsertAsync (Xim.AppApi) in 132534.7916ms


2024-08-28 15:45:26.3634-INFO-Microsoft.AspNetCore.Routing.EndpointMiddleware-http://localhost/Capbacs-Insert:
Executed endpoint 'Xim.AppApi.Controllers.CapbacController.InsertAsync (Xim.AppApi)'


2024-08-28 15:45:26.3634-INFO-Microsoft.AspNetCore.Hosting.Diagnostics-http://localhost/Capbacs-Insert:
Request finished HTTP/1.1 POST http://localhost:5260/Capbacs - 200 37 application/json;+charset=utf-8 132650.4040ms


