2024-09-12 08:25:23.4759-INFO-Microsoft.AspNetCore.DataProtection.KeyManagement.XmlKeyManager--:
User profile is available. Using 'C:\Users\Van Laptop\AppData\Local\ASP.NET\DataProtection-Keys' as key repository and Windows DPAPI to encrypt keys at rest.


2024-09-12 08:25:23.7119-INFO-Microsoft.Hosting.Lifetime--:
Now listening on: http://localhost:5260


2024-09-12 08:25:23.7119-INFO-Microsoft.Hosting.Lifetime--:
Application started. Press Ctrl+C to shut down.


2024-09-12 08:25:23.7119-INFO-Microsoft.Hosting.Lifetime--:
Hosting environment: Development


2024-09-12 08:25:23.7119-INFO-Microsoft.Hosting.Lifetime--:
Content root path: D:\Code\Cong TT\CodeBECong\Api\Xim.AppApi


2024-09-12 08:25:25.9404-INFO-Microsoft.AspNetCore.Hosting.Diagnostics-http://localhost/swagger/index.html-:
Request starting HTTP/1.1 GET http://localhost:5260/swagger/index.html - - -


2024-09-12 08:25:26.0936-INFO-Microsoft.AspNetCore.Hosting.Diagnostics-http://localhost/swagger/index.html-:
Request finished HTTP/1.1 GET http://localhost:5260/swagger/index.html - 200 - text/html;charset=utf-8 162.9767ms


2024-09-12 08:25:26.2289-INFO-Microsoft.AspNetCore.Hosting.Diagnostics-http://localhost/swagger/v1/swagger.json-:
Request starting HTTP/1.1 GET http://localhost:5260/swagger/v1/swagger.json - - -


2024-09-12 08:25:26.3075-INFO-Microsoft.AspNetCore.Hosting.Diagnostics-http://localhost/swagger/v1/swagger.json-:
Request finished HTTP/1.1 GET http://localhost:5260/swagger/v1/swagger.json - 500 - text/plain;+charset=utf-8 81.8274ms


2024-09-12 08:25:36.7245-INFO-Microsoft.AspNetCore.Hosting.Diagnostics-http://localhost/swagger/v1/swagger.json-:
Request starting HTTP/1.1 GET http://localhost:5260/swagger/v1/swagger.json - - -


2024-09-12 08:25:36.7293-INFO-Microsoft.AspNetCore.Hosting.Diagnostics-http://localhost/swagger/v1/swagger.json-:
Request finished HTTP/1.1 GET http://localhost:5260/swagger/v1/swagger.json - 500 - text/html;+charset=utf-8 27.9583ms


2024-09-12 08:25:36.8343-INFO-Microsoft.AspNetCore.Hosting.Diagnostics-http://localhost/favicon.ico-:
Request starting HTTP/1.1 GET http://localhost:5260/favicon.ico - - -


2024-09-12 08:25:37.1204-INFO-Microsoft.AspNetCore.Hosting.Diagnostics-http://localhost/favicon.ico-:
Request finished HTTP/1.1 GET http://localhost:5260/favicon.ico - 404 0 - 287.6948ms


2024-09-12 08:25:37.1204-INFO-Microsoft.AspNetCore.Hosting.Diagnostics-http://localhost/favicon.ico-:
Request reached the end of the middleware pipeline without being handled by application code. Request path: GET http://localhost:5260/favicon.ico, Response status code: 404


2024-09-12 08:28:27.9832-INFO-Microsoft.AspNetCore.DataProtection.KeyManagement.XmlKeyManager--:
User profile is available. Using 'C:\Users\Van Laptop\AppData\Local\ASP.NET\DataProtection-Keys' as key repository and Windows DPAPI to encrypt keys at rest.


2024-09-12 08:28:28.1919-INFO-Microsoft.Hosting.Lifetime--:
Now listening on: http://localhost:5260


2024-09-12 08:28:28.1919-INFO-Microsoft.Hosting.Lifetime--:
Application started. Press Ctrl+C to shut down.


2024-09-12 08:28:28.1919-INFO-Microsoft.Hosting.Lifetime--:
Hosting environment: Development


2024-09-12 08:28:28.1919-INFO-Microsoft.Hosting.Lifetime--:
Content root path: D:\Code\Cong TT\CodeBECong\Api\Xim.AppApi


2024-09-12 08:28:29.2931-INFO-Microsoft.AspNetCore.Hosting.Diagnostics-http://localhost/swagger/index.html-:
Request starting HTTP/1.1 GET http://localhost:5260/swagger/index.html - - -


2024-09-12 08:28:29.4605-INFO-Microsoft.AspNetCore.Hosting.Diagnostics-http://localhost/swagger/index.html-:
Request finished HTTP/1.1 GET http://localhost:5260/swagger/index.html - 200 - text/html;charset=utf-8 179.7678ms


2024-09-12 08:28:29.5883-INFO-Microsoft.AspNetCore.Hosting.Diagnostics-http://localhost/swagger/v1/swagger.json-:
Request starting HTTP/1.1 GET http://localhost:5260/swagger/v1/swagger.json - - -


2024-09-12 08:28:29.6833-INFO-Microsoft.AspNetCore.Hosting.Diagnostics-http://localhost/swagger/v1/swagger.json-:
Request finished HTTP/1.1 GET http://localhost:5260/swagger/v1/swagger.json - 500 - text/plain;+charset=utf-8 100.7675ms


2024-09-12 08:28:36.6063-INFO-Microsoft.AspNetCore.Hosting.Diagnostics-http://localhost/swagger/v1/swagger.json-:
Request starting HTTP/1.1 GET http://localhost:5260/swagger/v1/swagger.json - - -


2024-09-12 08:28:36.6201-INFO-Microsoft.AspNetCore.Hosting.Diagnostics-http://localhost/swagger/v1/swagger.json-:
Request finished HTTP/1.1 GET http://localhost:5260/swagger/v1/swagger.json - 500 - text/html;+charset=utf-8 26.9218ms


2024-09-12 08:28:36.7230-INFO-Microsoft.AspNetCore.Hosting.Diagnostics-http://localhost/favicon.ico-:
Request starting HTTP/1.1 GET http://localhost:5260/favicon.ico - - -


2024-09-12 08:28:36.7655-INFO-Microsoft.AspNetCore.Hosting.Diagnostics-http://localhost/favicon.ico-:
Request finished HTTP/1.1 GET http://localhost:5260/favicon.ico - 404 0 - 43.9287ms


2024-09-12 08:28:36.7655-INFO-Microsoft.AspNetCore.Hosting.Diagnostics-http://localhost/favicon.ico-:
Request reached the end of the middleware pipeline without being handled by application code. Request path: GET http://localhost:5260/favicon.ico, Response status code: 404


2024-09-12 08:30:08.5876-INFO-Microsoft.AspNetCore.DataProtection.KeyManagement.XmlKeyManager--:
User profile is available. Using 'C:\Users\Van Laptop\AppData\Local\ASP.NET\DataProtection-Keys' as key repository and Windows DPAPI to encrypt keys at rest.


2024-09-12 08:30:08.7797-INFO-Microsoft.Hosting.Lifetime--:
Now listening on: http://localhost:5260


2024-09-12 08:30:08.7797-INFO-Microsoft.Hosting.Lifetime--:
Application started. Press Ctrl+C to shut down.


2024-09-12 08:30:08.7797-INFO-Microsoft.Hosting.Lifetime--:
Hosting environment: Development


2024-09-12 08:30:08.7797-INFO-Microsoft.Hosting.Lifetime--:
Content root path: D:\Code\Cong TT\CodeBECong\Api\Xim.AppApi


2024-09-12 08:30:09.9646-INFO-Microsoft.AspNetCore.Hosting.Diagnostics-http://localhost/swagger/index.html-:
Request starting HTTP/1.1 GET http://localhost:5260/swagger/index.html - - -


2024-09-12 08:30:10.1140-INFO-Microsoft.AspNetCore.Hosting.Diagnostics-http://localhost/swagger/index.html-:
Request finished HTTP/1.1 GET http://localhost:5260/swagger/index.html - 200 - text/html;charset=utf-8 159.7815ms


2024-09-12 08:30:10.2674-INFO-Microsoft.AspNetCore.Hosting.Diagnostics-http://localhost/swagger/v1/swagger.json-:
Request starting HTTP/1.1 GET http://localhost:5260/swagger/v1/swagger.json - - -


2024-09-12 08:30:10.3483-INFO-Microsoft.AspNetCore.Hosting.Diagnostics-http://localhost/swagger/v1/swagger.json-:
Request finished HTTP/1.1 GET http://localhost:5260/swagger/v1/swagger.json - 500 - text/plain;+charset=utf-8 86.9734ms


2024-09-12 08:30:17.5437-INFO-Microsoft.AspNetCore.Hosting.Diagnostics-http://localhost/swagger/v1/swagger.json-:
Request starting HTTP/1.1 GET http://localhost:5260/swagger/v1/swagger.json - - -


2024-09-12 08:30:17.5728-INFO-Microsoft.AspNetCore.Hosting.Diagnostics-http://localhost/swagger/v1/swagger.json-:
Request finished HTTP/1.1 GET http://localhost:5260/swagger/v1/swagger.json - 500 - text/html;+charset=utf-8 33.9825ms


2024-09-12 08:30:17.6673-INFO-Microsoft.AspNetCore.Hosting.Diagnostics-http://localhost/favicon.ico-:
Request starting HTTP/1.1 GET http://localhost:5260/favicon.ico - - -


2024-09-12 08:30:17.9679-INFO-Microsoft.AspNetCore.Hosting.Diagnostics-http://localhost/favicon.ico-:
Request finished HTTP/1.1 GET http://localhost:5260/favicon.ico - 404 0 - 302.3868ms


2024-09-12 08:30:17.9679-INFO-Microsoft.AspNetCore.Hosting.Diagnostics-http://localhost/favicon.ico-:
Request reached the end of the middleware pipeline without being handled by application code. Request path: GET http://localhost:5260/favicon.ico, Response status code: 404


2024-09-12 08:35:32.5894-INFO-Microsoft.AspNetCore.DataProtection.KeyManagement.XmlKeyManager--:
User profile is available. Using 'C:\Users\Van Laptop\AppData\Local\ASP.NET\DataProtection-Keys' as key repository and Windows DPAPI to encrypt keys at rest.


2024-09-12 08:35:32.8073-INFO-Microsoft.Hosting.Lifetime--:
Now listening on: http://localhost:5260


2024-09-12 08:35:32.8073-INFO-Microsoft.Hosting.Lifetime--:
Application started. Press Ctrl+C to shut down.


2024-09-12 08:35:32.8073-INFO-Microsoft.Hosting.Lifetime--:
Hosting environment: Development


2024-09-12 08:35:32.8073-INFO-Microsoft.Hosting.Lifetime--:
Content root path: D:\Code\Cong TT\CodeBECong\Api\Xim.AppApi


2024-09-12 08:35:34.0905-INFO-Microsoft.AspNetCore.Hosting.Diagnostics-http://localhost/swagger/index.html-:
Request starting HTTP/1.1 GET http://localhost:5260/swagger/index.html - - -


2024-09-12 08:35:34.2912-INFO-Microsoft.AspNetCore.Hosting.Diagnostics-http://localhost/swagger/index.html-:
Request finished HTTP/1.1 GET http://localhost:5260/swagger/index.html - 200 - text/html;charset=utf-8 211.3465ms


2024-09-12 08:35:34.4483-INFO-Microsoft.AspNetCore.Hosting.Diagnostics-http://localhost/swagger/v1/swagger.json-:
Request starting HTTP/1.1 GET http://localhost:5260/swagger/v1/swagger.json - - -


2024-09-12 08:35:34.5446-INFO-Microsoft.AspNetCore.Hosting.Diagnostics-http://localhost/swagger/v1/swagger.json-:
Request finished HTTP/1.1 GET http://localhost:5260/swagger/v1/swagger.json - 500 - text/plain;+charset=utf-8 102.1188ms


2024-09-12 08:35:43.6676-INFO-Microsoft.AspNetCore.Hosting.Diagnostics-http://localhost/swagger/v1/swagger.json-:
Request starting HTTP/1.1 GET http://localhost:5260/swagger/v1/swagger.json - - -


2024-09-12 08:35:43.7147-INFO-Microsoft.AspNetCore.Hosting.Diagnostics-http://localhost/swagger/v1/swagger.json-:
Request finished HTTP/1.1 GET http://localhost:5260/swagger/v1/swagger.json - 500 - text/html;+charset=utf-8 44.3810ms


2024-09-12 08:35:43.8208-INFO-Microsoft.AspNetCore.Hosting.Diagnostics-http://localhost/favicon.ico-:
Request starting HTTP/1.1 GET http://localhost:5260/favicon.ico - - -


2024-09-12 08:35:43.8763-INFO-Microsoft.AspNetCore.Hosting.Diagnostics-http://localhost/favicon.ico-:
Request finished HTTP/1.1 GET http://localhost:5260/favicon.ico - 404 0 - 57.5868ms


2024-09-12 08:35:43.8763-INFO-Microsoft.AspNetCore.Hosting.Diagnostics-http://localhost/favicon.ico-:
Request reached the end of the middleware pipeline without being handled by application code. Request path: GET http://localhost:5260/favicon.ico, Response status code: 404


2024-09-12 08:37:11.5512-INFO-Microsoft.AspNetCore.DataProtection.KeyManagement.XmlKeyManager--:
User profile is available. Using 'C:\Users\Van Laptop\AppData\Local\ASP.NET\DataProtection-Keys' as key repository and Windows DPAPI to encrypt keys at rest.


2024-09-12 08:37:11.9462-INFO-Microsoft.Hosting.Lifetime--:
Now listening on: http://localhost:5260


2024-09-12 08:37:11.9467-INFO-Microsoft.Hosting.Lifetime--:
Application started. Press Ctrl+C to shut down.


2024-09-12 08:37:11.9467-INFO-Microsoft.Hosting.Lifetime--:
Hosting environment: Development


2024-09-12 08:37:11.9467-INFO-Microsoft.Hosting.Lifetime--:
Content root path: D:\Code\Cong TT\CodeBECong\Api\Xim.AppApi


2024-09-12 08:37:14.2899-INFO-Microsoft.AspNetCore.Hosting.Diagnostics-http://localhost/swagger/index.html-:
Request starting HTTP/1.1 GET http://localhost:5260/swagger/index.html - - -


2024-09-12 08:37:14.4722-INFO-Microsoft.AspNetCore.Hosting.Diagnostics-http://localhost/swagger/index.html-:
Request finished HTTP/1.1 GET http://localhost:5260/swagger/index.html - 200 - text/html;charset=utf-8 190.9111ms


2024-09-12 08:37:14.7571-INFO-Microsoft.AspNetCore.Hosting.Diagnostics-http://localhost/swagger/v1/swagger.json-:
Request starting HTTP/1.1 GET http://localhost:5260/swagger/v1/swagger.json - - -


2024-09-12 08:37:14.8714-INFO-Microsoft.AspNetCore.Hosting.Diagnostics-http://localhost/swagger/v1/swagger.json-:
Request finished HTTP/1.1 GET http://localhost:5260/swagger/v1/swagger.json - 500 - text/plain;+charset=utf-8 119.8437ms


2024-09-12 08:37:24.3416-INFO-Microsoft.AspNetCore.Hosting.Diagnostics-http://localhost/swagger/v1/swagger.json-:
Request starting HTTP/1.1 GET http://localhost:5260/swagger/v1/swagger.json - - -


2024-09-12 08:37:24.3543-INFO-Microsoft.AspNetCore.Hosting.Diagnostics-http://localhost/swagger/v1/swagger.json-:
Request finished HTTP/1.1 GET http://localhost:5260/swagger/v1/swagger.json - 500 - text/html;+charset=utf-8 20.2178ms


2024-09-12 08:37:24.4551-INFO-Microsoft.AspNetCore.Hosting.Diagnostics-http://localhost/favicon.ico-:
Request starting HTTP/1.1 GET http://localhost:5260/favicon.ico - - -


2024-09-12 08:37:24.7356-INFO-Microsoft.AspNetCore.Hosting.Diagnostics-http://localhost/favicon.ico-:
Request finished HTTP/1.1 GET http://localhost:5260/favicon.ico - 404 0 - 281.8209ms


2024-09-12 08:37:24.7356-INFO-Microsoft.AspNetCore.Hosting.Diagnostics-http://localhost/favicon.ico-:
Request reached the end of the middleware pipeline without being handled by application code. Request path: GET http://localhost:5260/favicon.ico, Response status code: 404


2024-09-12 08:38:48.9186-INFO-Microsoft.AspNetCore.DataProtection.KeyManagement.XmlKeyManager--:
User profile is available. Using 'C:\Users\Van Laptop\AppData\Local\ASP.NET\DataProtection-Keys' as key repository and Windows DPAPI to encrypt keys at rest.


2024-09-12 08:38:49.2331-INFO-Microsoft.Hosting.Lifetime--:
Now listening on: http://localhost:5260


2024-09-12 08:38:49.2331-INFO-Microsoft.Hosting.Lifetime--:
Application started. Press Ctrl+C to shut down.


2024-09-12 08:38:49.2331-INFO-Microsoft.Hosting.Lifetime--:
Hosting environment: Development


2024-09-12 08:38:49.2381-INFO-Microsoft.Hosting.Lifetime--:
Content root path: D:\Code\Cong TT\CodeBECong\Api\Xim.AppApi


2024-09-12 08:38:51.2388-INFO-Microsoft.AspNetCore.Hosting.Diagnostics-http://localhost/swagger/index.html-:
Request starting HTTP/1.1 GET http://localhost:5260/swagger/index.html - - -


2024-09-12 08:38:51.6102-INFO-Microsoft.AspNetCore.Hosting.Diagnostics-http://localhost/swagger/index.html-:
Request finished HTTP/1.1 GET http://localhost:5260/swagger/index.html - 200 - text/html;charset=utf-8 384.6969ms


2024-09-12 08:38:51.9106-INFO-Microsoft.AspNetCore.Hosting.Diagnostics-http://localhost/swagger/v1/swagger.json-:
Request starting HTTP/1.1 GET http://localhost:5260/swagger/v1/swagger.json - - -


2024-09-12 08:38:52.0921-INFO-Microsoft.AspNetCore.Hosting.Diagnostics-http://localhost/swagger/v1/swagger.json-:
Request finished HTTP/1.1 GET http://localhost:5260/swagger/v1/swagger.json - 500 - text/plain;+charset=utf-8 185.6996ms


2024-09-12 08:39:02.3879-INFO-Microsoft.AspNetCore.Hosting.Diagnostics-http://localhost/swagger/v1/swagger.json-:
Request starting HTTP/1.1 GET http://localhost:5260/swagger/v1/swagger.json - - -


2024-09-12 08:39:02.4254-INFO-Microsoft.AspNetCore.Hosting.Diagnostics-http://localhost/swagger/v1/swagger.json-:
Request finished HTTP/1.1 GET http://localhost:5260/swagger/v1/swagger.json - 500 - text/html;+charset=utf-8 33.5620ms


2024-09-12 08:39:02.5197-INFO-Microsoft.AspNetCore.Hosting.Diagnostics-http://localhost/favicon.ico-:
Request starting HTTP/1.1 GET http://localhost:5260/favicon.ico - - -


2024-09-12 08:39:02.9478-INFO-Microsoft.AspNetCore.Hosting.Diagnostics-http://localhost/favicon.ico-:
Request finished HTTP/1.1 GET http://localhost:5260/favicon.ico - 404 0 - 428.0368ms


2024-09-12 08:39:02.9478-INFO-Microsoft.AspNetCore.Hosting.Diagnostics-http://localhost/favicon.ico-:
Request reached the end of the middleware pipeline without being handled by application code. Request path: GET http://localhost:5260/favicon.ico, Response status code: 404


2024-09-12 08:40:54.2907-INFO-Microsoft.AspNetCore.DataProtection.KeyManagement.XmlKeyManager--:
User profile is available. Using 'C:\Users\Van Laptop\AppData\Local\ASP.NET\DataProtection-Keys' as key repository and Windows DPAPI to encrypt keys at rest.


2024-09-12 08:40:54.5135-INFO-Microsoft.Hosting.Lifetime--:
Now listening on: http://localhost:5260


2024-09-12 08:40:54.5135-INFO-Microsoft.Hosting.Lifetime--:
Application started. Press Ctrl+C to shut down.


2024-09-12 08:40:54.5135-INFO-Microsoft.Hosting.Lifetime--:
Hosting environment: Development


2024-09-12 08:40:54.5135-INFO-Microsoft.Hosting.Lifetime--:
Content root path: D:\Code\Cong TT\CodeBECong\Api\Xim.AppApi


2024-09-12 08:40:55.4201-INFO-Microsoft.AspNetCore.Hosting.Diagnostics-http://localhost/swagger/index.html-:
Request starting HTTP/1.1 GET http://localhost:5260/swagger/index.html - - -


2024-09-12 08:40:55.5972-INFO-Microsoft.AspNetCore.Hosting.Diagnostics-http://localhost/swagger/index.html-:
Request finished HTTP/1.1 GET http://localhost:5260/swagger/index.html - 200 - text/html;charset=utf-8 188.1985ms


2024-09-12 08:40:55.7581-INFO-Microsoft.AspNetCore.Hosting.Diagnostics-http://localhost/swagger/v1/swagger.json-:
Request starting HTTP/1.1 GET http://localhost:5260/swagger/v1/swagger.json - - -


2024-09-12 08:40:55.8650-INFO-Microsoft.AspNetCore.Hosting.Diagnostics-http://localhost/swagger/v1/swagger.json-:
Request finished HTTP/1.1 GET http://localhost:5260/swagger/v1/swagger.json - 500 - text/plain;+charset=utf-8 114.6347ms


2024-09-12 08:41:25.4777-INFO-Microsoft.AspNetCore.DataProtection.KeyManagement.XmlKeyManager--:
User profile is available. Using 'C:\Users\Van Laptop\AppData\Local\ASP.NET\DataProtection-Keys' as key repository and Windows DPAPI to encrypt keys at rest.


2024-09-12 08:41:25.8012-INFO-Microsoft.Hosting.Lifetime--:
Now listening on: http://localhost:5260


2024-09-12 08:41:25.8012-INFO-Microsoft.Hosting.Lifetime--:
Application started. Press Ctrl+C to shut down.


2024-09-12 08:41:25.8012-INFO-Microsoft.Hosting.Lifetime--:
Hosting environment: Development


2024-09-12 08:41:25.8012-INFO-Microsoft.Hosting.Lifetime--:
Content root path: D:\Code\Cong TT\CodeBECong\Api\Xim.AppApi


2024-09-12 08:41:26.7428-INFO-Microsoft.AspNetCore.Hosting.Diagnostics-http://localhost/swagger/index.html-:
Request starting HTTP/1.1 GET http://localhost:5260/swagger/index.html - - -


2024-09-12 08:41:26.9331-INFO-Microsoft.AspNetCore.Hosting.Diagnostics-http://localhost/swagger/index.html-:
Request finished HTTP/1.1 GET http://localhost:5260/swagger/index.html - 200 - text/html;charset=utf-8 200.0291ms


2024-09-12 08:41:27.0956-INFO-Microsoft.AspNetCore.Hosting.Diagnostics-http://localhost/swagger/v1/swagger.json-:
Request starting HTTP/1.1 GET http://localhost:5260/swagger/v1/swagger.json - - -


2024-09-12 08:41:27.1900-INFO-Microsoft.AspNetCore.Hosting.Diagnostics-http://localhost/swagger/v1/swagger.json-:
Request finished HTTP/1.1 GET http://localhost:5260/swagger/v1/swagger.json - 500 - text/plain;+charset=utf-8 101.4018ms


2024-09-12 08:41:35.9730-INFO-Microsoft.AspNetCore.Hosting.Diagnostics-http://localhost/swagger/v1/swagger.json-:
Request starting HTTP/1.1 GET http://localhost:5260/swagger/v1/swagger.json - - -


2024-09-12 08:41:36.0109-INFO-Microsoft.AspNetCore.Hosting.Diagnostics-http://localhost/swagger/v1/swagger.json-:
Request finished HTTP/1.1 GET http://localhost:5260/swagger/v1/swagger.json - 500 - text/html;+charset=utf-8 45.7806ms


2024-09-12 08:41:36.1466-INFO-Microsoft.AspNetCore.Hosting.Diagnostics-http://localhost/favicon.ico-:
Request starting HTTP/1.1 GET http://localhost:5260/favicon.ico - - -


2024-09-12 08:41:36.2113-INFO-Microsoft.AspNetCore.Hosting.Diagnostics-http://localhost/favicon.ico-:
Request finished HTTP/1.1 GET http://localhost:5260/favicon.ico - 404 0 - 66.8762ms


2024-09-12 08:41:36.2148-INFO-Microsoft.AspNetCore.Hosting.Diagnostics-http://localhost/favicon.ico-:
Request reached the end of the middleware pipeline without being handled by application code. Request path: GET http://localhost:5260/favicon.ico, Response status code: 404


2024-09-12 08:43:22.4969-INFO-Microsoft.AspNetCore.DataProtection.KeyManagement.XmlKeyManager--:
User profile is available. Using 'C:\Users\Van Laptop\AppData\Local\ASP.NET\DataProtection-Keys' as key repository and Windows DPAPI to encrypt keys at rest.


2024-09-12 08:43:22.7917-INFO-Microsoft.Hosting.Lifetime--:
Now listening on: http://localhost:5260


2024-09-12 08:43:22.7917-INFO-Microsoft.Hosting.Lifetime--:
Application started. Press Ctrl+C to shut down.


2024-09-12 08:43:22.7917-INFO-Microsoft.Hosting.Lifetime--:
Hosting environment: Development


2024-09-12 08:43:22.7917-INFO-Microsoft.Hosting.Lifetime--:
Content root path: D:\Code\Cong TT\CodeBECong\Api\Xim.AppApi


2024-09-12 08:43:23.8166-INFO-Microsoft.AspNetCore.Hosting.Diagnostics-http://localhost/swagger/index.html-:
Request starting HTTP/1.1 GET http://localhost:5260/swagger/index.html - - -


2024-09-12 08:43:24.0256-INFO-Microsoft.AspNetCore.Hosting.Diagnostics-http://localhost/swagger/index.html-:
Request finished HTTP/1.1 GET http://localhost:5260/swagger/index.html - 200 - text/html;charset=utf-8 220.2308ms


2024-09-12 08:43:24.1795-INFO-Microsoft.AspNetCore.Hosting.Diagnostics-http://localhost/swagger/v1/swagger.json-:
Request starting HTTP/1.1 GET http://localhost:5260/swagger/v1/swagger.json - - -


2024-09-12 08:43:24.3463-INFO-Microsoft.AspNetCore.Hosting.Diagnostics-http://localhost/swagger/v1/swagger.json-:
Request finished HTTP/1.1 GET http://localhost:5260/swagger/v1/swagger.json - 500 - text/plain;+charset=utf-8 167.1341ms


2024-09-12 08:46:32.1826-INFO-Microsoft.AspNetCore.DataProtection.KeyManagement.XmlKeyManager--:
User profile is available. Using 'C:\Users\Van Laptop\AppData\Local\ASP.NET\DataProtection-Keys' as key repository and Windows DPAPI to encrypt keys at rest.


2024-09-12 08:46:32.3687-INFO-Microsoft.Hosting.Lifetime--:
Now listening on: http://localhost:5260


2024-09-12 08:46:32.3701-INFO-Microsoft.Hosting.Lifetime--:
Application started. Press Ctrl+C to shut down.


2024-09-12 08:46:32.3701-INFO-Microsoft.Hosting.Lifetime--:
Hosting environment: Development


2024-09-12 08:46:32.3701-INFO-Microsoft.Hosting.Lifetime--:
Content root path: D:\Code\Cong TT\CodeBECong\Api\Xim.AppApi


2024-09-12 08:46:33.3222-INFO-Microsoft.AspNetCore.Hosting.Diagnostics-http://localhost/swagger/index.html-:
Request starting HTTP/1.1 GET http://localhost:5260/swagger/index.html - - -


2024-09-12 08:46:33.4999-INFO-Microsoft.AspNetCore.Hosting.Diagnostics-http://localhost/swagger/index.html-:
Request finished HTTP/1.1 GET http://localhost:5260/swagger/index.html - 200 - text/html;charset=utf-8 187.5045ms


2024-09-12 08:46:33.5695-INFO-Microsoft.AspNetCore.Hosting.Diagnostics-http://localhost/swagger/index.js-:
Request starting HTTP/1.1 GET http://localhost:5260/swagger/index.js - - -


2024-09-12 08:46:33.5695-INFO-Microsoft.AspNetCore.Hosting.Diagnostics-http://localhost/swagger/index.css-:
Request starting HTTP/1.1 GET http://localhost:5260/swagger/index.css - - -


2024-09-12 08:46:33.5743-INFO-Microsoft.AspNetCore.Hosting.Diagnostics-http://localhost/swagger/index.js-:
Request finished HTTP/1.1 GET http://localhost:5260/swagger/index.js - 200 - application/javascript;charset=utf-8 5.1197ms


2024-09-12 08:46:33.7545-INFO-Microsoft.AspNetCore.StaticFiles.StaticFileMiddleware-http://localhost/swagger/index.css-:
Sending file. Request path: '/index.css'. Physical path: 'N/A'


2024-09-12 08:46:33.7545-INFO-Microsoft.AspNetCore.Hosting.Diagnostics-http://localhost/swagger/index.css-:
Request finished HTTP/1.1 GET http://localhost:5260/swagger/index.css - 200 202 text/css 186.2058ms


2024-09-12 08:46:33.8483-INFO-Microsoft.AspNetCore.Hosting.Diagnostics-http://localhost/swagger/v1/swagger.json-:
Request starting HTTP/1.1 GET http://localhost:5260/swagger/v1/swagger.json - - -


2024-09-12 08:46:34.2918-INFO-Microsoft.AspNetCore.Hosting.Diagnostics-http://localhost/swagger/v1/swagger.json-:
Request finished HTTP/1.1 GET http://localhost:5260/swagger/v1/swagger.json - 500 - text/plain;+charset=utf-8 448.7156ms


2024-09-12 08:49:56.0755-INFO-Microsoft.AspNetCore.DataProtection.KeyManagement.XmlKeyManager--:
User profile is available. Using 'C:\Users\Van Laptop\AppData\Local\ASP.NET\DataProtection-Keys' as key repository and Windows DPAPI to encrypt keys at rest.


2024-09-12 08:49:56.2945-INFO-Microsoft.Hosting.Lifetime--:
Now listening on: http://localhost:5260


2024-09-12 08:49:56.2945-INFO-Microsoft.Hosting.Lifetime--:
Application started. Press Ctrl+C to shut down.


2024-09-12 08:49:56.2945-INFO-Microsoft.Hosting.Lifetime--:
Hosting environment: Development


2024-09-12 08:49:56.2945-INFO-Microsoft.Hosting.Lifetime--:
Content root path: D:\Code\Cong TT\CodeBECong\Api\Xim.AppApi


2024-09-12 08:49:58.0807-INFO-Microsoft.AspNetCore.Hosting.Diagnostics-http://localhost/swagger/index.html-:
Request starting HTTP/1.1 GET http://localhost:5260/swagger/index.html - - -


2024-09-12 08:49:58.3446-INFO-Microsoft.AspNetCore.Hosting.Diagnostics-http://localhost/swagger/index.html-:
Request finished HTTP/1.1 GET http://localhost:5260/swagger/index.html - 200 - text/html;charset=utf-8 277.2968ms


2024-09-12 08:49:58.3541-INFO-Microsoft.AspNetCore.Hosting.Diagnostics-http://localhost/swagger/index.js-:
Request starting HTTP/1.1 GET http://localhost:5260/swagger/index.js - - -


2024-09-12 08:49:58.3702-INFO-Microsoft.AspNetCore.Hosting.Diagnostics-http://localhost/swagger/index.js-:
Request finished HTTP/1.1 GET http://localhost:5260/swagger/index.js - 200 - application/javascript;charset=utf-8 15.8026ms


2024-09-12 08:49:58.5357-INFO-Microsoft.AspNetCore.Hosting.Diagnostics-http://localhost/swagger/v1/swagger.json-:
Request starting HTTP/1.1 GET http://localhost:5260/swagger/v1/swagger.json - - -


2024-09-12 08:49:58.7297-INFO-Microsoft.AspNetCore.Hosting.Diagnostics-http://localhost/swagger/v1/swagger.json-:
Request finished HTTP/1.1 GET http://localhost:5260/swagger/v1/swagger.json - 500 - text/plain;+charset=utf-8 201.7007ms


2024-09-12 08:50:15.7920-INFO-Microsoft.AspNetCore.Hosting.Diagnostics-http://localhost/swagger/v1/swagger.json-:
Request starting HTTP/1.1 GET http://localhost:5260/swagger/v1/swagger.json - - -


2024-09-12 08:50:15.8243-INFO-Microsoft.AspNetCore.Hosting.Diagnostics-http://localhost/swagger/v1/swagger.json-:
Request finished HTTP/1.1 GET http://localhost:5260/swagger/v1/swagger.json - 500 - text/html;+charset=utf-8 37.8754ms


2024-09-12 08:50:15.9160-INFO-Microsoft.AspNetCore.Hosting.Diagnostics-http://localhost/favicon.ico-:
Request starting HTTP/1.1 GET http://localhost:5260/favicon.ico - - -


2024-09-12 08:50:15.9583-INFO-Microsoft.AspNetCore.Hosting.Diagnostics-http://localhost/favicon.ico-:
Request finished HTTP/1.1 GET http://localhost:5260/favicon.ico - 404 0 - 44.0340ms


2024-09-12 08:50:15.9583-INFO-Microsoft.AspNetCore.Hosting.Diagnostics-http://localhost/favicon.ico-:
Request reached the end of the middleware pipeline without being handled by application code. Request path: GET http://localhost:5260/favicon.ico, Response status code: 404


2024-09-12 08:50:59.4325-INFO-Microsoft.AspNetCore.DataProtection.KeyManagement.XmlKeyManager--:
User profile is available. Using 'C:\Users\Van Laptop\AppData\Local\ASP.NET\DataProtection-Keys' as key repository and Windows DPAPI to encrypt keys at rest.


2024-09-12 08:50:59.6108-INFO-Microsoft.Hosting.Lifetime--:
Now listening on: http://localhost:5260


2024-09-12 08:50:59.6108-INFO-Microsoft.Hosting.Lifetime--:
Application started. Press Ctrl+C to shut down.


2024-09-12 08:50:59.6108-INFO-Microsoft.Hosting.Lifetime--:
Hosting environment: Development


2024-09-12 08:50:59.6108-INFO-Microsoft.Hosting.Lifetime--:
Content root path: D:\Code\Cong TT\CodeBECong\Api\Xim.AppApi


2024-09-12 08:51:02.0092-INFO-Microsoft.AspNetCore.Hosting.Diagnostics-http://localhost/swagger/index.html-:
Request starting HTTP/1.1 GET http://localhost:5260/swagger/index.html - - -


2024-09-12 08:51:02.5436-INFO-Microsoft.AspNetCore.Hosting.Diagnostics-http://localhost/swagger/index.html-:
Request finished HTTP/1.1 GET http://localhost:5260/swagger/index.html - 200 - text/html;charset=utf-8 581.9905ms


2024-09-12 08:51:03.0591-INFO-Microsoft.AspNetCore.Hosting.Diagnostics-http://localhost/swagger/v1/swagger.json-:
Request starting HTTP/1.1 GET http://localhost:5260/swagger/v1/swagger.json - - -


2024-09-12 08:51:03.5417-INFO-Microsoft.AspNetCore.Hosting.Diagnostics-http://localhost/swagger/v1/swagger.json-:
Request finished HTTP/1.1 GET http://localhost:5260/swagger/v1/swagger.json - 200 - application/json;charset=utf-8 482.9385ms


2024-09-12 09:07:09.8712-INFO-Microsoft.AspNetCore.DataProtection.KeyManagement.XmlKeyManager--:
User profile is available. Using 'C:\Users\Van Laptop\AppData\Local\ASP.NET\DataProtection-Keys' as key repository and Windows DPAPI to encrypt keys at rest.


2024-09-12 09:07:10.2342-INFO-Microsoft.Hosting.Lifetime--:
Now listening on: http://localhost:5260


2024-09-12 09:07:10.2342-INFO-Microsoft.Hosting.Lifetime--:
Application started. Press Ctrl+C to shut down.


2024-09-12 09:07:10.2342-INFO-Microsoft.Hosting.Lifetime--:
Hosting environment: Development


2024-09-12 09:07:10.2342-INFO-Microsoft.Hosting.Lifetime--:
Content root path: D:\Code\Cong TT\CodeBECong\Api\Xim.AppApi


2024-09-12 09:07:11.7067-INFO-Microsoft.AspNetCore.Hosting.Diagnostics-http://localhost/swagger/index.html-:
Request starting HTTP/1.1 GET http://localhost:5260/swagger/index.html - - -


2024-09-12 09:07:11.8672-INFO-Microsoft.AspNetCore.Hosting.Diagnostics-http://localhost/swagger/index.html-:
Request finished HTTP/1.1 GET http://localhost:5260/swagger/index.html - 200 - text/html;charset=utf-8 171.9503ms


2024-09-12 09:07:12.0577-INFO-Microsoft.AspNetCore.Hosting.Diagnostics-http://localhost/swagger/v1/swagger.json-:
Request starting HTTP/1.1 GET http://localhost:5260/swagger/v1/swagger.json - - -


2024-09-12 09:07:12.1535-INFO-Microsoft.AspNetCore.Hosting.Diagnostics-http://localhost/swagger/v1/swagger.json-:
Request finished HTTP/1.1 GET http://localhost:5260/swagger/v1/swagger.json - 500 - text/plain;+charset=utf-8 102.3847ms


2024-09-12 09:08:20.3207-INFO-Microsoft.AspNetCore.DataProtection.KeyManagement.XmlKeyManager--:
User profile is available. Using 'C:\Users\Van Laptop\AppData\Local\ASP.NET\DataProtection-Keys' as key repository and Windows DPAPI to encrypt keys at rest.


2024-09-12 09:08:20.4946-INFO-Microsoft.Hosting.Lifetime--:
Now listening on: http://localhost:5260


2024-09-12 09:08:20.4949-INFO-Microsoft.Hosting.Lifetime--:
Application started. Press Ctrl+C to shut down.


2024-09-12 09:08:20.4949-INFO-Microsoft.Hosting.Lifetime--:
Hosting environment: Development


2024-09-12 09:08:20.4949-INFO-Microsoft.Hosting.Lifetime--:
Content root path: D:\Code\Cong TT\CodeBECong\Api\Xim.AppApi


2024-09-12 09:08:22.4638-INFO-Microsoft.AspNetCore.Hosting.Diagnostics-http://localhost/swagger/index.html-:
Request starting HTTP/1.1 GET http://localhost:5260/swagger/index.html - - -


2024-09-12 09:08:22.6216-INFO-Microsoft.AspNetCore.Hosting.Diagnostics-http://localhost/swagger/index.html-:
Request finished HTTP/1.1 GET http://localhost:5260/swagger/index.html - 200 - text/html;charset=utf-8 161.5185ms


2024-09-12 09:08:22.8020-INFO-Microsoft.AspNetCore.Hosting.Diagnostics-http://localhost/swagger/v1/swagger.json-:
Request starting HTTP/1.1 GET http://localhost:5260/swagger/v1/swagger.json - - -


2024-09-12 09:08:22.8865-INFO-Microsoft.AspNetCore.Hosting.Diagnostics-http://localhost/swagger/v1/swagger.json-:
Request finished HTTP/1.1 GET http://localhost:5260/swagger/v1/swagger.json - 500 - text/plain;+charset=utf-8 84.7226ms


2024-09-12 09:09:06.1884-INFO-Microsoft.AspNetCore.DataProtection.KeyManagement.XmlKeyManager--:
User profile is available. Using 'C:\Users\Van Laptop\AppData\Local\ASP.NET\DataProtection-Keys' as key repository and Windows DPAPI to encrypt keys at rest.


2024-09-12 09:09:06.4602-INFO-Microsoft.Hosting.Lifetime--:
Now listening on: http://localhost:5260


2024-09-12 09:09:06.4602-INFO-Microsoft.Hosting.Lifetime--:
Application started. Press Ctrl+C to shut down.


2024-09-12 09:09:06.4634-INFO-Microsoft.Hosting.Lifetime--:
Hosting environment: Development


2024-09-12 09:09:06.4634-INFO-Microsoft.Hosting.Lifetime--:
Content root path: D:\Code\Cong TT\CodeBECong\Api\Xim.AppApi


2024-09-12 09:09:08.1834-INFO-Microsoft.AspNetCore.Hosting.Diagnostics-http://localhost/swagger/index.html-:
Request starting HTTP/1.1 GET http://localhost:5260/swagger/index.html - - -


2024-09-12 09:09:08.5140-INFO-Microsoft.AspNetCore.Hosting.Diagnostics-http://localhost/swagger/index.html-:
Request finished HTTP/1.1 GET http://localhost:5260/swagger/index.html - 200 - text/html;charset=utf-8 356.5866ms


2024-09-12 09:09:08.7488-INFO-Microsoft.AspNetCore.Hosting.Diagnostics-http://localhost/swagger/v1/swagger.json-:
Request starting HTTP/1.1 GET http://localhost:5260/swagger/v1/swagger.json - - -


2024-09-12 09:09:08.8563-INFO-Microsoft.AspNetCore.Hosting.Diagnostics-http://localhost/swagger/v1/swagger.json-:
Request finished HTTP/1.1 GET http://localhost:5260/swagger/v1/swagger.json - 500 - text/plain;+charset=utf-8 117.7886ms


2024-09-12 09:23:33.8936-INFO-Microsoft.AspNetCore.DataProtection.KeyManagement.XmlKeyManager--:
User profile is available. Using 'C:\Users\Van Laptop\AppData\Local\ASP.NET\DataProtection-Keys' as key repository and Windows DPAPI to encrypt keys at rest.


2024-09-12 09:23:34.0592-INFO-Microsoft.Hosting.Lifetime--:
Now listening on: http://localhost:5260


2024-09-12 09:23:34.0592-INFO-Microsoft.Hosting.Lifetime--:
Application started. Press Ctrl+C to shut down.


2024-09-12 09:23:34.0592-INFO-Microsoft.Hosting.Lifetime--:
Hosting environment: Development


2024-09-12 09:23:34.0592-INFO-Microsoft.Hosting.Lifetime--:
Content root path: D:\Code\Cong TT\CodeBECong\Api\Xim.AppApi


2024-09-12 09:23:36.2215-INFO-Microsoft.AspNetCore.Hosting.Diagnostics-http://localhost/swagger/index.html-:
Request starting HTTP/1.1 GET http://localhost:5260/swagger/index.html - - -


2024-09-12 09:23:36.3869-INFO-Microsoft.AspNetCore.Hosting.Diagnostics-http://localhost/swagger/index.html-:
Request finished HTTP/1.1 GET http://localhost:5260/swagger/index.html - 200 - text/html;charset=utf-8 171.6380ms


2024-09-12 09:23:36.6020-INFO-Microsoft.AspNetCore.Hosting.Diagnostics-http://localhost/swagger/v1/swagger.json-:
Request starting HTTP/1.1 GET http://localhost:5260/swagger/v1/swagger.json - - -


2024-09-12 09:23:36.7890-INFO-Microsoft.AspNetCore.Hosting.Diagnostics-http://localhost/swagger/v1/swagger.json-:
Request finished HTTP/1.1 GET http://localhost:5260/swagger/v1/swagger.json - 200 - application/json;charset=utf-8 187.5842ms


2024-09-12 09:25:15.2931-INFO-Microsoft.AspNetCore.Hosting.Diagnostics-http://localhost/CaiDats-:
Request starting HTTP/1.1 POST http://localhost:5260/CaiDats - multipart/form-data;+boundary=----WebKitFormBoundaryMR3gTAqECViCSOA3 21270


2024-09-12 09:25:15.3093-INFO-Microsoft.AspNetCore.Cors.Infrastructure.CorsService-http://localhost/CaiDats-Insert:
CORS policy execution successful.


2024-09-12 09:25:15.6207-INFO-Microsoft.AspNetCore.Authorization.DefaultAuthorizationService-http://localhost/CaiDats-Insert:
Authorization failed. These requirements were not met:
DenyAnonymousAuthorizationRequirement: Requires an authenticated user.


2024-09-12 09:25:15.6207-INFO-Microsoft.AspNetCore.Authentication.JwtBearer.JwtBearerHandler-http://localhost/CaiDats-Insert:
AuthenticationScheme: Bearer was challenged.


2024-09-12 09:25:15.6207-INFO-Microsoft.AspNetCore.Hosting.Diagnostics-http://localhost/CaiDats-Insert:
Request finished HTTP/1.1 POST http://localhost:5260/CaiDats - 401 0 - 335.0327ms


2024-09-12 09:25:35.3412-INFO-Microsoft.AspNetCore.Hosting.Diagnostics-http://localhost/Accounts/login-:
Request starting HTTP/1.1 POST http://localhost:5260/Accounts/login - application/json-patch+json 49


2024-09-12 09:25:35.3412-INFO-Microsoft.AspNetCore.Cors.Infrastructure.CorsService-http://localhost/Accounts/login-Login:
CORS policy execution successful.


2024-09-12 09:25:35.3412-INFO-Microsoft.AspNetCore.Routing.EndpointMiddleware-http://localhost/Accounts/login-Login:
Executing endpoint 'Xim.AppApi.Controllers.AccountController.LoginAsync (API)'


2024-09-12 09:25:35.3733-INFO-Microsoft.AspNetCore.Mvc.Infrastructure.ControllerActionInvoker-http://localhost/Accounts/login-Login:
Route matched with {action = "Login", controller = "Account"}. Executing controller action with signature System.Threading.Tasks.Task`1[Microsoft.AspNetCore.Mvc.IActionResult] LoginAsync(Xim.Application.Contracts.Users.UserDtoLogin) on controller Xim.AppApi.Controllers.AccountController (API).


2024-09-12 09:25:36.3087-INFO-Microsoft.AspNetCore.Mvc.Infrastructure.ObjectResultExecutor-http://localhost/Accounts/login-Login:
Executing OkObjectResult, writing value of type 'Xim.AppApi.Controllers.AccountController+JwtTokenInfo'.


2024-09-12 09:25:36.3227-INFO-Microsoft.AspNetCore.Mvc.Infrastructure.ControllerActionInvoker-http://localhost/Accounts/login-Login:
Executed action Xim.AppApi.Controllers.AccountController.LoginAsync (API) in 945.3396ms


2024-09-12 09:25:36.3227-INFO-Microsoft.AspNetCore.Routing.EndpointMiddleware-http://localhost/Accounts/login-Login:
Executed endpoint 'Xim.AppApi.Controllers.AccountController.LoginAsync (API)'


2024-09-12 09:25:36.3227-INFO-Microsoft.AspNetCore.Hosting.Diagnostics-http://localhost/Accounts/login-Login:
Request finished HTTP/1.1 POST http://localhost:5260/Accounts/login - 200 613 application/json;+charset=utf-8 991.9065ms


2024-09-12 09:25:57.1506-INFO-Microsoft.AspNetCore.Hosting.Diagnostics-http://localhost/CaiDats-:
Request starting HTTP/1.1 POST http://localhost:5260/CaiDats - multipart/form-data;+boundary=----WebKitFormBoundarydILiTAuZGGzYg6qu 21270


2024-09-12 09:25:57.1506-INFO-Microsoft.AspNetCore.Cors.Infrastructure.CorsService-http://localhost/CaiDats-Insert:
CORS policy execution successful.


2024-09-12 09:25:57.2084-INFO-Microsoft.AspNetCore.Routing.EndpointMiddleware-http://localhost/CaiDats-Insert:
Executing endpoint 'Xim.AppApi.Controllers.CaiDatController.InsertAsync (API)'


2024-09-12 09:25:57.2294-INFO-Microsoft.AspNetCore.Mvc.Infrastructure.ControllerActionInvoker-http://localhost/CaiDats-Insert:
Route matched with {action = "Insert", controller = "CaiDat"}. Executing controller action with signature System.Threading.Tasks.Task`1[Microsoft.AspNetCore.Mvc.ActionResult`1[Xim.Domain.Entities.CaiDatEntity]] InsertAsync(API.Controllers.CaiDatForm) on controller Xim.AppApi.Controllers.CaiDatController (API).


2024-09-12 09:25:57.3136-INFO-Microsoft.AspNetCore.Mvc.Infrastructure.ObjectResultExecutor-http://localhost/CaiDats-Insert:
Executing OkObjectResult, writing value of type 'Xim.Application.Contracts.CaiDat.CaiDatDtoView'.


2024-09-12 09:25:57.3236-INFO-Microsoft.AspNetCore.Mvc.Infrastructure.ControllerActionInvoker-http://localhost/CaiDats-Insert:
Executed action Xim.AppApi.Controllers.CaiDatController.InsertAsync (API) in 94.8203ms


2024-09-12 09:25:57.3236-INFO-Microsoft.AspNetCore.Routing.EndpointMiddleware-http://localhost/CaiDats-Insert:
Executed endpoint 'Xim.AppApi.Controllers.CaiDatController.InsertAsync (API)'


2024-09-12 09:25:57.3236-INFO-Microsoft.AspNetCore.Hosting.Diagnostics-http://localhost/CaiDats-Insert:
Request finished HTTP/1.1 POST http://localhost:5260/CaiDats - 200 598 application/json;+charset=utf-8 177.0395ms


2024-09-12 09:36:42.1361-INFO-Microsoft.AspNetCore.Hosting.Diagnostics-http://localhost/TinTucs-:
Request starting HTTP/1.1 POST http://localhost:5260/TinTucs - multipart/form-data;+boundary=----WebKitFormBoundaryrfimMfYKfW0TyzSD 8849


2024-09-12 09:36:42.1516-INFO-Microsoft.AspNetCore.Cors.Infrastructure.CorsService-http://localhost/TinTucs-Insert:
CORS policy execution successful.


2024-09-12 09:36:42.1516-INFO-Microsoft.AspNetCore.Routing.EndpointMiddleware-http://localhost/TinTucs-Insert:
Executing endpoint 'Xim.AppApi.Controllers.TinTucController.InsertAsync (API)'


2024-09-12 09:36:42.1681-INFO-Microsoft.AspNetCore.Mvc.Infrastructure.ControllerActionInvoker-http://localhost/TinTucs-Insert:
Route matched with {action = "Insert", controller = "TinTuc"}. Executing controller action with signature System.Threading.Tasks.Task`1[Microsoft.AspNetCore.Mvc.ActionResult`1[Xim.Domain.Entities.TinTucEntity]] InsertAsync(Xim.Application.Contracts.TinTuc.TinTucDtoCreate, Microsoft.AspNetCore.Http.IFormFile) on controller Xim.AppApi.Controllers.TinTucController (API).


2024-09-12 09:36:42.3020-INFO-Microsoft.AspNetCore.Mvc.Infrastructure.ObjectResultExecutor-http://localhost/TinTucs-Insert:
Executing ObjectResult, writing value of type 'System.String'.


2024-09-12 09:36:42.3020-INFO-Microsoft.AspNetCore.Mvc.Infrastructure.ControllerActionInvoker-http://localhost/TinTucs-Insert:
Executed action Xim.AppApi.Controllers.TinTucController.InsertAsync (API) in 121.4924ms


2024-09-12 09:36:42.3020-INFO-Microsoft.AspNetCore.Routing.EndpointMiddleware-http://localhost/TinTucs-Insert:
Executed endpoint 'Xim.AppApi.Controllers.TinTucController.InsertAsync (API)'


2024-09-12 09:36:42.3020-INFO-Microsoft.AspNetCore.Hosting.Diagnostics-http://localhost/TinTucs-Insert:
Request finished HTTP/1.1 POST http://localhost:5260/TinTucs - 444 - text/plain;+charset=utf-8 165.4905ms


2024-09-12 09:37:24.1191-INFO-Microsoft.AspNetCore.Hosting.Diagnostics-http://localhost/TinTucs-:
Request starting HTTP/1.1 POST http://localhost:5260/TinTucs - multipart/form-data;+boundary=----WebKitFormBoundaryIYyLf85YAbHdTGQk 8844


2024-09-12 09:37:24.1213-INFO-Microsoft.AspNetCore.Cors.Infrastructure.CorsService-http://localhost/TinTucs-Insert:
CORS policy execution successful.


2024-09-12 09:37:24.1372-INFO-Microsoft.AspNetCore.Routing.EndpointMiddleware-http://localhost/TinTucs-Insert:
Executing endpoint 'Xim.AppApi.Controllers.TinTucController.InsertAsync (API)'


2024-09-12 09:37:24.1372-INFO-Microsoft.AspNetCore.Mvc.Infrastructure.ControllerActionInvoker-http://localhost/TinTucs-Insert:
Route matched with {action = "Insert", controller = "TinTuc"}. Executing controller action with signature System.Threading.Tasks.Task`1[Microsoft.AspNetCore.Mvc.ActionResult`1[Xim.Domain.Entities.TinTucEntity]] InsertAsync(Xim.Application.Contracts.TinTuc.TinTucDtoCreate, Microsoft.AspNetCore.Http.IFormFile) on controller Xim.AppApi.Controllers.TinTucController (API).


2024-09-12 09:37:24.1666-INFO-Microsoft.AspNetCore.Mvc.Infrastructure.ObjectResultExecutor-http://localhost/TinTucs-Insert:
Executing OkObjectResult, writing value of type 'Xim.Application.Contracts.TinTuc.TinTucDtoView'.


2024-09-12 09:37:24.1666-INFO-Microsoft.AspNetCore.Mvc.Infrastructure.ControllerActionInvoker-http://localhost/TinTucs-Insert:
Executed action Xim.AppApi.Controllers.TinTucController.InsertAsync (API) in 37.7343ms


2024-09-12 09:37:24.1666-INFO-Microsoft.AspNetCore.Routing.EndpointMiddleware-http://localhost/TinTucs-Insert:
Executed endpoint 'Xim.AppApi.Controllers.TinTucController.InsertAsync (API)'


2024-09-12 09:37:24.1666-INFO-Microsoft.AspNetCore.Hosting.Diagnostics-http://localhost/TinTucs-Insert:
Request finished HTTP/1.1 POST http://localhost:5260/TinTucs - 200 183 application/json;+charset=utf-8 58.0437ms


