2024-10-23 15:41:58.0632-INFO-Microsoft.AspNetCore.DataProtection.KeyManagement.XmlKeyManager--:
User profile is available. Using 'C:\Users\Van Laptop\AppData\Local\ASP.NET\DataProtection-Keys' as key repository and Windows DPAPI to encrypt keys at rest.


2024-10-23 15:41:58.1822-INFO-Microsoft.AspNetCore.DataProtection.KeyManagement.XmlKeyManager--:
Creating key {b63c2072-5fc8-4fe3-b037-77b845d81875} with creation date 2024-10-23 08:41:58Z, activation date 2024-10-23 08:41:58Z, and expiration date 2025-01-21 08:41:58Z.


2024-10-23 15:41:58.2151-INFO-Microsoft.AspNetCore.DataProtection.Repositories.FileSystemXmlRepository--:
Writing data to file 'C:\Users\Van Laptop\AppData\Local\ASP.NET\DataProtection-Keys\key-b63c2072-5fc8-4fe3-b037-77b845d81875.xml'.


2024-10-23 15:41:58.6357-INFO-Microsoft.Hosting.Lifetime--:
Now listening on: http://localhost:5260


2024-10-23 15:41:58.6503-INFO-Microsoft.Hosting.Lifetime--:
Application started. Press Ctrl+C to shut down.


2024-10-23 15:41:58.6503-INFO-Microsoft.Hosting.Lifetime--:
Hosting environment: Development


2024-10-23 15:41:58.6503-INFO-Microsoft.Hosting.Lifetime--:
Content root path: D:\Code\Cong TT\CodeBECong\Api\Xim.AppApi


2024-10-23 15:42:06.2275-INFO-Microsoft.AspNetCore.Hosting.Diagnostics-http://localhost/swagger/index.html-:
Request starting HTTP/1.1 GET http://localhost:5260/swagger/index.html - - -


2024-10-23 15:42:06.6659-INFO-Microsoft.AspNetCore.Hosting.Diagnostics-http://localhost/swagger/index.html-:
Request finished HTTP/1.1 GET http://localhost:5260/swagger/index.html - 200 - text/html;charset=utf-8 444.7620ms


2024-10-23 15:42:08.1280-INFO-Microsoft.AspNetCore.Hosting.Diagnostics-http://localhost/swagger/v1/swagger.json-:
Request starting HTTP/1.1 GET http://localhost:5260/swagger/v1/swagger.json - - -


2024-10-23 15:42:08.4173-INFO-Microsoft.AspNetCore.Hosting.Diagnostics-http://localhost/swagger/v1/swagger.json-:
Request finished HTTP/1.1 GET http://localhost:5260/swagger/v1/swagger.json - 200 - application/json;charset=utf-8 290.3981ms


2024-10-23 15:43:36.8849-INFO-Microsoft.AspNetCore.Hosting.Diagnostics-http://localhost/Accounts/login-:
Request starting HTTP/1.1 POST http://localhost:5260/Accounts/login - application/json-patch+json 49


2024-10-23 15:43:36.9008-INFO-Microsoft.AspNetCore.Cors.Infrastructure.CorsService-http://localhost/Accounts/login-Login:
CORS policy execution successful.


2024-10-23 15:43:37.2658-INFO-Microsoft.AspNetCore.Routing.EndpointMiddleware-http://localhost/Accounts/login-Login:
Executing endpoint 'Xim.AppApi.Controllers.AccountController.LoginAsync (API)'


2024-10-23 15:43:37.2956-INFO-Microsoft.AspNetCore.Mvc.Infrastructure.ControllerActionInvoker-http://localhost/Accounts/login-Login:
Route matched with {action = "Login", controller = "Account"}. Executing controller action with signature System.Threading.Tasks.Task`1[Microsoft.AspNetCore.Mvc.IActionResult] LoginAsync(Xim.Application.Contracts.Users.UserDtoLogin) on controller Xim.AppApi.Controllers.AccountController (API).


2024-10-23 15:43:37.6669-INFO-Microsoft.AspNetCore.Mvc.Infrastructure.ObjectResultExecutor-http://localhost/Accounts/login-Login:
Executing OkObjectResult, writing value of type 'Xim.AppApi.Controllers.AccountController+JwtTokenInfo'.


2024-10-23 15:43:37.6980-INFO-Microsoft.AspNetCore.Mvc.Infrastructure.ControllerActionInvoker-http://localhost/Accounts/login-Login:
Executed action Xim.AppApi.Controllers.AccountController.LoginAsync (API) in 387.5574ms


2024-10-23 15:43:37.6980-INFO-Microsoft.AspNetCore.Routing.EndpointMiddleware-http://localhost/Accounts/login-Login:
Executed endpoint 'Xim.AppApi.Controllers.AccountController.LoginAsync (API)'


2024-10-23 15:43:37.6980-INFO-Microsoft.AspNetCore.Hosting.Diagnostics-http://localhost/Accounts/login-Login:
Request finished HTTP/1.1 POST http://localhost:5260/Accounts/login - 200 599 application/json;+charset=utf-8 813.5490ms


2024-10-23 15:48:26.1219-INFO-Microsoft.AspNetCore.Hosting.Diagnostics-http://localhost/Accounts/password-:
Request starting HTTP/1.1 PATCH http://localhost:5260/Accounts/password - application/json-patch+json 53


2024-10-23 15:48:26.1348-INFO-Microsoft.AspNetCore.Cors.Infrastructure.CorsService-http://localhost/Accounts/password-ChangePassword:
CORS policy execution successful.


2024-10-23 15:48:26.1980-INFO-Microsoft.AspNetCore.Routing.EndpointMiddleware-http://localhost/Accounts/password-ChangePassword:
Executing endpoint 'Xim.AppApi.Controllers.AccountController.ChangePasswordAsync (API)'


2024-10-23 15:48:26.1980-INFO-Microsoft.AspNetCore.Mvc.Infrastructure.ControllerActionInvoker-http://localhost/Accounts/password-ChangePassword:
Route matched with {action = "ChangePassword", controller = "Account"}. Executing controller action with signature System.Threading.Tasks.Task`1[Microsoft.AspNetCore.Mvc.IActionResult] ChangePasswordAsync(Xim.Application.Contracts.Users.UserDtoChangePassword) on controller Xim.AppApi.Controllers.AccountController (API).


2024-10-23 15:48:26.3082-INFO-Microsoft.AspNetCore.Mvc.Infrastructure.ObjectResultExecutor-http://localhost/Accounts/password-ChangePassword:
Executing ObjectResult, writing value of type 'System.String'.


2024-10-23 15:48:26.3082-INFO-Microsoft.AspNetCore.Mvc.Infrastructure.ControllerActionInvoker-http://localhost/Accounts/password-ChangePassword:
Executed action Xim.AppApi.Controllers.AccountController.ChangePasswordAsync (API) in 97.6151ms


2024-10-23 15:48:26.3082-INFO-Microsoft.AspNetCore.Routing.EndpointMiddleware-http://localhost/Accounts/password-ChangePassword:
Executed endpoint 'Xim.AppApi.Controllers.AccountController.ChangePasswordAsync (API)'


2024-10-23 15:48:26.3082-INFO-Microsoft.AspNetCore.Hosting.Diagnostics-http://localhost/Accounts/password-ChangePassword:
Request finished HTTP/1.1 PATCH http://localhost:5260/Accounts/password - 444 - text/plain;+charset=utf-8 187.2876ms


2024-10-23 15:48:48.3934-INFO-Microsoft.AspNetCore.Hosting.Diagnostics-http://localhost/Accounts/password-:
Request starting HTTP/1.1 PATCH http://localhost:5260/Accounts/password - application/json-patch+json 59


2024-10-23 15:48:48.3934-INFO-Microsoft.AspNetCore.Cors.Infrastructure.CorsService-http://localhost/Accounts/password-ChangePassword:
CORS policy execution successful.


2024-10-23 15:48:48.4215-INFO-Microsoft.AspNetCore.Routing.EndpointMiddleware-http://localhost/Accounts/password-ChangePassword:
Executing endpoint 'Xim.AppApi.Controllers.AccountController.ChangePasswordAsync (API)'


2024-10-23 15:48:48.4215-INFO-Microsoft.AspNetCore.Mvc.Infrastructure.ControllerActionInvoker-http://localhost/Accounts/password-ChangePassword:
Route matched with {action = "ChangePassword", controller = "Account"}. Executing controller action with signature System.Threading.Tasks.Task`1[Microsoft.AspNetCore.Mvc.IActionResult] ChangePasswordAsync(Xim.Application.Contracts.Users.UserDtoChangePassword) on controller Xim.AppApi.Controllers.AccountController (API).


2024-10-23 15:51:08.2846-INFO-Microsoft.AspNetCore.Mvc.StatusCodeResult-http://localhost/Accounts/password-ChangePassword:
Executing StatusCodeResult, setting HTTP status code 200


2024-10-23 15:51:08.2846-INFO-Microsoft.AspNetCore.Mvc.Infrastructure.ControllerActionInvoker-http://localhost/Accounts/password-ChangePassword:
Executed action Xim.AppApi.Controllers.AccountController.ChangePasswordAsync (API) in 139866.5503ms


2024-10-23 15:51:08.2846-INFO-Microsoft.AspNetCore.Routing.EndpointMiddleware-http://localhost/Accounts/password-ChangePassword:
Executed endpoint 'Xim.AppApi.Controllers.AccountController.ChangePasswordAsync (API)'


2024-10-23 15:51:08.2846-INFO-Microsoft.AspNetCore.Hosting.Diagnostics-http://localhost/Accounts/password-ChangePassword:
Request finished HTTP/1.1 PATCH http://localhost:5260/Accounts/password - 200 0 - 139896.5924ms


2024-10-23 15:51:24.1058-INFO-Microsoft.AspNetCore.Hosting.Diagnostics-http://localhost/Accounts/login-:
Request starting HTTP/1.1 POST http://localhost:5260/Accounts/login - application/json-patch+json 49


2024-10-23 15:51:24.1058-INFO-Microsoft.AspNetCore.Cors.Infrastructure.CorsService-http://localhost/Accounts/login-Login:
CORS policy execution successful.


2024-10-23 15:51:24.1058-INFO-Microsoft.AspNetCore.Routing.EndpointMiddleware-http://localhost/Accounts/login-Login:
Executing endpoint 'Xim.AppApi.Controllers.AccountController.LoginAsync (API)'


2024-10-23 15:51:24.1058-INFO-Microsoft.AspNetCore.Mvc.Infrastructure.ControllerActionInvoker-http://localhost/Accounts/login-Login:
Route matched with {action = "Login", controller = "Account"}. Executing controller action with signature System.Threading.Tasks.Task`1[Microsoft.AspNetCore.Mvc.IActionResult] LoginAsync(Xim.Application.Contracts.Users.UserDtoLogin) on controller Xim.AppApi.Controllers.AccountController (API).


2024-10-23 15:51:24.1058-INFO-Microsoft.AspNetCore.Mvc.Infrastructure.ObjectResultExecutor-http://localhost/Accounts/login-Login:
Executing OkObjectResult, writing value of type 'Xim.AppApi.Controllers.AccountController+JwtTokenInfo'.


2024-10-23 15:51:24.1347-INFO-Microsoft.AspNetCore.Mvc.Infrastructure.ControllerActionInvoker-http://localhost/Accounts/login-Login:
Executed action Xim.AppApi.Controllers.AccountController.LoginAsync (API) in 27.6809ms


2024-10-23 15:51:24.1347-INFO-Microsoft.AspNetCore.Routing.EndpointMiddleware-http://localhost/Accounts/login-Login:
Executed endpoint 'Xim.AppApi.Controllers.AccountController.LoginAsync (API)'


2024-10-23 15:51:24.1347-INFO-Microsoft.AspNetCore.Hosting.Diagnostics-http://localhost/Accounts/login-Login:
Request finished HTTP/1.1 POST http://localhost:5260/Accounts/login - 200 599 application/json;+charset=utf-8 29.6949ms


2024-10-23 15:51:30.4392-INFO-Microsoft.AspNetCore.Hosting.Diagnostics-http://localhost/Accounts/login-:
Request starting HTTP/1.1 POST http://localhost:5260/Accounts/login - application/json-patch+json 50


2024-10-23 15:51:30.4392-INFO-Microsoft.AspNetCore.Cors.Infrastructure.CorsService-http://localhost/Accounts/login-Login:
CORS policy execution successful.


2024-10-23 15:51:30.4392-INFO-Microsoft.AspNetCore.Routing.EndpointMiddleware-http://localhost/Accounts/login-Login:
Executing endpoint 'Xim.AppApi.Controllers.AccountController.LoginAsync (API)'


2024-10-23 15:51:30.4392-INFO-Microsoft.AspNetCore.Mvc.Infrastructure.ControllerActionInvoker-http://localhost/Accounts/login-Login:
Route matched with {action = "Login", controller = "Account"}. Executing controller action with signature System.Threading.Tasks.Task`1[Microsoft.AspNetCore.Mvc.IActionResult] LoginAsync(Xim.Application.Contracts.Users.UserDtoLogin) on controller Xim.AppApi.Controllers.AccountController (API).


2024-10-23 15:51:30.4982-INFO-Microsoft.AspNetCore.Mvc.Infrastructure.ObjectResultExecutor-http://localhost/Accounts/login-Login:
Executing ObjectResult, writing value of type 'System.String'.


2024-10-23 15:51:30.4982-INFO-Microsoft.AspNetCore.Mvc.Infrastructure.ControllerActionInvoker-http://localhost/Accounts/login-Login:
Executed action Xim.AppApi.Controllers.AccountController.LoginAsync (API) in 59.1904ms


2024-10-23 15:51:30.4982-INFO-Microsoft.AspNetCore.Routing.EndpointMiddleware-http://localhost/Accounts/login-Login:
Executed endpoint 'Xim.AppApi.Controllers.AccountController.LoginAsync (API)'


2024-10-23 15:51:30.4982-INFO-Microsoft.AspNetCore.Hosting.Diagnostics-http://localhost/Accounts/login-Login:
Request finished HTTP/1.1 POST http://localhost:5260/Accounts/login - 444 - text/plain;+charset=utf-8 60.8467ms


2024-10-23 15:51:36.7203-INFO-Microsoft.AspNetCore.Hosting.Diagnostics-http://localhost/Accounts/login-:
Request starting HTTP/1.1 POST http://localhost:5260/Accounts/login - application/json-patch+json 49


2024-10-23 15:51:36.7203-INFO-Microsoft.AspNetCore.Cors.Infrastructure.CorsService-http://localhost/Accounts/login-Login:
CORS policy execution successful.


2024-10-23 15:51:36.7203-INFO-Microsoft.AspNetCore.Routing.EndpointMiddleware-http://localhost/Accounts/login-Login:
Executing endpoint 'Xim.AppApi.Controllers.AccountController.LoginAsync (API)'


2024-10-23 15:51:36.7203-INFO-Microsoft.AspNetCore.Mvc.Infrastructure.ControllerActionInvoker-http://localhost/Accounts/login-Login:
Route matched with {action = "Login", controller = "Account"}. Executing controller action with signature System.Threading.Tasks.Task`1[Microsoft.AspNetCore.Mvc.IActionResult] LoginAsync(Xim.Application.Contracts.Users.UserDtoLogin) on controller Xim.AppApi.Controllers.AccountController (API).


2024-10-23 15:51:36.7203-INFO-Microsoft.AspNetCore.Mvc.Infrastructure.ObjectResultExecutor-http://localhost/Accounts/login-Login:
Executing OkObjectResult, writing value of type 'Xim.AppApi.Controllers.AccountController+JwtTokenInfo'.


2024-10-23 15:51:36.7203-INFO-Microsoft.AspNetCore.Mvc.Infrastructure.ControllerActionInvoker-http://localhost/Accounts/login-Login:
Executed action Xim.AppApi.Controllers.AccountController.LoginAsync (API) in 6.1678ms


2024-10-23 15:51:36.7203-INFO-Microsoft.AspNetCore.Routing.EndpointMiddleware-http://localhost/Accounts/login-Login:
Executed endpoint 'Xim.AppApi.Controllers.AccountController.LoginAsync (API)'


2024-10-23 15:51:36.7289-INFO-Microsoft.AspNetCore.Hosting.Diagnostics-http://localhost/Accounts/login-Login:
Request finished HTTP/1.1 POST http://localhost:5260/Accounts/login - 200 599 application/json;+charset=utf-8 9.0619ms


2024-10-23 15:51:41.1795-INFO-Microsoft.AspNetCore.Hosting.Diagnostics-http://localhost/Accounts/password-:
Request starting HTTP/1.1 PATCH http://localhost:5260/Accounts/password - application/json-patch+json 59


2024-10-23 15:51:41.1795-INFO-Microsoft.AspNetCore.Cors.Infrastructure.CorsService-http://localhost/Accounts/password-ChangePassword:
CORS policy execution successful.


2024-10-23 15:51:41.1818-INFO-Microsoft.AspNetCore.Routing.EndpointMiddleware-http://localhost/Accounts/password-ChangePassword:
Executing endpoint 'Xim.AppApi.Controllers.AccountController.ChangePasswordAsync (API)'


2024-10-23 15:51:41.1818-INFO-Microsoft.AspNetCore.Mvc.Infrastructure.ControllerActionInvoker-http://localhost/Accounts/password-ChangePassword:
Route matched with {action = "ChangePassword", controller = "Account"}. Executing controller action with signature System.Threading.Tasks.Task`1[Microsoft.AspNetCore.Mvc.IActionResult] ChangePasswordAsync(Xim.Application.Contracts.Users.UserDtoChangePassword) on controller Xim.AppApi.Controllers.AccountController (API).


2024-10-23 15:51:48.4328-INFO-Microsoft.AspNetCore.Mvc.StatusCodeResult-http://localhost/Accounts/password-ChangePassword:
Executing StatusCodeResult, setting HTTP status code 200


2024-10-23 15:51:48.4328-INFO-Microsoft.AspNetCore.Mvc.Infrastructure.ControllerActionInvoker-http://localhost/Accounts/password-ChangePassword:
Executed action Xim.AppApi.Controllers.AccountController.ChangePasswordAsync (API) in 7256.5579ms


2024-10-23 15:51:48.4328-INFO-Microsoft.AspNetCore.Routing.EndpointMiddleware-http://localhost/Accounts/password-ChangePassword:
Executed endpoint 'Xim.AppApi.Controllers.AccountController.ChangePasswordAsync (API)'


2024-10-23 15:51:48.4328-INFO-Microsoft.AspNetCore.Hosting.Diagnostics-http://localhost/Accounts/password-ChangePassword:
Request finished HTTP/1.1 PATCH http://localhost:5260/Accounts/password - 200 0 - 7259.4098ms


