2024-09-07 10:08:21.8234-INFO-Microsoft.AspNetCore.DataProtection.KeyManagement.XmlKeyManager--:
User profile is available. Using 'C:\Users\Van Laptop\AppData\Local\ASP.NET\DataProtection-Keys' as key repository and Windows DPAPI to encrypt keys at rest.


2024-09-07 10:08:24.1326-INFO-Microsoft.Hosting.Lifetime--:
Now listening on: http://localhost:5260


2024-09-07 10:08:24.1363-INFO-Microsoft.Hosting.Lifetime--:
Application started. Press Ctrl+C to shut down.


2024-09-07 10:08:24.1363-INFO-Microsoft.Hosting.Lifetime--:
Hosting environment: Development


2024-09-07 10:08:24.1363-INFO-Microsoft.Hosting.Lifetime--:
Content root path: D:\Code\Cong TT\CodeCong_PTN\Api\Xim.AppApi


2024-09-07 10:08:28.2161-INFO-Microsoft.AspNetCore.Hosting.Diagnostics-http://localhost/swagger/index.html-:
Request starting HTTP/1.1 GET http://localhost:5260/swagger/index.html - - -


2024-09-07 10:08:30.0735-INFO-Microsoft.AspNetCore.Hosting.Diagnostics-http://localhost/swagger/index.html-:
Request finished HTTP/1.1 GET http://localhost:5260/swagger/index.html - 200 - text/html;charset=utf-8 1871.4627ms


2024-09-07 10:08:31.4824-INFO-Microsoft.AspNetCore.Hosting.Diagnostics-http://localhost/swagger/v1/swagger.json-:
Request starting HTTP/1.1 GET http://localhost:5260/swagger/v1/swagger.json - - -


2024-09-07 10:08:32.0663-INFO-Microsoft.AspNetCore.Hosting.Diagnostics-http://localhost/swagger/v1/swagger.json-:
Request finished HTTP/1.1 GET http://localhost:5260/swagger/v1/swagger.json - 200 - application/json;charset=utf-8 585.0632ms


2024-09-07 10:09:02.7139-INFO-Microsoft.AspNetCore.Hosting.Diagnostics-http://localhost/MenuSubs/47d3aedf-1758-43c6-92b3-cca178fcaba4-:
Request starting HTTP/1.1 GET http://localhost:5260/MenuSubs/47d3aedf-1758-43c6-92b3-cca178fcaba4 - - -


2024-09-07 10:09:02.8082-INFO-Microsoft.AspNetCore.Hosting.Diagnostics-http://localhost/MenuSubs/47d3aedf-1758-43c6-92b3-cca178fcaba4-:
Request finished HTTP/1.1 GET http://localhost:5260/MenuSubs/47d3aedf-1758-43c6-92b3-cca178fcaba4 - 500 - text/plain;+charset=utf-8 105.3081ms


2024-09-07 10:10:11.4637-INFO-Microsoft.AspNetCore.Hosting.Diagnostics-http://localhost/MenuSubs/47d3aedf-1758-43c6-92b3-cca178fcaba4-:
Request starting HTTP/1.1 GET http://localhost:5260/MenuSubs/47d3aedf-1758-43c6-92b3-cca178fcaba4 - - -


2024-09-07 10:10:11.7143-INFO-Microsoft.AspNetCore.Hosting.Diagnostics-http://localhost/MenuSubs/47d3aedf-1758-43c6-92b3-cca178fcaba4-:
Request finished HTTP/1.1 GET http://localhost:5260/MenuSubs/47d3aedf-1758-43c6-92b3-cca178fcaba4 - 500 - text/plain;+charset=utf-8 256.1757ms


2024-09-07 10:10:31.2588-INFO-Microsoft.AspNetCore.Hosting.Diagnostics-http://localhost/MenuSubs/47d3aedf-1758-43c6-92b3-cca178fcaba4-:
Request starting HTTP/1.1 GET http://localhost:5260/MenuSubs/47d3aedf-1758-43c6-92b3-cca178fcaba4 - - -


2024-09-07 10:10:31.2606-INFO-Microsoft.AspNetCore.Hosting.Diagnostics-http://localhost/MenuSubs/47d3aedf-1758-43c6-92b3-cca178fcaba4-:
Request finished HTTP/1.1 GET http://localhost:5260/MenuSubs/47d3aedf-1758-43c6-92b3-cca178fcaba4 - 500 - text/plain;+charset=utf-8 8.2880ms


2024-09-07 10:10:32.3401-INFO-Microsoft.AspNetCore.Hosting.Diagnostics-http://localhost/MenuSubs/47d3aedf-1758-43c6-92b3-cca178fcaba4-:
Request starting HTTP/1.1 GET http://localhost:5260/MenuSubs/47d3aedf-1758-43c6-92b3-cca178fcaba4 - - -


2024-09-07 10:10:32.3401-INFO-Microsoft.AspNetCore.Hosting.Diagnostics-http://localhost/MenuSubs/47d3aedf-1758-43c6-92b3-cca178fcaba4-:
Request finished HTTP/1.1 GET http://localhost:5260/MenuSubs/47d3aedf-1758-43c6-92b3-cca178fcaba4 - 500 - text/plain;+charset=utf-8 1.7784ms


2024-09-07 10:11:39.3072-INFO-Microsoft.AspNetCore.DataProtection.KeyManagement.XmlKeyManager--:
User profile is available. Using 'C:\Users\Van Laptop\AppData\Local\ASP.NET\DataProtection-Keys' as key repository and Windows DPAPI to encrypt keys at rest.


2024-09-07 10:11:39.5848-INFO-Microsoft.Hosting.Lifetime--:
Now listening on: http://localhost:5260


2024-09-07 10:11:39.5848-INFO-Microsoft.Hosting.Lifetime--:
Application started. Press Ctrl+C to shut down.


2024-09-07 10:11:39.5848-INFO-Microsoft.Hosting.Lifetime--:
Hosting environment: Development


2024-09-07 10:11:39.5848-INFO-Microsoft.Hosting.Lifetime--:
Content root path: D:\Code\Cong TT\CodeCong_PTN\Api\Xim.AppApi


2024-09-07 10:11:41.2396-INFO-Microsoft.AspNetCore.Hosting.Diagnostics-http://localhost/swagger/index.html-:
Request starting HTTP/1.1 GET http://localhost:5260/swagger/index.html - - -


2024-09-07 10:11:41.4363-INFO-Microsoft.AspNetCore.Hosting.Diagnostics-http://localhost/swagger/index.html-:
Request finished HTTP/1.1 GET http://localhost:5260/swagger/index.html - 200 - text/html;charset=utf-8 205.3910ms


2024-09-07 10:11:41.7728-INFO-Microsoft.AspNetCore.Hosting.Diagnostics-http://localhost/swagger/v1/swagger.json-:
Request starting HTTP/1.1 GET http://localhost:5260/swagger/v1/swagger.json - - -


2024-09-07 10:11:41.9598-INFO-Microsoft.AspNetCore.Hosting.Diagnostics-http://localhost/swagger/v1/swagger.json-:
Request finished HTTP/1.1 GET http://localhost:5260/swagger/v1/swagger.json - 200 - application/json;charset=utf-8 188.1476ms


2024-09-07 10:11:59.8730-INFO-Microsoft.AspNetCore.Hosting.Diagnostics-http://localhost/MenuSubs/getbymenu-:
Request starting HTTP/1.1 GET http://localhost:5260/MenuSubs/getbymenu?menuid=47d3aedf-1758-43c6-92b3-cca178fcaba4 - - -


2024-09-07 10:12:00.8508-INFO-Microsoft.AspNetCore.Routing.EndpointMiddleware-http://localhost/MenuSubs/getbymenu-GetbyMenuId:
Executing endpoint 'Xim.AppApi.Controllers.MenuSubController.GetbyMenuIdAsync (Xim.AppApi)'


2024-09-07 10:12:00.9190-INFO-Microsoft.AspNetCore.Mvc.Infrastructure.ControllerActionInvoker-http://localhost/MenuSubs/getbymenu-GetbyMenuId:
Route matched with {action = "GetbyMenuId", controller = "MenuSub"}. Executing controller action with signature System.Threading.Tasks.Task`1[Microsoft.AspNetCore.Mvc.IActionResult] GetbyMenuIdAsync(System.Guid) on controller Xim.AppApi.Controllers.MenuSubController (Xim.AppApi).


2024-09-07 10:12:05.3241-INFO-Microsoft.AspNetCore.Mvc.Infrastructure.ObjectResultExecutor-http://localhost/MenuSubs/getbymenu-GetbyMenuId:
Executing OkObjectResult, writing value of type 'System.Collections.Generic.List`1[[Xim.Application.Contracts.MenuSub.MenuSubDtoView, Xim.Application.Contracts, Version=1.0.0.0, Culture=neutral, PublicKeyToken=null]]'.


2024-09-07 10:12:05.3794-INFO-Microsoft.AspNetCore.Mvc.Infrastructure.ControllerActionInvoker-http://localhost/MenuSubs/getbymenu-GetbyMenuId:
Executed action Xim.AppApi.Controllers.MenuSubController.GetbyMenuIdAsync (Xim.AppApi) in 4447.287ms


2024-09-07 10:12:05.3794-INFO-Microsoft.AspNetCore.Routing.EndpointMiddleware-http://localhost/MenuSubs/getbymenu-GetbyMenuId:
Executed endpoint 'Xim.AppApi.Controllers.MenuSubController.GetbyMenuIdAsync (Xim.AppApi)'


2024-09-07 10:12:05.3794-INFO-Microsoft.AspNetCore.Hosting.Diagnostics-http://localhost/MenuSubs/getbymenu-GetbyMenuId:
Request finished HTTP/1.1 GET http://localhost:5260/MenuSubs/getbymenu?menuid=47d3aedf-1758-43c6-92b3-cca178fcaba4 - 200 264 application/json;+charset=utf-8 5512.1543ms


2024-09-07 10:12:28.3084-INFO-Microsoft.AspNetCore.Hosting.Diagnostics-http://localhost/MenuSubs/47d3aedf-1758-43c6-92b3-cca178fcaba4-:
Request starting HTTP/1.1 GET http://localhost:5260/MenuSubs/47d3aedf-1758-43c6-92b3-cca178fcaba4 - - -


2024-09-07 10:12:28.3267-INFO-Microsoft.AspNetCore.Routing.EndpointMiddleware-http://localhost/MenuSubs/47d3aedf-1758-43c6-92b3-cca178fcaba4-Get:
Executing endpoint 'Xim.AppApi.Controllers.MenuSubController.GetAsync (Xim.AppApi)'


2024-09-07 10:12:28.3392-INFO-Microsoft.AspNetCore.Mvc.Infrastructure.ControllerActionInvoker-http://localhost/MenuSubs/47d3aedf-1758-43c6-92b3-cca178fcaba4-Get:
Route matched with {action = "Get", controller = "MenuSub"}. Executing controller action with signature System.Threading.Tasks.Task`1[Microsoft.AspNetCore.Mvc.IActionResult] GetAsync(System.Guid) on controller Xim.AppApi.Controllers.MenuSubController (Xim.AppApi).


2024-09-07 10:12:28.3711-INFO-Microsoft.AspNetCore.Mvc.Infrastructure.ObjectResultExecutor-http://localhost/MenuSubs/47d3aedf-1758-43c6-92b3-cca178fcaba4-Get:
Executing OkObjectResult, writing value of type 'null'.


2024-09-07 10:12:28.3856-INFO-Microsoft.AspNetCore.Mvc.Infrastructure.ControllerActionInvoker-http://localhost/MenuSubs/47d3aedf-1758-43c6-92b3-cca178fcaba4-Get:
Executed action Xim.AppApi.Controllers.MenuSubController.GetAsync (Xim.AppApi) in 33.7324ms


2024-09-07 10:12:28.3856-INFO-Microsoft.AspNetCore.Routing.EndpointMiddleware-http://localhost/MenuSubs/47d3aedf-1758-43c6-92b3-cca178fcaba4-Get:
Executed endpoint 'Xim.AppApi.Controllers.MenuSubController.GetAsync (Xim.AppApi)'


2024-09-07 10:12:28.3856-INFO-Microsoft.AspNetCore.Hosting.Diagnostics-http://localhost/MenuSubs/47d3aedf-1758-43c6-92b3-cca178fcaba4-Get:
Request finished HTTP/1.1 GET http://localhost:5260/MenuSubs/47d3aedf-1758-43c6-92b3-cca178fcaba4 - 204 - - 77.5727ms


2024-09-07 10:20:01.7131-INFO-Microsoft.AspNetCore.Hosting.Diagnostics-http://localhost/Capbacs/filter-:
Request starting HTTP/1.1 POST http://localhost:5260/Capbacs/filter - application/json-patch+json 93


2024-09-07 10:20:01.7465-INFO-Microsoft.AspNetCore.Cors.Infrastructure.CorsService-http://localhost/Capbacs/filter-GetList:
CORS policy execution successful.


2024-09-07 10:20:01.7632-INFO-Microsoft.AspNetCore.Authorization.DefaultAuthorizationService-http://localhost/Capbacs/filter-GetList:
Authorization failed. These requirements were not met:
DenyAnonymousAuthorizationRequirement: Requires an authenticated user.


2024-09-07 10:20:01.7762-INFO-Microsoft.AspNetCore.Authentication.JwtBearer.JwtBearerHandler-http://localhost/Capbacs/filter-GetList:
AuthenticationScheme: Bearer was challenged.


2024-09-07 10:20:01.7762-INFO-Microsoft.AspNetCore.Hosting.Diagnostics-http://localhost/Capbacs/filter-GetList:
Request finished HTTP/1.1 POST http://localhost:5260/Capbacs/filter - 401 0 - 59.9109ms


2024-09-07 10:20:11.8206-INFO-Microsoft.AspNetCore.Hosting.Diagnostics-http://localhost/Donvis/filter-:
Request starting HTTP/1.1 POST http://localhost:5260/Donvis/filter - application/json-patch+json 93


2024-09-07 10:20:11.8206-INFO-Microsoft.AspNetCore.Cors.Infrastructure.CorsService-http://localhost/Donvis/filter-GetList:
CORS policy execution successful.


2024-09-07 10:20:11.8206-INFO-Microsoft.AspNetCore.Routing.EndpointMiddleware-http://localhost/Donvis/filter-GetList:
Executing endpoint 'Xim.AppApi.Controllers.DonviController.GetListAsync (Xim.AppApi)'


2024-09-07 10:20:11.8267-INFO-Microsoft.AspNetCore.Mvc.Infrastructure.ControllerActionInvoker-http://localhost/Donvis/filter-GetList:
Route matched with {action = "GetList", controller = "Donvi"}. Executing controller action with signature System.Threading.Tasks.Task`1[Microsoft.AspNetCore.Mvc.IActionResult] GetListAsync(Xim.Domain.Pagings.PagingParam) on controller Xim.AppApi.Controllers.DonviController (Xim.AppApi).


2024-09-07 10:20:12.3571-INFO-Microsoft.AspNetCore.Mvc.Infrastructure.ObjectResultExecutor-http://localhost/Donvis/filter-GetList:
Executing ObjectResult, writing value of type 'System.String'.


2024-09-07 10:20:12.3571-INFO-Microsoft.AspNetCore.Mvc.Infrastructure.ControllerActionInvoker-http://localhost/Donvis/filter-GetList:
Executed action Xim.AppApi.Controllers.DonviController.GetListAsync (Xim.AppApi) in 535.3547ms


2024-09-07 10:20:12.3571-INFO-Microsoft.AspNetCore.Routing.EndpointMiddleware-http://localhost/Donvis/filter-GetList:
Executed endpoint 'Xim.AppApi.Controllers.DonviController.GetListAsync (Xim.AppApi)'


2024-09-07 10:20:12.3571-INFO-Microsoft.AspNetCore.Hosting.Diagnostics-http://localhost/Donvis/filter-GetList:
Request finished HTTP/1.1 POST http://localhost:5260/Donvis/filter - 500 - text/plain;+charset=utf-8 544.8371ms


2024-09-07 10:20:28.2229-INFO-Microsoft.AspNetCore.Hosting.Diagnostics-http://localhost/Menus/filter-:
Request starting HTTP/1.1 POST http://localhost:5260/Menus/filter - application/json-patch+json 93


2024-09-07 10:20:28.2229-INFO-Microsoft.AspNetCore.Cors.Infrastructure.CorsService-http://localhost/Menus/filter-GetList:
CORS policy execution successful.


2024-09-07 10:20:28.2229-INFO-Microsoft.AspNetCore.Routing.EndpointMiddleware-http://localhost/Menus/filter-GetList:
Executing endpoint 'Xim.AppApi.Controllers.MenuController.GetListAsync (Xim.AppApi)'


2024-09-07 10:20:28.2229-INFO-Microsoft.AspNetCore.Mvc.Infrastructure.ControllerActionInvoker-http://localhost/Menus/filter-GetList:
Route matched with {action = "GetList", controller = "Menu"}. Executing controller action with signature System.Threading.Tasks.Task`1[Microsoft.AspNetCore.Mvc.IActionResult] GetListAsync(Xim.Domain.Pagings.PagingParam) on controller Xim.AppApi.Controllers.MenuController (Xim.AppApi).


2024-09-07 10:20:28.3885-INFO-Microsoft.AspNetCore.Mvc.Infrastructure.ObjectResultExecutor-http://localhost/Menus/filter-GetList:
Executing ObjectResult, writing value of type 'System.String'.


2024-09-07 10:20:28.3885-INFO-Microsoft.AspNetCore.Mvc.Infrastructure.ControllerActionInvoker-http://localhost/Menus/filter-GetList:
Executed action Xim.AppApi.Controllers.MenuController.GetListAsync (Xim.AppApi) in 166.3373ms


2024-09-07 10:20:28.3885-INFO-Microsoft.AspNetCore.Routing.EndpointMiddleware-http://localhost/Menus/filter-GetList:
Executed endpoint 'Xim.AppApi.Controllers.MenuController.GetListAsync (Xim.AppApi)'


2024-09-07 10:20:28.3885-INFO-Microsoft.AspNetCore.Hosting.Diagnostics-http://localhost/Menus/filter-GetList:
Request finished HTTP/1.1 POST http://localhost:5260/Menus/filter - 500 - text/plain;+charset=utf-8 172.0837ms


2024-09-07 10:20:46.0436-INFO-Microsoft.AspNetCore.Hosting.Diagnostics-http://localhost/MenuSubs/filter-:
Request starting HTTP/1.1 POST http://localhost:5260/MenuSubs/filter - application/json-patch+json 93


2024-09-07 10:20:46.0436-INFO-Microsoft.AspNetCore.Cors.Infrastructure.CorsService-http://localhost/MenuSubs/filter-GetList:
CORS policy execution successful.


2024-09-07 10:20:46.0436-INFO-Microsoft.AspNetCore.Routing.EndpointMiddleware-http://localhost/MenuSubs/filter-GetList:
Executing endpoint 'Xim.AppApi.Controllers.MenuSubController.GetListAsync (Xim.AppApi)'


2024-09-07 10:20:46.0436-INFO-Microsoft.AspNetCore.Mvc.Infrastructure.ControllerActionInvoker-http://localhost/MenuSubs/filter-GetList:
Route matched with {action = "GetList", controller = "MenuSub"}. Executing controller action with signature System.Threading.Tasks.Task`1[Microsoft.AspNetCore.Mvc.IActionResult] GetListAsync(Xim.Domain.Pagings.PagingParam) on controller Xim.AppApi.Controllers.MenuSubController (Xim.AppApi).


2024-09-07 10:20:46.2310-INFO-Microsoft.AspNetCore.Mvc.Infrastructure.ObjectResultExecutor-http://localhost/MenuSubs/filter-GetList:
Executing ObjectResult, writing value of type 'System.String'.


2024-09-07 10:20:46.2310-INFO-Microsoft.AspNetCore.Mvc.Infrastructure.ControllerActionInvoker-http://localhost/MenuSubs/filter-GetList:
Executed action Xim.AppApi.Controllers.MenuSubController.GetListAsync (Xim.AppApi) in 188.0836ms


2024-09-07 10:20:46.2310-INFO-Microsoft.AspNetCore.Routing.EndpointMiddleware-http://localhost/MenuSubs/filter-GetList:
Executed endpoint 'Xim.AppApi.Controllers.MenuSubController.GetListAsync (Xim.AppApi)'


2024-09-07 10:20:46.2310-INFO-Microsoft.AspNetCore.Hosting.Diagnostics-http://localhost/MenuSubs/filter-GetList:
Request finished HTTP/1.1 POST http://localhost:5260/MenuSubs/filter - 500 - text/plain;+charset=utf-8 192.6372ms


2024-09-07 10:21:13.2835-INFO-Microsoft.AspNetCore.Hosting.Diagnostics-http://localhost/MenuSubs/filter-:
Request starting HTTP/1.1 POST http://localhost:5260/MenuSubs/filter - application/json-patch+json 93


2024-09-07 10:21:13.2921-INFO-Microsoft.AspNetCore.Cors.Infrastructure.CorsService-http://localhost/MenuSubs/filter-GetList:
CORS policy execution successful.


2024-09-07 10:21:13.2921-INFO-Microsoft.AspNetCore.Routing.EndpointMiddleware-http://localhost/MenuSubs/filter-GetList:
Executing endpoint 'Xim.AppApi.Controllers.MenuSubController.GetListAsync (Xim.AppApi)'


2024-09-07 10:21:13.3068-INFO-Microsoft.AspNetCore.Mvc.Infrastructure.ControllerActionInvoker-http://localhost/MenuSubs/filter-GetList:
Route matched with {action = "GetList", controller = "MenuSub"}. Executing controller action with signature System.Threading.Tasks.Task`1[Microsoft.AspNetCore.Mvc.IActionResult] GetListAsync(Xim.Domain.Pagings.PagingParam) on controller Xim.AppApi.Controllers.MenuSubController (Xim.AppApi).


2024-09-07 10:23:11.0785-INFO-Microsoft.AspNetCore.DataProtection.KeyManagement.XmlKeyManager--:
User profile is available. Using 'C:\Users\Van Laptop\AppData\Local\ASP.NET\DataProtection-Keys' as key repository and Windows DPAPI to encrypt keys at rest.


2024-09-07 10:23:11.3240-INFO-Microsoft.Hosting.Lifetime--:
Now listening on: http://localhost:5260


2024-09-07 10:23:11.3240-INFO-Microsoft.Hosting.Lifetime--:
Application started. Press Ctrl+C to shut down.


2024-09-07 10:23:11.3240-INFO-Microsoft.Hosting.Lifetime--:
Hosting environment: Development


2024-09-07 10:23:11.3240-INFO-Microsoft.Hosting.Lifetime--:
Content root path: D:\Code\Cong TT\CodeCong_PTN\Api\Xim.AppApi


2024-09-07 10:23:12.5423-INFO-Microsoft.AspNetCore.Hosting.Diagnostics-http://localhost/swagger/index.html-:
Request starting HTTP/1.1 GET http://localhost:5260/swagger/index.html - - -


2024-09-07 10:23:12.7220-INFO-Microsoft.AspNetCore.Hosting.Diagnostics-http://localhost/swagger/index.html-:
Request finished HTTP/1.1 GET http://localhost:5260/swagger/index.html - 200 - text/html;charset=utf-8 191.1671ms


2024-09-07 10:23:12.8974-INFO-Microsoft.AspNetCore.Hosting.Diagnostics-http://localhost/swagger/v1/swagger.json-:
Request starting HTTP/1.1 GET http://localhost:5260/swagger/v1/swagger.json - - -


2024-09-07 10:23:13.1222-INFO-Microsoft.AspNetCore.Hosting.Diagnostics-http://localhost/swagger/v1/swagger.json-:
Request finished HTTP/1.1 GET http://localhost:5260/swagger/v1/swagger.json - 200 - application/json;charset=utf-8 224.8724ms


2024-09-07 10:23:23.5964-INFO-Microsoft.AspNetCore.Hosting.Diagnostics-http://localhost/MenuSubs/filter-:
Request starting HTTP/1.1 POST http://localhost:5260/MenuSubs/filter - application/json-patch+json 93


2024-09-07 10:23:23.6042-INFO-Microsoft.AspNetCore.Cors.Infrastructure.CorsService-http://localhost/MenuSubs/filter-GetList:
CORS policy execution successful.


2024-09-07 10:23:24.5386-INFO-Microsoft.AspNetCore.Routing.EndpointMiddleware-http://localhost/MenuSubs/filter-GetList:
Executing endpoint 'Xim.AppApi.Controllers.MenuSubController.GetListAsync (Xim.AppApi)'


2024-09-07 10:23:24.5951-INFO-Microsoft.AspNetCore.Mvc.Infrastructure.ControllerActionInvoker-http://localhost/MenuSubs/filter-GetList:
Route matched with {action = "GetList", controller = "MenuSub"}. Executing controller action with signature System.Threading.Tasks.Task`1[Microsoft.AspNetCore.Mvc.IActionResult] GetListAsync(Xim.Domain.Pagings.PagingParam) on controller Xim.AppApi.Controllers.MenuSubController (Xim.AppApi).


2024-09-07 10:23:32.1077-INFO-Microsoft.AspNetCore.Mvc.Infrastructure.ObjectResultExecutor-http://localhost/MenuSubs/filter-GetList:
Executing ObjectResult, writing value of type 'System.String'.


2024-09-07 10:23:32.1220-INFO-Microsoft.AspNetCore.Mvc.Infrastructure.ControllerActionInvoker-http://localhost/MenuSubs/filter-GetList:
Executed action Xim.AppApi.Controllers.MenuSubController.GetListAsync (Xim.AppApi) in 7521.6392ms


2024-09-07 10:23:32.1220-INFO-Microsoft.AspNetCore.Routing.EndpointMiddleware-http://localhost/MenuSubs/filter-GetList:
Executed endpoint 'Xim.AppApi.Controllers.MenuSubController.GetListAsync (Xim.AppApi)'


2024-09-07 10:23:32.1220-INFO-Microsoft.AspNetCore.Hosting.Diagnostics-http://localhost/MenuSubs/filter-GetList:
Request finished HTTP/1.1 POST http://localhost:5260/MenuSubs/filter - 500 - text/plain;+charset=utf-8 8536.2221ms


2024-09-07 10:23:47.7821-INFO-Microsoft.AspNetCore.Hosting.Diagnostics-http://localhost/MenuSubs/filter-:
Request starting HTTP/1.1 POST http://localhost:5260/MenuSubs/filter - application/json-patch+json 93


2024-09-07 10:23:47.7821-INFO-Microsoft.AspNetCore.Cors.Infrastructure.CorsService-http://localhost/MenuSubs/filter-GetList:
CORS policy execution successful.


2024-09-07 10:23:47.7821-INFO-Microsoft.AspNetCore.Routing.EndpointMiddleware-http://localhost/MenuSubs/filter-GetList:
Executing endpoint 'Xim.AppApi.Controllers.MenuSubController.GetListAsync (Xim.AppApi)'


2024-09-07 10:23:47.7821-INFO-Microsoft.AspNetCore.Mvc.Infrastructure.ControllerActionInvoker-http://localhost/MenuSubs/filter-GetList:
Route matched with {action = "GetList", controller = "MenuSub"}. Executing controller action with signature System.Threading.Tasks.Task`1[Microsoft.AspNetCore.Mvc.IActionResult] GetListAsync(Xim.Domain.Pagings.PagingParam) on controller Xim.AppApi.Controllers.MenuSubController (Xim.AppApi).


2024-09-07 10:24:12.5669-INFO-Microsoft.AspNetCore.Mvc.Infrastructure.ObjectResultExecutor-http://localhost/MenuSubs/filter-GetList:
Executing ObjectResult, writing value of type 'System.String'.


2024-09-07 10:24:12.5669-INFO-Microsoft.AspNetCore.Mvc.Infrastructure.ControllerActionInvoker-http://localhost/MenuSubs/filter-GetList:
Executed action Xim.AppApi.Controllers.MenuSubController.GetListAsync (Xim.AppApi) in 24783.8408ms


2024-09-07 10:24:12.5669-INFO-Microsoft.AspNetCore.Routing.EndpointMiddleware-http://localhost/MenuSubs/filter-GetList:
Executed endpoint 'Xim.AppApi.Controllers.MenuSubController.GetListAsync (Xim.AppApi)'


2024-09-07 10:24:12.5669-INFO-Microsoft.AspNetCore.Hosting.Diagnostics-http://localhost/MenuSubs/filter-GetList:
Request finished HTTP/1.1 POST http://localhost:5260/MenuSubs/filter - 500 - text/plain;+charset=utf-8 24788.9052ms


2024-09-07 10:24:16.2901-INFO-Microsoft.AspNetCore.Hosting.Diagnostics-http://localhost/MenuSubs/filter-:
Request starting HTTP/1.1 POST http://localhost:5260/MenuSubs/filter - application/json-patch+json 93


2024-09-07 10:24:16.2911-INFO-Microsoft.AspNetCore.Cors.Infrastructure.CorsService-http://localhost/MenuSubs/filter-GetList:
CORS policy execution successful.


2024-09-07 10:24:16.2911-INFO-Microsoft.AspNetCore.Routing.EndpointMiddleware-http://localhost/MenuSubs/filter-GetList:
Executing endpoint 'Xim.AppApi.Controllers.MenuSubController.GetListAsync (Xim.AppApi)'


2024-09-07 10:24:16.2911-INFO-Microsoft.AspNetCore.Mvc.Infrastructure.ControllerActionInvoker-http://localhost/MenuSubs/filter-GetList:
Route matched with {action = "GetList", controller = "MenuSub"}. Executing controller action with signature System.Threading.Tasks.Task`1[Microsoft.AspNetCore.Mvc.IActionResult] GetListAsync(Xim.Domain.Pagings.PagingParam) on controller Xim.AppApi.Controllers.MenuSubController (Xim.AppApi).


2024-09-07 10:24:41.3712-INFO-Microsoft.AspNetCore.Mvc.Infrastructure.ObjectResultExecutor-http://localhost/MenuSubs/filter-GetList:
Executing ObjectResult, writing value of type 'System.String'.


2024-09-07 10:24:41.3712-INFO-Microsoft.AspNetCore.Mvc.Infrastructure.ControllerActionInvoker-http://localhost/MenuSubs/filter-GetList:
Executed action Xim.AppApi.Controllers.MenuSubController.GetListAsync (Xim.AppApi) in 25080.0913ms


2024-09-07 10:24:41.3712-INFO-Microsoft.AspNetCore.Routing.EndpointMiddleware-http://localhost/MenuSubs/filter-GetList:
Executed endpoint 'Xim.AppApi.Controllers.MenuSubController.GetListAsync (Xim.AppApi)'


2024-09-07 10:24:41.3712-INFO-Microsoft.AspNetCore.Hosting.Diagnostics-http://localhost/MenuSubs/filter-GetList:
Request finished HTTP/1.1 POST http://localhost:5260/MenuSubs/filter - 500 - text/plain;+charset=utf-8 25090.9193ms


2024-09-07 10:24:54.3966-INFO-Microsoft.AspNetCore.Hosting.Diagnostics-http://localhost/MenuSubs/filter-:
Request starting HTTP/1.1 POST http://localhost:5260/MenuSubs/filter - application/json-patch+json 75


2024-09-07 10:24:54.3966-INFO-Microsoft.AspNetCore.Cors.Infrastructure.CorsService-http://localhost/MenuSubs/filter-GetList:
CORS policy execution successful.


2024-09-07 10:24:54.3966-INFO-Microsoft.AspNetCore.Routing.EndpointMiddleware-http://localhost/MenuSubs/filter-GetList:
Executing endpoint 'Xim.AppApi.Controllers.MenuSubController.GetListAsync (Xim.AppApi)'


2024-09-07 10:24:54.3966-INFO-Microsoft.AspNetCore.Mvc.Infrastructure.ControllerActionInvoker-http://localhost/MenuSubs/filter-GetList:
Route matched with {action = "GetList", controller = "MenuSub"}. Executing controller action with signature System.Threading.Tasks.Task`1[Microsoft.AspNetCore.Mvc.IActionResult] GetListAsync(Xim.Domain.Pagings.PagingParam) on controller Xim.AppApi.Controllers.MenuSubController (Xim.AppApi).


2024-09-07 10:25:00.0735-INFO-Microsoft.AspNetCore.Mvc.Infrastructure.ObjectResultExecutor-http://localhost/MenuSubs/filter-GetList:
Executing OkObjectResult, writing value of type 'Xim.Domain.Pagings.PagingData'.


2024-09-07 10:25:00.1237-INFO-Microsoft.AspNetCore.Mvc.Infrastructure.ControllerActionInvoker-http://localhost/MenuSubs/filter-GetList:
Executed action Xim.AppApi.Controllers.MenuSubController.GetListAsync (Xim.AppApi) in 5724.4477ms


2024-09-07 10:25:00.1237-INFO-Microsoft.AspNetCore.Routing.EndpointMiddleware-http://localhost/MenuSubs/filter-GetList:
Executed endpoint 'Xim.AppApi.Controllers.MenuSubController.GetListAsync (Xim.AppApi)'


2024-09-07 10:25:00.1237-INFO-Microsoft.AspNetCore.Hosting.Diagnostics-http://localhost/MenuSubs/filter-GetList:
Request finished HTTP/1.1 POST http://localhost:5260/MenuSubs/filter - 200 579 application/json;+charset=utf-8 5733.3352ms


2024-09-07 11:21:35.4575-INFO-Microsoft.AspNetCore.DataProtection.KeyManagement.XmlKeyManager--:
User profile is available. Using 'C:\Users\Van Laptop\AppData\Local\ASP.NET\DataProtection-Keys' as key repository and Windows DPAPI to encrypt keys at rest.


2024-09-07 11:21:35.6102-INFO-Microsoft.Hosting.Lifetime--:
Now listening on: http://localhost:5260


2024-09-07 11:21:35.6102-INFO-Microsoft.Hosting.Lifetime--:
Application started. Press Ctrl+C to shut down.


2024-09-07 11:21:35.6102-INFO-Microsoft.Hosting.Lifetime--:
Hosting environment: Development


2024-09-07 11:21:35.6102-INFO-Microsoft.Hosting.Lifetime--:
Content root path: D:\Code\Cong TT\CodeCong_PTN\Api\Xim.AppApi


2024-09-07 11:21:36.6864-INFO-Microsoft.AspNetCore.Hosting.Diagnostics-http://localhost/swagger/index.html-:
Request starting HTTP/1.1 GET http://localhost:5260/swagger/index.html - - -


2024-09-07 11:21:36.8350-INFO-Microsoft.AspNetCore.Hosting.Diagnostics-http://localhost/swagger/index.html-:
Request finished HTTP/1.1 GET http://localhost:5260/swagger/index.html - 200 - text/html;charset=utf-8 148.6148ms


2024-09-07 11:21:36.9565-INFO-Microsoft.AspNetCore.Hosting.Diagnostics-http://localhost/swagger/v1/swagger.json-:
Request starting HTTP/1.1 GET http://localhost:5260/swagger/v1/swagger.json - - -


2024-09-07 11:21:37.0632-INFO-Microsoft.AspNetCore.Hosting.Diagnostics-http://localhost/swagger/v1/swagger.json-:
Request finished HTTP/1.1 GET http://localhost:5260/swagger/v1/swagger.json - 200 - application/json;charset=utf-8 107.1674ms


2024-09-07 11:21:49.3851-INFO-Microsoft.AspNetCore.Hosting.Diagnostics-http://localhost/Menus/topMenu-:
Request starting HTTP/1.1 GET http://localhost:5260/Menus/topMenu - - -


2024-09-07 11:21:49.6945-INFO-Microsoft.AspNetCore.Routing.EndpointMiddleware-http://localhost/Menus/topMenu-GettopMenu:
Executing endpoint 'Xim.AppApi.Controllers.MenuController.GettopMenuAsync (Xim.AppApi)'


2024-09-07 11:21:49.6990-INFO-Microsoft.AspNetCore.Mvc.Infrastructure.ControllerActionInvoker-http://localhost/Menus/topMenu-GettopMenu:
Route matched with {action = "GettopMenu", controller = "Menu"}. Executing controller action with signature System.Threading.Tasks.Task`1[Microsoft.AspNetCore.Mvc.IActionResult] GettopMenuAsync() on controller Xim.AppApi.Controllers.MenuController (Xim.AppApi).


2024-09-07 11:21:49.9357-INFO-Microsoft.AspNetCore.Mvc.Infrastructure.ObjectResultExecutor-http://localhost/Menus/topMenu-GettopMenu:
Executing OkObjectResult, writing value of type 'System.Collections.Generic.List`1[[Xim.Domain.Repos.MenuWithSubMenu, Xim.Domain, Version=1.0.0.0, Culture=neutral, PublicKeyToken=null]]'.


2024-09-07 11:21:49.9692-INFO-Microsoft.AspNetCore.Mvc.Infrastructure.ControllerActionInvoker-http://localhost/Menus/topMenu-GettopMenu:
Executed action Xim.AppApi.Controllers.MenuController.GettopMenuAsync (Xim.AppApi) in 248.0726ms


2024-09-07 11:21:49.9692-INFO-Microsoft.AspNetCore.Routing.EndpointMiddleware-http://localhost/Menus/topMenu-GettopMenu:
Executed endpoint 'Xim.AppApi.Controllers.MenuController.GettopMenuAsync (Xim.AppApi)'


2024-09-07 11:21:49.9692-INFO-Microsoft.AspNetCore.Hosting.Diagnostics-http://localhost/Menus/topMenu-GettopMenu:
Request finished HTTP/1.1 GET http://localhost:5260/Menus/topMenu - 200 224 application/json;+charset=utf-8 585.8073ms


2024-09-07 11:22:26.9555-INFO-Microsoft.AspNetCore.Hosting.Diagnostics-http://localhost/Menus/topMenu-:
Request starting HTTP/1.1 GET http://localhost:5260/Menus/topMenu - - -


2024-09-07 11:22:26.9666-INFO-Microsoft.AspNetCore.Routing.EndpointMiddleware-http://localhost/Menus/topMenu-GettopMenu:
Executing endpoint 'Xim.AppApi.Controllers.MenuController.GettopMenuAsync (Xim.AppApi)'


2024-09-07 11:22:26.9666-INFO-Microsoft.AspNetCore.Mvc.Infrastructure.ControllerActionInvoker-http://localhost/Menus/topMenu-GettopMenu:
Route matched with {action = "GettopMenu", controller = "Menu"}. Executing controller action with signature System.Threading.Tasks.Task`1[Microsoft.AspNetCore.Mvc.IActionResult] GettopMenuAsync() on controller Xim.AppApi.Controllers.MenuController (Xim.AppApi).


2024-09-07 11:22:26.9869-INFO-Microsoft.AspNetCore.Mvc.Infrastructure.ObjectResultExecutor-http://localhost/Menus/topMenu-GettopMenu:
Executing OkObjectResult, writing value of type 'System.Collections.Generic.List`1[[Xim.Domain.Repos.MenuWithSubMenu, Xim.Domain, Version=1.0.0.0, Culture=neutral, PublicKeyToken=null]]'.


2024-09-07 11:22:26.9869-INFO-Microsoft.AspNetCore.Mvc.Infrastructure.ControllerActionInvoker-http://localhost/Menus/topMenu-GettopMenu:
Executed action Xim.AppApi.Controllers.MenuController.GettopMenuAsync (Xim.AppApi) in 19.9517ms


2024-09-07 11:22:26.9869-INFO-Microsoft.AspNetCore.Routing.EndpointMiddleware-http://localhost/Menus/topMenu-GettopMenu:
Executed endpoint 'Xim.AppApi.Controllers.MenuController.GettopMenuAsync (Xim.AppApi)'


2024-09-07 11:22:26.9869-INFO-Microsoft.AspNetCore.Hosting.Diagnostics-http://localhost/Menus/topMenu-GettopMenu:
Request finished HTTP/1.1 GET http://localhost:5260/Menus/topMenu - 200 905 application/json;+charset=utf-8 39.8761ms


2024-09-07 11:23:17.2753-INFO-Microsoft.AspNetCore.Hosting.Diagnostics-http://localhost/Menus/topMenu-:
Request starting HTTP/1.1 GET http://localhost:5260/Menus/topMenu - - -


2024-09-07 11:23:17.2880-INFO-Microsoft.AspNetCore.Routing.EndpointMiddleware-http://localhost/Menus/topMenu-GettopMenu:
Executing endpoint 'Xim.AppApi.Controllers.MenuController.GettopMenuAsync (Xim.AppApi)'


2024-09-07 11:23:17.2880-INFO-Microsoft.AspNetCore.Mvc.Infrastructure.ControllerActionInvoker-http://localhost/Menus/topMenu-GettopMenu:
Route matched with {action = "GettopMenu", controller = "Menu"}. Executing controller action with signature System.Threading.Tasks.Task`1[Microsoft.AspNetCore.Mvc.IActionResult] GettopMenuAsync() on controller Xim.AppApi.Controllers.MenuController (Xim.AppApi).


2024-09-07 11:23:17.2986-INFO-Microsoft.AspNetCore.Mvc.Infrastructure.ObjectResultExecutor-http://localhost/Menus/topMenu-GettopMenu:
Executing OkObjectResult, writing value of type 'System.Collections.Generic.List`1[[Xim.Domain.Repos.MenuWithSubMenu, Xim.Domain, Version=1.0.0.0, Culture=neutral, PublicKeyToken=null]]'.


2024-09-07 11:23:17.3172-INFO-Microsoft.AspNetCore.Mvc.Infrastructure.ControllerActionInvoker-http://localhost/Menus/topMenu-GettopMenu:
Executed action Xim.AppApi.Controllers.MenuController.GettopMenuAsync (Xim.AppApi) in 21.9719ms


2024-09-07 11:23:17.3172-INFO-Microsoft.AspNetCore.Routing.EndpointMiddleware-http://localhost/Menus/topMenu-GettopMenu:
Executed endpoint 'Xim.AppApi.Controllers.MenuController.GettopMenuAsync (Xim.AppApi)'


2024-09-07 11:23:17.3172-INFO-Microsoft.AspNetCore.Hosting.Diagnostics-http://localhost/Menus/topMenu-GettopMenu:
Request finished HTTP/1.1 GET http://localhost:5260/Menus/topMenu - 200 1417 application/json;+charset=utf-8 45.5547ms


