2024-11-12 08:12:14.7665-INFO-Microsoft.AspNetCore.DataProtection.KeyManagement.XmlKeyManager--:
User profile is available. Using 'C:\Users\Van Laptop\AppData\Local\ASP.NET\DataProtection-Keys' as key repository and Windows DPAPI to encrypt keys at rest.


2024-11-12 08:12:15.1043-INFO-Microsoft.Hosting.Lifetime--:
Now listening on: http://localhost:5260


2024-11-12 08:12:15.1043-INFO-Microsoft.Hosting.Lifetime--:
Application started. Press Ctrl+C to shut down.


2024-11-12 08:12:15.1043-INFO-Microsoft.Hosting.Lifetime--:
Hosting environment: Development


2024-11-12 08:12:15.1043-INFO-Microsoft.Hosting.Lifetime--:
Content root path: D:\Code\Cong TT\CodeBECong\Api\Xim.AppApi


2024-11-12 08:12:17.4388-INFO-Microsoft.AspNetCore.Hosting.Diagnostics-http://localhost/swagger/index.html-:
Request starting HTTP/1.1 GET http://localhost:5260/swagger/index.html - - -


2024-11-12 08:12:17.6959-INFO-Microsoft.AspNetCore.Hosting.Diagnostics-http://localhost/swagger/index.html-:
Request finished HTTP/1.1 GET http://localhost:5260/swagger/index.html - 200 - text/html;charset=utf-8 292.7940ms


2024-11-12 08:12:17.6959-INFO-Microsoft.AspNetCore.Hosting.Diagnostics-http://localhost/swagger/swagger-ui-bundle.js-:
Request starting HTTP/1.1 GET http://localhost:5260/swagger/swagger-ui-bundle.js - - -


2024-11-12 08:12:17.6959-INFO-Microsoft.AspNetCore.Hosting.Diagnostics-http://localhost/swagger/swagger-ui-standalone-preset.js-:
Request starting HTTP/1.1 GET http://localhost:5260/swagger/swagger-ui-standalone-preset.js - - -


2024-11-12 08:12:17.7121-INFO-Microsoft.AspNetCore.Hosting.Diagnostics-http://localhost/swagger/swagger-ui.css-:
Request starting HTTP/1.1 GET http://localhost:5260/swagger/swagger-ui.css - - -


2024-11-12 08:12:17.7437-INFO-Microsoft.AspNetCore.StaticFiles.StaticFileMiddleware-http://localhost/swagger/swagger-ui-bundle.js-:
The file /swagger-ui-bundle.js was not modified


2024-11-12 08:12:17.7437-INFO-Microsoft.AspNetCore.StaticFiles.StaticFileMiddleware-http://localhost/swagger/swagger-ui-standalone-preset.js-:
The file /swagger-ui-standalone-preset.js was not modified


2024-11-12 08:12:17.7437-INFO-Microsoft.AspNetCore.StaticFiles.StaticFileMiddleware-http://localhost/swagger/swagger-ui.css-:
The file /swagger-ui.css was not modified


2024-11-12 08:12:17.7437-INFO-Microsoft.AspNetCore.Hosting.Diagnostics-http://localhost/swagger/swagger-ui.css-:
Request finished HTTP/1.1 GET http://localhost:5260/swagger/swagger-ui.css - 304 - text/css 41.0040ms


2024-11-12 08:12:17.7437-INFO-Microsoft.AspNetCore.Hosting.Diagnostics-http://localhost/swagger/swagger-ui-bundle.js-:
Request finished HTTP/1.1 GET http://localhost:5260/swagger/swagger-ui-bundle.js - 304 - text/javascript 47.4066ms


2024-11-12 08:12:17.7437-INFO-Microsoft.AspNetCore.Hosting.Diagnostics-http://localhost/swagger/swagger-ui-standalone-preset.js-:
Request finished HTTP/1.1 GET http://localhost:5260/swagger/swagger-ui-standalone-preset.js - 304 - text/javascript 45.3592ms


2024-11-12 08:12:18.0781-INFO-Microsoft.AspNetCore.Hosting.Diagnostics-http://localhost/swagger/v1/swagger.json-:
Request starting HTTP/1.1 GET http://localhost:5260/swagger/v1/swagger.json - - -


2024-11-12 08:12:18.3325-INFO-Microsoft.AspNetCore.Hosting.Diagnostics-http://localhost/swagger/v1/swagger.json-:
Request finished HTTP/1.1 GET http://localhost:5260/swagger/v1/swagger.json - 200 - application/json;charset=utf-8 254.9589ms


2024-11-12 08:13:35.5161-INFO-Microsoft.AspNetCore.Hosting.Diagnostics-http://localhost/Accounts/login-:
Request starting HTTP/1.1 POST http://localhost:5260/Accounts/login - application/json-patch+json 49


2024-11-12 08:13:35.5240-INFO-Microsoft.AspNetCore.Cors.Infrastructure.CorsService-http://localhost/Accounts/login-Login:
CORS policy execution successful.


2024-11-12 08:13:35.9349-INFO-Microsoft.AspNetCore.Routing.EndpointMiddleware-http://localhost/Accounts/login-Login:
Executing endpoint 'Xim.AppApi.Controllers.AccountController.LoginAsync (API)'


2024-11-12 08:13:35.9813-INFO-Microsoft.AspNetCore.Mvc.Infrastructure.ControllerActionInvoker-http://localhost/Accounts/login-Login:
Route matched with {action = "Login", controller = "Account"}. Executing controller action with signature System.Threading.Tasks.Task`1[Microsoft.AspNetCore.Mvc.IActionResult] LoginAsync(Xim.Application.Contracts.Users.UserDtoLogin) on controller Xim.AppApi.Controllers.AccountController (API).


2024-11-12 08:13:36.3676-INFO-Microsoft.AspNetCore.Mvc.Infrastructure.ObjectResultExecutor-http://localhost/Accounts/login-Login:
Executing OkObjectResult, writing value of type 'Xim.AppApi.Controllers.AccountController+JwtTokenInfo'.


2024-11-12 08:13:36.3955-INFO-Microsoft.AspNetCore.Mvc.Infrastructure.ControllerActionInvoker-http://localhost/Accounts/login-Login:
Executed action Xim.AppApi.Controllers.AccountController.LoginAsync (API) in 405.1235ms


2024-11-12 08:13:36.3955-INFO-Microsoft.AspNetCore.Routing.EndpointMiddleware-http://localhost/Accounts/login-Login:
Executed endpoint 'Xim.AppApi.Controllers.AccountController.LoginAsync (API)'


2024-11-12 08:13:36.3955-INFO-Microsoft.AspNetCore.Hosting.Diagnostics-http://localhost/Accounts/login-Login:
Request finished HTTP/1.1 POST http://localhost:5260/Accounts/login - 200 599 application/json;+charset=utf-8 880.5269ms


2024-11-12 08:18:33.8129-INFO-Microsoft.AspNetCore.Hosting.Diagnostics-http://localhost/MenuSubs/getall-:
Request starting HTTP/1.1 POST http://localhost:5260/MenuSubs/getall - application/json-patch+json 39


2024-11-12 08:18:33.8216-INFO-Microsoft.AspNetCore.Cors.Infrastructure.CorsService-http://localhost/MenuSubs/getall-GetList:
CORS policy execution successful.


2024-11-12 08:18:33.8859-INFO-Microsoft.AspNetCore.Routing.EndpointMiddleware-http://localhost/MenuSubs/getall-GetList:
Executing endpoint 'Xim.AppApi.Controllers.MenuSubController.GetListAsync (API)'


2024-11-12 08:18:33.8859-INFO-Microsoft.AspNetCore.Mvc.Infrastructure.ControllerActionInvoker-http://localhost/MenuSubs/getall-GetList:
Route matched with {action = "GetList", controller = "MenuSub"}. Executing controller action with signature System.Threading.Tasks.Task`1[Microsoft.AspNetCore.Mvc.IActionResult] GetListAsync(Xim.Domain.Pagings.paging) on controller Xim.AppApi.Controllers.MenuSubController (API).


2024-11-12 08:18:33.9749-INFO-Microsoft.AspNetCore.Mvc.Infrastructure.ObjectResultExecutor-http://localhost/MenuSubs/getall-GetList:
Executing OkObjectResult, writing value of type '<>f__AnonymousType0`5[[System.Collections.IList, System.Private.CoreLib, Version=8.0.0.0, Culture=neutral, PublicKeyToken=7cec85d7bea7798e],[System.Int32, System.Private.CoreLib, Version=8.0.0.0, Culture=neutral, PublicKeyToken=7cec85d7bea7798e],[System.Int32, System.Private.CoreLib, Version=8.0.0.0, Culture=neutral, PublicKeyToken=7cec85d7bea7798e],[System.Int32, System.Private.CoreLib, Version=8.0.0.0, Culture=neutral, PublicKeyToken=7cec85d7bea7798e],[System.Int32, System.Private.CoreLib, Version=8.0.0.0, Culture=neutral, PublicKeyToken=7cec85d7bea7798e]]'.


2024-11-12 08:18:33.9892-INFO-Microsoft.AspNetCore.Mvc.Infrastructure.ControllerActionInvoker-http://localhost/MenuSubs/getall-GetList:
Executed action Xim.AppApi.Controllers.MenuSubController.GetListAsync (API) in 96.4017ms


2024-11-12 08:18:33.9922-INFO-Microsoft.AspNetCore.Routing.EndpointMiddleware-http://localhost/MenuSubs/getall-GetList:
Executed endpoint 'Xim.AppApi.Controllers.MenuSubController.GetListAsync (API)'


2024-11-12 08:18:33.9922-INFO-Microsoft.AspNetCore.Hosting.Diagnostics-http://localhost/MenuSubs/getall-GetList:
Request finished HTTP/1.1 POST http://localhost:5260/MenuSubs/getall - 200 586 application/json;+charset=utf-8 177.8923ms


2024-11-12 08:19:36.6968-INFO-Microsoft.AspNetCore.Hosting.Diagnostics-http://localhost/Menus/GetTaiLieuByMenu-:
Request starting HTTP/1.1 POST http://localhost:5260/Menus/GetTaiLieuByMenu?idmenu=ba23525a-cb4a-4840-a91f-c2a13d50d58b - application/json-patch+json 38


2024-11-12 08:19:36.6968-INFO-Microsoft.AspNetCore.Cors.Infrastructure.CorsService-http://localhost/Menus/GetTaiLieuByMenu-GetTaiLieubyMenu:
CORS policy execution successful.


2024-11-12 08:19:36.7438-INFO-Microsoft.AspNetCore.Routing.EndpointMiddleware-http://localhost/Menus/GetTaiLieuByMenu-GetTaiLieubyMenu:
Executing endpoint 'Xim.AppApi.Controllers.MenuController.GetTaiLieubyMenuAsync (API)'


2024-11-12 08:19:36.7587-INFO-Microsoft.AspNetCore.Mvc.Infrastructure.ControllerActionInvoker-http://localhost/Menus/GetTaiLieuByMenu-GetTaiLieubyMenu:
Route matched with {action = "GetTaiLieubyMenu", controller = "Menu"}. Executing controller action with signature System.Threading.Tasks.Task`1[Microsoft.AspNetCore.Mvc.IActionResult] GetTaiLieubyMenuAsync(System.Guid, Xim.Domain.Pagings.paging) on controller Xim.AppApi.Controllers.MenuController (API).


2024-11-12 08:19:36.9952-INFO-Microsoft.AspNetCore.Mvc.Infrastructure.ObjectResultExecutor-http://localhost/Menus/GetTaiLieuByMenu-GetTaiLieubyMenu:
Executing ObjectResult, writing value of type 'System.String'.


2024-11-12 08:19:36.9952-INFO-Microsoft.AspNetCore.Mvc.Infrastructure.ControllerActionInvoker-http://localhost/Menus/GetTaiLieuByMenu-GetTaiLieubyMenu:
Executed action Xim.AppApi.Controllers.MenuController.GetTaiLieubyMenuAsync (API) in 237.3009ms


2024-11-12 08:19:36.9952-INFO-Microsoft.AspNetCore.Routing.EndpointMiddleware-http://localhost/Menus/GetTaiLieuByMenu-GetTaiLieubyMenu:
Executed endpoint 'Xim.AppApi.Controllers.MenuController.GetTaiLieubyMenuAsync (API)'


2024-11-12 08:19:36.9952-INFO-Microsoft.AspNetCore.Hosting.Diagnostics-http://localhost/Menus/GetTaiLieuByMenu-GetTaiLieubyMenu:
Request finished HTTP/1.1 POST http://localhost:5260/Menus/GetTaiLieuByMenu?idmenu=ba23525a-cb4a-4840-a91f-c2a13d50d58b - 500 - text/plain;+charset=utf-8 300.4066ms


2024-11-12 08:19:45.8529-INFO-Microsoft.AspNetCore.Hosting.Diagnostics-http://localhost/Menus/GetTaiLieuByMenu-:
Request starting HTTP/1.1 POST http://localhost:5260/Menus/GetTaiLieuByMenu?idmenu=ba23525a-cb4a-4840-a91f-c2a13d50d58b - application/json-patch+json 39


2024-11-12 08:19:45.8529-INFO-Microsoft.AspNetCore.Cors.Infrastructure.CorsService-http://localhost/Menus/GetTaiLieuByMenu-GetTaiLieubyMenu:
CORS policy execution successful.


2024-11-12 08:19:45.8529-INFO-Microsoft.AspNetCore.Routing.EndpointMiddleware-http://localhost/Menus/GetTaiLieuByMenu-GetTaiLieubyMenu:
Executing endpoint 'Xim.AppApi.Controllers.MenuController.GetTaiLieubyMenuAsync (API)'


2024-11-12 08:19:45.8529-INFO-Microsoft.AspNetCore.Mvc.Infrastructure.ControllerActionInvoker-http://localhost/Menus/GetTaiLieuByMenu-GetTaiLieubyMenu:
Route matched with {action = "GetTaiLieubyMenu", controller = "Menu"}. Executing controller action with signature System.Threading.Tasks.Task`1[Microsoft.AspNetCore.Mvc.IActionResult] GetTaiLieubyMenuAsync(System.Guid, Xim.Domain.Pagings.paging) on controller Xim.AppApi.Controllers.MenuController (API).


2024-11-12 08:19:45.8692-INFO-Microsoft.AspNetCore.Mvc.Infrastructure.ObjectResultExecutor-http://localhost/Menus/GetTaiLieuByMenu-GetTaiLieubyMenu:
Executing OkObjectResult, writing value of type 'Xim.Domain.Pagings.PagedResult'.


2024-11-12 08:19:45.8692-INFO-Microsoft.AspNetCore.Mvc.Infrastructure.ControllerActionInvoker-http://localhost/Menus/GetTaiLieuByMenu-GetTaiLieubyMenu:
Executed action Xim.AppApi.Controllers.MenuController.GetTaiLieubyMenuAsync (API) in 24.0128ms


2024-11-12 08:19:45.8692-INFO-Microsoft.AspNetCore.Routing.EndpointMiddleware-http://localhost/Menus/GetTaiLieuByMenu-GetTaiLieubyMenu:
Executed endpoint 'Xim.AppApi.Controllers.MenuController.GetTaiLieubyMenuAsync (API)'


2024-11-12 08:19:45.8692-INFO-Microsoft.AspNetCore.Hosting.Diagnostics-http://localhost/Menus/GetTaiLieuByMenu-GetTaiLieubyMenu:
Request finished HTTP/1.1 POST http://localhost:5260/Menus/GetTaiLieuByMenu?idmenu=ba23525a-cb4a-4840-a91f-c2a13d50d58b - 200 1029 application/json;+charset=utf-8 30.2071ms


2024-11-12 08:41:33.1438-INFO-Microsoft.AspNetCore.DataProtection.KeyManagement.XmlKeyManager--:
User profile is available. Using 'C:\Users\Van Laptop\AppData\Local\ASP.NET\DataProtection-Keys' as key repository and Windows DPAPI to encrypt keys at rest.


2024-11-12 08:41:33.3334-INFO-Microsoft.Hosting.Lifetime--:
Now listening on: http://localhost:5260


2024-11-12 08:41:33.3334-INFO-Microsoft.Hosting.Lifetime--:
Application started. Press Ctrl+C to shut down.


2024-11-12 08:41:33.3334-INFO-Microsoft.Hosting.Lifetime--:
Hosting environment: Development


2024-11-12 08:41:33.3361-INFO-Microsoft.Hosting.Lifetime--:
Content root path: D:\Code\Cong TT\CodeBECong\Api\Xim.AppApi


2024-11-12 08:41:34.6648-INFO-Microsoft.AspNetCore.Hosting.Diagnostics-http://localhost/swagger/index.html-:
Request starting HTTP/1.1 GET http://localhost:5260/swagger/index.html - - -


2024-11-12 08:41:34.8600-INFO-Microsoft.AspNetCore.Hosting.Diagnostics-http://localhost/swagger/index.html-:
Request finished HTTP/1.1 GET http://localhost:5260/swagger/index.html - 200 - text/html;charset=utf-8 206.5246ms


2024-11-12 08:41:35.2891-INFO-Microsoft.AspNetCore.Hosting.Diagnostics-http://localhost/swagger/v1/swagger.json-:
Request starting HTTP/1.1 GET http://localhost:5260/swagger/v1/swagger.json - - -


2024-11-12 08:41:35.5607-INFO-Microsoft.AspNetCore.Hosting.Diagnostics-http://localhost/swagger/v1/swagger.json-:
Request finished HTTP/1.1 GET http://localhost:5260/swagger/v1/swagger.json - 200 - application/json;charset=utf-8 273.6593ms


2024-11-12 08:42:21.9342-INFO-Microsoft.AspNetCore.Hosting.Diagnostics-http://localhost/Accounts/login-:
Request starting HTTP/1.1 POST http://localhost:5260/Accounts/login - application/json-patch+json 49


2024-11-12 08:42:21.9478-INFO-Microsoft.AspNetCore.Cors.Infrastructure.CorsService-http://localhost/Accounts/login-Login:
CORS policy execution successful.


2024-11-12 08:42:22.3143-INFO-Microsoft.AspNetCore.Routing.EndpointMiddleware-http://localhost/Accounts/login-Login:
Executing endpoint 'Xim.AppApi.Controllers.AccountController.LoginAsync (API)'


2024-11-12 08:42:22.3359-INFO-Microsoft.AspNetCore.Mvc.Infrastructure.ControllerActionInvoker-http://localhost/Accounts/login-Login:
Route matched with {action = "Login", controller = "Account"}. Executing controller action with signature System.Threading.Tasks.Task`1[Microsoft.AspNetCore.Mvc.IActionResult] LoginAsync(Xim.Application.Contracts.Users.UserDtoLogin) on controller Xim.AppApi.Controllers.AccountController (API).


2024-11-12 08:42:22.6584-INFO-Microsoft.AspNetCore.Mvc.Infrastructure.ObjectResultExecutor-http://localhost/Accounts/login-Login:
Executing OkObjectResult, writing value of type 'Xim.AppApi.Controllers.AccountController+JwtTokenInfo'.


2024-11-12 08:42:22.6810-INFO-Microsoft.AspNetCore.Mvc.Infrastructure.ControllerActionInvoker-http://localhost/Accounts/login-Login:
Executed action Xim.AppApi.Controllers.AccountController.LoginAsync (API) in 333.2518ms


2024-11-12 08:42:22.6810-INFO-Microsoft.AspNetCore.Routing.EndpointMiddleware-http://localhost/Accounts/login-Login:
Executed endpoint 'Xim.AppApi.Controllers.AccountController.LoginAsync (API)'


2024-11-12 08:42:22.6810-INFO-Microsoft.AspNetCore.Hosting.Diagnostics-http://localhost/Accounts/login-Login:
Request finished HTTP/1.1 POST http://localhost:5260/Accounts/login - 200 599 application/json;+charset=utf-8 751.0187ms


2024-11-12 08:50:02.7357-INFO-Microsoft.AspNetCore.Hosting.Diagnostics-http://localhost/TinTucs/d9f5414c-19ee-4a70-80a7-348019eba35d-:
Request starting HTTP/1.1 PUT http://localhost:5260/TinTucs/d9f5414c-19ee-4a70-80a7-348019eba35d - multipart/form-data;+boundary=----WebKitFormBoundaryIa8azsMb3sE9RwAD 1919


2024-11-12 08:50:02.7702-INFO-Microsoft.AspNetCore.Cors.Infrastructure.CorsService-http://localhost/TinTucs/d9f5414c-19ee-4a70-80a7-348019eba35d-Update:
CORS policy execution successful.


2024-11-12 08:50:02.8208-INFO-Microsoft.AspNetCore.Routing.EndpointMiddleware-http://localhost/TinTucs/d9f5414c-19ee-4a70-80a7-348019eba35d-Update:
Executing endpoint 'Xim.AppApi.Controllers.TinTucController.UpdateAsync (API)'


2024-11-12 08:50:02.8362-INFO-Microsoft.AspNetCore.Mvc.Infrastructure.ControllerActionInvoker-http://localhost/TinTucs/d9f5414c-19ee-4a70-80a7-348019eba35d-Update:
Route matched with {action = "Update", controller = "TinTuc"}. Executing controller action with signature System.Threading.Tasks.Task`1[Microsoft.AspNetCore.Mvc.IActionResult] UpdateAsync(System.Guid, Xim.Application.Contracts.TinTuc.TinTucDtoUpdate, Microsoft.AspNetCore.Http.IFormFile) on controller Xim.AppApi.Controllers.TinTucController (API).


2024-11-12 08:50:50.4145-INFO-Microsoft.AspNetCore.Mvc.Infrastructure.ObjectResultExecutor-http://localhost/TinTucs/d9f5414c-19ee-4a70-80a7-348019eba35d-Update:
Executing ObjectResult, writing value of type 'System.String'.


2024-11-12 08:50:50.4145-INFO-Microsoft.AspNetCore.Mvc.Infrastructure.ControllerActionInvoker-http://localhost/TinTucs/d9f5414c-19ee-4a70-80a7-348019eba35d-Update:
Executed action Xim.AppApi.Controllers.TinTucController.UpdateAsync (API) in 47575.824ms


2024-11-12 08:50:50.4145-INFO-Microsoft.AspNetCore.Routing.EndpointMiddleware-http://localhost/TinTucs/d9f5414c-19ee-4a70-80a7-348019eba35d-Update:
Executed endpoint 'Xim.AppApi.Controllers.TinTucController.UpdateAsync (API)'


2024-11-12 08:50:50.4145-INFO-Microsoft.AspNetCore.Hosting.Diagnostics-http://localhost/TinTucs/d9f5414c-19ee-4a70-80a7-348019eba35d-Update:
Request finished HTTP/1.1 PUT http://localhost:5260/TinTucs/d9f5414c-19ee-4a70-80a7-348019eba35d - 500 - text/plain;+charset=utf-8 47679.7580ms


2024-11-12 08:51:45.0255-INFO-Microsoft.AspNetCore.Hosting.Diagnostics-http://localhost/TinTucs/d9f5414c-19ee-4a70-80a7-348019eba35d-:
Request starting HTTP/1.1 PUT http://localhost:5260/TinTucs/d9f5414c-19ee-4a70-80a7-348019eba35d - multipart/form-data;+boundary=----WebKitFormBoundaryOHGk8CtB4BavMEjA 2060


2024-11-12 08:51:45.0255-INFO-Microsoft.AspNetCore.Cors.Infrastructure.CorsService-http://localhost/TinTucs/d9f5414c-19ee-4a70-80a7-348019eba35d-Update:
CORS policy execution successful.


2024-11-12 08:51:45.0401-INFO-Microsoft.AspNetCore.Routing.EndpointMiddleware-http://localhost/TinTucs/d9f5414c-19ee-4a70-80a7-348019eba35d-Update:
Executing endpoint 'Xim.AppApi.Controllers.TinTucController.UpdateAsync (API)'


2024-11-12 08:51:45.0401-INFO-Microsoft.AspNetCore.Mvc.Infrastructure.ControllerActionInvoker-http://localhost/TinTucs/d9f5414c-19ee-4a70-80a7-348019eba35d-Update:
Route matched with {action = "Update", controller = "TinTuc"}. Executing controller action with signature System.Threading.Tasks.Task`1[Microsoft.AspNetCore.Mvc.IActionResult] UpdateAsync(System.Guid, Xim.Application.Contracts.TinTuc.TinTucDtoUpdate, Microsoft.AspNetCore.Http.IFormFile) on controller Xim.AppApi.Controllers.TinTucController (API).


2024-11-12 08:51:45.5261-INFO-Microsoft.AspNetCore.Mvc.Infrastructure.ObjectResultExecutor-http://localhost/TinTucs/d9f5414c-19ee-4a70-80a7-348019eba35d-Update:
Executing OkObjectResult, writing value of type 'Xim.Application.Contracts.TinTuc.TinTucDtoView'.


2024-11-12 08:51:45.5261-INFO-Microsoft.AspNetCore.Mvc.Infrastructure.ControllerActionInvoker-http://localhost/TinTucs/d9f5414c-19ee-4a70-80a7-348019eba35d-Update:
Executed action Xim.AppApi.Controllers.TinTucController.UpdateAsync (API) in 489.0031ms


2024-11-12 08:51:45.5261-INFO-Microsoft.AspNetCore.Routing.EndpointMiddleware-http://localhost/TinTucs/d9f5414c-19ee-4a70-80a7-348019eba35d-Update:
Executed endpoint 'Xim.AppApi.Controllers.TinTucController.UpdateAsync (API)'


2024-11-12 08:51:45.5261-INFO-Microsoft.AspNetCore.Hosting.Diagnostics-http://localhost/TinTucs/d9f5414c-19ee-4a70-80a7-348019eba35d-Update:
Request finished HTTP/1.1 PUT http://localhost:5260/TinTucs/d9f5414c-19ee-4a70-80a7-348019eba35d - 200 239 application/json;+charset=utf-8 504.4797ms


2024-11-12 08:52:07.2005-INFO-Microsoft.AspNetCore.Hosting.Diagnostics-http://localhost/TinTucs/d9f5414c-19ee-4a70-80a7-348019eba35d-:
Request starting HTTP/1.1 PUT http://localhost:5260/TinTucs/d9f5414c-19ee-4a70-80a7-348019eba35d - multipart/form-data;+boundary=----WebKitFormBoundaryVsU5LoweA49zA4wZ 2060


2024-11-12 08:52:07.2005-INFO-Microsoft.AspNetCore.Cors.Infrastructure.CorsService-http://localhost/TinTucs/d9f5414c-19ee-4a70-80a7-348019eba35d-Update:
CORS policy execution successful.


2024-11-12 08:52:07.2275-INFO-Microsoft.AspNetCore.Routing.EndpointMiddleware-http://localhost/TinTucs/d9f5414c-19ee-4a70-80a7-348019eba35d-Update:
Executing endpoint 'Xim.AppApi.Controllers.TinTucController.UpdateAsync (API)'


2024-11-12 08:52:07.2275-INFO-Microsoft.AspNetCore.Mvc.Infrastructure.ControllerActionInvoker-http://localhost/TinTucs/d9f5414c-19ee-4a70-80a7-348019eba35d-Update:
Route matched with {action = "Update", controller = "TinTuc"}. Executing controller action with signature System.Threading.Tasks.Task`1[Microsoft.AspNetCore.Mvc.IActionResult] UpdateAsync(System.Guid, Xim.Application.Contracts.TinTuc.TinTucDtoUpdate, Microsoft.AspNetCore.Http.IFormFile) on controller Xim.AppApi.Controllers.TinTucController (API).


2024-11-12 08:53:00.6491-INFO-Microsoft.AspNetCore.Mvc.Infrastructure.ObjectResultExecutor-http://localhost/TinTucs/d9f5414c-19ee-4a70-80a7-348019eba35d-Update:
Executing OkObjectResult, writing value of type 'Xim.Application.Contracts.TinTuc.TinTucDtoView'.


2024-11-12 08:53:00.6491-INFO-Microsoft.AspNetCore.Mvc.Infrastructure.ControllerActionInvoker-http://localhost/TinTucs/d9f5414c-19ee-4a70-80a7-348019eba35d-Update:
Executed action Xim.AppApi.Controllers.TinTucController.UpdateAsync (API) in 53429.3424ms


2024-11-12 08:53:00.6491-INFO-Microsoft.AspNetCore.Routing.EndpointMiddleware-http://localhost/TinTucs/d9f5414c-19ee-4a70-80a7-348019eba35d-Update:
Executed endpoint 'Xim.AppApi.Controllers.TinTucController.UpdateAsync (API)'


2024-11-12 08:53:00.6491-INFO-Microsoft.AspNetCore.Hosting.Diagnostics-http://localhost/TinTucs/d9f5414c-19ee-4a70-80a7-348019eba35d-Update:
Request finished HTTP/1.1 PUT http://localhost:5260/TinTucs/d9f5414c-19ee-4a70-80a7-348019eba35d - 200 239 application/json;+charset=utf-8 53459.2720ms


2024-11-12 15:43:51.2503-INFO-Microsoft.AspNetCore.DataProtection.KeyManagement.XmlKeyManager--:
User profile is available. Using 'C:\Users\Van Laptop\AppData\Local\ASP.NET\DataProtection-Keys' as key repository and Windows DPAPI to encrypt keys at rest.


2024-11-12 15:43:51.5184-INFO-Microsoft.Hosting.Lifetime--:
Now listening on: http://localhost:5260


2024-11-12 15:43:51.5184-INFO-Microsoft.Hosting.Lifetime--:
Application started. Press Ctrl+C to shut down.


2024-11-12 15:43:51.5184-INFO-Microsoft.Hosting.Lifetime--:
Hosting environment: Development


2024-11-12 15:43:51.5184-INFO-Microsoft.Hosting.Lifetime--:
Content root path: D:\Code\Cong TT\CodeBECong\Api\Xim.AppApi


2024-11-12 15:43:53.1940-INFO-Microsoft.AspNetCore.Hosting.Diagnostics-http://localhost/swagger/index.html-:
Request starting HTTP/1.1 GET http://localhost:5260/swagger/index.html - - -


2024-11-12 15:43:53.4315-INFO-Microsoft.AspNetCore.Hosting.Diagnostics-http://localhost/swagger/index.html-:
Request finished HTTP/1.1 GET http://localhost:5260/swagger/index.html - 200 - text/html;charset=utf-8 249.4663ms


2024-11-12 15:43:53.6475-INFO-Microsoft.AspNetCore.Hosting.Diagnostics-http://localhost/swagger/v1/swagger.json-:
Request starting HTTP/1.1 GET http://localhost:5260/swagger/v1/swagger.json - - -


2024-11-12 15:43:53.8870-INFO-Microsoft.AspNetCore.Hosting.Diagnostics-http://localhost/swagger/v1/swagger.json-:
Request finished HTTP/1.1 GET http://localhost:5260/swagger/v1/swagger.json - 200 - application/json;charset=utf-8 240.1844ms


2024-11-12 15:44:07.8930-INFO-Microsoft.AspNetCore.Hosting.Diagnostics-http://localhost/Accounts/login-:
Request starting HTTP/1.1 POST http://localhost:5260/Accounts/login - application/json-patch+json 49


2024-11-12 15:44:07.9014-INFO-Microsoft.AspNetCore.Cors.Infrastructure.CorsService-http://localhost/Accounts/login-Login:
CORS policy execution successful.


2024-11-12 15:44:08.2452-INFO-Microsoft.AspNetCore.Routing.EndpointMiddleware-http://localhost/Accounts/login-Login:
Executing endpoint 'Xim.AppApi.Controllers.AccountController.LoginAsync (API)'


2024-11-12 15:44:08.2679-INFO-Microsoft.AspNetCore.Mvc.Infrastructure.ControllerActionInvoker-http://localhost/Accounts/login-Login:
Route matched with {action = "Login", controller = "Account"}. Executing controller action with signature System.Threading.Tasks.Task`1[Microsoft.AspNetCore.Mvc.IActionResult] LoginAsync(Xim.Application.Contracts.Users.UserDtoLogin) on controller Xim.AppApi.Controllers.AccountController (API).


2024-11-12 15:44:08.6093-INFO-Microsoft.AspNetCore.Mvc.Infrastructure.ObjectResultExecutor-http://localhost/Accounts/login-Login:
Executing OkObjectResult, writing value of type 'Xim.AppApi.Controllers.AccountController+JwtTokenInfo'.


2024-11-12 15:44:08.6354-INFO-Microsoft.AspNetCore.Mvc.Infrastructure.ControllerActionInvoker-http://localhost/Accounts/login-Login:
Executed action Xim.AppApi.Controllers.AccountController.LoginAsync (API) in 355.2273ms


2024-11-12 15:44:08.6354-INFO-Microsoft.AspNetCore.Routing.EndpointMiddleware-http://localhost/Accounts/login-Login:
Executed endpoint 'Xim.AppApi.Controllers.AccountController.LoginAsync (API)'


2024-11-12 15:44:08.6354-INFO-Microsoft.AspNetCore.Hosting.Diagnostics-http://localhost/Accounts/login-Login:
Request finished HTTP/1.1 POST http://localhost:5260/Accounts/login - 200 599 application/json;+charset=utf-8 745.3615ms


2024-11-12 15:45:56.4539-INFO-Microsoft.AspNetCore.Hosting.Diagnostics-http://localhost/CaiDats/d3669e20-34f3-47d7-96ff-8de872d6a4fd-:
Request starting HTTP/1.1 PUT http://localhost:5260/CaiDats/d3669e20-34f3-47d7-96ff-8de872d6a4fd - multipart/form-data;+boundary=----WebKitFormBoundarylDE9LuArqsZ5QoUL 2686


2024-11-12 15:45:56.4955-INFO-Microsoft.AspNetCore.Cors.Infrastructure.CorsService-http://localhost/CaiDats/d3669e20-34f3-47d7-96ff-8de872d6a4fd-Update:
CORS policy execution successful.


2024-11-12 15:45:56.5457-INFO-Microsoft.AspNetCore.Routing.EndpointMiddleware-http://localhost/CaiDats/d3669e20-34f3-47d7-96ff-8de872d6a4fd-Update:
Executing endpoint 'Xim.AppApi.Controllers.CaiDatController.UpdateAsync (API)'


2024-11-12 15:45:56.5582-INFO-Microsoft.AspNetCore.Mvc.Infrastructure.ControllerActionInvoker-http://localhost/CaiDats/d3669e20-34f3-47d7-96ff-8de872d6a4fd-Update:
Route matched with {action = "Update", controller = "CaiDat"}. Executing controller action with signature System.Threading.Tasks.Task`1[Microsoft.AspNetCore.Mvc.IActionResult] UpdateAsync(System.Guid, API.Controllers.CaiDatForm) on controller Xim.AppApi.Controllers.CaiDatController (API).


2024-11-12 15:45:56.6040-INFO-Microsoft.AspNetCore.Mvc.Infrastructure.ObjectResultExecutor-http://localhost/CaiDats/d3669e20-34f3-47d7-96ff-8de872d6a4fd-Update:
Executing ObjectResult, writing value of type 'Microsoft.AspNetCore.Mvc.ProblemDetails'.


2024-11-12 15:45:56.6206-INFO-Microsoft.AspNetCore.Mvc.Infrastructure.ControllerActionInvoker-http://localhost/CaiDats/d3669e20-34f3-47d7-96ff-8de872d6a4fd-Update:
Executed action Xim.AppApi.Controllers.CaiDatController.UpdateAsync (API) in 51.8795ms


2024-11-12 15:45:56.6206-INFO-Microsoft.AspNetCore.Routing.EndpointMiddleware-http://localhost/CaiDats/d3669e20-34f3-47d7-96ff-8de872d6a4fd-Update:
Executed endpoint 'Xim.AppApi.Controllers.CaiDatController.UpdateAsync (API)'


2024-11-12 15:45:56.6206-INFO-Microsoft.AspNetCore.Hosting.Diagnostics-http://localhost/CaiDats/d3669e20-34f3-47d7-96ff-8de872d6a4fd-Update:
Request finished HTTP/1.1 PUT http://localhost:5260/CaiDats/d3669e20-34f3-47d7-96ff-8de872d6a4fd - 400 164 application/problem+json;+charset=utf-8 167.9006ms


2024-11-12 15:46:14.3615-INFO-Microsoft.AspNetCore.Hosting.Diagnostics-http://localhost/CaiDats/d3669e20-34f3-47d7-96ff-8de872d6a4fd-:
Request starting HTTP/1.1 PUT http://localhost:5260/CaiDats/d3669e20-34f3-47d7-96ff-8de872d6a4fd - multipart/form-data;+boundary=----WebKitFormBoundaryFRxO91Vo7DKs4vmQ 2686


2024-11-12 15:46:14.3615-INFO-Microsoft.AspNetCore.Cors.Infrastructure.CorsService-http://localhost/CaiDats/d3669e20-34f3-47d7-96ff-8de872d6a4fd-Update:
CORS policy execution successful.


2024-11-12 15:46:14.3615-INFO-Microsoft.AspNetCore.Routing.EndpointMiddleware-http://localhost/CaiDats/d3669e20-34f3-47d7-96ff-8de872d6a4fd-Update:
Executing endpoint 'Xim.AppApi.Controllers.CaiDatController.UpdateAsync (API)'


2024-11-12 15:46:14.3615-INFO-Microsoft.AspNetCore.Mvc.Infrastructure.ControllerActionInvoker-http://localhost/CaiDats/d3669e20-34f3-47d7-96ff-8de872d6a4fd-Update:
Route matched with {action = "Update", controller = "CaiDat"}. Executing controller action with signature System.Threading.Tasks.Task`1[Microsoft.AspNetCore.Mvc.IActionResult] UpdateAsync(System.Guid, API.Controllers.CaiDatForm) on controller Xim.AppApi.Controllers.CaiDatController (API).


2024-11-12 15:48:09.7899-INFO-Microsoft.AspNetCore.Mvc.Infrastructure.ObjectResultExecutor-http://localhost/CaiDats/d3669e20-34f3-47d7-96ff-8de872d6a4fd-Update:
Executing ObjectResult, writing value of type 'Microsoft.AspNetCore.Mvc.ProblemDetails'.


2024-11-12 15:48:09.7899-INFO-Microsoft.AspNetCore.Mvc.Infrastructure.ControllerActionInvoker-http://localhost/CaiDats/d3669e20-34f3-47d7-96ff-8de872d6a4fd-Update:
Executed action Xim.AppApi.Controllers.CaiDatController.UpdateAsync (API) in 115420.7753ms


2024-11-12 15:48:09.8059-INFO-Microsoft.AspNetCore.Routing.EndpointMiddleware-http://localhost/CaiDats/d3669e20-34f3-47d7-96ff-8de872d6a4fd-Update:
Executed endpoint 'Xim.AppApi.Controllers.CaiDatController.UpdateAsync (API)'


2024-11-12 15:48:09.8059-INFO-Microsoft.AspNetCore.Hosting.Diagnostics-http://localhost/CaiDats/d3669e20-34f3-47d7-96ff-8de872d6a4fd-Update:
Request finished HTTP/1.1 PUT http://localhost:5260/CaiDats/d3669e20-34f3-47d7-96ff-8de872d6a4fd - 400 164 application/problem+json;+charset=utf-8 115454.8784ms


2024-11-12 15:48:31.9959-INFO-Microsoft.AspNetCore.Hosting.Diagnostics-http://localhost/CaiDats/d3669e20-34f3-47d7-96ff-8de872d6a4fd-:
Request starting HTTP/1.1 PUT http://localhost:5260/CaiDats/d3669e20-34f3-47d7-96ff-8de872d6a4fd - multipart/form-data;+boundary=----WebKitFormBoundaryc8erVKPBYgQ1zeEy 2653


2024-11-12 15:48:31.9959-INFO-Microsoft.AspNetCore.Cors.Infrastructure.CorsService-http://localhost/CaiDats/d3669e20-34f3-47d7-96ff-8de872d6a4fd-Update:
CORS policy execution successful.


2024-11-12 15:48:32.0087-INFO-Microsoft.AspNetCore.Routing.EndpointMiddleware-http://localhost/CaiDats/d3669e20-34f3-47d7-96ff-8de872d6a4fd-Update:
Executing endpoint 'Xim.AppApi.Controllers.CaiDatController.UpdateAsync (API)'


2024-11-12 15:48:32.0087-INFO-Microsoft.AspNetCore.Mvc.Infrastructure.ControllerActionInvoker-http://localhost/CaiDats/d3669e20-34f3-47d7-96ff-8de872d6a4fd-Update:
Route matched with {action = "Update", controller = "CaiDat"}. Executing controller action with signature System.Threading.Tasks.Task`1[Microsoft.AspNetCore.Mvc.IActionResult] UpdateAsync(System.Guid, API.Controllers.CaiDatForm) on controller Xim.AppApi.Controllers.CaiDatController (API).


2024-11-12 15:48:54.1406-INFO-Microsoft.AspNetCore.DataProtection.KeyManagement.XmlKeyManager--:
User profile is available. Using 'C:\Users\Van Laptop\AppData\Local\ASP.NET\DataProtection-Keys' as key repository and Windows DPAPI to encrypt keys at rest.


2024-11-12 15:48:54.3454-INFO-Microsoft.Hosting.Lifetime--:
Now listening on: http://localhost:5260


2024-11-12 15:48:54.3454-INFO-Microsoft.Hosting.Lifetime--:
Application started. Press Ctrl+C to shut down.


2024-11-12 15:48:54.3454-INFO-Microsoft.Hosting.Lifetime--:
Hosting environment: Development


2024-11-12 15:48:54.3454-INFO-Microsoft.Hosting.Lifetime--:
Content root path: D:\Code\Cong TT\CodeBECong\Api\Xim.AppApi


2024-11-12 15:48:55.5859-INFO-Microsoft.AspNetCore.Hosting.Diagnostics-http://localhost/swagger/index.html-:
Request starting HTTP/1.1 GET http://localhost:5260/swagger/index.html - - -


2024-11-12 15:48:55.7808-INFO-Microsoft.AspNetCore.Hosting.Diagnostics-http://localhost/swagger/index.html-:
Request finished HTTP/1.1 GET http://localhost:5260/swagger/index.html - 200 - text/html;charset=utf-8 206.3139ms


2024-11-12 15:48:55.9455-INFO-Microsoft.AspNetCore.Hosting.Diagnostics-http://localhost/swagger/v1/swagger.json-:
Request starting HTTP/1.1 GET http://localhost:5260/swagger/v1/swagger.json - - -


2024-11-12 15:48:56.2770-INFO-Microsoft.AspNetCore.Hosting.Diagnostics-http://localhost/swagger/v1/swagger.json-:
Request finished HTTP/1.1 GET http://localhost:5260/swagger/v1/swagger.json - 200 - application/json;charset=utf-8 332.1320ms


2024-11-12 15:49:09.0507-INFO-Microsoft.AspNetCore.Hosting.Diagnostics-http://localhost/Accounts/login-:
Request starting HTTP/1.1 POST http://localhost:5260/Accounts/login - application/json-patch+json 49


2024-11-12 15:49:09.0563-INFO-Microsoft.AspNetCore.Cors.Infrastructure.CorsService-http://localhost/Accounts/login-Login:
CORS policy execution successful.


2024-11-12 15:49:09.1097-INFO-Microsoft.AspNetCore.Routing.EndpointMiddleware-http://localhost/Accounts/login-Login:
Executing endpoint 'Xim.AppApi.Controllers.AccountController.LoginAsync (API)'


2024-11-12 15:49:09.1349-INFO-Microsoft.AspNetCore.Mvc.Infrastructure.ControllerActionInvoker-http://localhost/Accounts/login-Login:
Route matched with {action = "Login", controller = "Account"}. Executing controller action with signature System.Threading.Tasks.Task`1[Microsoft.AspNetCore.Mvc.IActionResult] LoginAsync(Xim.Application.Contracts.Users.UserDtoLogin) on controller Xim.AppApi.Controllers.AccountController (API).


2024-11-12 15:49:09.3056-INFO-Microsoft.AspNetCore.Mvc.Infrastructure.ObjectResultExecutor-http://localhost/Accounts/login-Login:
Executing OkObjectResult, writing value of type 'Xim.AppApi.Controllers.AccountController+JwtTokenInfo'.


2024-11-12 15:49:09.3215-INFO-Microsoft.AspNetCore.Mvc.Infrastructure.ControllerActionInvoker-http://localhost/Accounts/login-Login:
Executed action Xim.AppApi.Controllers.AccountController.LoginAsync (API) in 192.6681ms


2024-11-12 15:49:09.3215-INFO-Microsoft.AspNetCore.Routing.EndpointMiddleware-http://localhost/Accounts/login-Login:
Executed endpoint 'Xim.AppApi.Controllers.AccountController.LoginAsync (API)'


2024-11-12 15:49:09.3215-INFO-Microsoft.AspNetCore.Hosting.Diagnostics-http://localhost/Accounts/login-Login:
Request finished HTTP/1.1 POST http://localhost:5260/Accounts/login - 200 599 application/json;+charset=utf-8 283.8188ms


2024-11-12 15:50:35.1675-INFO-Microsoft.AspNetCore.Hosting.Diagnostics-http://localhost/CaiDats/d3669e20-34f3-47d7-96ff-8de872d6a4fd-:
Request starting HTTP/1.1 PUT http://localhost:5260/CaiDats/d3669e20-34f3-47d7-96ff-8de872d6a4fd - multipart/form-data;+boundary=----WebKitFormBoundaryk4AWBnTjpZtpEqyn 2611


2024-11-12 15:50:35.1675-INFO-Microsoft.AspNetCore.Cors.Infrastructure.CorsService-http://localhost/CaiDats/d3669e20-34f3-47d7-96ff-8de872d6a4fd-Update:
CORS policy execution successful.


2024-11-12 15:50:35.2599-INFO-Microsoft.AspNetCore.Routing.EndpointMiddleware-http://localhost/CaiDats/d3669e20-34f3-47d7-96ff-8de872d6a4fd-Update:
Executing endpoint 'Xim.AppApi.Controllers.CaiDatController.UpdateAsync (API)'


2024-11-12 15:50:35.2740-INFO-Microsoft.AspNetCore.Mvc.Infrastructure.ControllerActionInvoker-http://localhost/CaiDats/d3669e20-34f3-47d7-96ff-8de872d6a4fd-Update:
Route matched with {action = "Update", controller = "CaiDat"}. Executing controller action with signature System.Threading.Tasks.Task`1[Microsoft.AspNetCore.Mvc.IActionResult] UpdateAsync(System.Guid, API.Controllers.CaiDatForm) on controller Xim.AppApi.Controllers.CaiDatController (API).


2024-11-12 15:50:37.7118-INFO-Microsoft.AspNetCore.Mvc.Infrastructure.ObjectResultExecutor-http://localhost/CaiDats/d3669e20-34f3-47d7-96ff-8de872d6a4fd-Update:
Executing ObjectResult, writing value of type 'System.String'.


2024-11-12 15:50:37.7118-INFO-Microsoft.AspNetCore.Mvc.Infrastructure.ControllerActionInvoker-http://localhost/CaiDats/d3669e20-34f3-47d7-96ff-8de872d6a4fd-Update:
Executed action Xim.AppApi.Controllers.CaiDatController.UpdateAsync (API) in 2433.2689ms


2024-11-12 15:50:37.7118-INFO-Microsoft.AspNetCore.Routing.EndpointMiddleware-http://localhost/CaiDats/d3669e20-34f3-47d7-96ff-8de872d6a4fd-Update:
Executed endpoint 'Xim.AppApi.Controllers.CaiDatController.UpdateAsync (API)'


2024-11-12 15:50:37.7118-INFO-Microsoft.AspNetCore.Hosting.Diagnostics-http://localhost/CaiDats/d3669e20-34f3-47d7-96ff-8de872d6a4fd-Update:
Request finished HTTP/1.1 PUT http://localhost:5260/CaiDats/d3669e20-34f3-47d7-96ff-8de872d6a4fd - 444 - text/plain;+charset=utf-8 2545.4395ms


2024-11-12 15:51:16.7703-INFO-Microsoft.AspNetCore.DataProtection.KeyManagement.XmlKeyManager--:
User profile is available. Using 'C:\Users\Van Laptop\AppData\Local\ASP.NET\DataProtection-Keys' as key repository and Windows DPAPI to encrypt keys at rest.


2024-11-12 15:51:16.9896-INFO-Microsoft.Hosting.Lifetime--:
Now listening on: http://localhost:5260


2024-11-12 15:51:16.9896-INFO-Microsoft.Hosting.Lifetime--:
Application started. Press Ctrl+C to shut down.


2024-11-12 15:51:16.9896-INFO-Microsoft.Hosting.Lifetime--:
Hosting environment: Development


2024-11-12 15:51:16.9930-INFO-Microsoft.Hosting.Lifetime--:
Content root path: D:\Code\Cong TT\CodeBECong\Api\Xim.AppApi


2024-11-12 15:51:18.0162-INFO-Microsoft.AspNetCore.Hosting.Diagnostics-http://localhost/swagger/index.html-:
Request starting HTTP/1.1 GET http://localhost:5260/swagger/index.html - - -


2024-11-12 15:51:18.1835-INFO-Microsoft.AspNetCore.Hosting.Diagnostics-http://localhost/swagger/index.html-:
Request finished HTTP/1.1 GET http://localhost:5260/swagger/index.html - 200 - text/html;charset=utf-8 185.8901ms


2024-11-12 15:51:18.3062-INFO-Microsoft.AspNetCore.Hosting.Diagnostics-http://localhost/swagger/v1/swagger.json-:
Request starting HTTP/1.1 GET http://localhost:5260/swagger/v1/swagger.json - - -


2024-11-12 15:51:18.5497-INFO-Microsoft.AspNetCore.Hosting.Diagnostics-http://localhost/swagger/v1/swagger.json-:
Request finished HTTP/1.1 GET http://localhost:5260/swagger/v1/swagger.json - 200 - application/json;charset=utf-8 244.1670ms


2024-11-12 15:53:04.1644-INFO-Microsoft.AspNetCore.Hosting.Diagnostics-http://localhost/Accounts/login-:
Request starting HTTP/1.1 POST http://localhost:5260/Accounts/login - application/json-patch+json 49


2024-11-12 15:53:04.1804-INFO-Microsoft.AspNetCore.Cors.Infrastructure.CorsService-http://localhost/Accounts/login-Login:
CORS policy execution successful.


2024-11-12 15:53:04.2363-INFO-Microsoft.AspNetCore.Routing.EndpointMiddleware-http://localhost/Accounts/login-Login:
Executing endpoint 'Xim.AppApi.Controllers.AccountController.LoginAsync (API)'


2024-11-12 15:53:04.2612-INFO-Microsoft.AspNetCore.Mvc.Infrastructure.ControllerActionInvoker-http://localhost/Accounts/login-Login:
Route matched with {action = "Login", controller = "Account"}. Executing controller action with signature System.Threading.Tasks.Task`1[Microsoft.AspNetCore.Mvc.IActionResult] LoginAsync(Xim.Application.Contracts.Users.UserDtoLogin) on controller Xim.AppApi.Controllers.AccountController (API).


2024-11-12 15:53:04.4471-INFO-Microsoft.AspNetCore.Mvc.Infrastructure.ObjectResultExecutor-http://localhost/Accounts/login-Login:
Executing OkObjectResult, writing value of type 'Xim.AppApi.Controllers.AccountController+JwtTokenInfo'.


2024-11-12 15:53:04.4629-INFO-Microsoft.AspNetCore.Mvc.Infrastructure.ControllerActionInvoker-http://localhost/Accounts/login-Login:
Executed action Xim.AppApi.Controllers.AccountController.LoginAsync (API) in 191.8339ms


2024-11-12 15:53:04.4629-INFO-Microsoft.AspNetCore.Routing.EndpointMiddleware-http://localhost/Accounts/login-Login:
Executed endpoint 'Xim.AppApi.Controllers.AccountController.LoginAsync (API)'


2024-11-12 15:53:04.4629-INFO-Microsoft.AspNetCore.Hosting.Diagnostics-http://localhost/Accounts/login-Login:
Request finished HTTP/1.1 POST http://localhost:5260/Accounts/login - 200 599 application/json;+charset=utf-8 298.4586ms


2024-11-12 15:55:52.3167-INFO-Microsoft.AspNetCore.Hosting.Diagnostics-http://localhost/CaiDats/d3669e20-34f3-47d7-96ff-8de872d6a4fd-:
Request starting HTTP/1.1 PUT http://localhost:5260/CaiDats/d3669e20-34f3-47d7-96ff-8de872d6a4fd - multipart/form-data;+boundary=----WebKitFormBoundarywEgqhAB5eDJJkclK 2611


2024-11-12 15:55:52.3208-INFO-Microsoft.AspNetCore.Cors.Infrastructure.CorsService-http://localhost/CaiDats/d3669e20-34f3-47d7-96ff-8de872d6a4fd-Update:
CORS policy execution successful.


2024-11-12 15:55:52.3867-INFO-Microsoft.AspNetCore.Routing.EndpointMiddleware-http://localhost/CaiDats/d3669e20-34f3-47d7-96ff-8de872d6a4fd-Update:
Executing endpoint 'Xim.AppApi.Controllers.CaiDatController.UpdateAsync (API)'


2024-11-12 15:55:52.3985-INFO-Microsoft.AspNetCore.Mvc.Infrastructure.ControllerActionInvoker-http://localhost/CaiDats/d3669e20-34f3-47d7-96ff-8de872d6a4fd-Update:
Route matched with {action = "Update", controller = "CaiDat"}. Executing controller action with signature System.Threading.Tasks.Task`1[Microsoft.AspNetCore.Mvc.IActionResult] UpdateAsync(System.Guid, API.Controllers.CaiDatForm) on controller Xim.AppApi.Controllers.CaiDatController (API).


2024-11-12 15:55:55.2994-INFO-Microsoft.AspNetCore.Mvc.Infrastructure.ObjectResultExecutor-http://localhost/CaiDats/d3669e20-34f3-47d7-96ff-8de872d6a4fd-Update:
Executing OkObjectResult, writing value of type 'Xim.Application.Contracts.CaiDat.CaiDatDtoView'.


2024-11-12 15:55:55.3112-INFO-Microsoft.AspNetCore.Mvc.Infrastructure.ControllerActionInvoker-http://localhost/CaiDats/d3669e20-34f3-47d7-96ff-8de872d6a4fd-Update:
Executed action Xim.AppApi.Controllers.CaiDatController.UpdateAsync (API) in 2907.7633ms


2024-11-12 15:55:55.3112-INFO-Microsoft.AspNetCore.Routing.EndpointMiddleware-http://localhost/CaiDats/d3669e20-34f3-47d7-96ff-8de872d6a4fd-Update:
Executed endpoint 'Xim.AppApi.Controllers.CaiDatController.UpdateAsync (API)'


2024-11-12 15:55:55.3112-INFO-Microsoft.AspNetCore.Hosting.Diagnostics-http://localhost/CaiDats/d3669e20-34f3-47d7-96ff-8de872d6a4fd-Update:
Request finished HTTP/1.1 PUT http://localhost:5260/CaiDats/d3669e20-34f3-47d7-96ff-8de872d6a4fd - 200 126 application/json;+charset=utf-8 2999.0151ms


