2025-09-12 08:01:08.9126-INFO-Microsoft.AspNetCore.DataProtection.KeyManagement.XmlKeyManager--:
User profile is available. Using 'C:\Users\BTL86\AppData\Local\ASP.NET\DataProtection-Keys' as key repository and Windows DPAPI to encrypt keys at rest.


2025-09-12 08:01:09.1346-INFO-Microsoft.Hosting.Lifetime--:
Now listening on: http://localhost:5260


2025-09-12 08:01:09.1980-INFO-Microsoft.Hosting.Lifetime--:
Application started. Press Ctrl+C to shut down.


2025-09-12 08:01:09.1980-INFO-Microsoft.Hosting.Lifetime--:
Hosting environment: Development


2025-09-12 08:01:09.1980-INFO-Microsoft.Hosting.Lifetime--:
Content root path: C:\Code\Cong TT\CodeBECong\Api\Xim.AppApi


2025-09-12 08:01:10.0217-INFO-Microsoft.AspNetCore.Hosting.Diagnostics-http://localhost/swagger-:
Request starting HTTP/1.1 GET http://localhost:5260/swagger - - -


2025-09-12 08:01:10.1041-INFO-Microsoft.AspNetCore.Hosting.Diagnostics-http://localhost/swagger-:
Request finished HTTP/1.1 GET http://localhost:5260/swagger - 301 0 - 91.5014ms


2025-09-12 08:01:10.1041-INFO-Microsoft.AspNetCore.Hosting.Diagnostics-http://localhost/swagger/index.html-:
Request starting HTTP/1.1 GET http://localhost:5260/swagger/index.html - - -


2025-09-12 08:01:10.1680-INFO-Microsoft.AspNetCore.Hosting.Diagnostics-http://localhost/swagger/index.html-:
Request finished HTTP/1.1 GET http://localhost:5260/swagger/index.html - 200 - text/html;charset=utf-8 59.8884ms


2025-09-12 08:01:10.1825-INFO-Microsoft.AspNetCore.Hosting.Diagnostics-http://localhost/swagger/swagger-ui.css-:
Request starting HTTP/1.1 GET http://localhost:5260/swagger/swagger-ui.css - - -


2025-09-12 08:01:10.1825-INFO-Microsoft.AspNetCore.Hosting.Diagnostics-http://localhost/swagger/swagger-ui-bundle.js-:
Request starting HTTP/1.1 GET http://localhost:5260/swagger/swagger-ui-bundle.js - - -


2025-09-12 08:01:10.1825-INFO-Microsoft.AspNetCore.Hosting.Diagnostics-http://localhost/swagger/swagger-ui-standalone-preset.js-:
Request starting HTTP/1.1 GET http://localhost:5260/swagger/swagger-ui-standalone-preset.js - - -


2025-09-12 08:01:10.2335-INFO-Microsoft.AspNetCore.StaticFiles.StaticFileMiddleware-http://localhost/swagger/swagger-ui-standalone-preset.js-:
Sending file. Request path: '/swagger-ui-standalone-preset.js'. Physical path: 'N/A'


2025-09-12 08:01:10.2335-INFO-Microsoft.AspNetCore.StaticFiles.StaticFileMiddleware-http://localhost/swagger/swagger-ui.css-:
Sending file. Request path: '/swagger-ui.css'. Physical path: 'N/A'


2025-09-12 08:01:10.2446-INFO-Microsoft.AspNetCore.Hosting.Diagnostics-http://localhost/swagger/swagger-ui.css-:
Request finished HTTP/1.1 GET http://localhost:5260/swagger/swagger-ui.css - 200 143943 text/css 61.8234ms


2025-09-12 08:01:10.2446-INFO-Microsoft.AspNetCore.Hosting.Diagnostics-http://localhost/swagger/swagger-ui-standalone-preset.js-:
Request finished HTTP/1.1 GET http://localhost:5260/swagger/swagger-ui-standalone-preset.js - 200 339486 text/javascript 55.6786ms


2025-09-12 08:01:10.2640-INFO-Microsoft.AspNetCore.StaticFiles.StaticFileMiddleware-http://localhost/swagger/swagger-ui-bundle.js-:
Sending file. Request path: '/swagger-ui-bundle.js'. Physical path: 'N/A'


2025-09-12 08:01:10.2640-INFO-Microsoft.AspNetCore.Hosting.Diagnostics-http://localhost/swagger/swagger-ui-bundle.js-:
Request finished HTTP/1.1 GET http://localhost:5260/swagger/swagger-ui-bundle.js - 200 1096145 text/javascript 75.2152ms


2025-09-12 08:01:10.4586-INFO-Microsoft.AspNetCore.Hosting.Diagnostics-http://localhost/swagger/v1/swagger.json-:
Request starting HTTP/1.1 GET http://localhost:5260/swagger/v1/swagger.json - - -


2025-09-12 08:01:10.4586-INFO-Microsoft.AspNetCore.Hosting.Diagnostics-http://localhost/swagger/favicon-32x32.png-:
Request starting HTTP/1.1 GET http://localhost:5260/swagger/favicon-32x32.png - - -


2025-09-12 08:01:10.4586-INFO-Microsoft.AspNetCore.StaticFiles.StaticFileMiddleware-http://localhost/swagger/favicon-32x32.png-:
Sending file. Request path: '/favicon-32x32.png'. Physical path: 'N/A'


2025-09-12 08:01:10.4629-INFO-Microsoft.AspNetCore.Hosting.Diagnostics-http://localhost/swagger/favicon-32x32.png-:
Request finished HTTP/1.1 GET http://localhost:5260/swagger/favicon-32x32.png - 200 628 image/png 3.9675ms


2025-09-12 08:01:10.5755-INFO-Microsoft.AspNetCore.Hosting.Diagnostics-http://localhost/swagger/v1/swagger.json-:
Request finished HTTP/1.1 GET http://localhost:5260/swagger/v1/swagger.json - 200 - application/json;charset=utf-8 117.8831ms


2025-09-12 08:01:26.7727-INFO-Microsoft.AspNetCore.Hosting.Diagnostics-http://localhost/Accounts/login-:
Request starting HTTP/1.1 POST http://localhost:5260/Accounts/login - application/json-patch+json 49


2025-09-12 08:01:26.7927-INFO-Microsoft.AspNetCore.Cors.Infrastructure.CorsService-http://localhost/Accounts/login-Login:
CORS policy execution successful.


2025-09-12 08:01:26.8492-INFO-Microsoft.AspNetCore.Routing.EndpointMiddleware-http://localhost/Accounts/login-Login:
Executing endpoint 'Xim.AppApi.Controllers.AccountController.LoginAsync (API)'


2025-09-12 08:01:26.8731-INFO-Microsoft.AspNetCore.Mvc.Infrastructure.ControllerActionInvoker-http://localhost/Accounts/login-Login:
Route matched with {action = "Login", controller = "Account"}. Executing controller action with signature System.Threading.Tasks.Task`1[Microsoft.AspNetCore.Mvc.IActionResult] LoginAsync(Xim.Application.Contracts.Users.UserDtoLogin) on controller Xim.AppApi.Controllers.AccountController (API).


2025-09-12 08:01:27.0425-INFO-Microsoft.AspNetCore.Mvc.Infrastructure.ObjectResultExecutor-http://localhost/Accounts/login-Login:
Executing OkObjectResult, writing value of type 'Xim.AppApi.Controllers.AccountController+JwtTokenInfo'.


2025-09-12 08:01:27.0572-INFO-Microsoft.AspNetCore.Mvc.Infrastructure.ControllerActionInvoker-http://localhost/Accounts/login-Login:
Executed action Xim.AppApi.Controllers.AccountController.LoginAsync (API) in 172.5909ms


2025-09-12 08:01:27.0572-INFO-Microsoft.AspNetCore.Routing.EndpointMiddleware-http://localhost/Accounts/login-Login:
Executed endpoint 'Xim.AppApi.Controllers.AccountController.LoginAsync (API)'


2025-09-12 08:01:27.0572-INFO-Microsoft.AspNetCore.Hosting.Diagnostics-http://localhost/Accounts/login-Login:
Request finished HTTP/1.1 POST http://localhost:5260/Accounts/login - 200 599 application/json;+charset=utf-8 292.2513ms


2025-09-12 08:01:56.0183-INFO-Microsoft.AspNetCore.Hosting.Diagnostics-http://localhost/CaiDats/getall-:
Request starting HTTP/1.1 POST http://localhost:5260/CaiDats/getall - application/json-patch+json 37


2025-09-12 08:01:56.0183-INFO-Microsoft.AspNetCore.Cors.Infrastructure.CorsService-http://localhost/CaiDats/getall-GetList:
CORS policy execution successful.


2025-09-12 08:01:56.0884-INFO-Microsoft.AspNetCore.Routing.EndpointMiddleware-http://localhost/CaiDats/getall-GetList:
Executing endpoint 'Xim.AppApi.Controllers.CaiDatController.GetListAsync (API)'


2025-09-12 08:01:56.0884-INFO-Microsoft.AspNetCore.Mvc.Infrastructure.ControllerActionInvoker-http://localhost/CaiDats/getall-GetList:
Route matched with {action = "GetList", controller = "CaiDat"}. Executing controller action with signature System.Threading.Tasks.Task`1[Microsoft.AspNetCore.Mvc.IActionResult] GetListAsync(Xim.Domain.Pagings.paging) on controller Xim.AppApi.Controllers.CaiDatController (API).


2025-09-12 08:01:56.1720-INFO-Microsoft.AspNetCore.Mvc.Infrastructure.ObjectResultExecutor-http://localhost/CaiDats/getall-GetList:
Executing OkObjectResult, writing value of type '<>f__AnonymousType0`5[[System.Collections.IList, System.Private.CoreLib, Version=8.0.0.0, Culture=neutral, PublicKeyToken=7cec85d7bea7798e],[System.Int32, System.Private.CoreLib, Version=8.0.0.0, Culture=neutral, PublicKeyToken=7cec85d7bea7798e],[System.Int32, System.Private.CoreLib, Version=8.0.0.0, Culture=neutral, PublicKeyToken=7cec85d7bea7798e],[System.Int32, System.Private.CoreLib, Version=8.0.0.0, Culture=neutral, PublicKeyToken=7cec85d7bea7798e],[System.Int32, System.Private.CoreLib, Version=8.0.0.0, Culture=neutral, PublicKeyToken=7cec85d7bea7798e]]'.


2025-09-12 08:01:56.1720-INFO-Microsoft.AspNetCore.Mvc.Infrastructure.ControllerActionInvoker-http://localhost/CaiDats/getall-GetList:
Executed action Xim.AppApi.Controllers.CaiDatController.GetListAsync (API) in 78.8135ms


2025-09-12 08:01:56.1720-INFO-Microsoft.AspNetCore.Routing.EndpointMiddleware-http://localhost/CaiDats/getall-GetList:
Executed endpoint 'Xim.AppApi.Controllers.CaiDatController.GetListAsync (API)'


2025-09-12 08:01:56.1720-INFO-Microsoft.AspNetCore.Hosting.Diagnostics-http://localhost/CaiDats/getall-GetList:
Request finished HTTP/1.1 POST http://localhost:5260/CaiDats/getall - 200 73 application/json;+charset=utf-8 160.2395ms


2025-09-12 08:02:27.4896-INFO-Microsoft.AspNetCore.Hosting.Diagnostics-http://localhost/CaiDats/d3669e20-34f3-47d7-96ff-8de872d6a4fd-:
Request starting HTTP/1.1 GET http://localhost:5260/CaiDats/d3669e20-34f3-47d7-96ff-8de872d6a4fd - - -


2025-09-12 08:02:27.5601-INFO-Microsoft.AspNetCore.Routing.EndpointMiddleware-http://localhost/CaiDats/d3669e20-34f3-47d7-96ff-8de872d6a4fd-Get:
Executing endpoint 'Xim.AppApi.Controllers.CaiDatController.GetAsync (API)'


2025-09-12 08:02:27.5601-INFO-Microsoft.AspNetCore.Mvc.Infrastructure.ControllerActionInvoker-http://localhost/CaiDats/d3669e20-34f3-47d7-96ff-8de872d6a4fd-Get:
Route matched with {action = "Get", controller = "CaiDat"}. Executing controller action with signature System.Threading.Tasks.Task`1[Microsoft.AspNetCore.Mvc.IActionResult] GetAsync(System.Guid) on controller Xim.AppApi.Controllers.CaiDatController (API).


2025-09-12 08:02:27.5990-INFO-Microsoft.AspNetCore.Mvc.Infrastructure.ObjectResultExecutor-http://localhost/CaiDats/d3669e20-34f3-47d7-96ff-8de872d6a4fd-Get:
Executing OkObjectResult, writing value of type 'Xim.Application.Contracts.CaiDat.CaiDatDtoView'.


2025-09-12 08:02:27.6040-INFO-Microsoft.AspNetCore.Mvc.Infrastructure.ControllerActionInvoker-http://localhost/CaiDats/d3669e20-34f3-47d7-96ff-8de872d6a4fd-Get:
Executed action Xim.AppApi.Controllers.CaiDatController.GetAsync (API) in 35.5988ms


2025-09-12 08:02:27.6040-INFO-Microsoft.AspNetCore.Routing.EndpointMiddleware-http://localhost/CaiDats/d3669e20-34f3-47d7-96ff-8de872d6a4fd-Get:
Executed endpoint 'Xim.AppApi.Controllers.CaiDatController.GetAsync (API)'


2025-09-12 08:02:27.6040-INFO-Microsoft.AspNetCore.Hosting.Diagnostics-http://localhost/CaiDats/d3669e20-34f3-47d7-96ff-8de872d6a4fd-Get:
Request finished HTTP/1.1 GET http://localhost:5260/CaiDats/d3669e20-34f3-47d7-96ff-8de872d6a4fd - 200 638 application/json;+charset=utf-8 119.3388ms


2025-09-12 08:02:41.5186-INFO-Microsoft.AspNetCore.Hosting.Diagnostics-http://localhost/CaiDats/getall-:
Request starting HTTP/1.1 POST http://localhost:5260/CaiDats/getall - application/json-patch+json 38


2025-09-12 08:02:41.5186-INFO-Microsoft.AspNetCore.Cors.Infrastructure.CorsService-http://localhost/CaiDats/getall-GetList:
CORS policy execution successful.


2025-09-12 08:02:41.5186-INFO-Microsoft.AspNetCore.Routing.EndpointMiddleware-http://localhost/CaiDats/getall-GetList:
Executing endpoint 'Xim.AppApi.Controllers.CaiDatController.GetListAsync (API)'


2025-09-12 08:02:41.5186-INFO-Microsoft.AspNetCore.Mvc.Infrastructure.ControllerActionInvoker-http://localhost/CaiDats/getall-GetList:
Route matched with {action = "GetList", controller = "CaiDat"}. Executing controller action with signature System.Threading.Tasks.Task`1[Microsoft.AspNetCore.Mvc.IActionResult] GetListAsync(Xim.Domain.Pagings.paging) on controller Xim.AppApi.Controllers.CaiDatController (API).


2025-09-12 08:02:41.5318-INFO-Microsoft.AspNetCore.Mvc.Infrastructure.ObjectResultExecutor-http://localhost/CaiDats/getall-GetList:
Executing OkObjectResult, writing value of type '<>f__AnonymousType0`5[[System.Collections.IList, System.Private.CoreLib, Version=8.0.0.0, Culture=neutral, PublicKeyToken=7cec85d7bea7798e],[System.Int32, System.Private.CoreLib, Version=8.0.0.0, Culture=neutral, PublicKeyToken=7cec85d7bea7798e],[System.Int32, System.Private.CoreLib, Version=8.0.0.0, Culture=neutral, PublicKeyToken=7cec85d7bea7798e],[System.Int32, System.Private.CoreLib, Version=8.0.0.0, Culture=neutral, PublicKeyToken=7cec85d7bea7798e],[System.Int32, System.Private.CoreLib, Version=8.0.0.0, Culture=neutral, PublicKeyToken=7cec85d7bea7798e]]'.


2025-09-12 08:02:41.5428-INFO-Microsoft.AspNetCore.Mvc.Infrastructure.ControllerActionInvoker-http://localhost/CaiDats/getall-GetList:
Executed action Xim.AppApi.Controllers.CaiDatController.GetListAsync (API) in 21.5413ms


2025-09-12 08:02:41.5428-INFO-Microsoft.AspNetCore.Routing.EndpointMiddleware-http://localhost/CaiDats/getall-GetList:
Executed endpoint 'Xim.AppApi.Controllers.CaiDatController.GetListAsync (API)'


2025-09-12 08:02:41.5428-INFO-Microsoft.AspNetCore.Hosting.Diagnostics-http://localhost/CaiDats/getall-GetList:
Request finished HTTP/1.1 POST http://localhost:5260/CaiDats/getall - 200 74 application/json;+charset=utf-8 25.1776ms


2025-09-12 08:03:03.3241-INFO-Microsoft.AspNetCore.Hosting.Diagnostics-http://localhost/Capbacs/getall-:
Request starting HTTP/1.1 POST http://localhost:5260/Capbacs/getall - application/json-patch+json 38


2025-09-12 08:03:03.3241-INFO-Microsoft.AspNetCore.Cors.Infrastructure.CorsService-http://localhost/Capbacs/getall-GetList:
CORS policy execution successful.


2025-09-12 08:03:03.3710-INFO-Microsoft.AspNetCore.Routing.EndpointMiddleware-http://localhost/Capbacs/getall-GetList:
Executing endpoint 'Xim.AppApi.Controllers.CapbacController.GetListAsync (API)'


2025-09-12 08:03:03.3710-INFO-Microsoft.AspNetCore.Mvc.Infrastructure.ControllerActionInvoker-http://localhost/Capbacs/getall-GetList:
Route matched with {action = "GetList", controller = "Capbac"}. Executing controller action with signature System.Threading.Tasks.Task`1[Microsoft.AspNetCore.Mvc.IActionResult] GetListAsync(Xim.Domain.Pagings.paging) on controller Xim.AppApi.Controllers.CapbacController (API).


2025-09-12 08:03:03.3878-INFO-Microsoft.AspNetCore.Mvc.Infrastructure.ObjectResultExecutor-http://localhost/Capbacs/getall-GetList:
Executing OkObjectResult, writing value of type '<>f__AnonymousType0`5[[System.Collections.IList, System.Private.CoreLib, Version=8.0.0.0, Culture=neutral, PublicKeyToken=7cec85d7bea7798e],[System.Int32, System.Private.CoreLib, Version=8.0.0.0, Culture=neutral, PublicKeyToken=7cec85d7bea7798e],[System.Int32, System.Private.CoreLib, Version=8.0.0.0, Culture=neutral, PublicKeyToken=7cec85d7bea7798e],[System.Int32, System.Private.CoreLib, Version=8.0.0.0, Culture=neutral, PublicKeyToken=7cec85d7bea7798e],[System.Int32, System.Private.CoreLib, Version=8.0.0.0, Culture=neutral, PublicKeyToken=7cec85d7bea7798e]]'.


2025-09-12 08:03:03.3878-INFO-Microsoft.AspNetCore.Mvc.Infrastructure.ControllerActionInvoker-http://localhost/Capbacs/getall-GetList:
Executed action Xim.AppApi.Controllers.CapbacController.GetListAsync (API) in 23.1333ms


2025-09-12 08:03:03.4012-INFO-Microsoft.AspNetCore.Routing.EndpointMiddleware-http://localhost/Capbacs/getall-GetList:
Executed endpoint 'Xim.AppApi.Controllers.CapbacController.GetListAsync (API)'


2025-09-12 08:03:03.4012-INFO-Microsoft.AspNetCore.Hosting.Diagnostics-http://localhost/Capbacs/getall-GetList:
Request finished HTTP/1.1 POST http://localhost:5260/Capbacs/getall - 200 202 application/json;+charset=utf-8 77.2262ms


2025-09-12 08:03:32.9709-INFO-Microsoft.AspNetCore.Hosting.Diagnostics-http://localhost/HoatDongs/getall-:
Request starting HTTP/1.1 POST http://localhost:5260/HoatDongs/getall - application/json-patch+json 38


2025-09-12 08:03:32.9813-INFO-Microsoft.AspNetCore.Cors.Infrastructure.CorsService-http://localhost/HoatDongs/getall-GetList:
CORS policy execution successful.


2025-09-12 08:03:32.9813-INFO-Microsoft.AspNetCore.Routing.EndpointMiddleware-http://localhost/HoatDongs/getall-GetList:
Executing endpoint 'Xim.AppApi.Controllers.HoatDongController.GetListAsync (API)'


2025-09-12 08:03:32.9813-INFO-Microsoft.AspNetCore.Mvc.Infrastructure.ControllerActionInvoker-http://localhost/HoatDongs/getall-GetList:
Route matched with {action = "GetList", controller = "HoatDong"}. Executing controller action with signature System.Threading.Tasks.Task`1[Microsoft.AspNetCore.Mvc.IActionResult] GetListAsync(Xim.Domain.Pagings.paging) on controller Xim.AppApi.Controllers.HoatDongController (API).


2025-09-12 08:03:33.0426-INFO-Microsoft.AspNetCore.Mvc.Infrastructure.ObjectResultExecutor-http://localhost/HoatDongs/getall-GetList:
Executing OkObjectResult, writing value of type '<>f__AnonymousType0`5[[System.Collections.IList, System.Private.CoreLib, Version=8.0.0.0, Culture=neutral, PublicKeyToken=7cec85d7bea7798e],[System.Int32, System.Private.CoreLib, Version=8.0.0.0, Culture=neutral, PublicKeyToken=7cec85d7bea7798e],[System.Int32, System.Private.CoreLib, Version=8.0.0.0, Culture=neutral, PublicKeyToken=7cec85d7bea7798e],[System.Int32, System.Private.CoreLib, Version=8.0.0.0, Culture=neutral, PublicKeyToken=7cec85d7bea7798e],[System.Int32, System.Private.CoreLib, Version=8.0.0.0, Culture=neutral, PublicKeyToken=7cec85d7bea7798e]]'.


2025-09-12 08:03:33.0426-INFO-Microsoft.AspNetCore.Mvc.Infrastructure.ControllerActionInvoker-http://localhost/HoatDongs/getall-GetList:
Executed action Xim.AppApi.Controllers.HoatDongController.GetListAsync (API) in 62.6017ms


2025-09-12 08:03:33.0426-INFO-Microsoft.AspNetCore.Routing.EndpointMiddleware-http://localhost/HoatDongs/getall-GetList:
Executed endpoint 'Xim.AppApi.Controllers.HoatDongController.GetListAsync (API)'


2025-09-12 08:03:33.0426-INFO-Microsoft.AspNetCore.Hosting.Diagnostics-http://localhost/HoatDongs/getall-GetList:
Request finished HTTP/1.1 POST http://localhost:5260/HoatDongs/getall - 200 960 application/json;+charset=utf-8 87.6275ms


2025-09-12 08:03:41.9174-INFO-Microsoft.AspNetCore.Hosting.Diagnostics-http://localhost/HoatDongs/81719a39-9204-4d70-9150-d8c6749d97c0-:
Request starting HTTP/1.1 GET http://localhost:5260/HoatDongs/81719a39-9204-4d70-9150-d8c6749d97c0 - - -


2025-09-12 08:03:41.9174-INFO-Microsoft.AspNetCore.Routing.EndpointMiddleware-http://localhost/HoatDongs/81719a39-9204-4d70-9150-d8c6749d97c0-Get:
Executing endpoint 'Xim.AppApi.Controllers.HoatDongController.GetAsync (API)'


2025-09-12 08:03:41.9174-INFO-Microsoft.AspNetCore.Mvc.Infrastructure.ControllerActionInvoker-http://localhost/HoatDongs/81719a39-9204-4d70-9150-d8c6749d97c0-Get:
Route matched with {action = "Get", controller = "HoatDong"}. Executing controller action with signature System.Threading.Tasks.Task`1[Microsoft.AspNetCore.Mvc.IActionResult] GetAsync(System.Guid) on controller Xim.AppApi.Controllers.HoatDongController (API).


2025-09-12 08:03:46.7802-INFO-Microsoft.AspNetCore.Mvc.Infrastructure.ObjectResultExecutor-http://localhost/HoatDongs/81719a39-9204-4d70-9150-d8c6749d97c0-Get:
Executing OkObjectResult, writing value of type 'Xim.Application.Contracts.HoatDong.HoatDongDtoView'.


2025-09-12 08:03:46.7802-INFO-Microsoft.AspNetCore.Mvc.Infrastructure.ControllerActionInvoker-http://localhost/HoatDongs/81719a39-9204-4d70-9150-d8c6749d97c0-Get:
Executed action Xim.AppApi.Controllers.HoatDongController.GetAsync (API) in 4859.5307ms


2025-09-12 08:03:46.7802-INFO-Microsoft.AspNetCore.Routing.EndpointMiddleware-http://localhost/HoatDongs/81719a39-9204-4d70-9150-d8c6749d97c0-Get:
Executed endpoint 'Xim.AppApi.Controllers.HoatDongController.GetAsync (API)'


2025-09-12 08:03:46.7802-INFO-Microsoft.AspNetCore.Hosting.Diagnostics-http://localhost/HoatDongs/81719a39-9204-4d70-9150-d8c6749d97c0-Get:
Request finished HTTP/1.1 GET http://localhost:5260/HoatDongs/81719a39-9204-4d70-9150-d8c6749d97c0 - 200 693 application/json;+charset=utf-8 4866.3085ms


2025-09-12 08:04:28.5403-INFO-Microsoft.AspNetCore.Hosting.Diagnostics-http://localhost/Menus/getall-:
Request starting HTTP/1.1 POST http://localhost:5260/Menus/getall - application/json-patch+json 40


2025-09-12 08:04:28.5607-INFO-Microsoft.AspNetCore.Cors.Infrastructure.CorsService-http://localhost/Menus/getall-GetList:
CORS policy execution successful.


2025-09-12 08:04:28.5607-INFO-Microsoft.AspNetCore.Routing.EndpointMiddleware-http://localhost/Menus/getall-GetList:
Executing endpoint 'Xim.AppApi.Controllers.MenuController.GetListAsync (API)'


2025-09-12 08:04:28.5968-INFO-Microsoft.AspNetCore.Mvc.Infrastructure.ControllerActionInvoker-http://localhost/Menus/getall-GetList:
Route matched with {action = "GetList", controller = "Menu"}. Executing controller action with signature System.Threading.Tasks.Task`1[Microsoft.AspNetCore.Mvc.IActionResult] GetListAsync(Xim.Domain.Pagings.paging) on controller Xim.AppApi.Controllers.MenuController (API).


2025-09-12 08:04:38.4820-INFO-Microsoft.AspNetCore.Mvc.Infrastructure.ObjectResultExecutor-http://localhost/Menus/getall-GetList:
Executing OkObjectResult, writing value of type '<>f__AnonymousType0`5[[System.Collections.IList, System.Private.CoreLib, Version=8.0.0.0, Culture=neutral, PublicKeyToken=7cec85d7bea7798e],[System.Int32, System.Private.CoreLib, Version=8.0.0.0, Culture=neutral, PublicKeyToken=7cec85d7bea7798e],[System.Int32, System.Private.CoreLib, Version=8.0.0.0, Culture=neutral, PublicKeyToken=7cec85d7bea7798e],[System.Int32, System.Private.CoreLib, Version=8.0.0.0, Culture=neutral, PublicKeyToken=7cec85d7bea7798e],[System.Int32, System.Private.CoreLib, Version=8.0.0.0, Culture=neutral, PublicKeyToken=7cec85d7bea7798e]]'.


2025-09-12 08:04:38.4820-INFO-Microsoft.AspNetCore.Mvc.Infrastructure.ControllerActionInvoker-http://localhost/Menus/getall-GetList:
Executed action Xim.AppApi.Controllers.MenuController.GetListAsync (API) in 9892.9974ms


2025-09-12 08:04:38.4820-INFO-Microsoft.AspNetCore.Routing.EndpointMiddleware-http://localhost/Menus/getall-GetList:
Executed endpoint 'Xim.AppApi.Controllers.MenuController.GetListAsync (API)'


2025-09-12 08:04:38.4820-INFO-Microsoft.AspNetCore.Hosting.Diagnostics-http://localhost/Menus/getall-GetList:
Request finished HTTP/1.1 POST http://localhost:5260/Menus/getall - 200 1317 application/json;+charset=utf-8 9952.0855ms


2025-09-12 08:04:57.5184-INFO-Microsoft.AspNetCore.Hosting.Diagnostics-http://localhost/MenuSubs/getall-:
Request starting HTTP/1.1 POST http://localhost:5260/MenuSubs/getall - application/json-patch+json 40


2025-09-12 08:04:57.5290-INFO-Microsoft.AspNetCore.Cors.Infrastructure.CorsService-http://localhost/MenuSubs/getall-GetList:
CORS policy execution successful.


2025-09-12 08:04:57.5290-INFO-Microsoft.AspNetCore.Routing.EndpointMiddleware-http://localhost/MenuSubs/getall-GetList:
Executing endpoint 'Xim.AppApi.Controllers.MenuSubController.GetListAsync (API)'


2025-09-12 08:04:57.5441-INFO-Microsoft.AspNetCore.Mvc.Infrastructure.ControllerActionInvoker-http://localhost/MenuSubs/getall-GetList:
Route matched with {action = "GetList", controller = "MenuSub"}. Executing controller action with signature System.Threading.Tasks.Task`1[Microsoft.AspNetCore.Mvc.IActionResult] GetListAsync(Xim.Domain.Pagings.paging) on controller Xim.AppApi.Controllers.MenuSubController (API).


2025-09-12 08:04:57.5657-INFO-Microsoft.AspNetCore.Mvc.Infrastructure.ObjectResultExecutor-http://localhost/MenuSubs/getall-GetList:
Executing OkObjectResult, writing value of type '<>f__AnonymousType0`5[[System.Collections.IList, System.Private.CoreLib, Version=8.0.0.0, Culture=neutral, PublicKeyToken=7cec85d7bea7798e],[System.Int32, System.Private.CoreLib, Version=8.0.0.0, Culture=neutral, PublicKeyToken=7cec85d7bea7798e],[System.Int32, System.Private.CoreLib, Version=8.0.0.0, Culture=neutral, PublicKeyToken=7cec85d7bea7798e],[System.Int32, System.Private.CoreLib, Version=8.0.0.0, Culture=neutral, PublicKeyToken=7cec85d7bea7798e],[System.Int32, System.Private.CoreLib, Version=8.0.0.0, Culture=neutral, PublicKeyToken=7cec85d7bea7798e]]'.


2025-09-12 08:04:57.5657-INFO-Microsoft.AspNetCore.Mvc.Infrastructure.ControllerActionInvoker-http://localhost/MenuSubs/getall-GetList:
Executed action Xim.AppApi.Controllers.MenuSubController.GetListAsync (API) in 18.0887ms


2025-09-12 08:04:57.5657-INFO-Microsoft.AspNetCore.Routing.EndpointMiddleware-http://localhost/MenuSubs/getall-GetList:
Executed endpoint 'Xim.AppApi.Controllers.MenuSubController.GetListAsync (API)'


2025-09-12 08:04:57.5657-INFO-Microsoft.AspNetCore.Hosting.Diagnostics-http://localhost/MenuSubs/getall-GetList:
Request finished HTTP/1.1 POST http://localhost:5260/MenuSubs/getall - 200 587 application/json;+charset=utf-8 52.6142ms


2025-09-12 08:09:35.8120-INFO-Microsoft.AspNetCore.Hosting.Diagnostics-http://localhost/TinTucs/getall-:
Request starting HTTP/1.1 POST http://localhost:5260/TinTucs/getall - application/json-patch+json 40


2025-09-12 08:09:35.8120-INFO-Microsoft.AspNetCore.Cors.Infrastructure.CorsService-http://localhost/TinTucs/getall-GetList:
CORS policy execution successful.


2025-09-12 08:09:35.8514-INFO-Microsoft.AspNetCore.Routing.EndpointMiddleware-http://localhost/TinTucs/getall-GetList:
Executing endpoint 'Xim.AppApi.Controllers.TinTucController.GetListAsync (API)'


2025-09-12 08:09:35.8590-INFO-Microsoft.AspNetCore.Mvc.Infrastructure.ControllerActionInvoker-http://localhost/TinTucs/getall-GetList:
Route matched with {action = "GetList", controller = "TinTuc"}. Executing controller action with signature System.Threading.Tasks.Task`1[Microsoft.AspNetCore.Mvc.IActionResult] GetListAsync(Xim.Domain.Pagings.paging) on controller Xim.AppApi.Controllers.TinTucController (API).


2025-09-12 08:09:35.8590-INFO-Microsoft.AspNetCore.Mvc.Infrastructure.ObjectResultExecutor-http://localhost/TinTucs/getall-GetList:
Executing OkObjectResult, writing value of type '<>f__AnonymousType0`5[[System.Collections.IList, System.Private.CoreLib, Version=8.0.0.0, Culture=neutral, PublicKeyToken=7cec85d7bea7798e],[System.Int32, System.Private.CoreLib, Version=8.0.0.0, Culture=neutral, PublicKeyToken=7cec85d7bea7798e],[System.Int32, System.Private.CoreLib, Version=8.0.0.0, Culture=neutral, PublicKeyToken=7cec85d7bea7798e],[System.Int32, System.Private.CoreLib, Version=8.0.0.0, Culture=neutral, PublicKeyToken=7cec85d7bea7798e],[System.Int32, System.Private.CoreLib, Version=8.0.0.0, Culture=neutral, PublicKeyToken=7cec85d7bea7798e]]'.


2025-09-12 08:09:35.8975-INFO-Microsoft.AspNetCore.Mvc.Infrastructure.ControllerActionInvoker-http://localhost/TinTucs/getall-GetList:
Executed action Xim.AppApi.Controllers.TinTucController.GetListAsync (API) in 33.0173ms


2025-09-12 08:09:35.8975-INFO-Microsoft.AspNetCore.Routing.EndpointMiddleware-http://localhost/TinTucs/getall-GetList:
Executed endpoint 'Xim.AppApi.Controllers.TinTucController.GetListAsync (API)'


2025-09-12 08:09:35.8975-INFO-Microsoft.AspNetCore.Hosting.Diagnostics-http://localhost/TinTucs/getall-GetList:
Request finished HTTP/1.1 POST http://localhost:5260/TinTucs/getall - 200 138229 application/json;+charset=utf-8 80.9930ms


2025-09-12 10:32:06.6566-INFO-Microsoft.AspNetCore.DataProtection.KeyManagement.XmlKeyManager--:
User profile is available. Using 'C:\Users\BTL86\AppData\Local\ASP.NET\DataProtection-Keys' as key repository and Windows DPAPI to encrypt keys at rest.


2025-09-12 10:32:06.8242-INFO-Microsoft.Hosting.Lifetime--:
Now listening on: http://localhost:5260


2025-09-12 10:32:06.8819-INFO-Microsoft.Hosting.Lifetime--:
Application started. Press Ctrl+C to shut down.


2025-09-12 10:32:06.8819-INFO-Microsoft.Hosting.Lifetime--:
Hosting environment: Development


2025-09-12 10:32:06.8819-INFO-Microsoft.Hosting.Lifetime--:
Content root path: C:\Code\Cong TT\CodeBECong\Api\Xim.AppApi


2025-09-12 10:32:07.5595-INFO-Microsoft.AspNetCore.Hosting.Diagnostics-http://localhost/swagger/index.html-:
Request starting HTTP/1.1 GET http://localhost:5260/swagger/index.html - - -


2025-09-12 10:32:07.6839-INFO-Microsoft.AspNetCore.Hosting.Diagnostics-http://localhost/swagger/index.html-:
Request finished HTTP/1.1 GET http://localhost:5260/swagger/index.html - 200 - text/html;charset=utf-8 128.7773ms


2025-09-12 10:32:07.8735-INFO-Microsoft.AspNetCore.Hosting.Diagnostics-http://localhost/swagger/v1/swagger.json-:
Request starting HTTP/1.1 GET http://localhost:5260/swagger/v1/swagger.json - - -


2025-09-12 10:32:08.0026-INFO-Microsoft.AspNetCore.Hosting.Diagnostics-http://localhost/swagger/v1/swagger.json-:
Request finished HTTP/1.1 GET http://localhost:5260/swagger/v1/swagger.json - 200 - application/json;charset=utf-8 131.0533ms


2025-09-12 10:32:23.9002-INFO-Microsoft.AspNetCore.Hosting.Diagnostics-http://localhost/Accounts/login-:
Request starting HTTP/1.1 POST http://localhost:5260/Accounts/login - application/json-patch+json 49


2025-09-12 10:32:23.9071-INFO-Microsoft.AspNetCore.Cors.Infrastructure.CorsService-http://localhost/Accounts/login-Login:
CORS policy execution successful.


2025-09-12 10:32:23.9930-INFO-Microsoft.AspNetCore.Routing.EndpointMiddleware-http://localhost/Accounts/login-Login:
Executing endpoint 'Xim.AppApi.Controllers.AccountController.LoginAsync (API)'


2025-09-12 10:32:24.0113-INFO-Microsoft.AspNetCore.Mvc.Infrastructure.ControllerActionInvoker-http://localhost/Accounts/login-Login:
Route matched with {action = "Login", controller = "Account"}. Executing controller action with signature System.Threading.Tasks.Task`1[Microsoft.AspNetCore.Mvc.IActionResult] LoginAsync(Xim.Application.Contracts.Users.UserDtoLogin) on controller Xim.AppApi.Controllers.AccountController (API).


2025-09-12 10:32:24.1823-INFO-Microsoft.AspNetCore.Mvc.Infrastructure.ObjectResultExecutor-http://localhost/Accounts/login-Login:
Executing OkObjectResult, writing value of type 'Xim.AppApi.Controllers.AccountController+JwtTokenInfo'.


2025-09-12 10:32:24.1985-INFO-Microsoft.AspNetCore.Mvc.Infrastructure.ControllerActionInvoker-http://localhost/Accounts/login-Login:
Executed action Xim.AppApi.Controllers.AccountController.LoginAsync (API) in 177.4808ms


2025-09-12 10:32:24.1985-INFO-Microsoft.AspNetCore.Routing.EndpointMiddleware-http://localhost/Accounts/login-Login:
Executed endpoint 'Xim.AppApi.Controllers.AccountController.LoginAsync (API)'


2025-09-12 10:32:24.1985-INFO-Microsoft.AspNetCore.Hosting.Diagnostics-http://localhost/Accounts/login-Login:
Request finished HTTP/1.1 POST http://localhost:5260/Accounts/login - 200 599 application/json;+charset=utf-8 311.2355ms


2025-09-12 10:35:02.3202-INFO-Microsoft.AspNetCore.Hosting.Diagnostics-http://localhost/ThuTruongBQPs/getall-:
Request starting HTTP/1.1 POST http://localhost:5260/ThuTruongBQPs/getall - application/json-patch+json 40


2025-09-12 10:35:02.3413-INFO-Microsoft.AspNetCore.Cors.Infrastructure.CorsService-http://localhost/ThuTruongBQPs/getall-GetList:
CORS policy execution successful.


2025-09-12 10:35:02.4239-INFO-Microsoft.AspNetCore.Routing.EndpointMiddleware-http://localhost/ThuTruongBQPs/getall-GetList:
Executing endpoint 'Xim.AppApi.Controllers.ThuTruongBQPController.GetListAsync (API)'


2025-09-12 10:35:02.4344-INFO-Microsoft.AspNetCore.Mvc.Infrastructure.ControllerActionInvoker-http://localhost/ThuTruongBQPs/getall-GetList:
Route matched with {action = "GetList", controller = "ThuTruongBQP"}. Executing controller action with signature System.Threading.Tasks.Task`1[Microsoft.AspNetCore.Mvc.IActionResult] GetListAsync(Xim.Domain.Pagings.paging) on controller Xim.AppApi.Controllers.ThuTruongBQPController (API).


2025-09-12 10:35:02.5208-INFO-Microsoft.AspNetCore.Mvc.Infrastructure.ObjectResultExecutor-http://localhost/ThuTruongBQPs/getall-GetList:
Executing OkObjectResult, writing value of type '<>f__AnonymousType0`5[[System.Collections.IList, System.Private.CoreLib, Version=8.0.0.0, Culture=neutral, PublicKeyToken=7cec85d7bea7798e],[System.Int32, System.Private.CoreLib, Version=8.0.0.0, Culture=neutral, PublicKeyToken=7cec85d7bea7798e],[System.Int32, System.Private.CoreLib, Version=8.0.0.0, Culture=neutral, PublicKeyToken=7cec85d7bea7798e],[System.Int32, System.Private.CoreLib, Version=8.0.0.0, Culture=neutral, PublicKeyToken=7cec85d7bea7798e],[System.Int32, System.Private.CoreLib, Version=8.0.0.0, Culture=neutral, PublicKeyToken=7cec85d7bea7798e]]'.


2025-09-12 10:35:02.5277-INFO-Microsoft.AspNetCore.Mvc.Infrastructure.ControllerActionInvoker-http://localhost/ThuTruongBQPs/getall-GetList:
Executed action Xim.AppApi.Controllers.ThuTruongBQPController.GetListAsync (API) in 93.7651ms


2025-09-12 10:35:02.5277-INFO-Microsoft.AspNetCore.Routing.EndpointMiddleware-http://localhost/ThuTruongBQPs/getall-GetList:
Executed endpoint 'Xim.AppApi.Controllers.ThuTruongBQPController.GetListAsync (API)'


2025-09-12 10:35:02.5277-INFO-Microsoft.AspNetCore.Hosting.Diagnostics-http://localhost/ThuTruongBQPs/getall-GetList:
Request finished HTTP/1.1 POST http://localhost:5260/ThuTruongBQPs/getall - 200 1300 application/json;+charset=utf-8 248.1996ms


2025-09-12 10:37:06.6397-INFO-Microsoft.AspNetCore.Hosting.Diagnostics-http://localhost/ThuTruongBQPs/getall-:
Request starting HTTP/1.1 POST http://localhost:5260/ThuTruongBQPs/getall - application/json-patch+json 40


2025-09-12 10:37:06.6795-INFO-Microsoft.AspNetCore.Cors.Infrastructure.CorsService-http://localhost/ThuTruongBQPs/getall-GetList:
CORS policy execution successful.


2025-09-12 10:37:06.7013-INFO-Microsoft.AspNetCore.Routing.EndpointMiddleware-http://localhost/ThuTruongBQPs/getall-GetList:
Executing endpoint 'Xim.AppApi.Controllers.ThuTruongBQPController.GetListAsync (API)'


2025-09-12 10:37:06.7013-INFO-Microsoft.AspNetCore.Mvc.Infrastructure.ControllerActionInvoker-http://localhost/ThuTruongBQPs/getall-GetList:
Route matched with {action = "GetList", controller = "ThuTruongBQP"}. Executing controller action with signature System.Threading.Tasks.Task`1[Microsoft.AspNetCore.Mvc.IActionResult] GetListAsync(Xim.Domain.Pagings.paging) on controller Xim.AppApi.Controllers.ThuTruongBQPController (API).


2025-09-12 10:40:10.7363-INFO-Microsoft.AspNetCore.DataProtection.KeyManagement.XmlKeyManager--:
User profile is available. Using 'C:\Users\BTL86\AppData\Local\ASP.NET\DataProtection-Keys' as key repository and Windows DPAPI to encrypt keys at rest.


2025-09-12 10:40:10.9094-INFO-Microsoft.Hosting.Lifetime--:
Now listening on: http://localhost:5260


2025-09-12 10:40:10.9938-INFO-Microsoft.Hosting.Lifetime--:
Application started. Press Ctrl+C to shut down.


2025-09-12 10:40:10.9938-INFO-Microsoft.Hosting.Lifetime--:
Hosting environment: Development


2025-09-12 10:40:10.9938-INFO-Microsoft.Hosting.Lifetime--:
Content root path: C:\Code\Cong TT\CodeBECong\Api\Xim.AppApi


2025-09-12 10:40:11.4063-INFO-Microsoft.AspNetCore.Hosting.Diagnostics-http://localhost/swagger/index.html-:
Request starting HTTP/1.1 GET http://localhost:5260/swagger/index.html - - -


2025-09-12 10:40:11.5690-INFO-Microsoft.AspNetCore.Hosting.Diagnostics-http://localhost/swagger/index.html-:
Request finished HTTP/1.1 GET http://localhost:5260/swagger/index.html - 200 - text/html;charset=utf-8 167.4802ms


2025-09-12 10:40:11.8069-INFO-Microsoft.AspNetCore.Hosting.Diagnostics-http://localhost/swagger/v1/swagger.json-:
Request starting HTTP/1.1 GET http://localhost:5260/swagger/v1/swagger.json - - -


2025-09-12 10:40:11.9319-INFO-Microsoft.AspNetCore.Hosting.Diagnostics-http://localhost/swagger/v1/swagger.json-:
Request finished HTTP/1.1 GET http://localhost:5260/swagger/v1/swagger.json - 200 - application/json;charset=utf-8 125.8020ms


2025-09-12 10:40:24.7967-INFO-Microsoft.AspNetCore.Hosting.Diagnostics-http://localhost/swagger/index.html-:
Request starting HTTP/1.1 GET http://localhost:5260/swagger/index.html - - -


2025-09-12 10:40:24.7967-INFO-Microsoft.AspNetCore.Hosting.Diagnostics-http://localhost/swagger/index.html-:
Request finished HTTP/1.1 GET http://localhost:5260/swagger/index.html - 200 - text/html;charset=utf-8 4.2499ms


2025-09-12 10:40:24.9292-INFO-Microsoft.AspNetCore.Hosting.Diagnostics-http://localhost/swagger/v1/swagger.json-:
Request starting HTTP/1.1 GET http://localhost:5260/swagger/v1/swagger.json - - -


2025-09-12 10:40:25.0922-INFO-Microsoft.AspNetCore.Hosting.Diagnostics-http://localhost/swagger/v1/swagger.json-:
Request finished HTTP/1.1 GET http://localhost:5260/swagger/v1/swagger.json - 200 - application/json;charset=utf-8 163.6955ms


2025-09-12 10:40:35.8301-INFO-Microsoft.AspNetCore.Hosting.Diagnostics-http://localhost/Accounts/login-:
Request starting HTTP/1.1 POST http://localhost:5260/Accounts/login - application/json-patch+json 49


2025-09-12 10:40:35.8429-INFO-Microsoft.AspNetCore.Cors.Infrastructure.CorsService-http://localhost/Accounts/login-Login:
CORS policy execution successful.


2025-09-12 10:40:35.8979-INFO-Microsoft.AspNetCore.Routing.EndpointMiddleware-http://localhost/Accounts/login-Login:
Executing endpoint 'Xim.AppApi.Controllers.AccountController.LoginAsync (API)'


2025-09-12 10:40:35.9247-INFO-Microsoft.AspNetCore.Mvc.Infrastructure.ControllerActionInvoker-http://localhost/Accounts/login-Login:
Route matched with {action = "Login", controller = "Account"}. Executing controller action with signature System.Threading.Tasks.Task`1[Microsoft.AspNetCore.Mvc.IActionResult] LoginAsync(Xim.Application.Contracts.Users.UserDtoLogin) on controller Xim.AppApi.Controllers.AccountController (API).


2025-09-12 10:40:36.0796-INFO-Microsoft.AspNetCore.Mvc.Infrastructure.ObjectResultExecutor-http://localhost/Accounts/login-Login:
Executing OkObjectResult, writing value of type 'Xim.AppApi.Controllers.AccountController+JwtTokenInfo'.


2025-09-12 10:40:36.0926-INFO-Microsoft.AspNetCore.Mvc.Infrastructure.ControllerActionInvoker-http://localhost/Accounts/login-Login:
Executed action Xim.AppApi.Controllers.AccountController.LoginAsync (API) in 170.7909ms


2025-09-12 10:40:36.0926-INFO-Microsoft.AspNetCore.Routing.EndpointMiddleware-http://localhost/Accounts/login-Login:
Executed endpoint 'Xim.AppApi.Controllers.AccountController.LoginAsync (API)'


2025-09-12 10:40:36.0926-INFO-Microsoft.AspNetCore.Hosting.Diagnostics-http://localhost/Accounts/login-Login:
Request finished HTTP/1.1 POST http://localhost:5260/Accounts/login - 200 599 application/json;+charset=utf-8 274.6949ms


2025-09-12 10:41:04.9524-INFO-Microsoft.AspNetCore.Hosting.Diagnostics-http://localhost/ThuTruongBQPs/getall-:
Request starting HTTP/1.1 POST http://localhost:5260/ThuTruongBQPs/getall - application/json-patch+json 40


2025-09-12 10:41:04.9524-INFO-Microsoft.AspNetCore.Cors.Infrastructure.CorsService-http://localhost/ThuTruongBQPs/getall-GetList:
CORS policy execution successful.


2025-09-12 10:41:05.0152-INFO-Microsoft.AspNetCore.Routing.EndpointMiddleware-http://localhost/ThuTruongBQPs/getall-GetList:
Executing endpoint 'Xim.AppApi.Controllers.ThuTruongBQPController.GetListAsync (API)'


2025-09-12 10:41:05.0371-INFO-Microsoft.AspNetCore.Mvc.Infrastructure.ControllerActionInvoker-http://localhost/ThuTruongBQPs/getall-GetList:
Route matched with {action = "GetList", controller = "ThuTruongBQP"}. Executing controller action with signature System.Threading.Tasks.Task`1[Microsoft.AspNetCore.Mvc.IActionResult] GetListAsync(Xim.Domain.Pagings.paging) on controller Xim.AppApi.Controllers.ThuTruongBQPController (API).


2025-09-12 10:41:18.8282-INFO-Microsoft.AspNetCore.Mvc.Infrastructure.ObjectResultExecutor-http://localhost/ThuTruongBQPs/getall-GetList:
Executing ObjectResult, writing value of type 'System.String'.


2025-09-12 10:41:18.8282-INFO-Microsoft.AspNetCore.Mvc.Infrastructure.ControllerActionInvoker-http://localhost/ThuTruongBQPs/getall-GetList:
Executed action Xim.AppApi.Controllers.ThuTruongBQPController.GetListAsync (API) in 13786.4813ms


2025-09-12 10:41:18.8282-INFO-Microsoft.AspNetCore.Routing.EndpointMiddleware-http://localhost/ThuTruongBQPs/getall-GetList:
Executed endpoint 'Xim.AppApi.Controllers.ThuTruongBQPController.GetListAsync (API)'


2025-09-12 10:41:18.8282-INFO-Microsoft.AspNetCore.Hosting.Diagnostics-http://localhost/ThuTruongBQPs/getall-GetList:
Request finished HTTP/1.1 POST http://localhost:5260/ThuTruongBQPs/getall - 500 - text/plain;+charset=utf-8 13877.8459ms


2025-09-12 10:42:09.5315-INFO-Microsoft.AspNetCore.Hosting.Diagnostics-http://localhost/ThuTruongBQPs-:
Request starting HTTP/1.1 POST http://localhost:5260/ThuTruongBQPs - multipart/form-data;+boundary=----WebKitFormBoundaryZVBWZVtHuxpNrPIC 2176


2025-09-12 10:42:09.5481-INFO-Microsoft.AspNetCore.Cors.Infrastructure.CorsService-http://localhost/ThuTruongBQPs-Insert:
CORS policy execution successful.


2025-09-12 10:42:09.5950-INFO-Microsoft.AspNetCore.Authorization.DefaultAuthorizationService-http://localhost/ThuTruongBQPs-Insert:
Authorization failed. These requirements were not met:
DenyAnonymousAuthorizationRequirement: Requires an authenticated user.


2025-09-12 10:42:09.5950-INFO-Microsoft.AspNetCore.Authentication.JwtBearer.JwtBearerHandler-http://localhost/ThuTruongBQPs-Insert:
AuthenticationScheme: Bearer was challenged.


2025-09-12 10:42:09.5950-INFO-Microsoft.AspNetCore.Hosting.Diagnostics-http://localhost/ThuTruongBQPs-Insert:
Request finished HTTP/1.1 POST http://localhost:5260/ThuTruongBQPs - 401 0 - 66.2467ms


2025-09-12 10:43:29.4058-INFO-Microsoft.AspNetCore.Hosting.Diagnostics-http://localhost/ThuTruongBQPs-:
Request starting HTTP/1.1 POST http://localhost:5260/ThuTruongBQPs - multipart/form-data;+boundary=----WebKitFormBoundary0BnslZyMyPWEAIkV 58460


2025-09-12 10:43:29.4066-INFO-Microsoft.AspNetCore.Cors.Infrastructure.CorsService-http://localhost/ThuTruongBQPs-Insert:
CORS policy execution successful.


2025-09-12 10:43:29.4403-INFO-Microsoft.AspNetCore.Authorization.DefaultAuthorizationService-http://localhost/ThuTruongBQPs-Insert:
Authorization failed. These requirements were not met:
DenyAnonymousAuthorizationRequirement: Requires an authenticated user.


2025-09-12 10:43:29.4403-INFO-Microsoft.AspNetCore.Authentication.JwtBearer.JwtBearerHandler-http://localhost/ThuTruongBQPs-Insert:
AuthenticationScheme: Bearer was challenged.


2025-09-12 10:43:29.4403-INFO-Microsoft.AspNetCore.Hosting.Diagnostics-http://localhost/ThuTruongBQPs-Insert:
Request finished HTTP/1.1 POST http://localhost:5260/ThuTruongBQPs - 401 0 - 41.6817ms


2025-09-12 10:45:50.0531-INFO-Microsoft.AspNetCore.DataProtection.KeyManagement.XmlKeyManager--:
User profile is available. Using 'C:\Users\BTL86\AppData\Local\ASP.NET\DataProtection-Keys' as key repository and Windows DPAPI to encrypt keys at rest.


2025-09-12 10:45:50.2145-INFO-Microsoft.Hosting.Lifetime--:
Now listening on: http://localhost:5260


2025-09-12 10:45:50.2789-INFO-Microsoft.Hosting.Lifetime--:
Application started. Press Ctrl+C to shut down.


2025-09-12 10:45:50.2789-INFO-Microsoft.Hosting.Lifetime--:
Hosting environment: Development


2025-09-12 10:45:50.2789-INFO-Microsoft.Hosting.Lifetime--:
Content root path: C:\Code\Cong TT\CodeBECong\Api\Xim.AppApi


2025-09-12 10:45:50.9536-INFO-Microsoft.AspNetCore.Hosting.Diagnostics-http://localhost/swagger/index.html-:
Request starting HTTP/1.1 GET http://localhost:5260/swagger/index.html - - -


2025-09-12 10:45:51.0592-INFO-Microsoft.AspNetCore.Hosting.Diagnostics-http://localhost/swagger/index.html-:
Request finished HTTP/1.1 GET http://localhost:5260/swagger/index.html - 200 - text/html;charset=utf-8 117.0659ms


2025-09-12 10:45:51.1785-INFO-Microsoft.AspNetCore.Hosting.Diagnostics-http://localhost/swagger/v1/swagger.json-:
Request starting HTTP/1.1 GET http://localhost:5260/swagger/v1/swagger.json - - -


2025-09-12 10:45:51.2988-INFO-Microsoft.AspNetCore.Hosting.Diagnostics-http://localhost/swagger/v1/swagger.json-:
Request finished HTTP/1.1 GET http://localhost:5260/swagger/v1/swagger.json - 200 - application/json;charset=utf-8 121.0244ms


2025-09-12 10:45:58.5003-INFO-Microsoft.AspNetCore.Hosting.Diagnostics-http://localhost/Accounts/login-:
Request starting HTTP/1.1 POST http://localhost:5260/Accounts/login - application/json-patch+json 49


2025-09-12 10:45:58.5228-INFO-Microsoft.AspNetCore.Cors.Infrastructure.CorsService-http://localhost/Accounts/login-Login:
CORS policy execution successful.


2025-09-12 10:45:58.6283-INFO-Microsoft.AspNetCore.Routing.EndpointMiddleware-http://localhost/Accounts/login-Login:
Executing endpoint 'Xim.AppApi.Controllers.AccountController.LoginAsync (API)'


2025-09-12 10:45:58.6518-INFO-Microsoft.AspNetCore.Mvc.Infrastructure.ControllerActionInvoker-http://localhost/Accounts/login-Login:
Route matched with {action = "Login", controller = "Account"}. Executing controller action with signature System.Threading.Tasks.Task`1[Microsoft.AspNetCore.Mvc.IActionResult] LoginAsync(Xim.Application.Contracts.Users.UserDtoLogin) on controller Xim.AppApi.Controllers.AccountController (API).


2025-09-12 10:45:58.8249-INFO-Microsoft.AspNetCore.Mvc.Infrastructure.ObjectResultExecutor-http://localhost/Accounts/login-Login:
Executing OkObjectResult, writing value of type 'Xim.AppApi.Controllers.AccountController+JwtTokenInfo'.


2025-09-12 10:45:58.8551-INFO-Microsoft.AspNetCore.Mvc.Infrastructure.ControllerActionInvoker-http://localhost/Accounts/login-Login:
Executed action Xim.AppApi.Controllers.AccountController.LoginAsync (API) in 189.1814ms


2025-09-12 10:45:58.8551-INFO-Microsoft.AspNetCore.Routing.EndpointMiddleware-http://localhost/Accounts/login-Login:
Executed endpoint 'Xim.AppApi.Controllers.AccountController.LoginAsync (API)'


2025-09-12 10:45:58.8551-INFO-Microsoft.AspNetCore.Hosting.Diagnostics-http://localhost/Accounts/login-Login:
Request finished HTTP/1.1 POST http://localhost:5260/Accounts/login - 200 599 application/json;+charset=utf-8 358.4314ms


2025-09-12 10:46:20.6417-INFO-Microsoft.AspNetCore.Hosting.Diagnostics-http://localhost/ThuTruongBQPs-:
Request starting HTTP/1.1 POST http://localhost:5260/ThuTruongBQPs - multipart/form-data;+boundary=----WebKitFormBoundaryghjLkQvSo79SXJBu 58460


2025-09-12 10:46:20.6584-INFO-Microsoft.AspNetCore.Cors.Infrastructure.CorsService-http://localhost/ThuTruongBQPs-Insert:
CORS policy execution successful.


2025-09-12 10:46:20.7369-INFO-Microsoft.AspNetCore.Routing.EndpointMiddleware-http://localhost/ThuTruongBQPs-Insert:
Executing endpoint 'Xim.AppApi.Controllers.ThuTruongBQPController.InsertAsync (API)'


2025-09-12 10:46:20.7518-INFO-Microsoft.AspNetCore.Mvc.Infrastructure.ControllerActionInvoker-http://localhost/ThuTruongBQPs-Insert:
Route matched with {action = "Insert", controller = "ThuTruongBQP"}. Executing controller action with signature System.Threading.Tasks.Task`1[Microsoft.AspNetCore.Mvc.ActionResult`1[Xim.Domain.Entities.ThuTruongBQPEntity]] InsertAsync(Xim.Application.Contracts.ThuTruongBQP.ThuTruongBQPDtoCreate, Microsoft.AspNetCore.Http.IFormFile) on controller Xim.AppApi.Controllers.ThuTruongBQPController (API).


2025-09-12 10:47:09.2128-INFO-Microsoft.AspNetCore.Mvc.Infrastructure.ObjectResultExecutor-http://localhost/ThuTruongBQPs-Insert:
Executing BadRequestObjectResult, writing value of type 'System.String'.


2025-09-12 10:47:09.2128-INFO-Microsoft.AspNetCore.Mvc.Infrastructure.ControllerActionInvoker-http://localhost/ThuTruongBQPs-Insert:
Executed action Xim.AppApi.Controllers.ThuTruongBQPController.InsertAsync (API) in 48461.2491ms


2025-09-12 10:47:09.2128-INFO-Microsoft.AspNetCore.Routing.EndpointMiddleware-http://localhost/ThuTruongBQPs-Insert:
Executed endpoint 'Xim.AppApi.Controllers.ThuTruongBQPController.InsertAsync (API)'


2025-09-12 10:47:09.2128-INFO-Microsoft.AspNetCore.Hosting.Diagnostics-http://localhost/ThuTruongBQPs-Insert:
Request finished HTTP/1.1 POST http://localhost:5260/ThuTruongBQPs - 400 - text/plain;+charset=utf-8 48574.3819ms


2025-09-12 10:47:11.7122-INFO-Microsoft.AspNetCore.Hosting.Diagnostics-http://localhost/ThuTruongBQPs-:
Request starting HTTP/1.1 POST http://localhost:5260/ThuTruongBQPs - multipart/form-data;+boundary=----WebKitFormBoundary1uCdjSlq6m4lKjp4 58460


2025-09-12 10:47:11.7122-INFO-Microsoft.AspNetCore.Cors.Infrastructure.CorsService-http://localhost/ThuTruongBQPs-Insert:
CORS policy execution successful.


2025-09-12 10:47:11.7359-INFO-Microsoft.AspNetCore.Routing.EndpointMiddleware-http://localhost/ThuTruongBQPs-Insert:
Executing endpoint 'Xim.AppApi.Controllers.ThuTruongBQPController.InsertAsync (API)'


2025-09-12 10:47:11.7359-INFO-Microsoft.AspNetCore.Mvc.Infrastructure.ControllerActionInvoker-http://localhost/ThuTruongBQPs-Insert:
Route matched with {action = "Insert", controller = "ThuTruongBQP"}. Executing controller action with signature System.Threading.Tasks.Task`1[Microsoft.AspNetCore.Mvc.ActionResult`1[Xim.Domain.Entities.ThuTruongBQPEntity]] InsertAsync(Xim.Application.Contracts.ThuTruongBQP.ThuTruongBQPDtoCreate, Microsoft.AspNetCore.Http.IFormFile) on controller Xim.AppApi.Controllers.ThuTruongBQPController (API).


2025-09-12 10:47:48.2654-INFO-Microsoft.AspNetCore.Mvc.Infrastructure.ObjectResultExecutor-http://localhost/ThuTruongBQPs-Insert:
Executing BadRequestObjectResult, writing value of type 'System.String'.


2025-09-12 10:47:48.2654-INFO-Microsoft.AspNetCore.Mvc.Infrastructure.ControllerActionInvoker-http://localhost/ThuTruongBQPs-Insert:
Executed action Xim.AppApi.Controllers.ThuTruongBQPController.InsertAsync (API) in 36530.0849ms


2025-09-12 10:47:48.2654-INFO-Microsoft.AspNetCore.Routing.EndpointMiddleware-http://localhost/ThuTruongBQPs-Insert:
Executed endpoint 'Xim.AppApi.Controllers.ThuTruongBQPController.InsertAsync (API)'


2025-09-12 10:47:48.2654-INFO-Microsoft.AspNetCore.Hosting.Diagnostics-http://localhost/ThuTruongBQPs-Insert:
Request finished HTTP/1.1 POST http://localhost:5260/ThuTruongBQPs - 400 - text/plain;+charset=utf-8 36556.5516ms


2025-09-12 10:48:09.6189-INFO-Microsoft.AspNetCore.Hosting.Diagnostics-http://localhost/ThuTruongBQPs-:
Request starting HTTP/1.1 POST http://localhost:5260/ThuTruongBQPs - multipart/form-data;+boundary=----WebKitFormBoundarypJp9eSo08zFwhTUf 58465


2025-09-12 10:48:09.6189-INFO-Microsoft.AspNetCore.Cors.Infrastructure.CorsService-http://localhost/ThuTruongBQPs-Insert:
CORS policy execution successful.


2025-09-12 10:48:09.6442-INFO-Microsoft.AspNetCore.Routing.EndpointMiddleware-http://localhost/ThuTruongBQPs-Insert:
Executing endpoint 'Xim.AppApi.Controllers.ThuTruongBQPController.InsertAsync (API)'


2025-09-12 10:48:09.6602-INFO-Microsoft.AspNetCore.Mvc.Infrastructure.ControllerActionInvoker-http://localhost/ThuTruongBQPs-Insert:
Route matched with {action = "Insert", controller = "ThuTruongBQP"}. Executing controller action with signature System.Threading.Tasks.Task`1[Microsoft.AspNetCore.Mvc.ActionResult`1[Xim.Domain.Entities.ThuTruongBQPEntity]] InsertAsync(Xim.Application.Contracts.ThuTruongBQP.ThuTruongBQPDtoCreate, Microsoft.AspNetCore.Http.IFormFile) on controller Xim.AppApi.Controllers.ThuTruongBQPController (API).


2025-09-12 10:49:28.9242-INFO-Microsoft.AspNetCore.DataProtection.KeyManagement.XmlKeyManager--:
User profile is available. Using 'C:\Users\BTL86\AppData\Local\ASP.NET\DataProtection-Keys' as key repository and Windows DPAPI to encrypt keys at rest.


2025-09-12 10:49:29.1027-INFO-Microsoft.Hosting.Lifetime--:
Now listening on: http://localhost:5260


2025-09-12 10:49:29.2052-INFO-Microsoft.Hosting.Lifetime--:
Application started. Press Ctrl+C to shut down.


2025-09-12 10:49:29.2062-INFO-Microsoft.Hosting.Lifetime--:
Hosting environment: Development


2025-09-12 10:49:29.2211-INFO-Microsoft.Hosting.Lifetime--:
Content root path: C:\Code\Cong TT\CodeBECong\Api\Xim.AppApi


2025-09-12 10:49:29.3790-INFO-Microsoft.AspNetCore.Hosting.Diagnostics-http://localhost/swagger/index.html-:
Request starting HTTP/1.1 GET http://localhost:5260/swagger/index.html - - -


2025-09-12 10:49:29.5654-INFO-Microsoft.AspNetCore.Hosting.Diagnostics-http://localhost/swagger/index.html-:
Request finished HTTP/1.1 GET http://localhost:5260/swagger/index.html - 200 - text/html;charset=utf-8 185.0176ms


2025-09-12 10:49:29.7439-INFO-Microsoft.AspNetCore.Hosting.Diagnostics-http://localhost/swagger/v1/swagger.json-:
Request starting HTTP/1.1 GET http://localhost:5260/swagger/v1/swagger.json - - -


2025-09-12 10:49:29.8643-INFO-Microsoft.AspNetCore.Hosting.Diagnostics-http://localhost/swagger/v1/swagger.json-:
Request finished HTTP/1.1 GET http://localhost:5260/swagger/v1/swagger.json - 200 - application/json;charset=utf-8 121.0939ms


2025-09-12 10:49:59.5635-INFO-Microsoft.AspNetCore.Hosting.Diagnostics-http://localhost/ThuTruongs-:
Request starting HTTP/1.1 POST http://localhost:5260/ThuTruongs - multipart/form-data;+boundary=----WebKitFormBoundary9e6aOzJyXWiq9drX 58432


2025-09-12 10:49:59.5977-INFO-Microsoft.AspNetCore.Cors.Infrastructure.CorsService-http://localhost/ThuTruongs-Insert:
CORS policy execution successful.


2025-09-12 10:49:59.6616-INFO-Microsoft.AspNetCore.Authorization.DefaultAuthorizationService-http://localhost/ThuTruongs-Insert:
Authorization failed. These requirements were not met:
DenyAnonymousAuthorizationRequirement: Requires an authenticated user.


2025-09-12 10:49:59.6616-INFO-Microsoft.AspNetCore.Authentication.JwtBearer.JwtBearerHandler-http://localhost/ThuTruongs-Insert:
AuthenticationScheme: Bearer was challenged.


2025-09-12 10:49:59.6616-INFO-Microsoft.AspNetCore.Hosting.Diagnostics-http://localhost/ThuTruongs-Insert:
Request finished HTTP/1.1 POST http://localhost:5260/ThuTruongs - 401 0 - 107.6227ms


2025-09-12 10:50:22.8763-INFO-Microsoft.AspNetCore.DataProtection.KeyManagement.XmlKeyManager--:
User profile is available. Using 'C:\Users\BTL86\AppData\Local\ASP.NET\DataProtection-Keys' as key repository and Windows DPAPI to encrypt keys at rest.


2025-09-12 10:50:23.0978-INFO-Microsoft.Hosting.Lifetime--:
Now listening on: http://localhost:5260


2025-09-12 10:50:23.1795-INFO-Microsoft.Hosting.Lifetime--:
Application started. Press Ctrl+C to shut down.


2025-09-12 10:50:23.1795-INFO-Microsoft.Hosting.Lifetime--:
Hosting environment: Development


2025-09-12 10:50:23.1795-INFO-Microsoft.Hosting.Lifetime--:
Content root path: C:\Code\Cong TT\CodeBECong\Api\Xim.AppApi


2025-09-12 10:50:23.5982-INFO-Microsoft.AspNetCore.Hosting.Diagnostics-http://localhost/swagger/index.html-:
Request starting HTTP/1.1 GET http://localhost:5260/swagger/index.html - - -


2025-09-12 10:50:23.7238-INFO-Microsoft.AspNetCore.Hosting.Diagnostics-http://localhost/swagger/index.html-:
Request finished HTTP/1.1 GET http://localhost:5260/swagger/index.html - 200 - text/html;charset=utf-8 134.3178ms


2025-09-12 10:50:23.8508-INFO-Microsoft.AspNetCore.Hosting.Diagnostics-http://localhost/swagger/v1/swagger.json-:
Request starting HTTP/1.1 GET http://localhost:5260/swagger/v1/swagger.json - - -


2025-09-12 10:50:23.9794-INFO-Microsoft.AspNetCore.Hosting.Diagnostics-http://localhost/swagger/v1/swagger.json-:
Request finished HTTP/1.1 GET http://localhost:5260/swagger/v1/swagger.json - 200 - application/json;charset=utf-8 130.3162ms


2025-09-12 10:51:39.3641-INFO-Microsoft.AspNetCore.Hosting.Diagnostics-http://localhost/ThuTruongs-:
Request starting HTTP/1.1 POST http://localhost:5260/ThuTruongs - multipart/form-data;+boundary=----WebKitFormBoundaryAEz3gAS4jT3Ag022 58429


2025-09-12 10:51:39.3641-INFO-Microsoft.AspNetCore.Cors.Infrastructure.CorsService-http://localhost/ThuTruongs-Insert:
CORS policy execution successful.


2025-09-12 10:51:39.4333-INFO-Microsoft.AspNetCore.Routing.EndpointMiddleware-http://localhost/ThuTruongs-Insert:
Executing endpoint 'Xim.AppApi.Controllers.ThuTruongController.InsertAsync (API)'


2025-09-12 10:51:39.4567-INFO-Microsoft.AspNetCore.Mvc.Infrastructure.ControllerActionInvoker-http://localhost/ThuTruongs-Insert:
Route matched with {action = "Insert", controller = "ThuTruong"}. Executing controller action with signature System.Threading.Tasks.Task`1[Microsoft.AspNetCore.Mvc.ActionResult`1[Xim.Domain.Entities.ThuTruongEntity]] InsertAsync(Xim.Application.Contracts.ThuTruong.ThuTruongDtoCreate, Microsoft.AspNetCore.Http.IFormFile) on controller Xim.AppApi.Controllers.ThuTruongController (API).


2025-09-12 10:51:54.2565-INFO-Microsoft.AspNetCore.Mvc.Infrastructure.ObjectResultExecutor-http://localhost/ThuTruongs-Insert:
Executing BadRequestObjectResult, writing value of type 'System.String'.


2025-09-12 10:51:54.2565-INFO-Microsoft.AspNetCore.Mvc.Infrastructure.ControllerActionInvoker-http://localhost/ThuTruongs-Insert:
Executed action Xim.AppApi.Controllers.ThuTruongController.InsertAsync (API) in 14790.2732ms


2025-09-12 10:51:54.2565-INFO-Microsoft.AspNetCore.Routing.EndpointMiddleware-http://localhost/ThuTruongs-Insert:
Executed endpoint 'Xim.AppApi.Controllers.ThuTruongController.InsertAsync (API)'


2025-09-12 10:51:54.2565-INFO-Microsoft.AspNetCore.Hosting.Diagnostics-http://localhost/ThuTruongs-Insert:
Request finished HTTP/1.1 POST http://localhost:5260/ThuTruongs - 400 - text/plain;+charset=utf-8 14892.5732ms


2025-09-12 10:52:12.4590-INFO-Microsoft.AspNetCore.Hosting.Diagnostics-http://localhost/Accounts/login-:
Request starting HTTP/1.1 POST http://localhost:5260/Accounts/login - application/json-patch+json 49


2025-09-12 10:52:12.4590-INFO-Microsoft.AspNetCore.Cors.Infrastructure.CorsService-http://localhost/Accounts/login-Login:
CORS policy execution successful.


2025-09-12 10:52:12.4590-INFO-Microsoft.AspNetCore.Routing.EndpointMiddleware-http://localhost/Accounts/login-Login:
Executing endpoint 'Xim.AppApi.Controllers.AccountController.LoginAsync (API)'


2025-09-12 10:52:12.4590-INFO-Microsoft.AspNetCore.Mvc.Infrastructure.ControllerActionInvoker-http://localhost/Accounts/login-Login:
Route matched with {action = "Login", controller = "Account"}. Executing controller action with signature System.Threading.Tasks.Task`1[Microsoft.AspNetCore.Mvc.IActionResult] LoginAsync(Xim.Application.Contracts.Users.UserDtoLogin) on controller Xim.AppApi.Controllers.AccountController (API).


2025-09-12 10:52:12.6248-INFO-Microsoft.AspNetCore.Mvc.Infrastructure.ObjectResultExecutor-http://localhost/Accounts/login-Login:
Executing OkObjectResult, writing value of type 'Xim.AppApi.Controllers.AccountController+JwtTokenInfo'.


2025-09-12 10:52:12.6345-INFO-Microsoft.AspNetCore.Mvc.Infrastructure.ControllerActionInvoker-http://localhost/Accounts/login-Login:
Executed action Xim.AppApi.Controllers.AccountController.LoginAsync (API) in 157.5249ms


2025-09-12 10:52:12.6345-INFO-Microsoft.AspNetCore.Routing.EndpointMiddleware-http://localhost/Accounts/login-Login:
Executed endpoint 'Xim.AppApi.Controllers.AccountController.LoginAsync (API)'


2025-09-12 10:52:12.6345-INFO-Microsoft.AspNetCore.Hosting.Diagnostics-http://localhost/Accounts/login-Login:
Request finished HTTP/1.1 POST http://localhost:5260/Accounts/login - 200 599 application/json;+charset=utf-8 175.7625ms


2025-09-12 10:52:29.1771-INFO-Microsoft.AspNetCore.Hosting.Diagnostics-http://localhost/ThuTruongs-:
Request starting HTTP/1.1 POST http://localhost:5260/ThuTruongs - multipart/form-data;+boundary=----WebKitFormBoundaryAz8M6vCFFwLpmAK4 58429


2025-09-12 10:52:29.1771-INFO-Microsoft.AspNetCore.Cors.Infrastructure.CorsService-http://localhost/ThuTruongs-Insert:
CORS policy execution successful.


2025-09-12 10:52:29.2328-INFO-Microsoft.AspNetCore.Routing.EndpointMiddleware-http://localhost/ThuTruongs-Insert:
Executing endpoint 'Xim.AppApi.Controllers.ThuTruongController.InsertAsync (API)'


2025-09-12 10:52:29.2328-INFO-Microsoft.AspNetCore.Mvc.Infrastructure.ControllerActionInvoker-http://localhost/ThuTruongs-Insert:
Route matched with {action = "Insert", controller = "ThuTruong"}. Executing controller action with signature System.Threading.Tasks.Task`1[Microsoft.AspNetCore.Mvc.ActionResult`1[Xim.Domain.Entities.ThuTruongEntity]] InsertAsync(Xim.Application.Contracts.ThuTruong.ThuTruongDtoCreate, Microsoft.AspNetCore.Http.IFormFile) on controller Xim.AppApi.Controllers.ThuTruongController (API).


2025-09-12 10:52:31.6477-INFO-Microsoft.AspNetCore.Mvc.Infrastructure.ObjectResultExecutor-http://localhost/ThuTruongs-Insert:
Executing OkObjectResult, writing value of type 'Xim.Application.Contracts.ThuTruong.ThuTruongDtoView'.


2025-09-12 10:52:31.6477-INFO-Microsoft.AspNetCore.Mvc.Infrastructure.ControllerActionInvoker-http://localhost/ThuTruongs-Insert:
Executed action Xim.AppApi.Controllers.ThuTruongController.InsertAsync (API) in 2418.9636ms


2025-09-12 10:52:31.6477-INFO-Microsoft.AspNetCore.Routing.EndpointMiddleware-http://localhost/ThuTruongs-Insert:
Executed endpoint 'Xim.AppApi.Controllers.ThuTruongController.InsertAsync (API)'


2025-09-12 10:52:31.6477-INFO-Microsoft.AspNetCore.Hosting.Diagnostics-http://localhost/ThuTruongs-Insert:
Request finished HTTP/1.1 POST http://localhost:5260/ThuTruongs - 200 175 application/json;+charset=utf-8 2479.9851ms


2025-09-12 10:54:07.3220-INFO-Microsoft.AspNetCore.Hosting.Diagnostics-http://localhost/ThuTruongBQPs-:
Request starting HTTP/1.1 POST http://localhost:5260/ThuTruongBQPs - multipart/form-data;+boundary=----WebKitFormBoundaryot8diCyTfgTxnm5L 2145


2025-09-12 10:54:07.3220-INFO-Microsoft.AspNetCore.Cors.Infrastructure.CorsService-http://localhost/ThuTruongBQPs-Insert:
CORS policy execution successful.


2025-09-12 10:54:07.3377-INFO-Microsoft.AspNetCore.Routing.EndpointMiddleware-http://localhost/ThuTruongBQPs-Insert:
Executing endpoint 'Xim.AppApi.Controllers.ThuTruongBQPController.InsertAsync (API)'


2025-09-12 10:54:07.3696-INFO-Microsoft.AspNetCore.Mvc.Infrastructure.ControllerActionInvoker-http://localhost/ThuTruongBQPs-Insert:
Route matched with {action = "Insert", controller = "ThuTruongBQP"}. Executing controller action with signature System.Threading.Tasks.Task`1[Microsoft.AspNetCore.Mvc.ActionResult`1[Xim.Domain.Entities.ThuTruongBQPEntity]] InsertAsync(Xim.Application.Contracts.ThuTruongBQP.ThuTruongBQPDtoCreate, Microsoft.AspNetCore.Http.IFormFile) on controller Xim.AppApi.Controllers.ThuTruongBQPController (API).


2025-09-12 10:55:20.4935-INFO-Microsoft.AspNetCore.DataProtection.KeyManagement.XmlKeyManager--:
User profile is available. Using 'C:\Users\BTL86\AppData\Local\ASP.NET\DataProtection-Keys' as key repository and Windows DPAPI to encrypt keys at rest.


2025-09-12 10:55:20.7194-INFO-Microsoft.Hosting.Lifetime--:
Now listening on: http://localhost:5260


2025-09-12 10:55:20.8523-INFO-Microsoft.Hosting.Lifetime--:
Application started. Press Ctrl+C to shut down.


2025-09-12 10:55:20.8523-INFO-Microsoft.Hosting.Lifetime--:
Hosting environment: Development


2025-09-12 10:55:20.8523-INFO-Microsoft.Hosting.Lifetime--:
Content root path: C:\Code\Cong TT\CodeBECong\Api\Xim.AppApi


2025-09-12 10:55:20.9779-INFO-Microsoft.AspNetCore.Hosting.Diagnostics-http://localhost/swagger/index.html-:
Request starting HTTP/1.1 GET http://localhost:5260/swagger/index.html - - -


2025-09-12 10:55:21.1486-INFO-Microsoft.AspNetCore.Hosting.Diagnostics-http://localhost/swagger/index.html-:
Request finished HTTP/1.1 GET http://localhost:5260/swagger/index.html - 200 - text/html;charset=utf-8 177.5376ms


2025-09-12 10:55:21.2496-INFO-Microsoft.AspNetCore.Hosting.Diagnostics-http://localhost/swagger/v1/swagger.json-:
Request starting HTTP/1.1 GET http://localhost:5260/swagger/v1/swagger.json - - -


2025-09-12 10:55:21.3526-INFO-Microsoft.AspNetCore.Hosting.Diagnostics-http://localhost/swagger/v1/swagger.json-:
Request finished HTTP/1.1 GET http://localhost:5260/swagger/v1/swagger.json - 200 - application/json;charset=utf-8 103.7402ms


2025-09-12 10:55:41.5355-INFO-Microsoft.AspNetCore.Hosting.Diagnostics-http://localhost/ThuTruongBQPs-:
Request starting HTTP/1.1 POST http://localhost:5260/ThuTruongBQPs - multipart/form-data;+boundary=----WebKitFormBoundarycoZDSB00IVUDoAWV 58431


2025-09-12 10:55:41.5715-INFO-Microsoft.AspNetCore.Cors.Infrastructure.CorsService-http://localhost/ThuTruongBQPs-Insert:
CORS policy execution successful.


2025-09-12 10:55:41.6357-INFO-Microsoft.AspNetCore.Routing.EndpointMiddleware-http://localhost/ThuTruongBQPs-Insert:
Executing endpoint 'Xim.AppApi.Controllers.ThuTruongBQPController.InsertAsync (API)'


2025-09-12 10:55:41.6767-INFO-Microsoft.AspNetCore.Mvc.Infrastructure.ControllerActionInvoker-http://localhost/ThuTruongBQPs-Insert:
Route matched with {action = "Insert", controller = "ThuTruongBQP"}. Executing controller action with signature System.Threading.Tasks.Task`1[Microsoft.AspNetCore.Mvc.ActionResult`1[Xim.Domain.Entities.ThuTruongBQPEntity]] InsertAsync(Xim.Application.Contracts.ThuTruongBQP.ThuTruongBQPDtoCreate, Microsoft.AspNetCore.Http.IFormFile) on controller Xim.AppApi.Controllers.ThuTruongBQPController (API).


2025-09-12 10:55:50.1043-INFO-Microsoft.AspNetCore.Mvc.Infrastructure.ObjectResultExecutor-http://localhost/ThuTruongBQPs-Insert:
Executing BadRequestObjectResult, writing value of type 'System.String'.


2025-09-12 10:55:50.1043-INFO-Microsoft.AspNetCore.Mvc.Infrastructure.ControllerActionInvoker-http://localhost/ThuTruongBQPs-Insert:
Executed action Xim.AppApi.Controllers.ThuTruongBQPController.InsertAsync (API) in 8425.6067ms


2025-09-12 10:55:50.1043-INFO-Microsoft.AspNetCore.Routing.EndpointMiddleware-http://localhost/ThuTruongBQPs-Insert:
Executed endpoint 'Xim.AppApi.Controllers.ThuTruongBQPController.InsertAsync (API)'


2025-09-12 10:55:50.1043-INFO-Microsoft.AspNetCore.Hosting.Diagnostics-http://localhost/ThuTruongBQPs-Insert:
Request finished HTTP/1.1 POST http://localhost:5260/ThuTruongBQPs - 400 - text/plain;+charset=utf-8 8580.8084ms


2025-09-12 10:56:05.4217-INFO-Microsoft.AspNetCore.Hosting.Diagnostics-http://localhost/Accounts/login-:
Request starting HTTP/1.1 POST http://localhost:5260/Accounts/login - application/json-patch+json 49


2025-09-12 10:56:05.4217-INFO-Microsoft.AspNetCore.Cors.Infrastructure.CorsService-http://localhost/Accounts/login-Login:
CORS policy execution successful.


2025-09-12 10:56:05.4297-INFO-Microsoft.AspNetCore.Routing.EndpointMiddleware-http://localhost/Accounts/login-Login:
Executing endpoint 'Xim.AppApi.Controllers.AccountController.LoginAsync (API)'


2025-09-12 10:56:05.4594-INFO-Microsoft.AspNetCore.Mvc.Infrastructure.ControllerActionInvoker-http://localhost/Accounts/login-Login:
Route matched with {action = "Login", controller = "Account"}. Executing controller action with signature System.Threading.Tasks.Task`1[Microsoft.AspNetCore.Mvc.IActionResult] LoginAsync(Xim.Application.Contracts.Users.UserDtoLogin) on controller Xim.AppApi.Controllers.AccountController (API).


2025-09-12 10:56:05.5986-INFO-Microsoft.AspNetCore.Mvc.Infrastructure.ObjectResultExecutor-http://localhost/Accounts/login-Login:
Executing OkObjectResult, writing value of type 'Xim.AppApi.Controllers.AccountController+JwtTokenInfo'.


2025-09-12 10:56:05.5986-INFO-Microsoft.AspNetCore.Mvc.Infrastructure.ControllerActionInvoker-http://localhost/Accounts/login-Login:
Executed action Xim.AppApi.Controllers.AccountController.LoginAsync (API) in 140.8129ms


2025-09-12 10:56:05.5986-INFO-Microsoft.AspNetCore.Routing.EndpointMiddleware-http://localhost/Accounts/login-Login:
Executed endpoint 'Xim.AppApi.Controllers.AccountController.LoginAsync (API)'


2025-09-12 10:56:05.5986-INFO-Microsoft.AspNetCore.Hosting.Diagnostics-http://localhost/Accounts/login-Login:
Request finished HTTP/1.1 POST http://localhost:5260/Accounts/login - 200 599 application/json;+charset=utf-8 185.6971ms


2025-09-12 10:56:32.7735-INFO-Microsoft.AspNetCore.Hosting.Diagnostics-http://localhost/ThuTruongBQPs-:
Request starting HTTP/1.1 POST http://localhost:5260/ThuTruongBQPs - multipart/form-data;+boundary=----WebKitFormBoundary64FXZSa0YAVVour6 58431


2025-09-12 10:56:32.7735-INFO-Microsoft.AspNetCore.Cors.Infrastructure.CorsService-http://localhost/ThuTruongBQPs-Insert:
CORS policy execution successful.


2025-09-12 10:56:32.8643-INFO-Microsoft.AspNetCore.Routing.EndpointMiddleware-http://localhost/ThuTruongBQPs-Insert:
Executing endpoint 'Xim.AppApi.Controllers.ThuTruongBQPController.InsertAsync (API)'


2025-09-12 10:56:32.8643-INFO-Microsoft.AspNetCore.Mvc.Infrastructure.ControllerActionInvoker-http://localhost/ThuTruongBQPs-Insert:
Route matched with {action = "Insert", controller = "ThuTruongBQP"}. Executing controller action with signature System.Threading.Tasks.Task`1[Microsoft.AspNetCore.Mvc.ActionResult`1[Xim.Domain.Entities.ThuTruongBQPEntity]] InsertAsync(Xim.Application.Contracts.ThuTruongBQP.ThuTruongBQPDtoCreate, Microsoft.AspNetCore.Http.IFormFile) on controller Xim.AppApi.Controllers.ThuTruongBQPController (API).


2025-09-12 10:57:18.9756-INFO-Microsoft.AspNetCore.Mvc.Infrastructure.ObjectResultExecutor-http://localhost/ThuTruongBQPs-Insert:
Executing BadRequestObjectResult, writing value of type 'System.String'.


2025-09-12 10:57:18.9756-INFO-Microsoft.AspNetCore.Mvc.Infrastructure.ControllerActionInvoker-http://localhost/ThuTruongBQPs-Insert:
Executed action Xim.AppApi.Controllers.ThuTruongBQPController.InsertAsync (API) in 46121.1979ms


2025-09-12 10:57:18.9930-INFO-Microsoft.AspNetCore.Routing.EndpointMiddleware-http://localhost/ThuTruongBQPs-Insert:
Executed endpoint 'Xim.AppApi.Controllers.ThuTruongBQPController.InsertAsync (API)'


2025-09-12 10:57:18.9930-INFO-Microsoft.AspNetCore.Hosting.Diagnostics-http://localhost/ThuTruongBQPs-Insert:
Request finished HTTP/1.1 POST http://localhost:5260/ThuTruongBQPs - 400 - text/plain;+charset=utf-8 46225.8292ms


2025-09-12 10:57:46.2019-INFO-Microsoft.AspNetCore.Hosting.Diagnostics-http://localhost/ThuTruongBQPs-:
Request starting HTTP/1.1 POST http://localhost:5260/ThuTruongBQPs - multipart/form-data;+boundary=----WebKitFormBoundaryw1LLfZTtB3EZ8dn0 58431


2025-09-12 10:57:46.2019-INFO-Microsoft.AspNetCore.Cors.Infrastructure.CorsService-http://localhost/ThuTruongBQPs-Insert:
CORS policy execution successful.


2025-09-12 10:57:46.2019-INFO-Microsoft.AspNetCore.Routing.EndpointMiddleware-http://localhost/ThuTruongBQPs-Insert:
Executing endpoint 'Xim.AppApi.Controllers.ThuTruongBQPController.InsertAsync (API)'


2025-09-12 10:57:46.2019-INFO-Microsoft.AspNetCore.Mvc.Infrastructure.ControllerActionInvoker-http://localhost/ThuTruongBQPs-Insert:
Route matched with {action = "Insert", controller = "ThuTruongBQP"}. Executing controller action with signature System.Threading.Tasks.Task`1[Microsoft.AspNetCore.Mvc.ActionResult`1[Xim.Domain.Entities.ThuTruongBQPEntity]] InsertAsync(Xim.Application.Contracts.ThuTruongBQP.ThuTruongBQPDtoCreate, Microsoft.AspNetCore.Http.IFormFile) on controller Xim.AppApi.Controllers.ThuTruongBQPController (API).


2025-09-12 10:58:17.6526-INFO-Microsoft.AspNetCore.Mvc.Infrastructure.ObjectResultExecutor-http://localhost/ThuTruongBQPs-Insert:
Executing BadRequestObjectResult, writing value of type 'System.String'.


2025-09-12 10:58:17.6526-INFO-Microsoft.AspNetCore.Mvc.Infrastructure.ControllerActionInvoker-http://localhost/ThuTruongBQPs-Insert:
Executed action Xim.AppApi.Controllers.ThuTruongBQPController.InsertAsync (API) in 31447.2099ms


2025-09-12 10:58:17.6526-INFO-Microsoft.AspNetCore.Routing.EndpointMiddleware-http://localhost/ThuTruongBQPs-Insert:
Executed endpoint 'Xim.AppApi.Controllers.ThuTruongBQPController.InsertAsync (API)'


2025-09-12 10:58:17.6526-INFO-Microsoft.AspNetCore.Hosting.Diagnostics-http://localhost/ThuTruongBQPs-Insert:
Request finished HTTP/1.1 POST http://localhost:5260/ThuTruongBQPs - 400 - text/plain;+charset=utf-8 31457.3489ms


2025-09-12 10:58:19.8187-INFO-Microsoft.AspNetCore.Hosting.Diagnostics-http://localhost/ThuTruongBQPs-:
Request starting HTTP/1.1 POST http://localhost:5260/ThuTruongBQPs - multipart/form-data;+boundary=----WebKitFormBoundaryV5OPvRFy6jfYzF2z 58431


2025-09-12 10:58:19.8192-INFO-Microsoft.AspNetCore.Cors.Infrastructure.CorsService-http://localhost/ThuTruongBQPs-Insert:
CORS policy execution successful.


2025-09-12 10:58:19.8192-INFO-Microsoft.AspNetCore.Routing.EndpointMiddleware-http://localhost/ThuTruongBQPs-Insert:
Executing endpoint 'Xim.AppApi.Controllers.ThuTruongBQPController.InsertAsync (API)'


2025-09-12 10:58:19.8192-INFO-Microsoft.AspNetCore.Mvc.Infrastructure.ControllerActionInvoker-http://localhost/ThuTruongBQPs-Insert:
Route matched with {action = "Insert", controller = "ThuTruongBQP"}. Executing controller action with signature System.Threading.Tasks.Task`1[Microsoft.AspNetCore.Mvc.ActionResult`1[Xim.Domain.Entities.ThuTruongBQPEntity]] InsertAsync(Xim.Application.Contracts.ThuTruongBQP.ThuTruongBQPDtoCreate, Microsoft.AspNetCore.Http.IFormFile) on controller Xim.AppApi.Controllers.ThuTruongBQPController (API).


2025-09-12 11:42:14.9924-INFO-Microsoft.AspNetCore.DataProtection.KeyManagement.XmlKeyManager--:
User profile is available. Using 'C:\Users\BTL86\AppData\Local\ASP.NET\DataProtection-Keys' as key repository and Windows DPAPI to encrypt keys at rest.


2025-09-12 11:42:15.1497-INFO-Microsoft.Hosting.Lifetime--:
Now listening on: http://localhost:5260


2025-09-12 11:42:15.2096-INFO-Microsoft.Hosting.Lifetime--:
Application started. Press Ctrl+C to shut down.


2025-09-12 11:42:15.2096-INFO-Microsoft.Hosting.Lifetime--:
Hosting environment: Development


2025-09-12 11:42:15.2124-INFO-Microsoft.Hosting.Lifetime--:
Content root path: C:\Code\Cong TT\CodeBECong\Api\Xim.AppApi


2025-09-12 11:42:15.9723-INFO-Microsoft.AspNetCore.Hosting.Diagnostics-http://localhost/swagger/index.html-:
Request starting HTTP/1.1 GET http://localhost:5260/swagger/index.html - - -


2025-09-12 11:42:16.0952-INFO-Microsoft.AspNetCore.Hosting.Diagnostics-http://localhost/swagger/index.html-:
Request finished HTTP/1.1 GET http://localhost:5260/swagger/index.html - 200 - text/html;charset=utf-8 132.6012ms


2025-09-12 11:42:16.1790-INFO-Microsoft.AspNetCore.Hosting.Diagnostics-http://localhost/swagger/v1/swagger.json-:
Request starting HTTP/1.1 GET http://localhost:5260/swagger/v1/swagger.json - - -


2025-09-12 11:42:17.0984-INFO-Microsoft.AspNetCore.Hosting.Diagnostics-http://localhost/swagger/v1/swagger.json-:
Request finished HTTP/1.1 GET http://localhost:5260/swagger/v1/swagger.json - 200 - application/json;charset=utf-8 920.5951ms


2025-09-12 11:42:33.9807-INFO-Microsoft.AspNetCore.Hosting.Diagnostics-http://localhost/Accounts/login-:
Request starting HTTP/1.1 POST http://localhost:5260/Accounts/login - application/json-patch+json 49


2025-09-12 11:42:33.9962-INFO-Microsoft.AspNetCore.Cors.Infrastructure.CorsService-http://localhost/Accounts/login-Login:
CORS policy execution successful.


2025-09-12 11:42:34.0578-INFO-Microsoft.AspNetCore.Routing.EndpointMiddleware-http://localhost/Accounts/login-Login:
Executing endpoint 'Xim.AppApi.Controllers.AccountController.LoginAsync (API)'


2025-09-12 11:42:34.0782-INFO-Microsoft.AspNetCore.Mvc.Infrastructure.ControllerActionInvoker-http://localhost/Accounts/login-Login:
Route matched with {action = "Login", controller = "Account"}. Executing controller action with signature System.Threading.Tasks.Task`1[Microsoft.AspNetCore.Mvc.IActionResult] LoginAsync(Xim.Application.Contracts.Users.UserDtoLogin) on controller Xim.AppApi.Controllers.AccountController (API).


2025-09-12 11:42:34.2534-INFO-Microsoft.AspNetCore.Mvc.Infrastructure.ObjectResultExecutor-http://localhost/Accounts/login-Login:
Executing OkObjectResult, writing value of type 'Xim.AppApi.Controllers.AccountController+JwtTokenInfo'.


2025-09-12 11:42:34.2765-INFO-Microsoft.AspNetCore.Mvc.Infrastructure.ControllerActionInvoker-http://localhost/Accounts/login-Login:
Executed action Xim.AppApi.Controllers.AccountController.LoginAsync (API) in 187.6432ms


2025-09-12 11:42:34.2765-INFO-Microsoft.AspNetCore.Routing.EndpointMiddleware-http://localhost/Accounts/login-Login:
Executed endpoint 'Xim.AppApi.Controllers.AccountController.LoginAsync (API)'


2025-09-12 11:42:34.2765-INFO-Microsoft.AspNetCore.Hosting.Diagnostics-http://localhost/Accounts/login-Login:
Request finished HTTP/1.1 POST http://localhost:5260/Accounts/login - 200 599 application/json;+charset=utf-8 301.9288ms


2025-09-12 11:43:04.5028-INFO-Microsoft.AspNetCore.Hosting.Diagnostics-http://localhost/ThuTruongBQPs-:
Request starting HTTP/1.1 POST http://localhost:5260/ThuTruongBQPs - multipart/form-data;+boundary=----WebKitFormBoundaryHTDFok9sGkVj1gyV 58429


2025-09-12 11:43:04.5254-INFO-Microsoft.AspNetCore.Cors.Infrastructure.CorsService-http://localhost/ThuTruongBQPs-Insert:
CORS policy execution successful.


2025-09-12 11:43:04.6227-INFO-Microsoft.AspNetCore.Routing.EndpointMiddleware-http://localhost/ThuTruongBQPs-Insert:
Executing endpoint 'Xim.AppApi.Controllers.ThuTruongBQPController.InsertAsync (API)'


2025-09-12 11:43:04.6507-INFO-Microsoft.AspNetCore.Mvc.Infrastructure.ControllerActionInvoker-http://localhost/ThuTruongBQPs-Insert:
Route matched with {action = "Insert", controller = "ThuTruongBQP"}. Executing controller action with signature System.Threading.Tasks.Task`1[Microsoft.AspNetCore.Mvc.ActionResult`1[Xim.Domain.Entities.ThuTruongBQPEntity]] InsertAsync(Xim.Application.Contracts.ThuTruongBQP.ThuTruongBQPDtoCreate, Microsoft.AspNetCore.Http.IFormFile) on controller Xim.AppApi.Controllers.ThuTruongBQPController (API).


2025-09-12 11:43:08.7658-INFO-Microsoft.AspNetCore.Mvc.Infrastructure.ObjectResultExecutor-http://localhost/ThuTruongBQPs-Insert:
Executing BadRequestObjectResult, writing value of type 'System.String'.


2025-09-12 11:43:08.7658-INFO-Microsoft.AspNetCore.Mvc.Infrastructure.ControllerActionInvoker-http://localhost/ThuTruongBQPs-Insert:
Executed action Xim.AppApi.Controllers.ThuTruongBQPController.InsertAsync (API) in 4116.7012ms


2025-09-12 11:43:08.7658-INFO-Microsoft.AspNetCore.Routing.EndpointMiddleware-http://localhost/ThuTruongBQPs-Insert:
Executed endpoint 'Xim.AppApi.Controllers.ThuTruongBQPController.InsertAsync (API)'


2025-09-12 11:43:08.7658-INFO-Microsoft.AspNetCore.Hosting.Diagnostics-http://localhost/ThuTruongBQPs-Insert:
Request finished HTTP/1.1 POST http://localhost:5260/ThuTruongBQPs - 400 - text/plain;+charset=utf-8 4269.2520ms


2025-09-12 11:44:47.2835-INFO-Microsoft.AspNetCore.Hosting.Diagnostics-http://localhost/ThuTruongBQPs-:
Request starting HTTP/1.1 POST http://localhost:5260/ThuTruongBQPs - multipart/form-data;+boundary=----WebKitFormBoundary8LMde7UYBsPRmcUt 58429


2025-09-12 11:44:47.2942-INFO-Microsoft.AspNetCore.Cors.Infrastructure.CorsService-http://localhost/ThuTruongBQPs-Insert:
CORS policy execution successful.


2025-09-12 11:44:47.3101-INFO-Microsoft.AspNetCore.Routing.EndpointMiddleware-http://localhost/ThuTruongBQPs-Insert:
Executing endpoint 'Xim.AppApi.Controllers.ThuTruongBQPController.InsertAsync (API)'


2025-09-12 11:44:47.3101-INFO-Microsoft.AspNetCore.Mvc.Infrastructure.ControllerActionInvoker-http://localhost/ThuTruongBQPs-Insert:
Route matched with {action = "Insert", controller = "ThuTruongBQP"}. Executing controller action with signature System.Threading.Tasks.Task`1[Microsoft.AspNetCore.Mvc.ActionResult`1[Xim.Domain.Entities.ThuTruongBQPEntity]] InsertAsync(Xim.Application.Contracts.ThuTruongBQP.ThuTruongBQPDtoCreate, Microsoft.AspNetCore.Http.IFormFile) on controller Xim.AppApi.Controllers.ThuTruongBQPController (API).


2025-09-12 11:44:49.8805-INFO-Microsoft.AspNetCore.Mvc.Infrastructure.ObjectResultExecutor-http://localhost/ThuTruongBQPs-Insert:
Executing OkObjectResult, writing value of type 'Xim.Application.Contracts.ThuTruongBQP.ThuTruongBQPDtoView'.


2025-09-12 11:44:49.8805-INFO-Microsoft.AspNetCore.Mvc.Infrastructure.ControllerActionInvoker-http://localhost/ThuTruongBQPs-Insert:
Executed action Xim.AppApi.Controllers.ThuTruongBQPController.InsertAsync (API) in 2565.1809ms


2025-09-12 11:44:49.8805-INFO-Microsoft.AspNetCore.Routing.EndpointMiddleware-http://localhost/ThuTruongBQPs-Insert:
Executed endpoint 'Xim.AppApi.Controllers.ThuTruongBQPController.InsertAsync (API)'


2025-09-12 11:44:49.8805-INFO-Microsoft.AspNetCore.Hosting.Diagnostics-http://localhost/ThuTruongBQPs-Insert:
Request finished HTTP/1.1 POST http://localhost:5260/ThuTruongBQPs - 200 159 application/json;+charset=utf-8 2596.3684ms


2025-09-12 11:45:50.4159-INFO-Microsoft.AspNetCore.Hosting.Diagnostics-http://localhost/DMThuTruongs-:
Request starting HTTP/1.1 POST http://localhost:5260/DMThuTruongs - application/json-patch+json 95


2025-09-12 11:45:50.4188-INFO-Microsoft.AspNetCore.Cors.Infrastructure.CorsService-http://localhost/DMThuTruongs-Insert:
CORS policy execution successful.


2025-09-12 11:45:50.4661-INFO-Microsoft.AspNetCore.Routing.EndpointMiddleware-http://localhost/DMThuTruongs-Insert:
Executing endpoint 'Xim.AppApi.Controllers.DMThuTruongController.InsertAsync (API)'


2025-09-12 11:45:50.4661-INFO-Microsoft.AspNetCore.Mvc.Infrastructure.ControllerActionInvoker-http://localhost/DMThuTruongs-Insert:
Route matched with {action = "Insert", controller = "DMThuTruong"}. Executing controller action with signature System.Threading.Tasks.Task`1[Microsoft.AspNetCore.Mvc.IActionResult] InsertAsync(Xim.Application.Contracts.DMThuTruong.DMThuTruongDtoCreate) on controller Xim.AppApi.Controllers.DMThuTruongController (API).


2025-09-12 11:45:53.7715-INFO-Microsoft.AspNetCore.Mvc.Infrastructure.ObjectResultExecutor-http://localhost/DMThuTruongs-Insert:
Executing OkObjectResult, writing value of type 'Xim.Application.Contracts.DMThuTruong.DMThuTruongDtoView'.


2025-09-12 11:45:53.7715-INFO-Microsoft.AspNetCore.Mvc.Infrastructure.ControllerActionInvoker-http://localhost/DMThuTruongs-Insert:
Executed action Xim.AppApi.Controllers.DMThuTruongController.InsertAsync (API) in 3304.8354ms


2025-09-12 11:45:53.7715-INFO-Microsoft.AspNetCore.Routing.EndpointMiddleware-http://localhost/DMThuTruongs-Insert:
Executed endpoint 'Xim.AppApi.Controllers.DMThuTruongController.InsertAsync (API)'


2025-09-12 11:45:53.7715-INFO-Microsoft.AspNetCore.Hosting.Diagnostics-http://localhost/DMThuTruongs-Insert:
Request finished HTTP/1.1 POST http://localhost:5260/DMThuTruongs - 200 85 application/json;+charset=utf-8 3363.0887ms


2025-09-12 11:46:08.7248-INFO-Microsoft.AspNetCore.Hosting.Diagnostics-http://localhost/DMThuTruongs/getall-:
Request starting HTTP/1.1 POST http://localhost:5260/DMThuTruongs/getall - application/json-patch+json 37


2025-09-12 11:46:08.7370-INFO-Microsoft.AspNetCore.Cors.Infrastructure.CorsService-http://localhost/DMThuTruongs/getall-GetList:
CORS policy execution successful.


2025-09-12 11:46:08.7370-INFO-Microsoft.AspNetCore.Routing.EndpointMiddleware-http://localhost/DMThuTruongs/getall-GetList:
Executing endpoint 'Xim.AppApi.Controllers.DMThuTruongController.GetListAsync (API)'


2025-09-12 11:46:08.7564-INFO-Microsoft.AspNetCore.Mvc.Infrastructure.ControllerActionInvoker-http://localhost/DMThuTruongs/getall-GetList:
Route matched with {action = "GetList", controller = "DMThuTruong"}. Executing controller action with signature System.Threading.Tasks.Task`1[Microsoft.AspNetCore.Mvc.IActionResult] GetListAsync(Xim.Domain.Pagings.paging) on controller Xim.AppApi.Controllers.DMThuTruongController (API).


2025-09-12 11:46:08.8233-INFO-Microsoft.AspNetCore.Mvc.Infrastructure.ObjectResultExecutor-http://localhost/DMThuTruongs/getall-GetList:
Executing OkObjectResult, writing value of type '<>f__AnonymousType0`5[[System.Collections.IList, System.Private.CoreLib, Version=8.0.0.0, Culture=neutral, PublicKeyToken=7cec85d7bea7798e],[System.Int32, System.Private.CoreLib, Version=8.0.0.0, Culture=neutral, PublicKeyToken=7cec85d7bea7798e],[System.Int32, System.Private.CoreLib, Version=8.0.0.0, Culture=neutral, PublicKeyToken=7cec85d7bea7798e],[System.Int32, System.Private.CoreLib, Version=8.0.0.0, Culture=neutral, PublicKeyToken=7cec85d7bea7798e],[System.Int32, System.Private.CoreLib, Version=8.0.0.0, Culture=neutral, PublicKeyToken=7cec85d7bea7798e]]'.


2025-09-12 11:46:08.8367-INFO-Microsoft.AspNetCore.Mvc.Infrastructure.ControllerActionInvoker-http://localhost/DMThuTruongs/getall-GetList:
Executed action Xim.AppApi.Controllers.DMThuTruongController.GetListAsync (API) in 80.0161ms


2025-09-12 11:46:08.8367-INFO-Microsoft.AspNetCore.Routing.EndpointMiddleware-http://localhost/DMThuTruongs/getall-GetList:
Executed endpoint 'Xim.AppApi.Controllers.DMThuTruongController.GetListAsync (API)'


2025-09-12 11:46:08.8367-INFO-Microsoft.AspNetCore.Hosting.Diagnostics-http://localhost/DMThuTruongs/getall-GetList:
Request finished HTTP/1.1 POST http://localhost:5260/DMThuTruongs/getall - 200 246 application/json;+charset=utf-8 112.2038ms


2025-09-12 11:47:47.7954-INFO-Microsoft.AspNetCore.DataProtection.KeyManagement.XmlKeyManager--:
User profile is available. Using 'C:\Users\BTL86\AppData\Local\ASP.NET\DataProtection-Keys' as key repository and Windows DPAPI to encrypt keys at rest.


2025-09-12 11:47:48.0786-INFO-Microsoft.Hosting.Lifetime--:
Now listening on: http://localhost:5260


2025-09-12 11:47:48.1837-INFO-Microsoft.Hosting.Lifetime--:
Application started. Press Ctrl+C to shut down.


2025-09-12 11:47:48.1837-INFO-Microsoft.Hosting.Lifetime--:
Hosting environment: Development


2025-09-12 11:47:48.1854-INFO-Microsoft.Hosting.Lifetime--:
Content root path: C:\Code\Cong TT\CodeBECong\Api\Xim.AppApi


2025-09-12 11:47:49.0429-INFO-Microsoft.AspNetCore.Hosting.Diagnostics-http://localhost/swagger/index.html-:
Request starting HTTP/1.1 GET http://localhost:5260/swagger/index.html - - -


2025-09-12 11:47:49.1695-INFO-Microsoft.AspNetCore.Hosting.Diagnostics-http://localhost/swagger/index.html-:
Request finished HTTP/1.1 GET http://localhost:5260/swagger/index.html - 200 - text/html;charset=utf-8 131.2553ms


2025-09-12 11:47:49.2938-INFO-Microsoft.AspNetCore.Hosting.Diagnostics-http://localhost/swagger/v1/swagger.json-:
Request starting HTTP/1.1 GET http://localhost:5260/swagger/v1/swagger.json - - -


2025-09-12 11:47:49.4902-INFO-Microsoft.AspNetCore.Hosting.Diagnostics-http://localhost/swagger/v1/swagger.json-:
Request finished HTTP/1.1 GET http://localhost:5260/swagger/v1/swagger.json - 200 - application/json;charset=utf-8 197.2348ms


2025-09-12 11:48:02.3808-INFO-Microsoft.AspNetCore.Hosting.Diagnostics-http://localhost/Accounts/login-:
Request starting HTTP/1.1 POST http://localhost:5260/Accounts/login - application/json-patch+json 49


2025-09-12 11:48:02.4027-INFO-Microsoft.AspNetCore.Cors.Infrastructure.CorsService-http://localhost/Accounts/login-Login:
CORS policy execution successful.


2025-09-12 11:48:02.4567-INFO-Microsoft.AspNetCore.Routing.EndpointMiddleware-http://localhost/Accounts/login-Login:
Executing endpoint 'Xim.AppApi.Controllers.AccountController.LoginAsync (API)'


2025-09-12 11:48:02.4830-INFO-Microsoft.AspNetCore.Mvc.Infrastructure.ControllerActionInvoker-http://localhost/Accounts/login-Login:
Route matched with {action = "Login", controller = "Account"}. Executing controller action with signature System.Threading.Tasks.Task`1[Microsoft.AspNetCore.Mvc.IActionResult] LoginAsync(Xim.Application.Contracts.Users.UserDtoLogin) on controller Xim.AppApi.Controllers.AccountController (API).


2025-09-12 11:48:02.6423-INFO-Microsoft.AspNetCore.Mvc.Infrastructure.ObjectResultExecutor-http://localhost/Accounts/login-Login:
Executing OkObjectResult, writing value of type 'Xim.AppApi.Controllers.AccountController+JwtTokenInfo'.


2025-09-12 11:48:02.6611-INFO-Microsoft.AspNetCore.Mvc.Infrastructure.ControllerActionInvoker-http://localhost/Accounts/login-Login:
Executed action Xim.AppApi.Controllers.AccountController.LoginAsync (API) in 172.6702ms


2025-09-12 11:48:02.6611-INFO-Microsoft.AspNetCore.Routing.EndpointMiddleware-http://localhost/Accounts/login-Login:
Executed endpoint 'Xim.AppApi.Controllers.AccountController.LoginAsync (API)'


2025-09-12 11:48:02.6611-INFO-Microsoft.AspNetCore.Hosting.Diagnostics-http://localhost/Accounts/login-Login:
Request finished HTTP/1.1 POST http://localhost:5260/Accounts/login - 200 599 application/json;+charset=utf-8 282.3393ms


2025-09-12 11:50:17.8646-INFO-Microsoft.AspNetCore.Hosting.Diagnostics-http://localhost/ThuTruongBQPs-:
Request starting HTTP/1.1 POST http://localhost:5260/ThuTruongBQPs - multipart/form-data;+boundary=----WebKitFormBoundarykIOIpqRcjPhEUyGe 58565


2025-09-12 11:50:17.8771-INFO-Microsoft.AspNetCore.Cors.Infrastructure.CorsService-http://localhost/ThuTruongBQPs-Insert:
CORS policy execution successful.


2025-09-12 11:50:17.9725-INFO-Microsoft.AspNetCore.Routing.EndpointMiddleware-http://localhost/ThuTruongBQPs-Insert:
Executing endpoint 'Xim.AppApi.Controllers.ThuTruongBQPController.InsertAsync (API)'


2025-09-12 11:50:17.9815-INFO-Microsoft.AspNetCore.Mvc.Infrastructure.ControllerActionInvoker-http://localhost/ThuTruongBQPs-Insert:
Route matched with {action = "Insert", controller = "ThuTruongBQP"}. Executing controller action with signature System.Threading.Tasks.Task`1[Microsoft.AspNetCore.Mvc.ActionResult`1[Xim.Domain.Entities.ThuTruongBQPEntity]] InsertAsync(Xim.Application.Contracts.ThuTruongBQP.ThuTruongBQPDtoCreate, Microsoft.AspNetCore.Http.IFormFile) on controller Xim.AppApi.Controllers.ThuTruongBQPController (API).


2025-09-12 11:50:22.0320-INFO-Microsoft.AspNetCore.Mvc.Infrastructure.ObjectResultExecutor-http://localhost/ThuTruongBQPs-Insert:
Executing OkObjectResult, writing value of type 'Xim.Application.Contracts.ThuTruongBQP.ThuTruongBQPDtoView'.


2025-09-12 11:50:22.0320-INFO-Microsoft.AspNetCore.Mvc.Infrastructure.ControllerActionInvoker-http://localhost/ThuTruongBQPs-Insert:
Executed action Xim.AppApi.Controllers.ThuTruongBQPController.InsertAsync (API) in 4045.9146ms


2025-09-12 11:50:22.0320-INFO-Microsoft.AspNetCore.Routing.EndpointMiddleware-http://localhost/ThuTruongBQPs-Insert:
Executed endpoint 'Xim.AppApi.Controllers.ThuTruongBQPController.InsertAsync (API)'


2025-09-12 11:50:22.0320-INFO-Microsoft.AspNetCore.Hosting.Diagnostics-http://localhost/ThuTruongBQPs-Insert:
Request finished HTTP/1.1 POST http://localhost:5260/ThuTruongBQPs - 200 159 application/json;+charset=utf-8 4174.7097ms


