2025-09-16 11:03:25.6085-ERROR-Xim.AppApi.ActionFilters.ExceptionActionFilter-http://localhost/DashBoardDKs/upload-UploadExcel:
Please use the static 'ExcelPackage.License' property to set the required license information from EPPlus 8 and later versions. For more info see http://epplussoftware.com/developers/licensenotsetexception.
OfficeOpenXml.LicenseContextPropertyObsoleteException: Please use the static 'ExcelPackage.License' property to set the required license information from EPPlus 8 and later versions. For more info see http://epplussoftware.com/developers/licensenotsetexception.
   at OfficeOpenXml.ExcelPackage.set_LicenseContext(Nullable`1 value)
   at Xim.AppApi.Controllers.DashBoardDKController.UploadExcel(IFormFile file) in C:\Code\Cong TT\CodeBECong\Api\Xim.AppApi\Controllers\DashBoardDKController.cs:line 43
   at Microsoft.AspNetCore.Mvc.Infrastructure.ActionMethodExecutor.TaskOfIActionResultExecutor.Execute(ActionContext actionContext, IActionResultTypeMapper mapper, ObjectMethodExecutor executor, Object controller, Object[] arguments)
   at Microsoft.AspNetCore.Mvc.Infrastructure.ControllerActionInvoker.<InvokeActionMethodAsync>g__Awaited|12_0(ControllerActionInvoker invoker, ValueTask`1 actionResultValueTask)
   at Microsoft.AspNetCore.Mvc.Infrastructure.ControllerActionInvoker.<InvokeNextActionFilterAsync>g__Awaited|10_0(ControllerActionInvoker invoker, Task lastTask, State next, Scope scope, Object state, Boolean isCompleted)

2025-09-16 11:03:39.1877-ERROR-Xim.AppApi.ActionFilters.ExceptionActionFilter-http://localhost/DashBoardDKs/upload-UploadExcel:
Please use the static 'ExcelPackage.License' property to set the required license information from EPPlus 8 and later versions. For more info see http://epplussoftware.com/developers/licensenotsetexception.
OfficeOpenXml.LicenseContextPropertyObsoleteException: Please use the static 'ExcelPackage.License' property to set the required license information from EPPlus 8 and later versions. For more info see http://epplussoftware.com/developers/licensenotsetexception.
   at OfficeOpenXml.ExcelPackage.set_LicenseContext(Nullable`1 value)
   at Xim.AppApi.Controllers.DashBoardDKController.UploadExcel(IFormFile file) in C:\Code\Cong TT\CodeBECong\Api\Xim.AppApi\Controllers\DashBoardDKController.cs:line 43
   at Microsoft.AspNetCore.Mvc.Infrastructure.ActionMethodExecutor.TaskOfIActionResultExecutor.Execute(ActionContext actionContext, IActionResultTypeMapper mapper, ObjectMethodExecutor executor, Object controller, Object[] arguments)
   at Microsoft.AspNetCore.Mvc.Infrastructure.ControllerActionInvoker.<InvokeActionMethodAsync>g__Awaited|12_0(ControllerActionInvoker invoker, ValueTask`1 actionResultValueTask)
   at Microsoft.AspNetCore.Mvc.Infrastructure.ControllerActionInvoker.<InvokeNextActionFilterAsync>g__Awaited|10_0(ControllerActionInvoker invoker, Task lastTask, State next, Scope scope, Object state, Boolean isCompleted)

2025-09-16 11:22:55.4302-ERROR-Xim.AppApi.ActionFilters.ExceptionActionFilter-http://localhost/DashBoardDKs/upload-UploadExcel:
Please use the static 'ExcelPackage.License' property to set the required license information from EPPlus 8 and later versions. For more info see http://epplussoftware.com/developers/licensenotsetexception.
OfficeOpenXml.LicenseContextPropertyObsoleteException: Please use the static 'ExcelPackage.License' property to set the required license information from EPPlus 8 and later versions. For more info see http://epplussoftware.com/developers/licensenotsetexception.
   at OfficeOpenXml.ExcelPackage.set_LicenseContext(Nullable`1 value)
   at Xim.AppApi.Controllers.DashBoardDKController.UploadExcel(IFormFile file) in C:\Code\Cong TT\CodeBECong\Api\Xim.AppApi\Controllers\DashBoardDKController.cs:line 43
   at Microsoft.AspNetCore.Mvc.Infrastructure.ActionMethodExecutor.TaskOfIActionResultExecutor.Execute(ActionContext actionContext, IActionResultTypeMapper mapper, ObjectMethodExecutor executor, Object controller, Object[] arguments)
   at Microsoft.AspNetCore.Mvc.Infrastructure.ControllerActionInvoker.<InvokeActionMethodAsync>g__Awaited|12_0(ControllerActionInvoker invoker, ValueTask`1 actionResultValueTask)
   at Microsoft.AspNetCore.Mvc.Infrastructure.ControllerActionInvoker.<InvokeNextActionFilterAsync>g__Awaited|10_0(ControllerActionInvoker invoker, Task lastTask, State next, Scope scope, Object state, Boolean isCompleted)

2025-09-16 20:32:07.4121-ERROR-Xim.AppApi.ActionFilters.ExceptionActionFilter-http://localhost/DashBoardDKs/getallgroubyDate-getallgroubyDate:
Value cannot be null. (Parameter 'value')
System.ArgumentNullException: Value cannot be null. (Parameter 'value')
   at Newtonsoft.Json.Utilities.ValidationUtils.ArgumentNotNull(Object value, String parameterName)
   at Newtonsoft.Json.JsonConvert.DeserializeObject(String value, Type type, JsonSerializerSettings settings)
   at Newtonsoft.Json.JsonConvert.DeserializeObject[T](String value, JsonSerializerSettings settings)
   at Newtonsoft.Json.JsonConvert.DeserializeObject[T](String value)
   at Xim.AppApi.Controllers.DashBoardDKController.getallgroubyDate() in C:\Code\Cong TT\CodeBECong\Api\Xim.AppApi\Controllers\DashBoardDKController.cs:line 293
   at Microsoft.AspNetCore.Mvc.Infrastructure.ActionMethodExecutor.TaskOfIActionResultExecutor.Execute(ActionContext actionContext, IActionResultTypeMapper mapper, ObjectMethodExecutor executor, Object controller, Object[] arguments)
   at Microsoft.AspNetCore.Mvc.Infrastructure.ControllerActionInvoker.<InvokeActionMethodAsync>g__Awaited|12_0(ControllerActionInvoker invoker, ValueTask`1 actionResultValueTask)
   at Microsoft.AspNetCore.Mvc.Infrastructure.ControllerActionInvoker.<InvokeNextActionFilterAsync>g__Awaited|10_0(ControllerActionInvoker invoker, Task lastTask, State next, Scope scope, Object state, Boolean isCompleted)

2025-09-16 20:32:49.5290-ERROR-Xim.AppApi.ActionFilters.ExceptionActionFilter-http://localhost/DashBoardDKs/getallgroubyDate-getallgroubyDate:
Value cannot be null. (Parameter 'value')
System.ArgumentNullException: Value cannot be null. (Parameter 'value')
   at Newtonsoft.Json.Utilities.ValidationUtils.ArgumentNotNull(Object value, String parameterName)
   at Newtonsoft.Json.JsonConvert.DeserializeObject(String value, Type type, JsonSerializerSettings settings)
   at Newtonsoft.Json.JsonConvert.DeserializeObject[T](String value, JsonSerializerSettings settings)
   at Newtonsoft.Json.JsonConvert.DeserializeObject[T](String value)
   at Xim.AppApi.Controllers.DashBoardDKController.getallgroubyDate() in C:\Code\Cong TT\CodeBECong\Api\Xim.AppApi\Controllers\DashBoardDKController.cs:line 293
   at Microsoft.AspNetCore.Mvc.Infrastructure.ActionMethodExecutor.TaskOfIActionResultExecutor.Execute(ActionContext actionContext, IActionResultTypeMapper mapper, ObjectMethodExecutor executor, Object controller, Object[] arguments)
   at Microsoft.AspNetCore.Mvc.Infrastructure.ControllerActionInvoker.<InvokeActionMethodAsync>g__Awaited|12_0(ControllerActionInvoker invoker, ValueTask`1 actionResultValueTask)
   at Microsoft.AspNetCore.Mvc.Infrastructure.ControllerActionInvoker.<InvokeNextActionFilterAsync>g__Awaited|10_0(ControllerActionInvoker invoker, Task lastTask, State next, Scope scope, Object state, Boolean isCompleted)

2025-09-16 20:56:58.2317-ERROR-Xim.AppApi.ActionFilters.ExceptionActionFilter-http://localhost/DashBoardDKs/upload-UploadExcel:
Object reference not set to an instance of an object.
System.NullReferenceException: Object reference not set to an instance of an object.
   at Xim.AppApi.Controllers.DashBoardDKController.UploadExcel(IFormFile file, String MotaDuLieu) in C:\Code\Cong TT\CodeBECong\Api\Xim.AppApi\Controllers\DashBoardDKController.cs:line 115
   at Microsoft.AspNetCore.Mvc.Infrastructure.ActionMethodExecutor.TaskOfIActionResultExecutor.Execute(ActionContext actionContext, IActionResultTypeMapper mapper, ObjectMethodExecutor executor, Object controller, Object[] arguments)
   at Microsoft.AspNetCore.Mvc.Infrastructure.ControllerActionInvoker.<InvokeActionMethodAsync>g__Awaited|12_0(ControllerActionInvoker invoker, ValueTask`1 actionResultValueTask)
   at Microsoft.AspNetCore.Mvc.Infrastructure.ControllerActionInvoker.<InvokeNextActionFilterAsync>g__Awaited|10_0(ControllerActionInvoker invoker, Task lastTask, State next, Scope scope, Object state, Boolean isCompleted)

