2025-09-16 11:01:53.4732-INFO-Microsoft.AspNetCore.DataProtection.KeyManagement.XmlKeyManager--:
User profile is available. Using 'C:\Users\BTL86\AppData\Local\ASP.NET\DataProtection-Keys' as key repository and Windows DPAPI to encrypt keys at rest.


2025-09-16 11:01:53.6205-INFO-Microsoft.Hosting.Lifetime--:
Now listening on: http://localhost:5260


2025-09-16 11:01:53.6772-INFO-Microsoft.Hosting.Lifetime--:
Application started. Press Ctrl+C to shut down.


2025-09-16 11:01:53.6772-INFO-Microsoft.Hosting.Lifetime--:
Hosting environment: Development


2025-09-16 11:01:53.6787-INFO-Microsoft.Hosting.Lifetime--:
Content root path: C:\Code\Cong TT\CodeBECong\Api\Xim.AppApi


2025-09-16 11:01:55.6940-INFO-Microsoft.AspNetCore.Hosting.Diagnostics-http://localhost/swagger/index.html-:
Request starting HTTP/1.1 GET http://localhost:5260/swagger/index.html - - -


2025-09-16 11:01:55.8209-INFO-Microsoft.AspNetCore.Hosting.Diagnostics-http://localhost/swagger/index.html-:
Request finished HTTP/1.1 GET http://localhost:5260/swagger/index.html - 200 - text/html;charset=utf-8 129.3043ms


2025-09-16 11:01:55.9375-INFO-Microsoft.AspNetCore.Hosting.Diagnostics-http://localhost/swagger/v1/swagger.json-:
Request starting HTTP/1.1 GET http://localhost:5260/swagger/v1/swagger.json - - -


2025-09-16 11:01:56.1031-INFO-Microsoft.AspNetCore.Hosting.Diagnostics-http://localhost/swagger/v1/swagger.json-:
Request finished HTTP/1.1 GET http://localhost:5260/swagger/v1/swagger.json - 200 - application/json;charset=utf-8 166.4028ms


2025-09-16 11:02:23.7573-INFO-Microsoft.AspNetCore.DataProtection.KeyManagement.XmlKeyManager--:
User profile is available. Using 'C:\Users\BTL86\AppData\Local\ASP.NET\DataProtection-Keys' as key repository and Windows DPAPI to encrypt keys at rest.


2025-09-16 11:02:24.0674-INFO-Microsoft.Hosting.Lifetime--:
Now listening on: http://localhost:5260


2025-09-16 11:02:24.1280-INFO-Microsoft.Hosting.Lifetime--:
Application started. Press Ctrl+C to shut down.


2025-09-16 11:02:24.1280-INFO-Microsoft.Hosting.Lifetime--:
Hosting environment: Development


2025-09-16 11:02:24.1280-INFO-Microsoft.Hosting.Lifetime--:
Content root path: C:\Code\Cong TT\CodeBECong\Api\Xim.AppApi


2025-09-16 11:02:26.6346-INFO-Microsoft.AspNetCore.Hosting.Diagnostics-http://localhost/swagger/index.html-:
Request starting HTTP/1.1 GET http://localhost:5260/swagger/index.html - - -


2025-09-16 11:02:26.7639-INFO-Microsoft.AspNetCore.Hosting.Diagnostics-http://localhost/swagger/index.html-:
Request finished HTTP/1.1 GET http://localhost:5260/swagger/index.html - 200 - text/html;charset=utf-8 144.3180ms


2025-09-16 11:02:26.8579-INFO-Microsoft.AspNetCore.Hosting.Diagnostics-http://localhost/swagger/v1/swagger.json-:
Request starting HTTP/1.1 GET http://localhost:5260/swagger/v1/swagger.json - - -


2025-09-16 11:02:27.0013-INFO-Microsoft.AspNetCore.Hosting.Diagnostics-http://localhost/swagger/v1/swagger.json-:
Request finished HTTP/1.1 GET http://localhost:5260/swagger/v1/swagger.json - 200 - application/json;charset=utf-8 144.5978ms


2025-09-16 11:03:25.3457-INFO-Microsoft.AspNetCore.Hosting.Diagnostics-http://localhost/DashBoardDKs/upload-:
Request starting HTTP/1.1 POST http://localhost:5260/DashBoardDKs/upload - multipart/form-data;+boundary=----WebKitFormBoundarypaLawrnrsdG7MG9p 75377


2025-09-16 11:03:25.3469-INFO-Microsoft.AspNetCore.Cors.Infrastructure.CorsService-http://localhost/DashBoardDKs/upload-UploadExcel:
CORS policy execution successful.


2025-09-16 11:03:25.4290-INFO-Microsoft.AspNetCore.Routing.EndpointMiddleware-http://localhost/DashBoardDKs/upload-UploadExcel:
Executing endpoint 'Xim.AppApi.Controllers.DashBoardDKController.UploadExcel (API)'


2025-09-16 11:03:25.4444-INFO-Microsoft.AspNetCore.Mvc.Infrastructure.ControllerActionInvoker-http://localhost/DashBoardDKs/upload-UploadExcel:
Route matched with {action = "UploadExcel", controller = "DashBoardDK"}. Executing controller action with signature System.Threading.Tasks.Task`1[Microsoft.AspNetCore.Mvc.IActionResult] UploadExcel(Microsoft.AspNetCore.Http.IFormFile) on controller Xim.AppApi.Controllers.DashBoardDKController (API).


2025-09-16 11:03:25.6330-INFO-Microsoft.AspNetCore.Mvc.Infrastructure.ObjectResultExecutor-http://localhost/DashBoardDKs/upload-UploadExcel:
Executing ObjectResult, writing value of type 'System.String'.


2025-09-16 11:03:25.6810-INFO-Microsoft.AspNetCore.Mvc.Infrastructure.ControllerActionInvoker-http://localhost/DashBoardDKs/upload-UploadExcel:
Executed action Xim.AppApi.Controllers.DashBoardDKController.UploadExcel (API) in 218.3631ms


2025-09-16 11:03:25.6810-INFO-Microsoft.AspNetCore.Routing.EndpointMiddleware-http://localhost/DashBoardDKs/upload-UploadExcel:
Executed endpoint 'Xim.AppApi.Controllers.DashBoardDKController.UploadExcel (API)'


2025-09-16 11:03:25.6955-INFO-Microsoft.AspNetCore.Hosting.Diagnostics-http://localhost/DashBoardDKs/upload-UploadExcel:
Request finished HTTP/1.1 POST http://localhost:5260/DashBoardDKs/upload - 500 - text/plain;+charset=utf-8 349.7211ms


2025-09-16 11:03:39.1072-INFO-Microsoft.AspNetCore.Hosting.Diagnostics-http://localhost/DashBoardDKs/upload-:
Request starting HTTP/1.1 POST http://localhost:5260/DashBoardDKs/upload - multipart/form-data;+boundary=----WebKitFormBoundary4N19Z0v3dUX4DtTJ 75377


2025-09-16 11:03:39.1072-INFO-Microsoft.AspNetCore.Cors.Infrastructure.CorsService-http://localhost/DashBoardDKs/upload-UploadExcel:
CORS policy execution successful.


2025-09-16 11:03:39.1325-INFO-Microsoft.AspNetCore.Routing.EndpointMiddleware-http://localhost/DashBoardDKs/upload-UploadExcel:
Executing endpoint 'Xim.AppApi.Controllers.DashBoardDKController.UploadExcel (API)'


2025-09-16 11:03:39.1325-INFO-Microsoft.AspNetCore.Mvc.Infrastructure.ControllerActionInvoker-http://localhost/DashBoardDKs/upload-UploadExcel:
Route matched with {action = "UploadExcel", controller = "DashBoardDK"}. Executing controller action with signature System.Threading.Tasks.Task`1[Microsoft.AspNetCore.Mvc.IActionResult] UploadExcel(Microsoft.AspNetCore.Http.IFormFile) on controller Xim.AppApi.Controllers.DashBoardDKController (API).


2025-09-16 11:03:39.1877-INFO-Microsoft.AspNetCore.Mvc.Infrastructure.ObjectResultExecutor-http://localhost/DashBoardDKs/upload-UploadExcel:
Executing ObjectResult, writing value of type 'System.String'.


2025-09-16 11:03:39.1877-INFO-Microsoft.AspNetCore.Mvc.Infrastructure.ControllerActionInvoker-http://localhost/DashBoardDKs/upload-UploadExcel:
Executed action Xim.AppApi.Controllers.DashBoardDKController.UploadExcel (API) in 45.193ms


2025-09-16 11:03:39.1877-INFO-Microsoft.AspNetCore.Routing.EndpointMiddleware-http://localhost/DashBoardDKs/upload-UploadExcel:
Executed endpoint 'Xim.AppApi.Controllers.DashBoardDKController.UploadExcel (API)'


2025-09-16 11:03:39.1877-INFO-Microsoft.AspNetCore.Hosting.Diagnostics-http://localhost/DashBoardDKs/upload-UploadExcel:
Request finished HTTP/1.1 POST http://localhost:5260/DashBoardDKs/upload - 500 - text/plain;+charset=utf-8 84.4400ms


2025-09-16 11:07:18.3872-INFO-Microsoft.AspNetCore.DataProtection.KeyManagement.XmlKeyManager--:
User profile is available. Using 'C:\Users\BTL86\AppData\Local\ASP.NET\DataProtection-Keys' as key repository and Windows DPAPI to encrypt keys at rest.


2025-09-16 11:07:18.7661-INFO-Microsoft.Hosting.Lifetime--:
Now listening on: http://localhost:5260


2025-09-16 11:07:18.8193-INFO-Microsoft.Hosting.Lifetime--:
Application started. Press Ctrl+C to shut down.


2025-09-16 11:07:18.8193-INFO-Microsoft.Hosting.Lifetime--:
Hosting environment: Development


2025-09-16 11:07:18.8211-INFO-Microsoft.Hosting.Lifetime--:
Content root path: C:\Code\Cong TT\CodeBECong\Api\Xim.AppApi


2025-09-16 11:07:20.9028-INFO-Microsoft.AspNetCore.Hosting.Diagnostics-http://localhost/swagger/index.html-:
Request starting HTTP/1.1 GET http://localhost:5260/swagger/index.html - - -


2025-09-16 11:07:21.2049-INFO-Microsoft.AspNetCore.Hosting.Diagnostics-http://localhost/swagger/index.html-:
Request finished HTTP/1.1 GET http://localhost:5260/swagger/index.html - 200 - text/html;charset=utf-8 310.7641ms


2025-09-16 11:07:21.3147-INFO-Microsoft.AspNetCore.Hosting.Diagnostics-http://localhost/swagger/v1/swagger.json-:
Request starting HTTP/1.1 GET http://localhost:5260/swagger/v1/swagger.json - - -


2025-09-16 11:07:21.4549-INFO-Microsoft.AspNetCore.Hosting.Diagnostics-http://localhost/swagger/v1/swagger.json-:
Request finished HTTP/1.1 GET http://localhost:5260/swagger/v1/swagger.json - 200 - application/json;charset=utf-8 141.0725ms


2025-09-16 11:22:55.1343-INFO-Microsoft.AspNetCore.Hosting.Diagnostics-http://localhost/DashBoardDKs/upload-:
Request starting HTTP/1.1 POST http://localhost:5260/DashBoardDKs/upload - multipart/form-data;+boundary=----WebKitFormBoundaryuvGzMbXPlFEWrvDc 75377


2025-09-16 11:22:55.2014-INFO-Microsoft.AspNetCore.Cors.Infrastructure.CorsService-http://localhost/DashBoardDKs/upload-UploadExcel:
CORS policy execution successful.


2025-09-16 11:22:55.2790-INFO-Microsoft.AspNetCore.Routing.EndpointMiddleware-http://localhost/DashBoardDKs/upload-UploadExcel:
Executing endpoint 'Xim.AppApi.Controllers.DashBoardDKController.UploadExcel (API)'


2025-09-16 11:22:55.2943-INFO-Microsoft.AspNetCore.Mvc.Infrastructure.ControllerActionInvoker-http://localhost/DashBoardDKs/upload-UploadExcel:
Route matched with {action = "UploadExcel", controller = "DashBoardDK"}. Executing controller action with signature System.Threading.Tasks.Task`1[Microsoft.AspNetCore.Mvc.IActionResult] UploadExcel(Microsoft.AspNetCore.Http.IFormFile) on controller Xim.AppApi.Controllers.DashBoardDKController (API).


2025-09-16 11:22:55.4511-INFO-Microsoft.AspNetCore.Mvc.Infrastructure.ObjectResultExecutor-http://localhost/DashBoardDKs/upload-UploadExcel:
Executing ObjectResult, writing value of type 'System.String'.


2025-09-16 11:22:55.4511-INFO-Microsoft.AspNetCore.Mvc.Infrastructure.ControllerActionInvoker-http://localhost/DashBoardDKs/upload-UploadExcel:
Executed action Xim.AppApi.Controllers.DashBoardDKController.UploadExcel (API) in 148.9191ms


2025-09-16 11:22:55.4511-INFO-Microsoft.AspNetCore.Routing.EndpointMiddleware-http://localhost/DashBoardDKs/upload-UploadExcel:
Executed endpoint 'Xim.AppApi.Controllers.DashBoardDKController.UploadExcel (API)'


2025-09-16 11:22:55.4511-INFO-Microsoft.AspNetCore.Hosting.Diagnostics-http://localhost/DashBoardDKs/upload-UploadExcel:
Request finished HTTP/1.1 POST http://localhost:5260/DashBoardDKs/upload - 500 - text/plain;+charset=utf-8 327.7291ms


2025-09-16 11:24:02.8321-INFO-Microsoft.AspNetCore.DataProtection.KeyManagement.XmlKeyManager--:
User profile is available. Using 'C:\Users\BTL86\AppData\Local\ASP.NET\DataProtection-Keys' as key repository and Windows DPAPI to encrypt keys at rest.


2025-09-16 11:24:02.9681-INFO-Microsoft.Hosting.Lifetime--:
Now listening on: http://localhost:5260


2025-09-16 11:24:03.0455-INFO-Microsoft.Hosting.Lifetime--:
Application started. Press Ctrl+C to shut down.


2025-09-16 11:24:03.0455-INFO-Microsoft.Hosting.Lifetime--:
Hosting environment: Development


2025-09-16 11:24:03.0455-INFO-Microsoft.Hosting.Lifetime--:
Content root path: C:\Code\Cong TT\CodeBECong\Api\Xim.AppApi


2025-09-16 11:24:05.1525-INFO-Microsoft.AspNetCore.Hosting.Diagnostics-http://localhost/swagger/index.html-:
Request starting HTTP/1.1 GET http://localhost:5260/swagger/index.html - - -


2025-09-16 11:24:05.2736-INFO-Microsoft.AspNetCore.Hosting.Diagnostics-http://localhost/swagger/index.html-:
Request finished HTTP/1.1 GET http://localhost:5260/swagger/index.html - 200 - text/html;charset=utf-8 129.1745ms


2025-09-16 11:24:05.4259-INFO-Microsoft.AspNetCore.Hosting.Diagnostics-http://localhost/swagger/v1/swagger.json-:
Request starting HTTP/1.1 GET http://localhost:5260/swagger/v1/swagger.json - - -


2025-09-16 11:24:05.5532-INFO-Microsoft.AspNetCore.Hosting.Diagnostics-http://localhost/swagger/v1/swagger.json-:
Request finished HTTP/1.1 GET http://localhost:5260/swagger/v1/swagger.json - 200 - application/json;charset=utf-8 128.2336ms


2025-09-16 11:24:19.8508-INFO-Microsoft.AspNetCore.Hosting.Diagnostics-http://localhost/DashBoardDKs/upload-:
Request starting HTTP/1.1 POST http://localhost:5260/DashBoardDKs/upload - multipart/form-data;+boundary=----WebKitFormBoundary89ZTxhlR9RVUpEsO 75377


2025-09-16 11:24:19.8743-INFO-Microsoft.AspNetCore.Cors.Infrastructure.CorsService-http://localhost/DashBoardDKs/upload-UploadExcel:
CORS policy execution successful.


2025-09-16 11:24:19.9394-INFO-Microsoft.AspNetCore.Routing.EndpointMiddleware-http://localhost/DashBoardDKs/upload-UploadExcel:
Executing endpoint 'Xim.AppApi.Controllers.DashBoardDKController.UploadExcel (API)'


2025-09-16 11:24:19.9546-INFO-Microsoft.AspNetCore.Mvc.Infrastructure.ControllerActionInvoker-http://localhost/DashBoardDKs/upload-UploadExcel:
Route matched with {action = "UploadExcel", controller = "DashBoardDK"}. Executing controller action with signature System.Threading.Tasks.Task`1[Microsoft.AspNetCore.Mvc.IActionResult] UploadExcel(Microsoft.AspNetCore.Http.IFormFile) on controller Xim.AppApi.Controllers.DashBoardDKController (API).


2025-09-16 11:24:20.3283-INFO-Microsoft.AspNetCore.Mvc.Infrastructure.ObjectResultExecutor-http://localhost/DashBoardDKs/upload-UploadExcel:
Executing OkObjectResult, writing value of type 'System.Collections.Generic.List`1[[System.Collections.Generic.Dictionary`2[[System.String, System.Private.CoreLib, Version=8.0.0.0, Culture=neutral, PublicKeyToken=7cec85d7bea7798e],[System.String, System.Private.CoreLib, Version=8.0.0.0, Culture=neutral, PublicKeyToken=7cec85d7bea7798e]], System.Private.CoreLib, Version=8.0.0.0, Culture=neutral, PublicKeyToken=7cec85d7bea7798e]]'.


2025-09-16 11:24:20.3728-INFO-Microsoft.AspNetCore.Mvc.Infrastructure.ControllerActionInvoker-http://localhost/DashBoardDKs/upload-UploadExcel:
Executed action Xim.AppApi.Controllers.DashBoardDKController.UploadExcel (API) in 399.052ms


2025-09-16 11:24:20.3734-INFO-Microsoft.AspNetCore.Routing.EndpointMiddleware-http://localhost/DashBoardDKs/upload-UploadExcel:
Executed endpoint 'Xim.AppApi.Controllers.DashBoardDKController.UploadExcel (API)'


2025-09-16 11:24:20.3734-INFO-Microsoft.AspNetCore.Hosting.Diagnostics-http://localhost/DashBoardDKs/upload-UploadExcel:
Request finished HTTP/1.1 POST http://localhost:5260/DashBoardDKs/upload - 200 3062 application/json;+charset=utf-8 526.1490ms


2025-09-16 11:28:27.1954-INFO-Microsoft.AspNetCore.DataProtection.KeyManagement.XmlKeyManager--:
User profile is available. Using 'C:\Users\BTL86\AppData\Local\ASP.NET\DataProtection-Keys' as key repository and Windows DPAPI to encrypt keys at rest.


2025-09-16 11:28:27.3306-INFO-Microsoft.Hosting.Lifetime--:
Now listening on: http://localhost:5260


2025-09-16 11:28:27.3877-INFO-Microsoft.Hosting.Lifetime--:
Application started. Press Ctrl+C to shut down.


2025-09-16 11:28:27.3877-INFO-Microsoft.Hosting.Lifetime--:
Hosting environment: Development


2025-09-16 11:28:27.3931-INFO-Microsoft.Hosting.Lifetime--:
Content root path: C:\Code\Cong TT\CodeBECong\Api\Xim.AppApi


2025-09-16 11:28:29.3746-INFO-Microsoft.AspNetCore.Hosting.Diagnostics-http://localhost/swagger/index.html-:
Request starting HTTP/1.1 GET http://localhost:5260/swagger/index.html - - -


2025-09-16 11:28:29.5188-INFO-Microsoft.AspNetCore.Hosting.Diagnostics-http://localhost/swagger/index.html-:
Request finished HTTP/1.1 GET http://localhost:5260/swagger/index.html - 200 - text/html;charset=utf-8 138.0583ms


2025-09-16 11:28:29.6100-INFO-Microsoft.AspNetCore.Hosting.Diagnostics-http://localhost/swagger/v1/swagger.json-:
Request starting HTTP/1.1 GET http://localhost:5260/swagger/v1/swagger.json - - -


2025-09-16 11:28:29.7379-INFO-Microsoft.AspNetCore.Hosting.Diagnostics-http://localhost/swagger/v1/swagger.json-:
Request finished HTTP/1.1 GET http://localhost:5260/swagger/v1/swagger.json - 200 - application/json;charset=utf-8 128.5411ms


2025-09-16 11:28:40.4643-INFO-Microsoft.AspNetCore.Hosting.Diagnostics-http://localhost/DashBoardDKs/upload-:
Request starting HTTP/1.1 POST http://localhost:5260/DashBoardDKs/upload - multipart/form-data;+boundary=----WebKitFormBoundaryDmeulaBbBf9kv677 75377


2025-09-16 11:28:40.4869-INFO-Microsoft.AspNetCore.Cors.Infrastructure.CorsService-http://localhost/DashBoardDKs/upload-UploadExcel:
CORS policy execution successful.


2025-09-16 11:28:40.5737-INFO-Microsoft.AspNetCore.Routing.EndpointMiddleware-http://localhost/DashBoardDKs/upload-UploadExcel:
Executing endpoint 'Xim.AppApi.Controllers.DashBoardDKController.UploadExcel (API)'


2025-09-16 11:28:40.6113-INFO-Microsoft.AspNetCore.Mvc.Infrastructure.ControllerActionInvoker-http://localhost/DashBoardDKs/upload-UploadExcel:
Route matched with {action = "UploadExcel", controller = "DashBoardDK"}. Executing controller action with signature System.Threading.Tasks.Task`1[Microsoft.AspNetCore.Mvc.IActionResult] UploadExcel(Microsoft.AspNetCore.Http.IFormFile) on controller Xim.AppApi.Controllers.DashBoardDKController (API).


2025-09-16 11:28:41.0053-INFO-Microsoft.AspNetCore.Mvc.Infrastructure.ObjectResultExecutor-http://localhost/DashBoardDKs/upload-UploadExcel:
Executing OkObjectResult, writing value of type 'System.Collections.Generic.List`1[[System.Collections.Generic.Dictionary`2[[System.String, System.Private.CoreLib, Version=8.0.0.0, Culture=neutral, PublicKeyToken=7cec85d7bea7798e],[System.String, System.Private.CoreLib, Version=8.0.0.0, Culture=neutral, PublicKeyToken=7cec85d7bea7798e]], System.Private.CoreLib, Version=8.0.0.0, Culture=neutral, PublicKeyToken=7cec85d7bea7798e]]'.


2025-09-16 11:28:41.0508-INFO-Microsoft.AspNetCore.Mvc.Infrastructure.ControllerActionInvoker-http://localhost/DashBoardDKs/upload-UploadExcel:
Executed action Xim.AppApi.Controllers.DashBoardDKController.UploadExcel (API) in 422.9907ms


2025-09-16 11:28:41.0508-INFO-Microsoft.AspNetCore.Routing.EndpointMiddleware-http://localhost/DashBoardDKs/upload-UploadExcel:
Executed endpoint 'Xim.AppApi.Controllers.DashBoardDKController.UploadExcel (API)'


2025-09-16 11:28:41.0508-INFO-Microsoft.AspNetCore.Hosting.Diagnostics-http://localhost/DashBoardDKs/upload-UploadExcel:
Request finished HTTP/1.1 POST http://localhost:5260/DashBoardDKs/upload - 200 1494 application/json;+charset=utf-8 590.4058ms


2025-09-16 11:31:29.7121-INFO-Microsoft.AspNetCore.DataProtection.KeyManagement.XmlKeyManager--:
User profile is available. Using 'C:\Users\BTL86\AppData\Local\ASP.NET\DataProtection-Keys' as key repository and Windows DPAPI to encrypt keys at rest.


2025-09-16 11:31:30.0259-INFO-Microsoft.Hosting.Lifetime--:
Now listening on: http://localhost:5260


2025-09-16 11:31:30.0859-INFO-Microsoft.Hosting.Lifetime--:
Application started. Press Ctrl+C to shut down.


2025-09-16 11:31:30.0859-INFO-Microsoft.Hosting.Lifetime--:
Hosting environment: Development


2025-09-16 11:31:30.0859-INFO-Microsoft.Hosting.Lifetime--:
Content root path: C:\Code\Cong TT\CodeBECong\Api\Xim.AppApi


2025-09-16 11:31:32.1563-INFO-Microsoft.AspNetCore.Hosting.Diagnostics-http://localhost/swagger/index.html-:
Request starting HTTP/1.1 GET http://localhost:5260/swagger/index.html - - -


2025-09-16 11:31:32.3311-INFO-Microsoft.AspNetCore.Hosting.Diagnostics-http://localhost/swagger/index.html-:
Request finished HTTP/1.1 GET http://localhost:5260/swagger/index.html - 200 - text/html;charset=utf-8 179.9402ms


2025-09-16 11:31:32.4241-INFO-Microsoft.AspNetCore.Hosting.Diagnostics-http://localhost/swagger/v1/swagger.json-:
Request starting HTTP/1.1 GET http://localhost:5260/swagger/v1/swagger.json - - -


2025-09-16 11:31:32.5797-INFO-Microsoft.AspNetCore.Hosting.Diagnostics-http://localhost/swagger/v1/swagger.json-:
Request finished HTTP/1.1 GET http://localhost:5260/swagger/v1/swagger.json - 200 - application/json;charset=utf-8 156.3255ms


2025-09-16 11:32:15.4586-INFO-Microsoft.AspNetCore.Hosting.Diagnostics-http://localhost/DashBoardDKs/upload-:
Request starting HTTP/1.1 POST http://localhost:5260/DashBoardDKs/upload - multipart/form-data;+boundary=----WebKitFormBoundary6TckWywbEXOu02cy 75377


2025-09-16 11:32:15.5186-INFO-Microsoft.AspNetCore.Cors.Infrastructure.CorsService-http://localhost/DashBoardDKs/upload-UploadExcel:
CORS policy execution successful.


2025-09-16 11:32:15.5794-INFO-Microsoft.AspNetCore.Routing.EndpointMiddleware-http://localhost/DashBoardDKs/upload-UploadExcel:
Executing endpoint 'Xim.AppApi.Controllers.DashBoardDKController.UploadExcel (API)'


2025-09-16 11:32:15.6096-INFO-Microsoft.AspNetCore.Mvc.Infrastructure.ControllerActionInvoker-http://localhost/DashBoardDKs/upload-UploadExcel:
Route matched with {action = "UploadExcel", controller = "DashBoardDK"}. Executing controller action with signature System.Threading.Tasks.Task`1[Microsoft.AspNetCore.Mvc.IActionResult] UploadExcel(Microsoft.AspNetCore.Http.IFormFile) on controller Xim.AppApi.Controllers.DashBoardDKController (API).


2025-09-16 11:32:16.0169-INFO-Microsoft.AspNetCore.Mvc.Infrastructure.ObjectResultExecutor-http://localhost/DashBoardDKs/upload-UploadExcel:
Executing OkObjectResult, writing value of type 'System.Collections.Generic.List`1[[System.Collections.Generic.Dictionary`2[[System.String, System.Private.CoreLib, Version=8.0.0.0, Culture=neutral, PublicKeyToken=7cec85d7bea7798e],[System.String, System.Private.CoreLib, Version=8.0.0.0, Culture=neutral, PublicKeyToken=7cec85d7bea7798e]], System.Private.CoreLib, Version=8.0.0.0, Culture=neutral, PublicKeyToken=7cec85d7bea7798e]]'.


2025-09-16 11:32:16.0461-INFO-Microsoft.AspNetCore.Mvc.Infrastructure.ControllerActionInvoker-http://localhost/DashBoardDKs/upload-UploadExcel:
Executed action Xim.AppApi.Controllers.DashBoardDKController.UploadExcel (API) in 422.3947ms


2025-09-16 11:32:16.0475-INFO-Microsoft.AspNetCore.Routing.EndpointMiddleware-http://localhost/DashBoardDKs/upload-UploadExcel:
Executed endpoint 'Xim.AppApi.Controllers.DashBoardDKController.UploadExcel (API)'


2025-09-16 11:32:16.0475-INFO-Microsoft.AspNetCore.Hosting.Diagnostics-http://localhost/DashBoardDKs/upload-UploadExcel:
Request finished HTTP/1.1 POST http://localhost:5260/DashBoardDKs/upload - 200 1494 application/json;+charset=utf-8 590.7337ms


2025-09-16 14:21:44.1590-INFO-Microsoft.AspNetCore.DataProtection.KeyManagement.XmlKeyManager--:
User profile is available. Using 'C:\Users\BTL86\AppData\Local\ASP.NET\DataProtection-Keys' as key repository and Windows DPAPI to encrypt keys at rest.


2025-09-16 14:21:44.3023-INFO-Microsoft.Hosting.Lifetime--:
Now listening on: http://localhost:5260


2025-09-16 14:21:44.3962-INFO-Microsoft.Hosting.Lifetime--:
Application started. Press Ctrl+C to shut down.


2025-09-16 14:21:44.3962-INFO-Microsoft.Hosting.Lifetime--:
Hosting environment: Development


2025-09-16 14:21:44.4260-INFO-Microsoft.Hosting.Lifetime--:
Content root path: C:\Code\Cong TT\CodeBECong\Api\Xim.AppApi


2025-09-16 14:21:49.1942-INFO-Microsoft.AspNetCore.Hosting.Diagnostics-http://localhost/swagger/index.html-:
Request starting HTTP/1.1 GET http://localhost:5260/swagger/index.html - - -


2025-09-16 14:21:49.2902-INFO-Microsoft.AspNetCore.Hosting.Diagnostics-http://localhost/swagger/index.html-:
Request finished HTTP/1.1 GET http://localhost:5260/swagger/index.html - 200 - text/html;charset=utf-8 101.2090ms


2025-09-16 14:21:49.3844-INFO-Microsoft.AspNetCore.Hosting.Diagnostics-http://localhost/swagger/v1/swagger.json-:
Request starting HTTP/1.1 GET http://localhost:5260/swagger/v1/swagger.json - - -


2025-09-16 14:21:49.5273-INFO-Microsoft.AspNetCore.Hosting.Diagnostics-http://localhost/swagger/v1/swagger.json-:
Request finished HTTP/1.1 GET http://localhost:5260/swagger/v1/swagger.json - 200 - application/json;charset=utf-8 144.2123ms


2025-09-16 14:22:02.1507-INFO-Microsoft.AspNetCore.Hosting.Diagnostics-http://localhost/DashBoardDKs/upload-:
Request starting HTTP/1.1 POST http://localhost:5260/DashBoardDKs/upload - multipart/form-data;+boundary=----WebKitFormBoundarylllYo0sbtasXBXSV 75377


2025-09-16 14:22:02.1595-INFO-Microsoft.AspNetCore.Cors.Infrastructure.CorsService-http://localhost/DashBoardDKs/upload-UploadExcel:
CORS policy execution successful.


2025-09-16 14:22:02.2437-INFO-Microsoft.AspNetCore.Routing.EndpointMiddleware-http://localhost/DashBoardDKs/upload-UploadExcel:
Executing endpoint 'Xim.AppApi.Controllers.DashBoardDKController.UploadExcel (API)'


2025-09-16 14:22:02.2668-INFO-Microsoft.AspNetCore.Mvc.Infrastructure.ControllerActionInvoker-http://localhost/DashBoardDKs/upload-UploadExcel:
Route matched with {action = "UploadExcel", controller = "DashBoardDK"}. Executing controller action with signature System.Threading.Tasks.Task`1[Microsoft.AspNetCore.Mvc.IActionResult] UploadExcel(Microsoft.AspNetCore.Http.IFormFile) on controller Xim.AppApi.Controllers.DashBoardDKController (API).


2025-09-16 14:22:02.5669-INFO-Microsoft.AspNetCore.Mvc.Infrastructure.ObjectResultExecutor-http://localhost/DashBoardDKs/upload-UploadExcel:
Executing OkObjectResult, writing value of type 'System.Collections.Generic.List`1[[API.Controllers.TrangThaiCacVung, API, Version=1.0.0.0, Culture=neutral, PublicKeyToken=null]]'.


2025-09-16 14:22:02.6128-INFO-Microsoft.AspNetCore.Mvc.Infrastructure.ControllerActionInvoker-http://localhost/DashBoardDKs/upload-UploadExcel:
Executed action Xim.AppApi.Controllers.DashBoardDKController.UploadExcel (API) in 331.7668ms


2025-09-16 14:22:02.6128-INFO-Microsoft.AspNetCore.Routing.EndpointMiddleware-http://localhost/DashBoardDKs/upload-UploadExcel:
Executed endpoint 'Xim.AppApi.Controllers.DashBoardDKController.UploadExcel (API)'


2025-09-16 14:22:02.6128-INFO-Microsoft.AspNetCore.Hosting.Diagnostics-http://localhost/DashBoardDKs/upload-UploadExcel:
Request finished HTTP/1.1 POST http://localhost:5260/DashBoardDKs/upload - 200 1020 application/json;+charset=utf-8 467.5230ms


2025-09-16 14:24:12.1084-INFO-Microsoft.AspNetCore.DataProtection.KeyManagement.XmlKeyManager--:
User profile is available. Using 'C:\Users\BTL86\AppData\Local\ASP.NET\DataProtection-Keys' as key repository and Windows DPAPI to encrypt keys at rest.


2025-09-16 14:24:12.2725-INFO-Microsoft.Hosting.Lifetime--:
Now listening on: http://localhost:5260


2025-09-16 14:24:12.3299-INFO-Microsoft.Hosting.Lifetime--:
Application started. Press Ctrl+C to shut down.


2025-09-16 14:24:12.3299-INFO-Microsoft.Hosting.Lifetime--:
Hosting environment: Development


2025-09-16 14:24:12.3299-INFO-Microsoft.Hosting.Lifetime--:
Content root path: C:\Code\Cong TT\CodeBECong\Api\Xim.AppApi


2025-09-16 14:24:19.2164-INFO-Microsoft.AspNetCore.Hosting.Diagnostics-http://localhost/swagger/index.html-:
Request starting HTTP/1.1 GET http://localhost:5260/swagger/index.html - - -


2025-09-16 14:24:19.3646-INFO-Microsoft.AspNetCore.Hosting.Diagnostics-http://localhost/swagger/index.html-:
Request finished HTTP/1.1 GET http://localhost:5260/swagger/index.html - 200 - text/html;charset=utf-8 161.1322ms


2025-09-16 14:24:19.4768-INFO-Microsoft.AspNetCore.Hosting.Diagnostics-http://localhost/swagger/v1/swagger.json-:
Request starting HTTP/1.1 GET http://localhost:5260/swagger/v1/swagger.json - - -


2025-09-16 14:24:19.6559-INFO-Microsoft.AspNetCore.Hosting.Diagnostics-http://localhost/swagger/v1/swagger.json-:
Request finished HTTP/1.1 GET http://localhost:5260/swagger/v1/swagger.json - 200 - application/json;charset=utf-8 183.9804ms


2025-09-16 14:24:31.1186-INFO-Microsoft.AspNetCore.Hosting.Diagnostics-http://localhost/DashBoardDKs/upload-:
Request starting HTTP/1.1 POST http://localhost:5260/DashBoardDKs/upload - multipart/form-data;+boundary=----WebKitFormBoundary4vCDpDdYiRkqZBxo 75377


2025-09-16 14:24:31.1295-INFO-Microsoft.AspNetCore.Cors.Infrastructure.CorsService-http://localhost/DashBoardDKs/upload-UploadExcel:
CORS policy execution successful.


2025-09-16 14:24:31.2439-INFO-Microsoft.AspNetCore.Routing.EndpointMiddleware-http://localhost/DashBoardDKs/upload-UploadExcel:
Executing endpoint 'Xim.AppApi.Controllers.DashBoardDKController.UploadExcel (API)'


2025-09-16 14:24:31.2735-INFO-Microsoft.AspNetCore.Mvc.Infrastructure.ControllerActionInvoker-http://localhost/DashBoardDKs/upload-UploadExcel:
Route matched with {action = "UploadExcel", controller = "DashBoardDK"}. Executing controller action with signature System.Threading.Tasks.Task`1[Microsoft.AspNetCore.Mvc.IActionResult] UploadExcel(Microsoft.AspNetCore.Http.IFormFile) on controller Xim.AppApi.Controllers.DashBoardDKController (API).


2025-09-16 14:24:31.6448-INFO-Microsoft.AspNetCore.Mvc.Infrastructure.ObjectResultExecutor-http://localhost/DashBoardDKs/upload-UploadExcel:
Executing OkObjectResult, writing value of type 'System.Collections.Generic.Dictionary`2[[System.String, System.Private.CoreLib, Version=8.0.0.0, Culture=neutral, PublicKeyToken=7cec85d7bea7798e],[System.Collections.Generic.List`1[[API.Controllers.TrangThaiCacVung, API, Version=1.0.0.0, Culture=neutral, PublicKeyToken=null]], System.Private.CoreLib, Version=8.0.0.0, Culture=neutral, PublicKeyToken=7cec85d7bea7798e]]'.


2025-09-16 14:24:31.6954-INFO-Microsoft.AspNetCore.Mvc.Infrastructure.ControllerActionInvoker-http://localhost/DashBoardDKs/upload-UploadExcel:
Executed action Xim.AppApi.Controllers.DashBoardDKController.UploadExcel (API) in 409.5137ms


2025-09-16 14:24:31.6954-INFO-Microsoft.AspNetCore.Routing.EndpointMiddleware-http://localhost/DashBoardDKs/upload-UploadExcel:
Executed endpoint 'Xim.AppApi.Controllers.DashBoardDKController.UploadExcel (API)'


2025-09-16 14:24:31.6954-INFO-Microsoft.AspNetCore.Hosting.Diagnostics-http://localhost/DashBoardDKs/upload-UploadExcel:
Request finished HTTP/1.1 POST http://localhost:5260/DashBoardDKs/upload - 200 1044 application/json;+charset=utf-8 585.0189ms


2025-09-16 16:19:07.1415-INFO-Microsoft.AspNetCore.DataProtection.KeyManagement.XmlKeyManager--:
User profile is available. Using 'C:\Users\BTL86\AppData\Local\ASP.NET\DataProtection-Keys' as key repository and Windows DPAPI to encrypt keys at rest.


2025-09-16 16:19:07.3824-INFO-Microsoft.Hosting.Lifetime--:
Now listening on: http://localhost:5260


2025-09-16 16:19:07.4408-INFO-Microsoft.Hosting.Lifetime--:
Application started. Press Ctrl+C to shut down.


2025-09-16 16:19:07.4408-INFO-Microsoft.Hosting.Lifetime--:
Hosting environment: Development


2025-09-16 16:19:07.4408-INFO-Microsoft.Hosting.Lifetime--:
Content root path: C:\Code\Cong TT\CodeBECong\Api\Xim.AppApi


2025-09-16 16:19:08.0553-INFO-Microsoft.AspNetCore.Hosting.Diagnostics-http://localhost/swagger/index.html-:
Request starting HTTP/1.1 GET http://localhost:5260/swagger/index.html - - -


2025-09-16 16:19:08.1684-INFO-Microsoft.AspNetCore.Hosting.Diagnostics-http://localhost/swagger/index.html-:
Request finished HTTP/1.1 GET http://localhost:5260/swagger/index.html - 200 - text/html;charset=utf-8 114.6470ms


2025-09-16 16:19:08.2697-INFO-Microsoft.AspNetCore.Hosting.Diagnostics-http://localhost/swagger/v1/swagger.json-:
Request starting HTTP/1.1 GET http://localhost:5260/swagger/v1/swagger.json - - -


2025-09-16 16:19:08.4776-INFO-Microsoft.AspNetCore.Hosting.Diagnostics-http://localhost/swagger/v1/swagger.json-:
Request finished HTTP/1.1 GET http://localhost:5260/swagger/v1/swagger.json - 200 - application/json;charset=utf-8 208.8944ms


2025-09-16 16:19:52.4156-INFO-Microsoft.AspNetCore.Hosting.Diagnostics-http://localhost/DashBoardDKs/upload-:
Request starting HTTP/1.1 POST http://localhost:5260/DashBoardDKs/upload - multipart/form-data;+boundary=----WebKitFormBoundarypcBYGYbA1RtiBZ4a 20733


2025-09-16 16:19:52.4546-INFO-Microsoft.AspNetCore.Cors.Infrastructure.CorsService-http://localhost/DashBoardDKs/upload-UploadExcel:
CORS policy execution successful.


2025-09-16 16:19:52.5162-INFO-Microsoft.AspNetCore.Routing.EndpointMiddleware-http://localhost/DashBoardDKs/upload-UploadExcel:
Executing endpoint 'Xim.AppApi.Controllers.DashBoardDKController.UploadExcel (API)'


2025-09-16 16:19:52.5456-INFO-Microsoft.AspNetCore.Mvc.Infrastructure.ControllerActionInvoker-http://localhost/DashBoardDKs/upload-UploadExcel:
Route matched with {action = "UploadExcel", controller = "DashBoardDK"}. Executing controller action with signature System.Threading.Tasks.Task`1[Microsoft.AspNetCore.Mvc.IActionResult] UploadExcel(Microsoft.AspNetCore.Http.IFormFile) on controller Xim.AppApi.Controllers.DashBoardDKController (API).


2025-09-16 16:20:44.2122-INFO-Microsoft.AspNetCore.DataProtection.KeyManagement.XmlKeyManager--:
User profile is available. Using 'C:\Users\BTL86\AppData\Local\ASP.NET\DataProtection-Keys' as key repository and Windows DPAPI to encrypt keys at rest.


2025-09-16 16:20:44.4255-INFO-Microsoft.Hosting.Lifetime--:
Now listening on: http://localhost:5260


2025-09-16 16:20:44.5093-INFO-Microsoft.Hosting.Lifetime--:
Application started. Press Ctrl+C to shut down.


2025-09-16 16:20:44.5093-INFO-Microsoft.Hosting.Lifetime--:
Hosting environment: Development


2025-09-16 16:20:44.5117-INFO-Microsoft.Hosting.Lifetime--:
Content root path: C:\Code\Cong TT\CodeBECong\Api\Xim.AppApi


2025-09-16 16:20:45.0192-INFO-Microsoft.AspNetCore.Hosting.Diagnostics-http://localhost/swagger/index.html-:
Request starting HTTP/1.1 GET http://localhost:5260/swagger/index.html - - -


2025-09-16 16:20:45.1210-INFO-Microsoft.AspNetCore.Hosting.Diagnostics-http://localhost/swagger/index.html-:
Request finished HTTP/1.1 GET http://localhost:5260/swagger/index.html - 200 - text/html;charset=utf-8 108.4580ms


2025-09-16 16:20:45.2213-INFO-Microsoft.AspNetCore.Hosting.Diagnostics-http://localhost/swagger/v1/swagger.json-:
Request starting HTTP/1.1 GET http://localhost:5260/swagger/v1/swagger.json - - -


2025-09-16 16:20:45.3864-INFO-Microsoft.AspNetCore.Hosting.Diagnostics-http://localhost/swagger/v1/swagger.json-:
Request finished HTTP/1.1 GET http://localhost:5260/swagger/v1/swagger.json - 200 - application/json;charset=utf-8 165.7449ms


2025-09-16 16:20:57.5471-INFO-Microsoft.AspNetCore.Hosting.Diagnostics-http://localhost/DashBoardDKs/upload-:
Request starting HTTP/1.1 POST http://localhost:5260/DashBoardDKs/upload - multipart/form-data;+boundary=----WebKitFormBoundaryhgi7it63qTRIqpRr 20733


2025-09-16 16:20:57.5589-INFO-Microsoft.AspNetCore.Cors.Infrastructure.CorsService-http://localhost/DashBoardDKs/upload-UploadExcel:
CORS policy execution successful.


2025-09-16 16:20:57.6216-INFO-Microsoft.AspNetCore.Routing.EndpointMiddleware-http://localhost/DashBoardDKs/upload-UploadExcel:
Executing endpoint 'Xim.AppApi.Controllers.DashBoardDKController.UploadExcel (API)'


2025-09-16 16:20:57.6360-INFO-Microsoft.AspNetCore.Mvc.Infrastructure.ControllerActionInvoker-http://localhost/DashBoardDKs/upload-UploadExcel:
Route matched with {action = "UploadExcel", controller = "DashBoardDK"}. Executing controller action with signature System.Threading.Tasks.Task`1[Microsoft.AspNetCore.Mvc.IActionResult] UploadExcel(Microsoft.AspNetCore.Http.IFormFile) on controller Xim.AppApi.Controllers.DashBoardDKController (API).


2025-09-16 16:21:14.5966-INFO-Microsoft.AspNetCore.DataProtection.KeyManagement.XmlKeyManager--:
User profile is available. Using 'C:\Users\BTL86\AppData\Local\ASP.NET\DataProtection-Keys' as key repository and Windows DPAPI to encrypt keys at rest.


2025-09-16 16:21:14.7924-INFO-Microsoft.Hosting.Lifetime--:
Now listening on: http://localhost:5260


2025-09-16 16:21:14.8570-INFO-Microsoft.Hosting.Lifetime--:
Application started. Press Ctrl+C to shut down.


2025-09-16 16:21:14.8570-INFO-Microsoft.Hosting.Lifetime--:
Hosting environment: Development


2025-09-16 16:21:14.8570-INFO-Microsoft.Hosting.Lifetime--:
Content root path: C:\Code\Cong TT\CodeBECong\Api\Xim.AppApi


2025-09-16 16:21:15.3773-INFO-Microsoft.AspNetCore.Hosting.Diagnostics-http://localhost/swagger/index.html-:
Request starting HTTP/1.1 GET http://localhost:5260/swagger/index.html - - -


2025-09-16 16:21:15.4980-INFO-Microsoft.AspNetCore.Hosting.Diagnostics-http://localhost/swagger/index.html-:
Request finished HTTP/1.1 GET http://localhost:5260/swagger/index.html - 200 - text/html;charset=utf-8 120.9457ms


2025-09-16 16:21:15.5761-INFO-Microsoft.AspNetCore.Hosting.Diagnostics-http://localhost/swagger/v1/swagger.json-:
Request starting HTTP/1.1 GET http://localhost:5260/swagger/v1/swagger.json - - -


2025-09-16 16:21:15.7059-INFO-Microsoft.AspNetCore.Hosting.Diagnostics-http://localhost/swagger/v1/swagger.json-:
Request finished HTTP/1.1 GET http://localhost:5260/swagger/v1/swagger.json - 200 - application/json;charset=utf-8 130.5976ms


2025-09-16 16:21:27.0689-INFO-Microsoft.AspNetCore.Hosting.Diagnostics-http://localhost/DashBoardDKs/upload-:
Request starting HTTP/1.1 POST http://localhost:5260/DashBoardDKs/upload - multipart/form-data;+boundary=----WebKitFormBoundaryiKJrQPsrNy5umxht 20733


2025-09-16 16:21:27.0740-INFO-Microsoft.AspNetCore.Cors.Infrastructure.CorsService-http://localhost/DashBoardDKs/upload-UploadExcel:
CORS policy execution successful.


2025-09-16 16:21:27.1467-INFO-Microsoft.AspNetCore.Routing.EndpointMiddleware-http://localhost/DashBoardDKs/upload-UploadExcel:
Executing endpoint 'Xim.AppApi.Controllers.DashBoardDKController.UploadExcel (API)'


2025-09-16 16:21:27.1591-INFO-Microsoft.AspNetCore.Mvc.Infrastructure.ControllerActionInvoker-http://localhost/DashBoardDKs/upload-UploadExcel:
Route matched with {action = "UploadExcel", controller = "DashBoardDK"}. Executing controller action with signature System.Threading.Tasks.Task`1[Microsoft.AspNetCore.Mvc.IActionResult] UploadExcel(Microsoft.AspNetCore.Http.IFormFile) on controller Xim.AppApi.Controllers.DashBoardDKController (API).


2025-09-16 16:21:27.4954-INFO-Microsoft.AspNetCore.Mvc.Infrastructure.ObjectResultExecutor-http://localhost/DashBoardDKs/upload-UploadExcel:
Executing OkObjectResult, writing value of type 'Xim.Application.Contracts.DashBoardDK.DashBoardDKDtoView'.


2025-09-16 16:21:27.5204-INFO-Microsoft.AspNetCore.Mvc.Infrastructure.ControllerActionInvoker-http://localhost/DashBoardDKs/upload-UploadExcel:
Executed action Xim.AppApi.Controllers.DashBoardDKController.UploadExcel (API) in 340.5039ms


2025-09-16 16:21:27.5204-INFO-Microsoft.AspNetCore.Routing.EndpointMiddleware-http://localhost/DashBoardDKs/upload-UploadExcel:
Executed endpoint 'Xim.AppApi.Controllers.DashBoardDKController.UploadExcel (API)'


2025-09-16 16:21:27.5204-INFO-Microsoft.AspNetCore.Hosting.Diagnostics-http://localhost/DashBoardDKs/upload-UploadExcel:
Request finished HTTP/1.1 POST http://localhost:5260/DashBoardDKs/upload - 200 6829 application/json;+charset=utf-8 454.0854ms


2025-09-16 16:24:29.6518-INFO-Microsoft.AspNetCore.DataProtection.KeyManagement.XmlKeyManager--:
User profile is available. Using 'C:\Users\BTL86\AppData\Local\ASP.NET\DataProtection-Keys' as key repository and Windows DPAPI to encrypt keys at rest.


2025-09-16 16:24:29.8392-INFO-Microsoft.Hosting.Lifetime--:
Now listening on: http://localhost:5260


2025-09-16 16:24:29.9432-INFO-Microsoft.Hosting.Lifetime--:
Application started. Press Ctrl+C to shut down.


2025-09-16 16:24:29.9432-INFO-Microsoft.Hosting.Lifetime--:
Hosting environment: Development


2025-09-16 16:24:29.9432-INFO-Microsoft.Hosting.Lifetime--:
Content root path: C:\Code\Cong TT\CodeBECong\Api\Xim.AppApi


2025-09-16 16:24:30.3077-INFO-Microsoft.AspNetCore.Hosting.Diagnostics-http://localhost/swagger/index.html-:
Request starting HTTP/1.1 GET http://localhost:5260/swagger/index.html - - -


2025-09-16 16:24:30.4394-INFO-Microsoft.AspNetCore.Hosting.Diagnostics-http://localhost/swagger/index.html-:
Request finished HTTP/1.1 GET http://localhost:5260/swagger/index.html - 200 - text/html;charset=utf-8 137.0856ms


2025-09-16 16:24:30.5517-INFO-Microsoft.AspNetCore.Hosting.Diagnostics-http://localhost/swagger/v1/swagger.json-:
Request starting HTTP/1.1 GET http://localhost:5260/swagger/v1/swagger.json - - -


2025-09-16 16:24:30.7186-INFO-Microsoft.AspNetCore.Hosting.Diagnostics-http://localhost/swagger/v1/swagger.json-:
Request finished HTTP/1.1 GET http://localhost:5260/swagger/v1/swagger.json - 200 - application/json;charset=utf-8 167.5773ms


2025-09-16 16:27:06.2485-INFO-Microsoft.AspNetCore.DataProtection.KeyManagement.XmlKeyManager--:
User profile is available. Using 'C:\Users\BTL86\AppData\Local\ASP.NET\DataProtection-Keys' as key repository and Windows DPAPI to encrypt keys at rest.


2025-09-16 16:27:06.4357-INFO-Microsoft.Hosting.Lifetime--:
Now listening on: http://localhost:5260


2025-09-16 16:27:06.4954-INFO-Microsoft.Hosting.Lifetime--:
Application started. Press Ctrl+C to shut down.


2025-09-16 16:27:06.4954-INFO-Microsoft.Hosting.Lifetime--:
Hosting environment: Development


2025-09-16 16:27:06.4954-INFO-Microsoft.Hosting.Lifetime--:
Content root path: C:\Code\Cong TT\CodeBECong\Api\Xim.AppApi


2025-09-16 16:27:07.0316-INFO-Microsoft.AspNetCore.Hosting.Diagnostics-http://localhost/swagger/index.html-:
Request starting HTTP/1.1 GET http://localhost:5260/swagger/index.html - - -


2025-09-16 16:27:07.1352-INFO-Microsoft.AspNetCore.Hosting.Diagnostics-http://localhost/swagger/index.html-:
Request finished HTTP/1.1 GET http://localhost:5260/swagger/index.html - 200 - text/html;charset=utf-8 113.7731ms


2025-09-16 16:27:07.2370-INFO-Microsoft.AspNetCore.Hosting.Diagnostics-http://localhost/swagger/v1/swagger.json-:
Request starting HTTP/1.1 GET http://localhost:5260/swagger/v1/swagger.json - - -


2025-09-16 16:27:07.3969-INFO-Microsoft.AspNetCore.Hosting.Diagnostics-http://localhost/swagger/v1/swagger.json-:
Request finished HTTP/1.1 GET http://localhost:5260/swagger/v1/swagger.json - 200 - application/json;charset=utf-8 160.7080ms


2025-09-16 16:27:20.6821-INFO-Microsoft.AspNetCore.Hosting.Diagnostics-http://localhost/DashBoardDKs/GetDashBoardfromDB-:
Request starting HTTP/1.1 GET http://localhost:5260/DashBoardDKs/GetDashBoardfromDB - - -


2025-09-16 16:27:20.7341-INFO-Microsoft.AspNetCore.Routing.EndpointMiddleware-http://localhost/DashBoardDKs/GetDashBoardfromDB-GetDashBoardfromDB:
Executing endpoint 'Xim.AppApi.Controllers.DashBoardDKController.GetDashBoardfromDB (API)'


2025-09-16 16:27:20.7504-INFO-Microsoft.AspNetCore.Mvc.Infrastructure.ControllerActionInvoker-http://localhost/DashBoardDKs/GetDashBoardfromDB-GetDashBoardfromDB:
Route matched with {action = "GetDashBoardfromDB", controller = "DashBoardDK"}. Executing controller action with signature System.Threading.Tasks.Task`1[Microsoft.AspNetCore.Mvc.IActionResult] GetDashBoardfromDB() on controller Xim.AppApi.Controllers.DashBoardDKController (API).


2025-09-16 16:27:20.8391-INFO-Microsoft.AspNetCore.Mvc.Infrastructure.ObjectResultExecutor-http://localhost/DashBoardDKs/GetDashBoardfromDB-GetDashBoardfromDB:
Executing OkObjectResult, writing value of type 'Xim.Application.Contracts.DashBoardDK.DashBoardDKDtoView'.


2025-09-16 16:27:20.8573-INFO-Microsoft.AspNetCore.Mvc.Infrastructure.ControllerActionInvoker-http://localhost/DashBoardDKs/GetDashBoardfromDB-GetDashBoardfromDB:
Executed action Xim.AppApi.Controllers.DashBoardDKController.GetDashBoardfromDB (API) in 105.7945ms


2025-09-16 16:27:20.8706-INFO-Microsoft.AspNetCore.Routing.EndpointMiddleware-http://localhost/DashBoardDKs/GetDashBoardfromDB-GetDashBoardfromDB:
Executed endpoint 'Xim.AppApi.Controllers.DashBoardDKController.GetDashBoardfromDB (API)'


2025-09-16 16:27:20.8706-INFO-Microsoft.AspNetCore.Hosting.Diagnostics-http://localhost/DashBoardDKs/GetDashBoardfromDB-GetDashBoardfromDB:
Request finished HTTP/1.1 GET http://localhost:5260/DashBoardDKs/GetDashBoardfromDB - 200 6829 application/json;+charset=utf-8 190.8616ms


2025-09-16 16:36:42.9128-INFO-Microsoft.AspNetCore.DataProtection.KeyManagement.XmlKeyManager--:
User profile is available. Using 'C:\Users\BTL86\AppData\Local\ASP.NET\DataProtection-Keys' as key repository and Windows DPAPI to encrypt keys at rest.


2025-09-16 16:36:43.0954-INFO-Microsoft.Hosting.Lifetime--:
Now listening on: http://localhost:5260


2025-09-16 16:36:43.1887-INFO-Microsoft.Hosting.Lifetime--:
Application started. Press Ctrl+C to shut down.


2025-09-16 16:36:43.1887-INFO-Microsoft.Hosting.Lifetime--:
Hosting environment: Development


2025-09-16 16:36:43.1887-INFO-Microsoft.Hosting.Lifetime--:
Content root path: C:\Code\Cong TT\CodeBECong\Api\Xim.AppApi


2025-09-16 16:36:43.4107-INFO-Microsoft.AspNetCore.Hosting.Diagnostics-http://localhost/swagger/index.html-:
Request starting HTTP/1.1 GET http://localhost:5260/swagger/index.html - - -


2025-09-16 16:36:43.5588-INFO-Microsoft.AspNetCore.Hosting.Diagnostics-http://localhost/swagger/index.html-:
Request finished HTTP/1.1 GET http://localhost:5260/swagger/index.html - 200 - text/html;charset=utf-8 163.0145ms


2025-09-16 16:36:43.6526-INFO-Microsoft.AspNetCore.Hosting.Diagnostics-http://localhost/swagger/v1/swagger.json-:
Request starting HTTP/1.1 GET http://localhost:5260/swagger/v1/swagger.json - - -


2025-09-16 16:36:43.7976-INFO-Microsoft.AspNetCore.Hosting.Diagnostics-http://localhost/swagger/v1/swagger.json-:
Request finished HTTP/1.1 GET http://localhost:5260/swagger/v1/swagger.json - 200 - application/json;charset=utf-8 145.6851ms


2025-09-16 16:36:57.7992-INFO-Microsoft.AspNetCore.Hosting.Diagnostics-http://localhost/Accounts/login-:
Request starting HTTP/1.1 POST http://localhost:5260/Accounts/login - application/json-patch+json 49


2025-09-16 16:36:57.7992-INFO-Microsoft.AspNetCore.Cors.Infrastructure.CorsService-http://localhost/Accounts/login-Login:
CORS policy execution successful.


2025-09-16 16:36:57.8684-INFO-Microsoft.AspNetCore.Routing.EndpointMiddleware-http://localhost/Accounts/login-Login:
Executing endpoint 'Xim.AppApi.Controllers.AccountController.LoginAsync (API)'


2025-09-16 16:36:57.8959-INFO-Microsoft.AspNetCore.Mvc.Infrastructure.ControllerActionInvoker-http://localhost/Accounts/login-Login:
Route matched with {action = "Login", controller = "Account"}. Executing controller action with signature System.Threading.Tasks.Task`1[Microsoft.AspNetCore.Mvc.IActionResult] LoginAsync(Xim.Application.Contracts.Users.UserDtoLogin) on controller Xim.AppApi.Controllers.AccountController (API).


2025-09-16 16:36:58.0473-INFO-Microsoft.AspNetCore.Mvc.Infrastructure.ObjectResultExecutor-http://localhost/Accounts/login-Login:
Executing OkObjectResult, writing value of type 'Xim.AppApi.Controllers.AccountController+JwtTokenInfo'.


2025-09-16 16:36:58.0612-INFO-Microsoft.AspNetCore.Mvc.Infrastructure.ControllerActionInvoker-http://localhost/Accounts/login-Login:
Executed action Xim.AppApi.Controllers.AccountController.LoginAsync (API) in 166.0912ms


2025-09-16 16:36:58.0612-INFO-Microsoft.AspNetCore.Routing.EndpointMiddleware-http://localhost/Accounts/login-Login:
Executed endpoint 'Xim.AppApi.Controllers.AccountController.LoginAsync (API)'


2025-09-16 16:36:58.0612-INFO-Microsoft.AspNetCore.Hosting.Diagnostics-http://localhost/Accounts/login-Login:
Request finished HTTP/1.1 POST http://localhost:5260/Accounts/login - 200 599 application/json;+charset=utf-8 273.9917ms


2025-09-16 16:37:29.2419-INFO-Microsoft.AspNetCore.Hosting.Diagnostics-http://localhost/DashBoardDKs/upload-:
Request starting HTTP/1.1 POST http://localhost:5260/DashBoardDKs/upload - multipart/form-data;+boundary=----WebKitFormBoundary3djnm8D2AI2nBmAb 20854


2025-09-16 16:37:29.2619-INFO-Microsoft.AspNetCore.Cors.Infrastructure.CorsService-http://localhost/DashBoardDKs/upload-UploadExcel:
CORS policy execution successful.


2025-09-16 16:37:29.3239-INFO-Microsoft.AspNetCore.Routing.EndpointMiddleware-http://localhost/DashBoardDKs/upload-UploadExcel:
Executing endpoint 'Xim.AppApi.Controllers.DashBoardDKController.UploadExcel (API)'


2025-09-16 16:37:29.3239-INFO-Microsoft.AspNetCore.Mvc.Infrastructure.ControllerActionInvoker-http://localhost/DashBoardDKs/upload-UploadExcel:
Route matched with {action = "UploadExcel", controller = "DashBoardDK"}. Executing controller action with signature System.Threading.Tasks.Task`1[Microsoft.AspNetCore.Mvc.IActionResult] UploadExcel(Microsoft.AspNetCore.Http.IFormFile, System.String) on controller Xim.AppApi.Controllers.DashBoardDKController (API).


2025-09-16 16:37:29.6679-INFO-Microsoft.AspNetCore.Mvc.Infrastructure.ObjectResultExecutor-http://localhost/DashBoardDKs/upload-UploadExcel:
Executing OkObjectResult, writing value of type 'Xim.Application.Contracts.DashBoardDK.DashBoardDKDtoView'.


2025-09-16 16:37:29.6679-INFO-Microsoft.AspNetCore.Mvc.Infrastructure.ControllerActionInvoker-http://localhost/DashBoardDKs/upload-UploadExcel:
Executed action Xim.AppApi.Controllers.DashBoardDKController.UploadExcel (API) in 346.3358ms


2025-09-16 16:37:29.6679-INFO-Microsoft.AspNetCore.Routing.EndpointMiddleware-http://localhost/DashBoardDKs/upload-UploadExcel:
Executed endpoint 'Xim.AppApi.Controllers.DashBoardDKController.UploadExcel (API)'


2025-09-16 16:37:29.6679-INFO-Microsoft.AspNetCore.Hosting.Diagnostics-http://localhost/DashBoardDKs/upload-UploadExcel:
Request finished HTTP/1.1 POST http://localhost:5260/DashBoardDKs/upload - 200 7945 application/json;+charset=utf-8 439.3239ms


2025-09-16 16:37:39.4366-INFO-Microsoft.AspNetCore.Hosting.Diagnostics-http://localhost/DashBoardDKs/GetDashBoardfromDB-:
Request starting HTTP/1.1 GET http://localhost:5260/DashBoardDKs/GetDashBoardfromDB - - -


2025-09-16 16:37:39.4366-INFO-Microsoft.AspNetCore.Routing.EndpointMiddleware-http://localhost/DashBoardDKs/GetDashBoardfromDB-GetDashBoardfromDB:
Executing endpoint 'Xim.AppApi.Controllers.DashBoardDKController.GetDashBoardfromDB (API)'


2025-09-16 16:37:39.4488-INFO-Microsoft.AspNetCore.Mvc.Infrastructure.ControllerActionInvoker-http://localhost/DashBoardDKs/GetDashBoardfromDB-GetDashBoardfromDB:
Route matched with {action = "GetDashBoardfromDB", controller = "DashBoardDK"}. Executing controller action with signature System.Threading.Tasks.Task`1[Microsoft.AspNetCore.Mvc.IActionResult] GetDashBoardfromDB() on controller Xim.AppApi.Controllers.DashBoardDKController (API).


2025-09-16 16:37:39.5184-INFO-Microsoft.AspNetCore.Mvc.Infrastructure.ObjectResultExecutor-http://localhost/DashBoardDKs/GetDashBoardfromDB-GetDashBoardfromDB:
Executing OkObjectResult, writing value of type 'API.Controllers.Dashboard'.


2025-09-16 16:37:39.5184-INFO-Microsoft.AspNetCore.Mvc.Infrastructure.ControllerActionInvoker-http://localhost/DashBoardDKs/GetDashBoardfromDB-GetDashBoardfromDB:
Executed action Xim.AppApi.Controllers.DashBoardDKController.GetDashBoardfromDB (API) in 70.3347ms


2025-09-16 16:37:39.5184-INFO-Microsoft.AspNetCore.Routing.EndpointMiddleware-http://localhost/DashBoardDKs/GetDashBoardfromDB-GetDashBoardfromDB:
Executed endpoint 'Xim.AppApi.Controllers.DashBoardDKController.GetDashBoardfromDB (API)'


2025-09-16 16:37:39.5184-INFO-Microsoft.AspNetCore.Hosting.Diagnostics-http://localhost/DashBoardDKs/GetDashBoardfromDB-GetDashBoardfromDB:
Request finished HTTP/1.1 GET http://localhost:5260/DashBoardDKs/GetDashBoardfromDB - 200 3881 application/json;+charset=utf-8 90.2507ms


2025-09-16 20:23:17.2597-INFO-Microsoft.AspNetCore.DataProtection.KeyManagement.XmlKeyManager--:
User profile is available. Using 'C:\Users\BTL86\AppData\Local\ASP.NET\DataProtection-Keys' as key repository and Windows DPAPI to encrypt keys at rest.


2025-09-16 20:23:17.4653-INFO-Microsoft.Hosting.Lifetime--:
Now listening on: http://localhost:5260


2025-09-16 20:23:17.5359-INFO-Microsoft.Hosting.Lifetime--:
Application started. Press Ctrl+C to shut down.


2025-09-16 20:23:17.5359-INFO-Microsoft.Hosting.Lifetime--:
Hosting environment: Development


2025-09-16 20:23:17.5359-INFO-Microsoft.Hosting.Lifetime--:
Content root path: C:\Code\Cong TT\CodeBECong\Api\Xim.AppApi


2025-09-16 20:23:18.0650-INFO-Microsoft.AspNetCore.Hosting.Diagnostics-http://localhost/swagger/index.html-:
Request starting HTTP/1.1 GET http://localhost:5260/swagger/index.html - - -


2025-09-16 20:23:18.1760-INFO-Microsoft.AspNetCore.Hosting.Diagnostics-http://localhost/swagger/index.html-:
Request finished HTTP/1.1 GET http://localhost:5260/swagger/index.html - 200 - text/html;charset=utf-8 116.6330ms


2025-09-16 20:23:18.2576-INFO-Microsoft.AspNetCore.Hosting.Diagnostics-http://localhost/swagger/v1/swagger.json-:
Request starting HTTP/1.1 GET http://localhost:5260/swagger/v1/swagger.json - - -


2025-09-16 20:23:18.4298-INFO-Microsoft.AspNetCore.Hosting.Diagnostics-http://localhost/swagger/v1/swagger.json-:
Request finished HTTP/1.1 GET http://localhost:5260/swagger/v1/swagger.json - 200 - application/json;charset=utf-8 172.9182ms


2025-09-16 20:23:33.8847-INFO-Microsoft.AspNetCore.Hosting.Diagnostics-http://localhost/DashBoardDKs/getallgroubyDate-:
Request starting HTTP/1.1 POST http://localhost:5260/DashBoardDKs/getallgroubyDate - - 0


2025-09-16 20:23:33.8862-INFO-Microsoft.AspNetCore.Cors.Infrastructure.CorsService-http://localhost/DashBoardDKs/getallgroubyDate-getallgroubyDate:
CORS policy execution successful.


2025-09-16 20:23:33.9949-INFO-Microsoft.AspNetCore.Routing.EndpointMiddleware-http://localhost/DashBoardDKs/getallgroubyDate-getallgroubyDate:
Executing endpoint 'Xim.AppApi.Controllers.DashBoardDKController.getallgroubyDate (API)'


2025-09-16 20:23:34.0117-INFO-Microsoft.AspNetCore.Mvc.Infrastructure.ControllerActionInvoker-http://localhost/DashBoardDKs/getallgroubyDate-getallgroubyDate:
Route matched with {action = "getallgroubyDate", controller = "DashBoardDK"}. Executing controller action with signature System.Threading.Tasks.Task`1[Microsoft.AspNetCore.Mvc.IActionResult] getallgroubyDate() on controller Xim.AppApi.Controllers.DashBoardDKController (API).


2025-09-16 20:23:36.8250-INFO-Microsoft.AspNetCore.Mvc.Infrastructure.ObjectResultExecutor-http://localhost/DashBoardDKs/getallgroubyDate-getallgroubyDate:
Executing OkObjectResult, writing value of type 'System.Collections.Generic.List`1[[Xim.Application.Contracts.DashBoardDK.DashBoardDKDtoView, Xim.Application.Contracts, Version=1.0.0.0, Culture=neutral, PublicKeyToken=null]]'.


2025-09-16 20:23:36.8633-INFO-Microsoft.AspNetCore.Mvc.Infrastructure.ControllerActionInvoker-http://localhost/DashBoardDKs/getallgroubyDate-getallgroubyDate:
Executed action Xim.AppApi.Controllers.DashBoardDKController.getallgroubyDate (API) in 2831.6489ms


2025-09-16 20:23:36.8633-INFO-Microsoft.AspNetCore.Routing.EndpointMiddleware-http://localhost/DashBoardDKs/getallgroubyDate-getallgroubyDate:
Executed endpoint 'Xim.AppApi.Controllers.DashBoardDKController.getallgroubyDate (API)'


2025-09-16 20:23:36.8633-INFO-Microsoft.AspNetCore.Hosting.Diagnostics-http://localhost/DashBoardDKs/getallgroubyDate-getallgroubyDate:
Request finished HTTP/1.1 POST http://localhost:5260/DashBoardDKs/getallgroubyDate - 200 22016 application/json;+charset=utf-8 2981.5304ms


2025-09-16 20:31:29.3302-INFO-Microsoft.AspNetCore.DataProtection.KeyManagement.XmlKeyManager--:
User profile is available. Using 'C:\Users\BTL86\AppData\Local\ASP.NET\DataProtection-Keys' as key repository and Windows DPAPI to encrypt keys at rest.


2025-09-16 20:31:29.7669-INFO-Microsoft.Hosting.Lifetime--:
Now listening on: http://localhost:5260


2025-09-16 20:31:29.8640-INFO-Microsoft.Hosting.Lifetime--:
Application started. Press Ctrl+C to shut down.


2025-09-16 20:31:29.8640-INFO-Microsoft.Hosting.Lifetime--:
Hosting environment: Development


2025-09-16 20:31:29.8640-INFO-Microsoft.Hosting.Lifetime--:
Content root path: C:\Code\Cong TT\CodeBECong\Api\Xim.AppApi


2025-09-16 20:31:30.4768-INFO-Microsoft.AspNetCore.Hosting.Diagnostics-http://localhost/swagger/index.html-:
Request starting HTTP/1.1 GET http://localhost:5260/swagger/index.html - - -


2025-09-16 20:31:30.8404-INFO-Microsoft.AspNetCore.Hosting.Diagnostics-http://localhost/swagger/index.html-:
Request finished HTTP/1.1 GET http://localhost:5260/swagger/index.html - 200 - text/html;charset=utf-8 380.8131ms


2025-09-16 20:31:30.9634-INFO-Microsoft.AspNetCore.Hosting.Diagnostics-http://localhost/swagger/v1/swagger.json-:
Request starting HTTP/1.1 GET http://localhost:5260/swagger/v1/swagger.json - - -


2025-09-16 20:31:31.1861-INFO-Microsoft.AspNetCore.Hosting.Diagnostics-http://localhost/swagger/v1/swagger.json-:
Request finished HTTP/1.1 GET http://localhost:5260/swagger/v1/swagger.json - 200 - application/json;charset=utf-8 223.4684ms


2025-09-16 20:32:07.0735-INFO-Microsoft.AspNetCore.Hosting.Diagnostics-http://localhost/DashBoardDKs/getallgroubyDate-:
Request starting HTTP/1.1 POST http://localhost:5260/DashBoardDKs/getallgroubyDate - - 0


2025-09-16 20:32:07.1238-INFO-Microsoft.AspNetCore.Cors.Infrastructure.CorsService-http://localhost/DashBoardDKs/getallgroubyDate-getallgroubyDate:
CORS policy execution successful.


2025-09-16 20:32:07.2308-INFO-Microsoft.AspNetCore.Routing.EndpointMiddleware-http://localhost/DashBoardDKs/getallgroubyDate-getallgroubyDate:
Executing endpoint 'Xim.AppApi.Controllers.DashBoardDKController.getallgroubyDate (API)'


2025-09-16 20:32:07.2638-INFO-Microsoft.AspNetCore.Mvc.Infrastructure.ControllerActionInvoker-http://localhost/DashBoardDKs/getallgroubyDate-getallgroubyDate:
Route matched with {action = "getallgroubyDate", controller = "DashBoardDK"}. Executing controller action with signature System.Threading.Tasks.Task`1[Microsoft.AspNetCore.Mvc.IActionResult] getallgroubyDate() on controller Xim.AppApi.Controllers.DashBoardDKController (API).


2025-09-16 20:32:07.4342-INFO-Microsoft.AspNetCore.Mvc.Infrastructure.ObjectResultExecutor-http://localhost/DashBoardDKs/getallgroubyDate-getallgroubyDate:
Executing ObjectResult, writing value of type 'System.String'.


2025-09-16 20:32:07.4342-INFO-Microsoft.AspNetCore.Mvc.Infrastructure.ControllerActionInvoker-http://localhost/DashBoardDKs/getallgroubyDate-getallgroubyDate:
Executed action Xim.AppApi.Controllers.DashBoardDKController.getallgroubyDate (API) in 171.6309ms


2025-09-16 20:32:07.4342-INFO-Microsoft.AspNetCore.Routing.EndpointMiddleware-http://localhost/DashBoardDKs/getallgroubyDate-getallgroubyDate:
Executed endpoint 'Xim.AppApi.Controllers.DashBoardDKController.getallgroubyDate (API)'


2025-09-16 20:32:07.4342-INFO-Microsoft.AspNetCore.Hosting.Diagnostics-http://localhost/DashBoardDKs/getallgroubyDate-getallgroubyDate:
Request finished HTTP/1.1 POST http://localhost:5260/DashBoardDKs/getallgroubyDate - 500 - text/plain;+charset=utf-8 373.9908ms


2025-09-16 20:32:34.3601-INFO-Microsoft.AspNetCore.Hosting.Diagnostics-http://localhost/DashBoardDKs/getallgroubyDate-:
Request starting HTTP/1.1 POST http://localhost:5260/DashBoardDKs/getallgroubyDate - - 0


2025-09-16 20:32:34.3709-INFO-Microsoft.AspNetCore.Cors.Infrastructure.CorsService-http://localhost/DashBoardDKs/getallgroubyDate-getallgroubyDate:
CORS policy execution successful.


2025-09-16 20:32:34.4300-INFO-Microsoft.AspNetCore.Routing.EndpointMiddleware-http://localhost/DashBoardDKs/getallgroubyDate-getallgroubyDate:
Executing endpoint 'Xim.AppApi.Controllers.DashBoardDKController.getallgroubyDate (API)'


2025-09-16 20:32:34.4300-INFO-Microsoft.AspNetCore.Mvc.Infrastructure.ControllerActionInvoker-http://localhost/DashBoardDKs/getallgroubyDate-getallgroubyDate:
Route matched with {action = "getallgroubyDate", controller = "DashBoardDK"}. Executing controller action with signature System.Threading.Tasks.Task`1[Microsoft.AspNetCore.Mvc.IActionResult] getallgroubyDate() on controller Xim.AppApi.Controllers.DashBoardDKController (API).


2025-09-16 20:32:49.5290-INFO-Microsoft.AspNetCore.Mvc.Infrastructure.ObjectResultExecutor-http://localhost/DashBoardDKs/getallgroubyDate-getallgroubyDate:
Executing ObjectResult, writing value of type 'System.String'.


2025-09-16 20:32:49.5426-INFO-Microsoft.AspNetCore.Mvc.Infrastructure.ControllerActionInvoker-http://localhost/DashBoardDKs/getallgroubyDate-getallgroubyDate:
Executed action Xim.AppApi.Controllers.DashBoardDKController.getallgroubyDate (API) in 15110.8125ms


2025-09-16 20:32:49.5426-INFO-Microsoft.AspNetCore.Routing.EndpointMiddleware-http://localhost/DashBoardDKs/getallgroubyDate-getallgroubyDate:
Executed endpoint 'Xim.AppApi.Controllers.DashBoardDKController.getallgroubyDate (API)'


2025-09-16 20:32:49.5426-INFO-Microsoft.AspNetCore.Hosting.Diagnostics-http://localhost/DashBoardDKs/getallgroubyDate-getallgroubyDate:
Request finished HTTP/1.1 POST http://localhost:5260/DashBoardDKs/getallgroubyDate - 500 - text/plain;+charset=utf-8 15189.7276ms


2025-09-16 20:35:45.6983-INFO-Microsoft.AspNetCore.DataProtection.KeyManagement.XmlKeyManager--:
User profile is available. Using 'C:\Users\BTL86\AppData\Local\ASP.NET\DataProtection-Keys' as key repository and Windows DPAPI to encrypt keys at rest.


2025-09-16 20:35:45.8793-INFO-Microsoft.Hosting.Lifetime--:
Now listening on: http://localhost:5260


2025-09-16 20:35:45.9590-INFO-Microsoft.Hosting.Lifetime--:
Application started. Press Ctrl+C to shut down.


2025-09-16 20:35:45.9590-INFO-Microsoft.Hosting.Lifetime--:
Hosting environment: Development


2025-09-16 20:35:45.9590-INFO-Microsoft.Hosting.Lifetime--:
Content root path: C:\Code\Cong TT\CodeBECong\Api\Xim.AppApi


2025-09-16 20:35:46.6218-INFO-Microsoft.AspNetCore.Hosting.Diagnostics-http://localhost/swagger/index.html-:
Request starting HTTP/1.1 GET http://localhost:5260/swagger/index.html - - -


2025-09-16 20:35:46.7614-INFO-Microsoft.AspNetCore.Hosting.Diagnostics-http://localhost/swagger/index.html-:
Request finished HTTP/1.1 GET http://localhost:5260/swagger/index.html - 200 - text/html;charset=utf-8 143.6560ms


2025-09-16 20:35:46.8976-INFO-Microsoft.AspNetCore.Hosting.Diagnostics-http://localhost/swagger/v1/swagger.json-:
Request starting HTTP/1.1 GET http://localhost:5260/swagger/v1/swagger.json - - -


2025-09-16 20:35:47.1250-INFO-Microsoft.AspNetCore.Hosting.Diagnostics-http://localhost/swagger/v1/swagger.json-:
Request finished HTTP/1.1 GET http://localhost:5260/swagger/v1/swagger.json - 200 - application/json;charset=utf-8 228.1552ms


2025-09-16 20:37:03.6438-INFO-Microsoft.AspNetCore.Hosting.Diagnostics-http://localhost/DashBoardDKs/getallgroubyDate-:
Request starting HTTP/1.1 POST http://localhost:5260/DashBoardDKs/getallgroubyDate - - 0


2025-09-16 20:37:03.6891-INFO-Microsoft.AspNetCore.Cors.Infrastructure.CorsService-http://localhost/DashBoardDKs/getallgroubyDate-getallgroubyDate:
CORS policy execution successful.


2025-09-16 20:37:03.7621-INFO-Microsoft.AspNetCore.Routing.EndpointMiddleware-http://localhost/DashBoardDKs/getallgroubyDate-getallgroubyDate:
Executing endpoint 'Xim.AppApi.Controllers.DashBoardDKController.getallgroubyDate (API)'


2025-09-16 20:37:03.8120-INFO-Microsoft.AspNetCore.Mvc.Infrastructure.ControllerActionInvoker-http://localhost/DashBoardDKs/getallgroubyDate-getallgroubyDate:
Route matched with {action = "getallgroubyDate", controller = "DashBoardDK"}. Executing controller action with signature System.Threading.Tasks.Task`1[Microsoft.AspNetCore.Mvc.IActionResult] getallgroubyDate() on controller Xim.AppApi.Controllers.DashBoardDKController (API).


2025-09-16 20:37:03.9393-INFO-Microsoft.AspNetCore.Mvc.Infrastructure.ObjectResultExecutor-http://localhost/DashBoardDKs/getallgroubyDate-getallgroubyDate:
Executing OkObjectResult, writing value of type 'System.Collections.Generic.List`1[[API.Controllers.Dashboard, API, Version=1.0.0.0, Culture=neutral, PublicKeyToken=null]]'.


2025-09-16 20:37:03.9912-INFO-Microsoft.AspNetCore.Mvc.Infrastructure.ControllerActionInvoker-http://localhost/DashBoardDKs/getallgroubyDate-getallgroubyDate:
Executed action Xim.AppApi.Controllers.DashBoardDKController.getallgroubyDate (API) in 173.2983ms


2025-09-16 20:37:03.9912-INFO-Microsoft.AspNetCore.Routing.EndpointMiddleware-http://localhost/DashBoardDKs/getallgroubyDate-getallgroubyDate:
Executed endpoint 'Xim.AppApi.Controllers.DashBoardDKController.getallgroubyDate (API)'


2025-09-16 20:37:03.9955-INFO-Microsoft.AspNetCore.Hosting.Diagnostics-http://localhost/DashBoardDKs/getallgroubyDate-getallgroubyDate:
Request finished HTTP/1.1 POST http://localhost:5260/DashBoardDKs/getallgroubyDate - 200 10921 application/json;+charset=utf-8 350.7286ms


2025-09-16 20:42:21.8584-INFO-Microsoft.AspNetCore.DataProtection.KeyManagement.XmlKeyManager--:
User profile is available. Using 'C:\Users\BTL86\AppData\Local\ASP.NET\DataProtection-Keys' as key repository and Windows DPAPI to encrypt keys at rest.


2025-09-16 20:42:22.1031-INFO-Microsoft.Hosting.Lifetime--:
Now listening on: http://localhost:5260


2025-09-16 20:42:22.1834-INFO-Microsoft.Hosting.Lifetime--:
Application started. Press Ctrl+C to shut down.


2025-09-16 20:42:22.1834-INFO-Microsoft.Hosting.Lifetime--:
Hosting environment: Development


2025-09-16 20:42:22.1834-INFO-Microsoft.Hosting.Lifetime--:
Content root path: C:\Code\Cong TT\CodeBECong\Api\Xim.AppApi


2025-09-16 20:42:22.8209-INFO-Microsoft.AspNetCore.Hosting.Diagnostics-http://localhost/swagger/index.html-:
Request starting HTTP/1.1 GET http://localhost:5260/swagger/index.html - - -


2025-09-16 20:42:22.9560-INFO-Microsoft.AspNetCore.Hosting.Diagnostics-http://localhost/swagger/index.html-:
Request finished HTTP/1.1 GET http://localhost:5260/swagger/index.html - 200 - text/html;charset=utf-8 158.7019ms


2025-09-16 20:42:23.0649-INFO-Microsoft.AspNetCore.Hosting.Diagnostics-http://localhost/swagger/v1/swagger.json-:
Request starting HTTP/1.1 GET http://localhost:5260/swagger/v1/swagger.json - - -


2025-09-16 20:42:23.3223-INFO-Microsoft.AspNetCore.Hosting.Diagnostics-http://localhost/swagger/v1/swagger.json-:
Request finished HTTP/1.1 GET http://localhost:5260/swagger/v1/swagger.json - 200 - application/json;charset=utf-8 258.4186ms


2025-09-16 20:42:31.8994-INFO-Microsoft.AspNetCore.Hosting.Diagnostics-http://localhost/DashBoardDKs/getallgroubyDate-:
Request starting HTTP/1.1 POST http://localhost:5260/DashBoardDKs/getallgroubyDate - - 0


2025-09-16 20:42:31.9013-INFO-Microsoft.AspNetCore.Cors.Infrastructure.CorsService-http://localhost/DashBoardDKs/getallgroubyDate-getallgroubyDate:
CORS policy execution successful.


2025-09-16 20:42:31.9990-INFO-Microsoft.AspNetCore.Routing.EndpointMiddleware-http://localhost/DashBoardDKs/getallgroubyDate-getallgroubyDate:
Executing endpoint 'Xim.AppApi.Controllers.DashBoardDKController.getallgroubyDate (API)'


2025-09-16 20:42:32.0475-INFO-Microsoft.AspNetCore.Mvc.Infrastructure.ControllerActionInvoker-http://localhost/DashBoardDKs/getallgroubyDate-getallgroubyDate:
Route matched with {action = "getallgroubyDate", controller = "DashBoardDK"}. Executing controller action with signature System.Threading.Tasks.Task`1[Microsoft.AspNetCore.Mvc.IActionResult] getallgroubyDate() on controller Xim.AppApi.Controllers.DashBoardDKController (API).


2025-09-16 20:42:32.2001-INFO-Microsoft.AspNetCore.Mvc.Infrastructure.ObjectResultExecutor-http://localhost/DashBoardDKs/getallgroubyDate-getallgroubyDate:
Executing OkObjectResult, writing value of type 'System.Collections.Generic.List`1[[API.Controllers.Dashboard, API, Version=1.0.0.0, Culture=neutral, PublicKeyToken=null]]'.


2025-09-16 20:42:32.2465-INFO-Microsoft.AspNetCore.Mvc.Infrastructure.ControllerActionInvoker-http://localhost/DashBoardDKs/getallgroubyDate-getallgroubyDate:
Executed action Xim.AppApi.Controllers.DashBoardDKController.getallgroubyDate (API) in 191.7214ms


2025-09-16 20:42:32.2465-INFO-Microsoft.AspNetCore.Routing.EndpointMiddleware-http://localhost/DashBoardDKs/getallgroubyDate-getallgroubyDate:
Executed endpoint 'Xim.AppApi.Controllers.DashBoardDKController.getallgroubyDate (API)'


2025-09-16 20:42:32.2465-INFO-Microsoft.AspNetCore.Hosting.Diagnostics-http://localhost/DashBoardDKs/getallgroubyDate-getallgroubyDate:
Request finished HTTP/1.1 POST http://localhost:5260/DashBoardDKs/getallgroubyDate - 200 10921 application/json;+charset=utf-8 350.0613ms


2025-09-16 20:43:42.5419-INFO-Microsoft.AspNetCore.DataProtection.KeyManagement.XmlKeyManager--:
User profile is available. Using 'C:\Users\BTL86\AppData\Local\ASP.NET\DataProtection-Keys' as key repository and Windows DPAPI to encrypt keys at rest.


2025-09-16 20:43:42.7576-INFO-Microsoft.Hosting.Lifetime--:
Now listening on: http://localhost:5260


2025-09-16 20:43:42.8207-INFO-Microsoft.Hosting.Lifetime--:
Application started. Press Ctrl+C to shut down.


2025-09-16 20:43:42.8207-INFO-Microsoft.Hosting.Lifetime--:
Hosting environment: Development


2025-09-16 20:43:42.8207-INFO-Microsoft.Hosting.Lifetime--:
Content root path: C:\Code\Cong TT\CodeBECong\Api\Xim.AppApi


2025-09-16 20:43:43.0736-INFO-Microsoft.AspNetCore.Hosting.Diagnostics-http://localhost/swagger/index.html-:
Request starting HTTP/1.1 GET http://localhost:5260/swagger/index.html - - -


2025-09-16 20:43:43.2569-INFO-Microsoft.AspNetCore.Hosting.Diagnostics-http://localhost/swagger/index.html-:
Request finished HTTP/1.1 GET http://localhost:5260/swagger/index.html - 200 - text/html;charset=utf-8 184.7865ms


2025-09-16 20:43:43.4870-INFO-Microsoft.AspNetCore.Hosting.Diagnostics-http://localhost/swagger/v1/swagger.json-:
Request starting HTTP/1.1 GET http://localhost:5260/swagger/v1/swagger.json - - -


2025-09-16 20:43:43.8120-INFO-Microsoft.AspNetCore.Hosting.Diagnostics-http://localhost/swagger/v1/swagger.json-:
Request finished HTTP/1.1 GET http://localhost:5260/swagger/v1/swagger.json - 200 - application/json;charset=utf-8 326.8846ms


2025-09-16 20:43:54.1602-INFO-Microsoft.AspNetCore.Hosting.Diagnostics-http://localhost/DashBoardDKs/getallgroubyDate-:
Request starting HTTP/1.1 POST http://localhost:5260/DashBoardDKs/getallgroubyDate - - 0


2025-09-16 20:43:54.1833-INFO-Microsoft.AspNetCore.Cors.Infrastructure.CorsService-http://localhost/DashBoardDKs/getallgroubyDate-getallgroubyDate:
CORS policy execution successful.


2025-09-16 20:43:54.2497-INFO-Microsoft.AspNetCore.Routing.EndpointMiddleware-http://localhost/DashBoardDKs/getallgroubyDate-getallgroubyDate:
Executing endpoint 'Xim.AppApi.Controllers.DashBoardDKController.getallgroubyDate (API)'


2025-09-16 20:43:54.2765-INFO-Microsoft.AspNetCore.Mvc.Infrastructure.ControllerActionInvoker-http://localhost/DashBoardDKs/getallgroubyDate-getallgroubyDate:
Route matched with {action = "getallgroubyDate", controller = "DashBoardDK"}. Executing controller action with signature System.Threading.Tasks.Task`1[Microsoft.AspNetCore.Mvc.IActionResult] getallgroubyDate() on controller Xim.AppApi.Controllers.DashBoardDKController (API).


2025-09-16 20:43:54.4338-INFO-Microsoft.AspNetCore.Mvc.Infrastructure.ObjectResultExecutor-http://localhost/DashBoardDKs/getallgroubyDate-getallgroubyDate:
Executing OkObjectResult, writing value of type 'System.Collections.Generic.List`1[[<>f__AnonymousType1`2[[System.DateTime, System.Private.CoreLib, Version=8.0.0.0, Culture=neutral, PublicKeyToken=7cec85d7bea7798e],[System.Collections.Generic.List`1[[API.Controllers.Dashboard, API, Version=1.0.0.0, Culture=neutral, PublicKeyToken=null]], System.Private.CoreLib, Version=8.0.0.0, Culture=neutral, PublicKeyToken=7cec85d7bea7798e]], API, Version=1.0.0.0, Culture=neutral, PublicKeyToken=null]]'.


2025-09-16 20:43:54.4797-INFO-Microsoft.AspNetCore.Mvc.Infrastructure.ControllerActionInvoker-http://localhost/DashBoardDKs/getallgroubyDate-getallgroubyDate:
Executed action Xim.AppApi.Controllers.DashBoardDKController.getallgroubyDate (API) in 194.0513ms


2025-09-16 20:43:54.4797-INFO-Microsoft.AspNetCore.Routing.EndpointMiddleware-http://localhost/DashBoardDKs/getallgroubyDate-getallgroubyDate:
Executed endpoint 'Xim.AppApi.Controllers.DashBoardDKController.getallgroubyDate (API)'


2025-09-16 20:43:54.4797-INFO-Microsoft.AspNetCore.Hosting.Diagnostics-http://localhost/DashBoardDKs/getallgroubyDate-getallgroubyDate:
Request finished HTTP/1.1 POST http://localhost:5260/DashBoardDKs/getallgroubyDate - 200 11009 application/json;+charset=utf-8 322.5371ms


2025-09-16 20:46:49.5976-INFO-Microsoft.AspNetCore.DataProtection.KeyManagement.XmlKeyManager--:
User profile is available. Using 'C:\Users\BTL86\AppData\Local\ASP.NET\DataProtection-Keys' as key repository and Windows DPAPI to encrypt keys at rest.


2025-09-16 20:46:49.8341-INFO-Microsoft.Hosting.Lifetime--:
Now listening on: http://localhost:5260


2025-09-16 20:46:49.9091-INFO-Microsoft.Hosting.Lifetime--:
Application started. Press Ctrl+C to shut down.


2025-09-16 20:46:49.9091-INFO-Microsoft.Hosting.Lifetime--:
Hosting environment: Development


2025-09-16 20:46:49.9091-INFO-Microsoft.Hosting.Lifetime--:
Content root path: C:\Code\Cong TT\CodeBECong\Api\Xim.AppApi


2025-09-16 20:46:50.5422-INFO-Microsoft.AspNetCore.Hosting.Diagnostics-http://localhost/swagger/index.html-:
Request starting HTTP/1.1 GET http://localhost:5260/swagger/index.html - - -


2025-09-16 20:46:50.7734-INFO-Microsoft.AspNetCore.Hosting.Diagnostics-http://localhost/swagger/index.html-:
Request finished HTTP/1.1 GET http://localhost:5260/swagger/index.html - 200 - text/html;charset=utf-8 246.4754ms


2025-09-16 20:46:50.8850-INFO-Microsoft.AspNetCore.Hosting.Diagnostics-http://localhost/swagger/v1/swagger.json-:
Request starting HTTP/1.1 GET http://localhost:5260/swagger/v1/swagger.json - - -


2025-09-16 20:46:51.1569-INFO-Microsoft.AspNetCore.Hosting.Diagnostics-http://localhost/swagger/v1/swagger.json-:
Request finished HTTP/1.1 GET http://localhost:5260/swagger/v1/swagger.json - 200 - application/json;charset=utf-8 274.2249ms


2025-09-16 20:51:19.1519-INFO-Microsoft.AspNetCore.DataProtection.KeyManagement.XmlKeyManager--:
User profile is available. Using 'C:\Users\BTL86\AppData\Local\ASP.NET\DataProtection-Keys' as key repository and Windows DPAPI to encrypt keys at rest.


2025-09-16 20:51:19.4961-INFO-Microsoft.Hosting.Lifetime--:
Now listening on: http://localhost:5260


2025-09-16 20:51:19.6188-INFO-Microsoft.Hosting.Lifetime--:
Application started. Press Ctrl+C to shut down.


2025-09-16 20:51:19.6188-INFO-Microsoft.Hosting.Lifetime--:
Hosting environment: Development


2025-09-16 20:51:19.6213-INFO-Microsoft.Hosting.Lifetime--:
Content root path: C:\Code\Cong TT\CodeBECong\Api\Xim.AppApi


2025-09-16 20:51:20.1827-INFO-Microsoft.AspNetCore.Hosting.Diagnostics-http://localhost/swagger/index.html-:
Request starting HTTP/1.1 GET http://localhost:5260/swagger/index.html - - -


2025-09-16 20:51:20.3710-INFO-Microsoft.AspNetCore.Hosting.Diagnostics-http://localhost/swagger/index.html-:
Request finished HTTP/1.1 GET http://localhost:5260/swagger/index.html - 200 - text/html;charset=utf-8 200.4226ms


2025-09-16 20:51:20.5898-INFO-Microsoft.AspNetCore.Hosting.Diagnostics-http://localhost/swagger/v1/swagger.json-:
Request starting HTTP/1.1 GET http://localhost:5260/swagger/v1/swagger.json - - -


2025-09-16 20:51:20.7986-INFO-Microsoft.AspNetCore.Hosting.Diagnostics-http://localhost/swagger/v1/swagger.json-:
Request finished HTTP/1.1 GET http://localhost:5260/swagger/v1/swagger.json - 200 - application/json;charset=utf-8 209.8756ms


2025-09-16 20:51:35.1411-INFO-Microsoft.AspNetCore.Hosting.Diagnostics-http://localhost/DashBoardDKs/GetDashBoardfromDB-:
Request starting HTTP/1.1 GET http://localhost:5260/DashBoardDKs/GetDashBoardfromDB - - -


2025-09-16 20:51:35.2466-INFO-Microsoft.AspNetCore.Routing.EndpointMiddleware-http://localhost/DashBoardDKs/GetDashBoardfromDB-GetDashBoardfromDB:
Executing endpoint 'Xim.AppApi.Controllers.DashBoardDKController.GetDashBoardfromDB (API)'


2025-09-16 20:51:35.2627-INFO-Microsoft.AspNetCore.Mvc.Infrastructure.ControllerActionInvoker-http://localhost/DashBoardDKs/GetDashBoardfromDB-GetDashBoardfromDB:
Route matched with {action = "GetDashBoardfromDB", controller = "DashBoardDK"}. Executing controller action with signature System.Threading.Tasks.Task`1[Microsoft.AspNetCore.Mvc.IActionResult] GetDashBoardfromDB() on controller Xim.AppApi.Controllers.DashBoardDKController (API).


2025-09-16 20:51:35.4193-INFO-Microsoft.AspNetCore.Mvc.Infrastructure.ObjectResultExecutor-http://localhost/DashBoardDKs/GetDashBoardfromDB-GetDashBoardfromDB:
Executing OkObjectResult, writing value of type 'API.Controllers.Dashboard'.


2025-09-16 20:51:35.4571-INFO-Microsoft.AspNetCore.Mvc.Infrastructure.ControllerActionInvoker-http://localhost/DashBoardDKs/GetDashBoardfromDB-GetDashBoardfromDB:
Executed action Xim.AppApi.Controllers.DashBoardDKController.GetDashBoardfromDB (API) in 175.5974ms


2025-09-16 20:51:35.4571-INFO-Microsoft.AspNetCore.Routing.EndpointMiddleware-http://localhost/DashBoardDKs/GetDashBoardfromDB-GetDashBoardfromDB:
Executed endpoint 'Xim.AppApi.Controllers.DashBoardDKController.GetDashBoardfromDB (API)'


2025-09-16 20:51:35.4571-INFO-Microsoft.AspNetCore.Hosting.Diagnostics-http://localhost/DashBoardDKs/GetDashBoardfromDB-GetDashBoardfromDB:
Request finished HTTP/1.1 GET http://localhost:5260/DashBoardDKs/GetDashBoardfromDB - 200 3918 application/json;+charset=utf-8 321.3776ms


2025-09-16 20:51:44.1754-INFO-Microsoft.AspNetCore.Hosting.Diagnostics-http://localhost/DashBoardDKs/getallgroubyDate-:
Request starting HTTP/1.1 GET http://localhost:5260/DashBoardDKs/getallgroubyDate - - -


2025-09-16 20:51:44.1754-INFO-Microsoft.AspNetCore.Routing.EndpointMiddleware-http://localhost/DashBoardDKs/getallgroubyDate-getallgroubyDate:
Executing endpoint 'Xim.AppApi.Controllers.DashBoardDKController.getallgroubyDate (API)'


2025-09-16 20:51:44.1827-INFO-Microsoft.AspNetCore.Mvc.Infrastructure.ControllerActionInvoker-http://localhost/DashBoardDKs/getallgroubyDate-getallgroubyDate:
Route matched with {action = "getallgroubyDate", controller = "DashBoardDK"}. Executing controller action with signature System.Threading.Tasks.Task`1[Microsoft.AspNetCore.Mvc.IActionResult] getallgroubyDate() on controller Xim.AppApi.Controllers.DashBoardDKController (API).


2025-09-16 20:51:44.2301-INFO-Microsoft.AspNetCore.Mvc.Infrastructure.ObjectResultExecutor-http://localhost/DashBoardDKs/getallgroubyDate-getallgroubyDate:
Executing OkObjectResult, writing value of type 'System.Collections.Generic.List`1[[<>f__AnonymousType1`2[[System.DateTime, System.Private.CoreLib, Version=8.0.0.0, Culture=neutral, PublicKeyToken=7cec85d7bea7798e],[System.Collections.Generic.List`1[[API.Controllers.Dashboard, API, Version=1.0.0.0, Culture=neutral, PublicKeyToken=null]], System.Private.CoreLib, Version=8.0.0.0, Culture=neutral, PublicKeyToken=7cec85d7bea7798e]], API, Version=1.0.0.0, Culture=neutral, PublicKeyToken=null]]'.


2025-09-16 20:51:44.2301-INFO-Microsoft.AspNetCore.Mvc.Infrastructure.ControllerActionInvoker-http://localhost/DashBoardDKs/getallgroubyDate-getallgroubyDate:
Executed action Xim.AppApi.Controllers.DashBoardDKController.getallgroubyDate (API) in 50.8373ms


2025-09-16 20:51:44.2301-INFO-Microsoft.AspNetCore.Routing.EndpointMiddleware-http://localhost/DashBoardDKs/getallgroubyDate-getallgroubyDate:
Executed endpoint 'Xim.AppApi.Controllers.DashBoardDKController.getallgroubyDate (API)'


2025-09-16 20:51:44.2301-INFO-Microsoft.AspNetCore.Hosting.Diagnostics-http://localhost/DashBoardDKs/getallgroubyDate-getallgroubyDate:
Request finished HTTP/1.1 GET http://localhost:5260/DashBoardDKs/getallgroubyDate - 200 11070 application/json;+charset=utf-8 61.4888ms


2025-09-16 20:56:32.2127-INFO-Microsoft.AspNetCore.DataProtection.KeyManagement.XmlKeyManager--:
User profile is available. Using 'C:\Users\BTL86\AppData\Local\ASP.NET\DataProtection-Keys' as key repository and Windows DPAPI to encrypt keys at rest.


2025-09-16 20:56:32.4013-INFO-Microsoft.Hosting.Lifetime--:
Now listening on: http://localhost:5260


2025-09-16 20:56:32.5089-INFO-Microsoft.Hosting.Lifetime--:
Application started. Press Ctrl+C to shut down.


2025-09-16 20:56:32.5089-INFO-Microsoft.Hosting.Lifetime--:
Hosting environment: Development


2025-09-16 20:56:32.5112-INFO-Microsoft.Hosting.Lifetime--:
Content root path: C:\Code\Cong TT\CodeBECong\Api\Xim.AppApi


2025-09-16 20:56:32.6273-INFO-Microsoft.AspNetCore.Hosting.Diagnostics-http://localhost/swagger/index.html-:
Request starting HTTP/1.1 GET http://localhost:5260/swagger/index.html - - -


2025-09-16 20:56:32.9553-INFO-Microsoft.AspNetCore.Hosting.Diagnostics-http://localhost/swagger/index.html-:
Request finished HTTP/1.1 GET http://localhost:5260/swagger/index.html - 200 - text/html;charset=utf-8 336.6489ms


2025-09-16 20:56:33.0496-INFO-Microsoft.AspNetCore.Hosting.Diagnostics-http://localhost/swagger/v1/swagger.json-:
Request starting HTTP/1.1 GET http://localhost:5260/swagger/v1/swagger.json - - -


2025-09-16 20:56:33.2549-INFO-Microsoft.AspNetCore.Hosting.Diagnostics-http://localhost/swagger/v1/swagger.json-:
Request finished HTTP/1.1 GET http://localhost:5260/swagger/v1/swagger.json - 200 - application/json;charset=utf-8 206.1436ms


2025-09-16 20:56:51.6270-INFO-Microsoft.AspNetCore.Hosting.Diagnostics-http://localhost/DashBoardDKs/upload-:
Request starting HTTP/1.1 POST http://localhost:5260/DashBoardDKs/upload - multipart/form-data;+boundary=----WebKitFormBoundaryaJJAtTAbA48UUKTl 20845


2025-09-16 20:56:51.6363-INFO-Microsoft.AspNetCore.Cors.Infrastructure.CorsService-http://localhost/DashBoardDKs/upload-UploadExcel:
CORS policy execution successful.


2025-09-16 20:56:51.7321-INFO-Microsoft.AspNetCore.Routing.EndpointMiddleware-http://localhost/DashBoardDKs/upload-UploadExcel:
Executing endpoint 'Xim.AppApi.Controllers.DashBoardDKController.UploadExcel (API)'


2025-09-16 20:56:51.7638-INFO-Microsoft.AspNetCore.Mvc.Infrastructure.ControllerActionInvoker-http://localhost/DashBoardDKs/upload-UploadExcel:
Route matched with {action = "UploadExcel", controller = "DashBoardDK"}. Executing controller action with signature System.Threading.Tasks.Task`1[Microsoft.AspNetCore.Mvc.IActionResult] UploadExcel(Microsoft.AspNetCore.Http.IFormFile, System.String) on controller Xim.AppApi.Controllers.DashBoardDKController (API).


2025-09-16 20:56:58.2617-INFO-Microsoft.AspNetCore.Mvc.Infrastructure.ObjectResultExecutor-http://localhost/DashBoardDKs/upload-UploadExcel:
Executing ObjectResult, writing value of type 'System.String'.


2025-09-16 20:56:58.2617-INFO-Microsoft.AspNetCore.Mvc.Infrastructure.ControllerActionInvoker-http://localhost/DashBoardDKs/upload-UploadExcel:
Executed action Xim.AppApi.Controllers.DashBoardDKController.UploadExcel (API) in 6487.5881ms


2025-09-16 20:56:58.2617-INFO-Microsoft.AspNetCore.Routing.EndpointMiddleware-http://localhost/DashBoardDKs/upload-UploadExcel:
Executed endpoint 'Xim.AppApi.Controllers.DashBoardDKController.UploadExcel (API)'


2025-09-16 20:56:58.2617-INFO-Microsoft.AspNetCore.Hosting.Diagnostics-http://localhost/DashBoardDKs/upload-UploadExcel:
Request finished HTTP/1.1 POST http://localhost:5260/DashBoardDKs/upload - 500 - text/plain;+charset=utf-8 6647.3298ms


2025-09-16 20:57:23.9554-INFO-Microsoft.AspNetCore.DataProtection.KeyManagement.XmlKeyManager--:
User profile is available. Using 'C:\Users\BTL86\AppData\Local\ASP.NET\DataProtection-Keys' as key repository and Windows DPAPI to encrypt keys at rest.


2025-09-16 20:57:24.2711-INFO-Microsoft.Hosting.Lifetime--:
Now listening on: http://localhost:5260


2025-09-16 20:57:24.3495-INFO-Microsoft.Hosting.Lifetime--:
Application started. Press Ctrl+C to shut down.


2025-09-16 20:57:24.3495-INFO-Microsoft.Hosting.Lifetime--:
Hosting environment: Development


2025-09-16 20:57:24.3495-INFO-Microsoft.Hosting.Lifetime--:
Content root path: C:\Code\Cong TT\CodeBECong\Api\Xim.AppApi


2025-09-16 20:57:24.6525-INFO-Microsoft.AspNetCore.Hosting.Diagnostics-http://localhost/swagger/index.html-:
Request starting HTTP/1.1 GET http://localhost:5260/swagger/index.html - - -


2025-09-16 20:57:24.7795-INFO-Microsoft.AspNetCore.Hosting.Diagnostics-http://localhost/swagger/index.html-:
Request finished HTTP/1.1 GET http://localhost:5260/swagger/index.html - 200 - text/html;charset=utf-8 137.4568ms


2025-09-16 20:57:24.9677-INFO-Microsoft.AspNetCore.Hosting.Diagnostics-http://localhost/swagger/v1/swagger.json-:
Request starting HTTP/1.1 GET http://localhost:5260/swagger/v1/swagger.json - - -


2025-09-16 20:57:25.3087-INFO-Microsoft.AspNetCore.Hosting.Diagnostics-http://localhost/swagger/v1/swagger.json-:
Request finished HTTP/1.1 GET http://localhost:5260/swagger/v1/swagger.json - 200 - application/json;charset=utf-8 342.2916ms


2025-09-16 20:57:38.0092-INFO-Microsoft.AspNetCore.Hosting.Diagnostics-http://localhost/Accounts/login-:
Request starting HTTP/1.1 POST http://localhost:5260/Accounts/login - application/json-patch+json 49


2025-09-16 20:57:38.0107-INFO-Microsoft.AspNetCore.Cors.Infrastructure.CorsService-http://localhost/Accounts/login-Login:
CORS policy execution successful.


2025-09-16 20:57:38.0916-INFO-Microsoft.AspNetCore.Routing.EndpointMiddleware-http://localhost/Accounts/login-Login:
Executing endpoint 'Xim.AppApi.Controllers.AccountController.LoginAsync (API)'


2025-09-16 20:57:38.1229-INFO-Microsoft.AspNetCore.Mvc.Infrastructure.ControllerActionInvoker-http://localhost/Accounts/login-Login:
Route matched with {action = "Login", controller = "Account"}. Executing controller action with signature System.Threading.Tasks.Task`1[Microsoft.AspNetCore.Mvc.IActionResult] LoginAsync(Xim.Application.Contracts.Users.UserDtoLogin) on controller Xim.AppApi.Controllers.AccountController (API).


2025-09-16 20:57:38.3231-INFO-Microsoft.AspNetCore.Mvc.Infrastructure.ObjectResultExecutor-http://localhost/Accounts/login-Login:
Executing OkObjectResult, writing value of type 'Xim.AppApi.Controllers.AccountController+JwtTokenInfo'.


2025-09-16 20:57:38.3389-INFO-Microsoft.AspNetCore.Mvc.Infrastructure.ControllerActionInvoker-http://localhost/Accounts/login-Login:
Executed action Xim.AppApi.Controllers.AccountController.LoginAsync (API) in 222.0162ms


2025-09-16 20:57:38.3547-INFO-Microsoft.AspNetCore.Routing.EndpointMiddleware-http://localhost/Accounts/login-Login:
Executed endpoint 'Xim.AppApi.Controllers.AccountController.LoginAsync (API)'


2025-09-16 20:57:38.3547-INFO-Microsoft.AspNetCore.Hosting.Diagnostics-http://localhost/Accounts/login-Login:
Request finished HTTP/1.1 POST http://localhost:5260/Accounts/login - 200 599 application/json;+charset=utf-8 349.1402ms


2025-09-16 20:59:02.0817-INFO-Microsoft.AspNetCore.Hosting.Diagnostics-http://localhost/DashBoardDKs/upload-:
Request starting HTTP/1.1 POST http://localhost:5260/DashBoardDKs/upload - multipart/form-data;+boundary=----WebKitFormBoundaryAwWlAHnEnQIjihsA 20841


2025-09-16 20:59:02.0817-INFO-Microsoft.AspNetCore.Cors.Infrastructure.CorsService-http://localhost/DashBoardDKs/upload-UploadExcel:
CORS policy execution successful.


2025-09-16 20:59:02.1838-INFO-Microsoft.AspNetCore.Routing.EndpointMiddleware-http://localhost/DashBoardDKs/upload-UploadExcel:
Executing endpoint 'Xim.AppApi.Controllers.DashBoardDKController.UploadExcel (API)'


2025-09-16 20:59:02.1979-INFO-Microsoft.AspNetCore.Mvc.Infrastructure.ControllerActionInvoker-http://localhost/DashBoardDKs/upload-UploadExcel:
Route matched with {action = "UploadExcel", controller = "DashBoardDK"}. Executing controller action with signature System.Threading.Tasks.Task`1[Microsoft.AspNetCore.Mvc.IActionResult] UploadExcel(Microsoft.AspNetCore.Http.IFormFile, System.String) on controller Xim.AppApi.Controllers.DashBoardDKController (API).


2025-09-16 20:59:02.5161-INFO-Microsoft.AspNetCore.Mvc.Infrastructure.ObjectResultExecutor-http://localhost/DashBoardDKs/upload-UploadExcel:
Executing OkObjectResult, writing value of type 'Xim.Application.Contracts.DashBoardDK.DashBoardDKDtoView'.


2025-09-16 20:59:02.5161-INFO-Microsoft.AspNetCore.Mvc.Infrastructure.ControllerActionInvoker-http://localhost/DashBoardDKs/upload-UploadExcel:
Executed action Xim.AppApi.Controllers.DashBoardDKController.UploadExcel (API) in 323.5394ms


2025-09-16 20:59:02.5266-INFO-Microsoft.AspNetCore.Routing.EndpointMiddleware-http://localhost/DashBoardDKs/upload-UploadExcel:
Executed endpoint 'Xim.AppApi.Controllers.DashBoardDKController.UploadExcel (API)'


2025-09-16 20:59:02.5266-INFO-Microsoft.AspNetCore.Hosting.Diagnostics-http://localhost/DashBoardDKs/upload-UploadExcel:
Request finished HTTP/1.1 POST http://localhost:5260/DashBoardDKs/upload - 200 2890 application/json;+charset=utf-8 446.6577ms


2025-09-16 20:59:10.4102-INFO-Microsoft.AspNetCore.Hosting.Diagnostics-http://localhost/DashBoardDKs/getallgroubyDate-:
Request starting HTTP/1.1 GET http://localhost:5260/DashBoardDKs/getallgroubyDate - - -


2025-09-16 20:59:10.4102-INFO-Microsoft.AspNetCore.Routing.EndpointMiddleware-http://localhost/DashBoardDKs/getallgroubyDate-getallgroubyDate:
Executing endpoint 'Xim.AppApi.Controllers.DashBoardDKController.getallgroubyDate (API)'


2025-09-16 20:59:10.4172-INFO-Microsoft.AspNetCore.Mvc.Infrastructure.ControllerActionInvoker-http://localhost/DashBoardDKs/getallgroubyDate-getallgroubyDate:
Route matched with {action = "getallgroubyDate", controller = "DashBoardDK"}. Executing controller action with signature System.Threading.Tasks.Task`1[Microsoft.AspNetCore.Mvc.IActionResult] getallgroubyDate() on controller Xim.AppApi.Controllers.DashBoardDKController (API).


2025-09-16 20:59:10.4682-INFO-Microsoft.AspNetCore.Mvc.Infrastructure.ObjectResultExecutor-http://localhost/DashBoardDKs/getallgroubyDate-getallgroubyDate:
Executing OkObjectResult, writing value of type 'System.Collections.Generic.List`1[[<>f__AnonymousType1`2[[System.DateTime, System.Private.CoreLib, Version=8.0.0.0, Culture=neutral, PublicKeyToken=7cec85d7bea7798e],[System.Collections.Generic.List`1[[API.Controllers.Dashboard, API, Version=1.0.0.0, Culture=neutral, PublicKeyToken=null]], System.Private.CoreLib, Version=8.0.0.0, Culture=neutral, PublicKeyToken=7cec85d7bea7798e]], API, Version=1.0.0.0, Culture=neutral, PublicKeyToken=null]]'.


2025-09-16 20:59:10.4842-INFO-Microsoft.AspNetCore.Mvc.Infrastructure.ControllerActionInvoker-http://localhost/DashBoardDKs/getallgroubyDate-getallgroubyDate:
Executed action Xim.AppApi.Controllers.DashBoardDKController.getallgroubyDate (API) in 78.3245ms


2025-09-16 20:59:10.4961-INFO-Microsoft.AspNetCore.Routing.EndpointMiddleware-http://localhost/DashBoardDKs/getallgroubyDate-getallgroubyDate:
Executed endpoint 'Xim.AppApi.Controllers.DashBoardDKController.getallgroubyDate (API)'


2025-09-16 20:59:10.4961-INFO-Microsoft.AspNetCore.Hosting.Diagnostics-http://localhost/DashBoardDKs/getallgroubyDate-getallgroubyDate:
Request finished HTTP/1.1 GET http://localhost:5260/DashBoardDKs/getallgroubyDate - 200 12632 application/json;+charset=utf-8 87.0290ms


