2025-09-12 13:47:58.0109-INFO-Microsoft.AspNetCore.DataProtection.KeyManagement.XmlKeyManager--:
User profile is available. Using 'C:\Users\BTL86\AppData\Local\ASP.NET\DataProtection-Keys' as key repository and Windows DPAPI to encrypt keys at rest.


2025-09-12 13:47:58.2644-INFO-Microsoft.Hosting.Lifetime--:
Now listening on: http://localhost:5260


2025-09-12 13:47:58.3793-INFO-Microsoft.Hosting.Lifetime--:
Application started. Press Ctrl+C to shut down.


2025-09-12 13:47:58.3793-INFO-Microsoft.Hosting.Lifetime--:
Hosting environment: Development


2025-09-12 13:47:58.3793-INFO-Microsoft.Hosting.Lifetime--:
Content root path: C:\Code\Cong TT\CodeBECong\Api\Xim.AppApi


2025-09-12 13:47:58.7505-INFO-Microsoft.AspNetCore.Hosting.Diagnostics-http://localhost/swagger/index.html-:
Request starting HTTP/1.1 GET http://localhost:5260/swagger/index.html - - -


2025-09-12 13:47:58.8834-INFO-Microsoft.AspNetCore.Hosting.Diagnostics-http://localhost/swagger/index.html-:
Request finished HTTP/1.1 GET http://localhost:5260/swagger/index.html - 200 - text/html;charset=utf-8 139.8196ms


2025-09-12 13:47:59.0987-INFO-Microsoft.AspNetCore.Hosting.Diagnostics-http://localhost/swagger/v1/swagger.json-:
Request starting HTTP/1.1 GET http://localhost:5260/swagger/v1/swagger.json - - -


2025-09-12 13:47:59.2118-INFO-Microsoft.AspNetCore.Hosting.Diagnostics-http://localhost/swagger/v1/swagger.json-:
Request finished HTTP/1.1 GET http://localhost:5260/swagger/v1/swagger.json - 200 - application/json;charset=utf-8 113.8290ms


2025-09-12 13:50:52.7358-INFO-Microsoft.AspNetCore.Hosting.Diagnostics-http://localhost/ThuTruongBQPs-:
Request starting HTTP/1.1 POST http://localhost:5260/ThuTruongBQPs - multipart/form-data;+boundary=----WebKitFormBoundaryTCw0YBhTlWKxtCmD 58567


2025-09-12 13:50:52.7689-INFO-Microsoft.AspNetCore.Cors.Infrastructure.CorsService-http://localhost/ThuTruongBQPs-Insert:
CORS policy execution successful.


2025-09-12 13:50:52.8225-INFO-Microsoft.AspNetCore.Routing.EndpointMiddleware-http://localhost/ThuTruongBQPs-Insert:
Executing endpoint 'Xim.AppApi.Controllers.ThuTruongBQPController.InsertAsync (API)'


2025-09-12 13:50:52.8474-INFO-Microsoft.AspNetCore.Mvc.Infrastructure.ControllerActionInvoker-http://localhost/ThuTruongBQPs-Insert:
Route matched with {action = "Insert", controller = "ThuTruongBQP"}. Executing controller action with signature System.Threading.Tasks.Task`1[Microsoft.AspNetCore.Mvc.ActionResult`1[Xim.Domain.Entities.ThuTruongBQPEntity]] InsertAsync(Xim.Application.Contracts.ThuTruongBQP.ThuTruongBQPDtoCreate, Microsoft.AspNetCore.Http.IFormFile) on controller Xim.AppApi.Controllers.ThuTruongBQPController (API).


2025-09-12 13:51:57.7368-INFO-Microsoft.AspNetCore.Mvc.Infrastructure.ObjectResultExecutor-http://localhost/ThuTruongBQPs-Insert:
Executing BadRequestObjectResult, writing value of type 'System.String'.


2025-09-12 13:51:57.7368-INFO-Microsoft.AspNetCore.Mvc.Infrastructure.ControllerActionInvoker-http://localhost/ThuTruongBQPs-Insert:
Executed action Xim.AppApi.Controllers.ThuTruongBQPController.InsertAsync (API) in 64884.6975ms


2025-09-12 13:51:57.7368-INFO-Microsoft.AspNetCore.Routing.EndpointMiddleware-http://localhost/ThuTruongBQPs-Insert:
Executed endpoint 'Xim.AppApi.Controllers.ThuTruongBQPController.InsertAsync (API)'


2025-09-12 13:51:57.7368-INFO-Microsoft.AspNetCore.Hosting.Diagnostics-http://localhost/ThuTruongBQPs-Insert:
Request finished HTTP/1.1 POST http://localhost:5260/ThuTruongBQPs - 400 - text/plain;+charset=utf-8 65016.3737ms


2025-09-12 13:52:18.4782-INFO-Microsoft.AspNetCore.Hosting.Diagnostics-http://localhost/Accounts/login-:
Request starting HTTP/1.1 POST http://localhost:5260/Accounts/login - application/json-patch+json 49


2025-09-12 13:52:18.4893-INFO-Microsoft.AspNetCore.Cors.Infrastructure.CorsService-http://localhost/Accounts/login-Login:
CORS policy execution successful.


2025-09-12 13:52:18.5021-INFO-Microsoft.AspNetCore.Routing.EndpointMiddleware-http://localhost/Accounts/login-Login:
Executing endpoint 'Xim.AppApi.Controllers.AccountController.LoginAsync (API)'


2025-09-12 13:52:18.5178-INFO-Microsoft.AspNetCore.Mvc.Infrastructure.ControllerActionInvoker-http://localhost/Accounts/login-Login:
Route matched with {action = "Login", controller = "Account"}. Executing controller action with signature System.Threading.Tasks.Task`1[Microsoft.AspNetCore.Mvc.IActionResult] LoginAsync(Xim.Application.Contracts.Users.UserDtoLogin) on controller Xim.AppApi.Controllers.AccountController (API).


2025-09-12 13:52:18.6918-INFO-Microsoft.AspNetCore.Mvc.Infrastructure.ObjectResultExecutor-http://localhost/Accounts/login-Login:
Executing OkObjectResult, writing value of type 'Xim.AppApi.Controllers.AccountController+JwtTokenInfo'.


2025-09-12 13:52:18.6975-INFO-Microsoft.AspNetCore.Mvc.Infrastructure.ControllerActionInvoker-http://localhost/Accounts/login-Login:
Executed action Xim.AppApi.Controllers.AccountController.LoginAsync (API) in 176.4682ms


2025-09-12 13:52:18.7054-INFO-Microsoft.AspNetCore.Routing.EndpointMiddleware-http://localhost/Accounts/login-Login:
Executed endpoint 'Xim.AppApi.Controllers.AccountController.LoginAsync (API)'


2025-09-12 13:52:18.7054-INFO-Microsoft.AspNetCore.Hosting.Diagnostics-http://localhost/Accounts/login-Login:
Request finished HTTP/1.1 POST http://localhost:5260/Accounts/login - 200 599 application/json;+charset=utf-8 229.6708ms


2025-09-12 13:52:39.8831-INFO-Microsoft.AspNetCore.Hosting.Diagnostics-http://localhost/ThuTruongBQPs-:
Request starting HTTP/1.1 POST http://localhost:5260/ThuTruongBQPs - multipart/form-data;+boundary=----WebKitFormBoundary8c531vy7rjTbsh1D 58567


2025-09-12 13:52:39.8975-INFO-Microsoft.AspNetCore.Cors.Infrastructure.CorsService-http://localhost/ThuTruongBQPs-Insert:
CORS policy execution successful.


2025-09-12 13:52:39.9731-INFO-Microsoft.AspNetCore.Routing.EndpointMiddleware-http://localhost/ThuTruongBQPs-Insert:
Executing endpoint 'Xim.AppApi.Controllers.ThuTruongBQPController.InsertAsync (API)'


2025-09-12 13:52:39.9731-INFO-Microsoft.AspNetCore.Mvc.Infrastructure.ControllerActionInvoker-http://localhost/ThuTruongBQPs-Insert:
Route matched with {action = "Insert", controller = "ThuTruongBQP"}. Executing controller action with signature System.Threading.Tasks.Task`1[Microsoft.AspNetCore.Mvc.ActionResult`1[Xim.Domain.Entities.ThuTruongBQPEntity]] InsertAsync(Xim.Application.Contracts.ThuTruongBQP.ThuTruongBQPDtoCreate, Microsoft.AspNetCore.Http.IFormFile) on controller Xim.AppApi.Controllers.ThuTruongBQPController (API).


2025-09-12 13:52:47.5231-INFO-Microsoft.AspNetCore.Mvc.Infrastructure.ObjectResultExecutor-http://localhost/ThuTruongBQPs-Insert:
Executing OkObjectResult, writing value of type 'Xim.Application.Contracts.ThuTruongBQP.ThuTruongBQPDtoView'.


2025-09-12 13:52:47.5231-INFO-Microsoft.AspNetCore.Mvc.Infrastructure.ControllerActionInvoker-http://localhost/ThuTruongBQPs-Insert:
Executed action Xim.AppApi.Controllers.ThuTruongBQPController.InsertAsync (API) in 7556.0728ms


2025-09-12 13:52:47.5231-INFO-Microsoft.AspNetCore.Routing.EndpointMiddleware-http://localhost/ThuTruongBQPs-Insert:
Executed endpoint 'Xim.AppApi.Controllers.ThuTruongBQPController.InsertAsync (API)'


2025-09-12 13:52:47.5231-INFO-Microsoft.AspNetCore.Hosting.Diagnostics-http://localhost/ThuTruongBQPs-Insert:
Request finished HTTP/1.1 POST http://localhost:5260/ThuTruongBQPs - 200 161 application/json;+charset=utf-8 7648.5616ms


2025-09-12 13:53:34.6974-INFO-Microsoft.AspNetCore.Hosting.Diagnostics-http://localhost/ThuTruongBQPs-:
Request starting HTTP/1.1 POST http://localhost:5260/ThuTruongBQPs - multipart/form-data;+boundary=----WebKitFormBoundaryUtlsXUQBdllBQOpF 58567


2025-09-12 13:53:34.7078-INFO-Microsoft.AspNetCore.Cors.Infrastructure.CorsService-http://localhost/ThuTruongBQPs-Insert:
CORS policy execution successful.


2025-09-12 13:53:34.7078-INFO-Microsoft.AspNetCore.Routing.EndpointMiddleware-http://localhost/ThuTruongBQPs-Insert:
Executing endpoint 'Xim.AppApi.Controllers.ThuTruongBQPController.InsertAsync (API)'


2025-09-12 13:53:34.7248-INFO-Microsoft.AspNetCore.Mvc.Infrastructure.ControllerActionInvoker-http://localhost/ThuTruongBQPs-Insert:
Route matched with {action = "Insert", controller = "ThuTruongBQP"}. Executing controller action with signature System.Threading.Tasks.Task`1[Microsoft.AspNetCore.Mvc.ActionResult`1[Xim.Domain.Entities.ThuTruongBQPEntity]] InsertAsync(Xim.Application.Contracts.ThuTruongBQP.ThuTruongBQPDtoCreate, Microsoft.AspNetCore.Http.IFormFile) on controller Xim.AppApi.Controllers.ThuTruongBQPController (API).


2025-09-12 13:53:34.7527-INFO-Microsoft.AspNetCore.Mvc.Infrastructure.ObjectResultExecutor-http://localhost/ThuTruongBQPs-Insert:
Executing OkObjectResult, writing value of type 'Xim.Application.Contracts.ThuTruongBQP.ThuTruongBQPDtoView'.


2025-09-12 13:53:34.7527-INFO-Microsoft.AspNetCore.Mvc.Infrastructure.ControllerActionInvoker-http://localhost/ThuTruongBQPs-Insert:
Executed action Xim.AppApi.Controllers.ThuTruongBQPController.InsertAsync (API) in 35.7108ms


2025-09-12 13:53:34.7527-INFO-Microsoft.AspNetCore.Routing.EndpointMiddleware-http://localhost/ThuTruongBQPs-Insert:
Executed endpoint 'Xim.AppApi.Controllers.ThuTruongBQPController.InsertAsync (API)'


2025-09-12 13:53:34.7527-INFO-Microsoft.AspNetCore.Hosting.Diagnostics-http://localhost/ThuTruongBQPs-Insert:
Request finished HTTP/1.1 POST http://localhost:5260/ThuTruongBQPs - 200 161 application/json;+charset=utf-8 74.8286ms


2025-09-12 13:53:50.2385-INFO-Microsoft.AspNetCore.Hosting.Diagnostics-http://localhost/ThuTruongBQPs-:
Request starting HTTP/1.1 POST http://localhost:5260/ThuTruongBQPs - multipart/form-data;+boundary=----WebKitFormBoundarykf7ShYv6gNlwMWIn 58570


2025-09-12 13:53:50.2385-INFO-Microsoft.AspNetCore.Cors.Infrastructure.CorsService-http://localhost/ThuTruongBQPs-Insert:
CORS policy execution successful.


2025-09-12 13:53:50.2385-INFO-Microsoft.AspNetCore.Routing.EndpointMiddleware-http://localhost/ThuTruongBQPs-Insert:
Executing endpoint 'Xim.AppApi.Controllers.ThuTruongBQPController.InsertAsync (API)'


2025-09-12 13:53:50.2385-INFO-Microsoft.AspNetCore.Mvc.Infrastructure.ControllerActionInvoker-http://localhost/ThuTruongBQPs-Insert:
Route matched with {action = "Insert", controller = "ThuTruongBQP"}. Executing controller action with signature System.Threading.Tasks.Task`1[Microsoft.AspNetCore.Mvc.ActionResult`1[Xim.Domain.Entities.ThuTruongBQPEntity]] InsertAsync(Xim.Application.Contracts.ThuTruongBQP.ThuTruongBQPDtoCreate, Microsoft.AspNetCore.Http.IFormFile) on controller Xim.AppApi.Controllers.ThuTruongBQPController (API).


2025-09-12 13:53:50.2946-INFO-Microsoft.AspNetCore.Mvc.Infrastructure.ObjectResultExecutor-http://localhost/ThuTruongBQPs-Insert:
Executing OkObjectResult, writing value of type 'Xim.Application.Contracts.ThuTruongBQP.ThuTruongBQPDtoView'.


2025-09-12 13:53:50.2946-INFO-Microsoft.AspNetCore.Mvc.Infrastructure.ControllerActionInvoker-http://localhost/ThuTruongBQPs-Insert:
Executed action Xim.AppApi.Controllers.ThuTruongBQPController.InsertAsync (API) in 55.5973ms


2025-09-12 13:53:50.2946-INFO-Microsoft.AspNetCore.Routing.EndpointMiddleware-http://localhost/ThuTruongBQPs-Insert:
Executed endpoint 'Xim.AppApi.Controllers.ThuTruongBQPController.InsertAsync (API)'


2025-09-12 13:53:50.2946-INFO-Microsoft.AspNetCore.Hosting.Diagnostics-http://localhost/ThuTruongBQPs-Insert:
Request finished HTTP/1.1 POST http://localhost:5260/ThuTruongBQPs - 200 177 application/json;+charset=utf-8 57.6524ms


2025-09-12 13:53:51.4219-INFO-Microsoft.AspNetCore.Hosting.Diagnostics-http://localhost/ThuTruongBQPs-:
Request starting HTTP/1.1 POST http://localhost:5260/ThuTruongBQPs - multipart/form-data;+boundary=----WebKitFormBoundaryLFnVe1GtcjJFDwXF 58570


2025-09-12 13:53:51.4219-INFO-Microsoft.AspNetCore.Cors.Infrastructure.CorsService-http://localhost/ThuTruongBQPs-Insert:
CORS policy execution successful.


2025-09-12 13:53:51.4219-INFO-Microsoft.AspNetCore.Routing.EndpointMiddleware-http://localhost/ThuTruongBQPs-Insert:
Executing endpoint 'Xim.AppApi.Controllers.ThuTruongBQPController.InsertAsync (API)'


2025-09-12 13:53:51.4219-INFO-Microsoft.AspNetCore.Mvc.Infrastructure.ControllerActionInvoker-http://localhost/ThuTruongBQPs-Insert:
Route matched with {action = "Insert", controller = "ThuTruongBQP"}. Executing controller action with signature System.Threading.Tasks.Task`1[Microsoft.AspNetCore.Mvc.ActionResult`1[Xim.Domain.Entities.ThuTruongBQPEntity]] InsertAsync(Xim.Application.Contracts.ThuTruongBQP.ThuTruongBQPDtoCreate, Microsoft.AspNetCore.Http.IFormFile) on controller Xim.AppApi.Controllers.ThuTruongBQPController (API).


2025-09-12 13:53:51.4468-INFO-Microsoft.AspNetCore.Mvc.Infrastructure.ObjectResultExecutor-http://localhost/ThuTruongBQPs-Insert:
Executing OkObjectResult, writing value of type 'Xim.Application.Contracts.ThuTruongBQP.ThuTruongBQPDtoView'.


2025-09-12 13:53:51.4468-INFO-Microsoft.AspNetCore.Mvc.Infrastructure.ControllerActionInvoker-http://localhost/ThuTruongBQPs-Insert:
Executed action Xim.AppApi.Controllers.ThuTruongBQPController.InsertAsync (API) in 25.7139ms


2025-09-12 13:53:51.4468-INFO-Microsoft.AspNetCore.Routing.EndpointMiddleware-http://localhost/ThuTruongBQPs-Insert:
Executed endpoint 'Xim.AppApi.Controllers.ThuTruongBQPController.InsertAsync (API)'


2025-09-12 13:53:51.4468-INFO-Microsoft.AspNetCore.Hosting.Diagnostics-http://localhost/ThuTruongBQPs-Insert:
Request finished HTTP/1.1 POST http://localhost:5260/ThuTruongBQPs - 200 177 application/json;+charset=utf-8 27.3974ms


2025-09-12 13:53:55.1760-INFO-Microsoft.AspNetCore.Hosting.Diagnostics-http://localhost/ThuTruongBQPs-:
Request starting HTTP/1.1 POST http://localhost:5260/ThuTruongBQPs - multipart/form-data;+boundary=----WebKitFormBoundary81vnLfI3w7U7KSTA 58570


2025-09-12 13:53:55.1760-INFO-Microsoft.AspNetCore.Cors.Infrastructure.CorsService-http://localhost/ThuTruongBQPs-Insert:
CORS policy execution successful.


2025-09-12 13:53:55.1760-INFO-Microsoft.AspNetCore.Routing.EndpointMiddleware-http://localhost/ThuTruongBQPs-Insert:
Executing endpoint 'Xim.AppApi.Controllers.ThuTruongBQPController.InsertAsync (API)'


2025-09-12 13:53:55.1760-INFO-Microsoft.AspNetCore.Mvc.Infrastructure.ControllerActionInvoker-http://localhost/ThuTruongBQPs-Insert:
Route matched with {action = "Insert", controller = "ThuTruongBQP"}. Executing controller action with signature System.Threading.Tasks.Task`1[Microsoft.AspNetCore.Mvc.ActionResult`1[Xim.Domain.Entities.ThuTruongBQPEntity]] InsertAsync(Xim.Application.Contracts.ThuTruongBQP.ThuTruongBQPDtoCreate, Microsoft.AspNetCore.Http.IFormFile) on controller Xim.AppApi.Controllers.ThuTruongBQPController (API).


2025-09-12 13:53:55.1760-INFO-Microsoft.AspNetCore.Mvc.Infrastructure.ObjectResultExecutor-http://localhost/ThuTruongBQPs-Insert:
Executing OkObjectResult, writing value of type 'Xim.Application.Contracts.ThuTruongBQP.ThuTruongBQPDtoView'.


2025-09-12 13:53:55.1760-INFO-Microsoft.AspNetCore.Mvc.Infrastructure.ControllerActionInvoker-http://localhost/ThuTruongBQPs-Insert:
Executed action Xim.AppApi.Controllers.ThuTruongBQPController.InsertAsync (API) in 17.3996ms


2025-09-12 13:53:55.1760-INFO-Microsoft.AspNetCore.Routing.EndpointMiddleware-http://localhost/ThuTruongBQPs-Insert:
Executed endpoint 'Xim.AppApi.Controllers.ThuTruongBQPController.InsertAsync (API)'


2025-09-12 13:53:55.1760-INFO-Microsoft.AspNetCore.Hosting.Diagnostics-http://localhost/ThuTruongBQPs-Insert:
Request finished HTTP/1.1 POST http://localhost:5260/ThuTruongBQPs - 200 177 application/json;+charset=utf-8 19.5676ms


2025-09-12 13:55:08.0310-INFO-Microsoft.AspNetCore.Hosting.Diagnostics-http://localhost/ThuTruongBQPs/4b612fbe-871b-4a61-a09b-566cdf42443b-:
Request starting HTTP/1.1 GET http://localhost:5260/ThuTruongBQPs/4b612fbe-871b-4a61-a09b-566cdf42443b - - -


2025-09-12 13:55:08.0370-INFO-Microsoft.AspNetCore.Routing.EndpointMiddleware-http://localhost/ThuTruongBQPs/4b612fbe-871b-4a61-a09b-566cdf42443b-Get:
Executing endpoint 'Xim.AppApi.Controllers.ThuTruongBQPController.GetAsync (API)'


2025-09-12 13:55:08.0713-INFO-Microsoft.AspNetCore.Mvc.Infrastructure.ControllerActionInvoker-http://localhost/ThuTruongBQPs/4b612fbe-871b-4a61-a09b-566cdf42443b-Get:
Route matched with {action = "Get", controller = "ThuTruongBQP"}. Executing controller action with signature System.Threading.Tasks.Task`1[Microsoft.AspNetCore.Mvc.IActionResult] GetAsync(System.Guid) on controller Xim.AppApi.Controllers.ThuTruongBQPController (API).


2025-09-12 13:55:33.2523-INFO-Microsoft.AspNetCore.Mvc.Infrastructure.ObjectResultExecutor-http://localhost/ThuTruongBQPs/4b612fbe-871b-4a61-a09b-566cdf42443b-Get:
Executing ObjectResult, writing value of type 'System.String'.


2025-09-12 13:55:33.2523-INFO-Microsoft.AspNetCore.Mvc.Infrastructure.ControllerActionInvoker-http://localhost/ThuTruongBQPs/4b612fbe-871b-4a61-a09b-566cdf42443b-Get:
Executed action Xim.AppApi.Controllers.ThuTruongBQPController.GetAsync (API) in 25166.3008ms


2025-09-12 13:55:33.2523-INFO-Microsoft.AspNetCore.Routing.EndpointMiddleware-http://localhost/ThuTruongBQPs/4b612fbe-871b-4a61-a09b-566cdf42443b-Get:
Executed endpoint 'Xim.AppApi.Controllers.ThuTruongBQPController.GetAsync (API)'


2025-09-12 13:55:33.2523-INFO-Microsoft.AspNetCore.Hosting.Diagnostics-http://localhost/ThuTruongBQPs/4b612fbe-871b-4a61-a09b-566cdf42443b-Get:
Request finished HTTP/1.1 GET http://localhost:5260/ThuTruongBQPs/4b612fbe-871b-4a61-a09b-566cdf42443b - 500 - text/plain;+charset=utf-8 25222.5035ms


2025-09-12 13:55:35.9665-INFO-Microsoft.AspNetCore.Hosting.Diagnostics-http://localhost/ThuTruongBQPs/4b612fbe-871b-4a61-a09b-566cdf42443b-:
Request starting HTTP/1.1 GET http://localhost:5260/ThuTruongBQPs/4b612fbe-871b-4a61-a09b-566cdf42443b - - -


2025-09-12 13:55:35.9665-INFO-Microsoft.AspNetCore.Routing.EndpointMiddleware-http://localhost/ThuTruongBQPs/4b612fbe-871b-4a61-a09b-566cdf42443b-Get:
Executing endpoint 'Xim.AppApi.Controllers.ThuTruongBQPController.GetAsync (API)'


2025-09-12 13:55:35.9665-INFO-Microsoft.AspNetCore.Mvc.Infrastructure.ControllerActionInvoker-http://localhost/ThuTruongBQPs/4b612fbe-871b-4a61-a09b-566cdf42443b-Get:
Route matched with {action = "Get", controller = "ThuTruongBQP"}. Executing controller action with signature System.Threading.Tasks.Task`1[Microsoft.AspNetCore.Mvc.IActionResult] GetAsync(System.Guid) on controller Xim.AppApi.Controllers.ThuTruongBQPController (API).


2025-09-12 13:56:48.5370-INFO-Microsoft.AspNetCore.DataProtection.KeyManagement.XmlKeyManager--:
User profile is available. Using 'C:\Users\BTL86\AppData\Local\ASP.NET\DataProtection-Keys' as key repository and Windows DPAPI to encrypt keys at rest.


2025-09-12 13:56:48.6714-INFO-Microsoft.Hosting.Lifetime--:
Now listening on: http://localhost:5260


2025-09-12 13:56:48.7687-INFO-Microsoft.Hosting.Lifetime--:
Application started. Press Ctrl+C to shut down.


2025-09-12 13:56:48.7695-INFO-Microsoft.Hosting.Lifetime--:
Hosting environment: Development


2025-09-12 13:56:48.7695-INFO-Microsoft.Hosting.Lifetime--:
Content root path: C:\Code\Cong TT\CodeBECong\Api\Xim.AppApi


2025-09-12 13:56:49.0995-INFO-Microsoft.AspNetCore.Hosting.Diagnostics-http://localhost/swagger/index.html-:
Request starting HTTP/1.1 GET http://localhost:5260/swagger/index.html - - -


2025-09-12 13:56:49.1837-INFO-Microsoft.AspNetCore.Hosting.Diagnostics-http://localhost/swagger/index.html-:
Request finished HTTP/1.1 GET http://localhost:5260/swagger/index.html - 200 - text/html;charset=utf-8 96.8821ms


2025-09-12 13:56:49.3512-INFO-Microsoft.AspNetCore.Hosting.Diagnostics-http://localhost/swagger/v1/swagger.json-:
Request starting HTTP/1.1 GET http://localhost:5260/swagger/v1/swagger.json - - -


2025-09-12 13:56:49.4697-INFO-Microsoft.AspNetCore.Hosting.Diagnostics-http://localhost/swagger/v1/swagger.json-:
Request finished HTTP/1.1 GET http://localhost:5260/swagger/v1/swagger.json - 200 - application/json;charset=utf-8 119.1829ms


2025-09-12 14:41:20.2651-INFO-Microsoft.AspNetCore.DataProtection.KeyManagement.XmlKeyManager--:
User profile is available. Using 'C:\Users\BTL86\AppData\Local\ASP.NET\DataProtection-Keys' as key repository and Windows DPAPI to encrypt keys at rest.


2025-09-12 14:41:20.4982-INFO-Microsoft.Hosting.Lifetime--:
Now listening on: http://localhost:5260


2025-09-12 14:41:20.6828-INFO-Microsoft.Hosting.Lifetime--:
Application started. Press Ctrl+C to shut down.


2025-09-12 14:41:20.6828-INFO-Microsoft.Hosting.Lifetime--:
Hosting environment: Development


2025-09-12 14:41:20.6828-INFO-Microsoft.Hosting.Lifetime--:
Content root path: C:\Code\Cong TT\CodeBECong\Api\Xim.AppApi


2025-09-12 14:41:20.8745-INFO-Microsoft.AspNetCore.Hosting.Diagnostics-http://localhost/swagger/index.html-:
Request starting HTTP/1.1 GET http://localhost:5260/swagger/index.html - - -


2025-09-12 14:41:21.0353-INFO-Microsoft.AspNetCore.Hosting.Diagnostics-http://localhost/swagger/index.html-:
Request finished HTTP/1.1 GET http://localhost:5260/swagger/index.html - 200 - text/html;charset=utf-8 172.2954ms


2025-09-12 14:41:21.1372-INFO-Microsoft.AspNetCore.Hosting.Diagnostics-http://localhost/swagger/v1/swagger.json-:
Request starting HTTP/1.1 GET http://localhost:5260/swagger/v1/swagger.json - - -


2025-09-12 14:41:21.2519-INFO-Microsoft.AspNetCore.Hosting.Diagnostics-http://localhost/swagger/v1/swagger.json-:
Request finished HTTP/1.1 GET http://localhost:5260/swagger/v1/swagger.json - 200 - application/json;charset=utf-8 115.6457ms


2025-09-12 14:50:24.9975-INFO-Microsoft.AspNetCore.Hosting.Diagnostics-http://localhost/Accounts/login-:
Request starting HTTP/1.1 POST http://localhost:5260/Accounts/login - application/json-patch+json 49


2025-09-12 14:50:25.0334-INFO-Microsoft.AspNetCore.Cors.Infrastructure.CorsService-http://localhost/Accounts/login-Login:
CORS policy execution successful.


2025-09-12 14:50:25.0863-INFO-Microsoft.AspNetCore.Routing.EndpointMiddleware-http://localhost/Accounts/login-Login:
Executing endpoint 'Xim.AppApi.Controllers.AccountController.LoginAsync (API)'


2025-09-12 14:50:25.1097-INFO-Microsoft.AspNetCore.Mvc.Infrastructure.ControllerActionInvoker-http://localhost/Accounts/login-Login:
Route matched with {action = "Login", controller = "Account"}. Executing controller action with signature System.Threading.Tasks.Task`1[Microsoft.AspNetCore.Mvc.IActionResult] LoginAsync(Xim.Application.Contracts.Users.UserDtoLogin) on controller Xim.AppApi.Controllers.AccountController (API).


2025-09-12 14:50:25.2792-INFO-Microsoft.AspNetCore.Mvc.Infrastructure.ObjectResultExecutor-http://localhost/Accounts/login-Login:
Executing OkObjectResult, writing value of type 'Xim.AppApi.Controllers.AccountController+JwtTokenInfo'.


2025-09-12 14:50:25.2968-INFO-Microsoft.AspNetCore.Mvc.Infrastructure.ControllerActionInvoker-http://localhost/Accounts/login-Login:
Executed action Xim.AppApi.Controllers.AccountController.LoginAsync (API) in 174.5985ms


2025-09-12 14:50:25.2968-INFO-Microsoft.AspNetCore.Routing.EndpointMiddleware-http://localhost/Accounts/login-Login:
Executed endpoint 'Xim.AppApi.Controllers.AccountController.LoginAsync (API)'


2025-09-12 14:50:25.2968-INFO-Microsoft.AspNetCore.Hosting.Diagnostics-http://localhost/Accounts/login-Login:
Request finished HTTP/1.1 POST http://localhost:5260/Accounts/login - 200 599 application/json;+charset=utf-8 294.7755ms


2025-09-12 14:51:38.1924-INFO-Microsoft.AspNetCore.Hosting.Diagnostics-http://localhost/ThuTruongBQPs/getall-:
Request starting HTTP/1.1 POST http://localhost:5260/ThuTruongBQPs/getall - application/json-patch+json 39


2025-09-12 14:51:38.1924-INFO-Microsoft.AspNetCore.Cors.Infrastructure.CorsService-http://localhost/ThuTruongBQPs/getall-GetList:
CORS policy execution successful.


2025-09-12 14:51:38.2513-INFO-Microsoft.AspNetCore.Routing.EndpointMiddleware-http://localhost/ThuTruongBQPs/getall-GetList:
Executing endpoint 'Xim.AppApi.Controllers.ThuTruongBQPController.GetListAsync (API)'


2025-09-12 14:51:38.2513-INFO-Microsoft.AspNetCore.Mvc.Infrastructure.ControllerActionInvoker-http://localhost/ThuTruongBQPs/getall-GetList:
Route matched with {action = "GetList", controller = "ThuTruongBQP"}. Executing controller action with signature System.Threading.Tasks.Task`1[Microsoft.AspNetCore.Mvc.IActionResult] GetListAsync(Xim.Domain.Pagings.paging) on controller Xim.AppApi.Controllers.ThuTruongBQPController (API).


2025-09-12 14:51:38.3376-INFO-Microsoft.AspNetCore.Mvc.Infrastructure.ObjectResultExecutor-http://localhost/ThuTruongBQPs/getall-GetList:
Executing OkObjectResult, writing value of type '<>f__AnonymousType0`5[[System.Collections.IList, System.Private.CoreLib, Version=8.0.0.0, Culture=neutral, PublicKeyToken=7cec85d7bea7798e],[System.Int32, System.Private.CoreLib, Version=8.0.0.0, Culture=neutral, PublicKeyToken=7cec85d7bea7798e],[System.Int32, System.Private.CoreLib, Version=8.0.0.0, Culture=neutral, PublicKeyToken=7cec85d7bea7798e],[System.Int32, System.Private.CoreLib, Version=8.0.0.0, Culture=neutral, PublicKeyToken=7cec85d7bea7798e],[System.Int32, System.Private.CoreLib, Version=8.0.0.0, Culture=neutral, PublicKeyToken=7cec85d7bea7798e]]'.


2025-09-12 14:51:38.3399-INFO-Microsoft.AspNetCore.Mvc.Infrastructure.ControllerActionInvoker-http://localhost/ThuTruongBQPs/getall-GetList:
Executed action Xim.AppApi.Controllers.ThuTruongBQPController.GetListAsync (API) in 89.7108ms


2025-09-12 14:51:38.3399-INFO-Microsoft.AspNetCore.Routing.EndpointMiddleware-http://localhost/ThuTruongBQPs/getall-GetList:
Executed endpoint 'Xim.AppApi.Controllers.ThuTruongBQPController.GetListAsync (API)'


2025-09-12 14:51:38.3399-INFO-Microsoft.AspNetCore.Hosting.Diagnostics-http://localhost/ThuTruongBQPs/getall-GetList:
Request finished HTTP/1.1 POST http://localhost:5260/ThuTruongBQPs/getall - 200 1316 application/json;+charset=utf-8 163.1212ms


2025-09-12 14:51:54.1595-INFO-Microsoft.AspNetCore.Hosting.Diagnostics-http://localhost/ThuTruongBQPs/16406be0-f4a7-4503-b54a-d84e8b416006-:
Request starting HTTP/1.1 GET http://localhost:5260/ThuTruongBQPs/16406be0-f4a7-4503-b54a-d84e8b416006 - - -


2025-09-12 14:51:54.1595-INFO-Microsoft.AspNetCore.Routing.EndpointMiddleware-http://localhost/ThuTruongBQPs/16406be0-f4a7-4503-b54a-d84e8b416006-Get:
Executing endpoint 'Xim.AppApi.Controllers.ThuTruongBQPController.GetAsync (API)'


2025-09-12 14:51:54.1682-INFO-Microsoft.AspNetCore.Mvc.Infrastructure.ControllerActionInvoker-http://localhost/ThuTruongBQPs/16406be0-f4a7-4503-b54a-d84e8b416006-Get:
Route matched with {action = "Get", controller = "ThuTruongBQP"}. Executing controller action with signature System.Threading.Tasks.Task`1[Microsoft.AspNetCore.Mvc.IActionResult] GetAsync(System.Guid) on controller Xim.AppApi.Controllers.ThuTruongBQPController (API).


2025-09-12 14:51:59.2266-INFO-Microsoft.AspNetCore.Mvc.Infrastructure.ObjectResultExecutor-http://localhost/ThuTruongBQPs/16406be0-f4a7-4503-b54a-d84e8b416006-Get:
Executing OkObjectResult, writing value of type 'Xim.Application.Contracts.ThuTruongBQP.ThuTruongBQPDtoView'.


2025-09-12 14:51:59.2266-INFO-Microsoft.AspNetCore.Mvc.Infrastructure.ControllerActionInvoker-http://localhost/ThuTruongBQPs/16406be0-f4a7-4503-b54a-d84e8b416006-Get:
Executed action Xim.AppApi.Controllers.ThuTruongBQPController.GetAsync (API) in 5058.5264ms


2025-09-12 14:51:59.2266-INFO-Microsoft.AspNetCore.Routing.EndpointMiddleware-http://localhost/ThuTruongBQPs/16406be0-f4a7-4503-b54a-d84e8b416006-Get:
Executed endpoint 'Xim.AppApi.Controllers.ThuTruongBQPController.GetAsync (API)'


2025-09-12 14:51:59.2266-INFO-Microsoft.AspNetCore.Hosting.Diagnostics-http://localhost/ThuTruongBQPs/16406be0-f4a7-4503-b54a-d84e8b416006-Get:
Request finished HTTP/1.1 GET http://localhost:5260/ThuTruongBQPs/16406be0-f4a7-4503-b54a-d84e8b416006 - 200 159 application/json;+charset=utf-8 5071.4300ms


2025-09-12 14:53:24.0585-INFO-Microsoft.AspNetCore.Hosting.Diagnostics-http://localhost/ThuTruongBQPs/16406be0-f4a7-4503-b54a-d84e8b416006-:
Request starting HTTP/1.1 PUT http://localhost:5260/ThuTruongBQPs/16406be0-f4a7-4503-b54a-d84e8b416006 - multipart/form-data;+boundary=----WebKitFormBoundaryBXnFo8nR6ndq1lzB 3129


2025-09-12 14:53:24.0602-INFO-Microsoft.AspNetCore.Cors.Infrastructure.CorsService-http://localhost/ThuTruongBQPs/16406be0-f4a7-4503-b54a-d84e8b416006-Update:
CORS policy execution successful.


2025-09-12 14:53:24.0769-INFO-Microsoft.AspNetCore.Routing.EndpointMiddleware-http://localhost/ThuTruongBQPs/16406be0-f4a7-4503-b54a-d84e8b416006-Update:
Executing endpoint 'Xim.AppApi.Controllers.ThuTruongBQPController.UpdateAsync (API)'


2025-09-12 14:53:24.1079-INFO-Microsoft.AspNetCore.Mvc.Infrastructure.ControllerActionInvoker-http://localhost/ThuTruongBQPs/16406be0-f4a7-4503-b54a-d84e8b416006-Update:
Route matched with {action = "Update", controller = "ThuTruongBQP"}. Executing controller action with signature System.Threading.Tasks.Task`1[Microsoft.AspNetCore.Mvc.IActionResult] UpdateAsync(System.Guid, Xim.Application.Contracts.ThuTruongBQP.ThuTruongBQPDtoUpdate, Microsoft.AspNetCore.Http.IFormFile) on controller Xim.AppApi.Controllers.ThuTruongBQPController (API).


2025-09-12 14:53:24.1378-INFO-Microsoft.AspNetCore.Mvc.Infrastructure.ObjectResultExecutor-http://localhost/ThuTruongBQPs/16406be0-f4a7-4503-b54a-d84e8b416006-Update:
Executing OkObjectResult, writing value of type 'Xim.Application.Contracts.ThuTruongBQP.ThuTruongBQPDtoView'.


2025-09-12 14:53:24.1542-INFO-Microsoft.AspNetCore.Mvc.Infrastructure.ControllerActionInvoker-http://localhost/ThuTruongBQPs/16406be0-f4a7-4503-b54a-d84e8b416006-Update:
Executed action Xim.AppApi.Controllers.ThuTruongBQPController.UpdateAsync (API) in 45.6444ms


2025-09-12 14:53:24.1542-INFO-Microsoft.AspNetCore.Routing.EndpointMiddleware-http://localhost/ThuTruongBQPs/16406be0-f4a7-4503-b54a-d84e8b416006-Update:
Executed endpoint 'Xim.AppApi.Controllers.ThuTruongBQPController.UpdateAsync (API)'


2025-09-12 14:53:24.1542-INFO-Microsoft.AspNetCore.Hosting.Diagnostics-http://localhost/ThuTruongBQPs/16406be0-f4a7-4503-b54a-d84e8b416006-Update:
Request finished HTTP/1.1 PUT http://localhost:5260/ThuTruongBQPs/16406be0-f4a7-4503-b54a-d84e8b416006 - 200 103 application/json;+charset=utf-8 98.6990ms


2025-09-12 14:55:49.6761-INFO-Microsoft.AspNetCore.DataProtection.KeyManagement.XmlKeyManager--:
User profile is available. Using 'C:\Users\BTL86\AppData\Local\ASP.NET\DataProtection-Keys' as key repository and Windows DPAPI to encrypt keys at rest.


2025-09-12 14:55:49.9091-INFO-Microsoft.Hosting.Lifetime--:
Now listening on: http://localhost:5260


2025-09-12 14:55:49.9689-INFO-Microsoft.Hosting.Lifetime--:
Application started. Press Ctrl+C to shut down.


2025-09-12 14:55:49.9689-INFO-Microsoft.Hosting.Lifetime--:
Hosting environment: Development


2025-09-12 14:55:49.9689-INFO-Microsoft.Hosting.Lifetime--:
Content root path: C:\Code\Cong TT\CodeBECong\Api\Xim.AppApi


2025-09-12 14:55:50.2638-INFO-Microsoft.AspNetCore.Hosting.Diagnostics-http://localhost/swagger/index.html-:
Request starting HTTP/1.1 GET http://localhost:5260/swagger/index.html - - -


2025-09-12 14:55:50.4160-INFO-Microsoft.AspNetCore.Hosting.Diagnostics-http://localhost/swagger/index.html-:
Request finished HTTP/1.1 GET http://localhost:5260/swagger/index.html - 200 - text/html;charset=utf-8 156.5689ms


2025-09-12 14:55:50.5130-INFO-Microsoft.AspNetCore.Hosting.Diagnostics-http://localhost/swagger/v1/swagger.json-:
Request starting HTTP/1.1 GET http://localhost:5260/swagger/v1/swagger.json - - -


2025-09-12 14:55:50.6206-INFO-Microsoft.AspNetCore.Hosting.Diagnostics-http://localhost/swagger/v1/swagger.json-:
Request finished HTTP/1.1 GET http://localhost:5260/swagger/v1/swagger.json - 200 - application/json;charset=utf-8 108.3529ms


2025-09-12 16:22:39.8812-INFO-Microsoft.AspNetCore.DataProtection.KeyManagement.XmlKeyManager--:
User profile is available. Using 'C:\Users\BTL86\AppData\Local\ASP.NET\DataProtection-Keys' as key repository and Windows DPAPI to encrypt keys at rest.


2025-09-12 16:22:40.1510-INFO-Microsoft.Hosting.Lifetime--:
Now listening on: http://localhost:5260


2025-09-12 16:22:40.3011-INFO-Microsoft.Hosting.Lifetime--:
Application started. Press Ctrl+C to shut down.


2025-09-12 16:22:40.3167-INFO-Microsoft.Hosting.Lifetime--:
Hosting environment: Development


2025-09-12 16:22:40.3167-INFO-Microsoft.Hosting.Lifetime--:
Content root path: C:\Code\Cong TT\CodeBECong\Api\Xim.AppApi


2025-09-12 16:22:40.6609-INFO-Microsoft.AspNetCore.Hosting.Diagnostics-http://localhost/swagger/index.html-:
Request starting HTTP/1.1 GET http://localhost:5260/swagger/index.html - - -


2025-09-12 16:22:40.8051-INFO-Microsoft.AspNetCore.Hosting.Diagnostics-http://localhost/swagger/index.html-:
Request finished HTTP/1.1 GET http://localhost:5260/swagger/index.html - 200 - text/html;charset=utf-8 151.7132ms


2025-09-12 16:22:40.8962-INFO-Microsoft.AspNetCore.Hosting.Diagnostics-http://localhost/swagger/v1/swagger.json-:
Request starting HTTP/1.1 GET http://localhost:5260/swagger/v1/swagger.json - - -


2025-09-12 16:22:41.0332-INFO-Microsoft.AspNetCore.Hosting.Diagnostics-http://localhost/swagger/v1/swagger.json-:
Request finished HTTP/1.1 GET http://localhost:5260/swagger/v1/swagger.json - 200 - application/json;charset=utf-8 138.5613ms


