2025-09-13 14:22:30.4949-INFO-Microsoft.AspNetCore.DataProtection.KeyManagement.XmlKeyManager--:
User profile is available. Using 'C:\Users\BTL86\AppData\Local\ASP.NET\DataProtection-Keys' as key repository and Windows DPAPI to encrypt keys at rest.


2025-09-13 14:22:30.5734-INFO-Microsoft.AspNetCore.Server.Kestrel--:
Unable to bind to http://localhost:5000 on the IPv4 loopback interface: 'An attempt was made to access a socket in a way forbidden by its access permissions.'.


2025-09-13 14:22:30.5734-INFO-Microsoft.AspNetCore.Server.Kestrel--:
Unable to bind to http://localhost:5000 on the IPv6 loopback interface: 'An attempt was made to access a socket in a way forbidden by its access permissions.'.


2025-09-13 14:24:19.8568-INFO-Microsoft.AspNetCore.DataProtection.KeyManagement.XmlKeyManager--:
User profile is available. Using 'C:\Users\BTL86\AppData\Local\ASP.NET\DataProtection-Keys' as key repository and Windows DPAPI to encrypt keys at rest.


2025-09-13 14:24:19.9205-INFO-Microsoft.AspNetCore.Server.Kestrel--:
Unable to bind to http://localhost:5000 on the IPv4 loopback interface: 'An attempt was made to access a socket in a way forbidden by its access permissions.'.


2025-09-13 14:24:19.9205-INFO-Microsoft.AspNetCore.Server.Kestrel--:
Unable to bind to http://localhost:5000 on the IPv6 loopback interface: 'An attempt was made to access a socket in a way forbidden by its access permissions.'.


2025-09-13 14:24:26.1696-INFO-Microsoft.AspNetCore.DataProtection.KeyManagement.XmlKeyManager--:
User profile is available. Using 'C:\Users\BTL86\AppData\Local\ASP.NET\DataProtection-Keys' as key repository and Windows DPAPI to encrypt keys at rest.


2025-09-13 14:24:26.2327-INFO-Microsoft.AspNetCore.Server.Kestrel--:
Unable to bind to http://localhost:5000 on the IPv4 loopback interface: 'An attempt was made to access a socket in a way forbidden by its access permissions.'.


2025-09-13 14:24:26.2327-INFO-Microsoft.AspNetCore.Server.Kestrel--:
Unable to bind to http://localhost:5000 on the IPv6 loopback interface: 'An attempt was made to access a socket in a way forbidden by its access permissions.'.


2025-09-13 14:25:55.6734-INFO-Microsoft.AspNetCore.DataProtection.KeyManagement.XmlKeyManager--:
User profile is available. Using 'C:\Users\BTL86\AppData\Local\ASP.NET\DataProtection-Keys' as key repository and Windows DPAPI to encrypt keys at rest.


2025-09-13 14:25:55.7526-INFO-Microsoft.Hosting.Lifetime--:
Now listening on: http://localhost:5000


2025-09-13 14:25:55.7526-INFO-Microsoft.Hosting.Lifetime--:
Application started. Press Ctrl+C to shut down.


2025-09-13 14:25:55.7526-INFO-Microsoft.Hosting.Lifetime--:
Hosting environment: Production


2025-09-13 14:25:55.7526-INFO-Microsoft.Hosting.Lifetime--:
Content root path: C:\Code\Cong TT\CodeBECong\Api\Xim.AppApi\bin\Debug\net8.0


2025-09-13 14:31:18.2763-INFO-Microsoft.AspNetCore.Hosting.Diagnostics-http://localhost/Accounts/login-:
Request starting HTTP/1.1 POST http://localhost:5000/Accounts/login - application/json 52


2025-09-13 14:31:18.3377-INFO-Microsoft.AspNetCore.Routing.EndpointMiddleware-http://localhost/Accounts/login-Login:
Executing endpoint 'Xim.AppApi.Controllers.AccountController.LoginAsync (API)'


2025-09-13 14:31:18.3548-INFO-Microsoft.AspNetCore.Mvc.Infrastructure.ControllerActionInvoker-http://localhost/Accounts/login-Login:
Route matched with {action = "Login", controller = "Account"}. Executing controller action with signature System.Threading.Tasks.Task`1[Microsoft.AspNetCore.Mvc.IActionResult] LoginAsync(Xim.Application.Contracts.Users.UserDtoLogin) on controller Xim.AppApi.Controllers.AccountController (API).


2025-09-13 14:31:18.4805-INFO-Microsoft.AspNetCore.Mvc.Infrastructure.ObjectResultExecutor-http://localhost/Accounts/login-Login:
Executing OkObjectResult, writing value of type 'Xim.AppApi.Controllers.AccountController+JwtTokenInfo'.


2025-09-13 14:31:18.4934-INFO-Microsoft.AspNetCore.Mvc.Infrastructure.ControllerActionInvoker-http://localhost/Accounts/login-Login:
Executed action Xim.AppApi.Controllers.AccountController.LoginAsync (API) in 128.6356ms


2025-09-13 14:31:18.4934-INFO-Microsoft.AspNetCore.Routing.EndpointMiddleware-http://localhost/Accounts/login-Login:
Executed endpoint 'Xim.AppApi.Controllers.AccountController.LoginAsync (API)'


2025-09-13 14:31:18.5080-INFO-Microsoft.AspNetCore.Hosting.Diagnostics-http://localhost/Accounts/login-Login:
Request finished HTTP/1.1 POST http://localhost:5000/Accounts/login - 200 599 application/json;+charset=utf-8 223.0024ms


2025-09-13 15:23:49.6962-INFO-Microsoft.AspNetCore.DataProtection.KeyManagement.XmlKeyManager--:
User profile is available. Using 'C:\Users\BTL86\AppData\Local\ASP.NET\DataProtection-Keys' as key repository and Windows DPAPI to encrypt keys at rest.


2025-09-13 15:23:49.7900-INFO-Microsoft.Hosting.Lifetime--:
Now listening on: http://localhost:5000


2025-09-13 15:23:49.7900-INFO-Microsoft.Hosting.Lifetime--:
Application started. Press Ctrl+C to shut down.


2025-09-13 15:23:49.7900-INFO-Microsoft.Hosting.Lifetime--:
Hosting environment: Production


2025-09-13 15:23:49.7900-INFO-Microsoft.Hosting.Lifetime--:
Content root path: C:\Code\Cong TT\CodeBECong\Api\Xim.AppApi\bin\Debug\net8.0


2025-09-13 15:24:37.0289-INFO-Microsoft.AspNetCore.Hosting.Diagnostics-http://localhost/swagger/index.html-:
Request starting HTTP/1.1 GET http://localhost:5000/swagger/index.html - - -


2025-09-13 15:24:37.1006-INFO-Microsoft.AspNetCore.Hosting.Diagnostics-http://localhost/swagger/index.html-:
Request finished HTTP/1.1 GET http://localhost:5000/swagger/index.html - 404 0 - 54.7134ms


2025-09-13 15:24:37.1006-INFO-Microsoft.AspNetCore.Hosting.Diagnostics-http://localhost/swagger/index.html-:
Request reached the end of the middleware pipeline without being handled by application code. Request path: GET http://localhost:5000/swagger/index.html, Response status code: 404


2025-09-13 15:24:41.0900-INFO-Microsoft.AspNetCore.Hosting.Diagnostics-http://localhost/swagger/index.html-:
Request starting HTTP/1.1 GET http://localhost:5000/swagger/index.html - - -


2025-09-13 15:24:41.0900-INFO-Microsoft.AspNetCore.Hosting.Diagnostics-http://localhost/swagger/index.html-:
Request finished HTTP/1.1 GET http://localhost:5000/swagger/index.html - 404 0 - 8.8023ms


2025-09-13 15:24:41.0900-INFO-Microsoft.AspNetCore.Hosting.Diagnostics-http://localhost/swagger/index.html-:
Request reached the end of the middleware pipeline without being handled by application code. Request path: GET http://localhost:5000/swagger/index.html, Response status code: 404


2025-09-13 15:25:05.4603-INFO-Microsoft.AspNetCore.DataProtection.KeyManagement.XmlKeyManager--:
User profile is available. Using 'C:\Users\BTL86\AppData\Local\ASP.NET\DataProtection-Keys' as key repository and Windows DPAPI to encrypt keys at rest.


2025-09-13 15:25:05.6582-INFO-Microsoft.Hosting.Lifetime--:
Now listening on: http://localhost:5260


2025-09-13 15:25:05.7258-INFO-Microsoft.Hosting.Lifetime--:
Application started. Press Ctrl+C to shut down.


2025-09-13 15:25:05.7258-INFO-Microsoft.Hosting.Lifetime--:
Hosting environment: Development


2025-09-13 15:25:05.7258-INFO-Microsoft.Hosting.Lifetime--:
Content root path: C:\Code\Cong TT\CodeBECong\Api\Xim.AppApi


2025-09-13 15:25:06.4628-INFO-Microsoft.AspNetCore.Hosting.Diagnostics-http://localhost/swagger/index.html-:
Request starting HTTP/1.1 GET http://localhost:5260/swagger/index.html - - -


2025-09-13 15:25:06.6395-INFO-Microsoft.AspNetCore.Hosting.Diagnostics-http://localhost/swagger/index.html-:
Request finished HTTP/1.1 GET http://localhost:5260/swagger/index.html - 200 - text/html;charset=utf-8 189.7994ms


2025-09-13 15:25:06.8886-INFO-Microsoft.AspNetCore.Hosting.Diagnostics-http://localhost/swagger/v1/swagger.json-:
Request starting HTTP/1.1 GET http://localhost:5260/swagger/v1/swagger.json - - -


2025-09-13 15:25:07.0260-INFO-Microsoft.AspNetCore.Hosting.Diagnostics-http://localhost/swagger/v1/swagger.json-:
Request finished HTTP/1.1 GET http://localhost:5260/swagger/v1/swagger.json - 200 - application/json;charset=utf-8 138.9932ms


2025-09-13 15:25:32.1876-INFO-Microsoft.AspNetCore.Hosting.Diagnostics-http://localhost/Albums/getall-:
Request starting HTTP/1.1 POST http://localhost:5260/Albums/getall - application/json-patch+json 38


2025-09-13 15:25:32.2252-INFO-Microsoft.AspNetCore.Cors.Infrastructure.CorsService-http://localhost/Albums/getall-GetList:
CORS policy execution successful.


2025-09-13 15:25:32.2942-INFO-Microsoft.AspNetCore.Routing.EndpointMiddleware-http://localhost/Albums/getall-GetList:
Executing endpoint 'Xim.AppApi.Controllers.AlbumController.GetListAsync (API)'


2025-09-13 15:25:32.3190-INFO-Microsoft.AspNetCore.Mvc.Infrastructure.ControllerActionInvoker-http://localhost/Albums/getall-GetList:
Route matched with {action = "GetList", controller = "Album"}. Executing controller action with signature System.Threading.Tasks.Task`1[Microsoft.AspNetCore.Mvc.IActionResult] GetListAsync(Xim.Domain.Pagings.paging) on controller Xim.AppApi.Controllers.AlbumController (API).


2025-09-13 15:29:25.4456-INFO-Microsoft.AspNetCore.DataProtection.KeyManagement.XmlKeyManager--:
User profile is available. Using 'C:\Users\BTL86\AppData\Local\ASP.NET\DataProtection-Keys' as key repository and Windows DPAPI to encrypt keys at rest.


2025-09-13 15:29:25.6231-INFO-Microsoft.Hosting.Lifetime--:
Now listening on: http://localhost:5260


2025-09-13 15:29:25.6848-INFO-Microsoft.Hosting.Lifetime--:
Application started. Press Ctrl+C to shut down.


2025-09-13 15:29:25.6848-INFO-Microsoft.Hosting.Lifetime--:
Hosting environment: Development


2025-09-13 15:29:25.6848-INFO-Microsoft.Hosting.Lifetime--:
Content root path: C:\Code\Cong TT\CodeBECong\Api\Xim.AppApi


2025-09-13 15:29:26.2426-INFO-Microsoft.AspNetCore.Hosting.Diagnostics-http://localhost/swagger/index.html-:
Request starting HTTP/1.1 GET http://localhost:5260/swagger/index.html - - -


2025-09-13 15:29:26.3528-INFO-Microsoft.AspNetCore.Hosting.Diagnostics-http://localhost/swagger/index.html-:
Request finished HTTP/1.1 GET http://localhost:5260/swagger/index.html - 200 - text/html;charset=utf-8 116.1338ms


2025-09-13 15:29:26.5554-INFO-Microsoft.AspNetCore.Hosting.Diagnostics-http://localhost/swagger/v1/swagger.json-:
Request starting HTTP/1.1 GET http://localhost:5260/swagger/v1/swagger.json - - -


2025-09-13 15:29:26.7207-INFO-Microsoft.AspNetCore.Hosting.Diagnostics-http://localhost/swagger/v1/swagger.json-:
Request finished HTTP/1.1 GET http://localhost:5260/swagger/v1/swagger.json - 200 - application/json;charset=utf-8 165.9832ms


2025-09-13 15:29:40.8369-INFO-Microsoft.AspNetCore.Hosting.Diagnostics-http://localhost/Albums/getall-:
Request starting HTTP/1.1 POST http://localhost:5260/Albums/getall - application/json-patch+json 37


2025-09-13 15:29:40.8522-INFO-Microsoft.AspNetCore.Cors.Infrastructure.CorsService-http://localhost/Albums/getall-GetList:
CORS policy execution successful.


2025-09-13 15:29:40.9176-INFO-Microsoft.AspNetCore.Routing.EndpointMiddleware-http://localhost/Albums/getall-GetList:
Executing endpoint 'Xim.AppApi.Controllers.AlbumController.GetListAsync (API)'


2025-09-13 15:29:40.9372-INFO-Microsoft.AspNetCore.Mvc.Infrastructure.ControllerActionInvoker-http://localhost/Albums/getall-GetList:
Route matched with {action = "GetList", controller = "Album"}. Executing controller action with signature System.Threading.Tasks.Task`1[Microsoft.AspNetCore.Mvc.IActionResult] GetListAsync(Xim.Domain.Pagings.paging) on controller Xim.AppApi.Controllers.AlbumController (API).


2025-09-13 15:29:41.0883-INFO-Microsoft.AspNetCore.Mvc.Infrastructure.ObjectResultExecutor-http://localhost/Albums/getall-GetList:
Executing OkObjectResult, writing value of type '<>f__AnonymousType0`5[[System.Collections.IList, System.Private.CoreLib, Version=8.0.0.0, Culture=neutral, PublicKeyToken=7cec85d7bea7798e],[System.Int32, System.Private.CoreLib, Version=8.0.0.0, Culture=neutral, PublicKeyToken=7cec85d7bea7798e],[System.Int32, System.Private.CoreLib, Version=8.0.0.0, Culture=neutral, PublicKeyToken=7cec85d7bea7798e],[System.Int32, System.Private.CoreLib, Version=8.0.0.0, Culture=neutral, PublicKeyToken=7cec85d7bea7798e],[System.Int32, System.Private.CoreLib, Version=8.0.0.0, Culture=neutral, PublicKeyToken=7cec85d7bea7798e]]'.


2025-09-13 15:29:41.1183-INFO-Microsoft.AspNetCore.Mvc.Infrastructure.ControllerActionInvoker-http://localhost/Albums/getall-GetList:
Executed action Xim.AppApi.Controllers.AlbumController.GetListAsync (API) in 167.437ms


2025-09-13 15:29:41.1183-INFO-Microsoft.AspNetCore.Routing.EndpointMiddleware-http://localhost/Albums/getall-GetList:
Executed endpoint 'Xim.AppApi.Controllers.AlbumController.GetListAsync (API)'


2025-09-13 15:29:41.1183-INFO-Microsoft.AspNetCore.Hosting.Diagnostics-http://localhost/Albums/getall-GetList:
Request finished HTTP/1.1 POST http://localhost:5260/Albums/getall - 200 73 application/json;+charset=utf-8 284.4873ms


2025-09-13 15:30:25.0691-INFO-Microsoft.AspNetCore.DataProtection.KeyManagement.XmlKeyManager--:
User profile is available. Using 'C:\Users\BTL86\AppData\Local\ASP.NET\DataProtection-Keys' as key repository and Windows DPAPI to encrypt keys at rest.


2025-09-13 15:30:25.3135-INFO-Microsoft.Hosting.Lifetime--:
Now listening on: http://localhost:5260


2025-09-13 15:30:25.3795-INFO-Microsoft.Hosting.Lifetime--:
Application started. Press Ctrl+C to shut down.


2025-09-13 15:30:25.3795-INFO-Microsoft.Hosting.Lifetime--:
Hosting environment: Development


2025-09-13 15:30:25.3795-INFO-Microsoft.Hosting.Lifetime--:
Content root path: C:\Code\Cong TT\CodeBECong\Api\Xim.AppApi


2025-09-13 15:30:25.9495-INFO-Microsoft.AspNetCore.Hosting.Diagnostics-http://localhost/swagger/index.html-:
Request starting HTTP/1.1 GET http://localhost:5260/swagger/index.html - - -


2025-09-13 15:30:26.0734-INFO-Microsoft.AspNetCore.Hosting.Diagnostics-http://localhost/swagger/index.html-:
Request finished HTTP/1.1 GET http://localhost:5260/swagger/index.html - 200 - text/html;charset=utf-8 138.3594ms


2025-09-13 15:30:26.2152-INFO-Microsoft.AspNetCore.Hosting.Diagnostics-http://localhost/swagger/v1/swagger.json-:
Request starting HTTP/1.1 GET http://localhost:5260/swagger/v1/swagger.json - - -


2025-09-13 15:30:26.3976-INFO-Microsoft.AspNetCore.Hosting.Diagnostics-http://localhost/swagger/v1/swagger.json-:
Request finished HTTP/1.1 GET http://localhost:5260/swagger/v1/swagger.json - 200 - application/json;charset=utf-8 183.6199ms


2025-09-13 15:30:33.3327-INFO-Microsoft.AspNetCore.Hosting.Diagnostics-http://localhost/Albums/getall-:
Request starting HTTP/1.1 POST http://localhost:5260/Albums/getall - application/json-patch+json 38


2025-09-13 15:30:33.3375-INFO-Microsoft.AspNetCore.Cors.Infrastructure.CorsService-http://localhost/Albums/getall-GetList:
CORS policy execution successful.


2025-09-13 15:30:33.4096-INFO-Microsoft.AspNetCore.Routing.EndpointMiddleware-http://localhost/Albums/getall-GetList:
Executing endpoint 'Xim.AppApi.Controllers.AlbumController.GetListAsync (API)'


2025-09-13 15:30:33.4319-INFO-Microsoft.AspNetCore.Mvc.Infrastructure.ControllerActionInvoker-http://localhost/Albums/getall-GetList:
Route matched with {action = "GetList", controller = "Album"}. Executing controller action with signature System.Threading.Tasks.Task`1[Microsoft.AspNetCore.Mvc.IActionResult] GetListAsync(Xim.Domain.Pagings.paging) on controller Xim.AppApi.Controllers.AlbumController (API).


2025-09-13 15:30:33.5892-INFO-Microsoft.AspNetCore.Mvc.Infrastructure.ObjectResultExecutor-http://localhost/Albums/getall-GetList:
Executing OkObjectResult, writing value of type '<>f__AnonymousType0`5[[System.Collections.IList, System.Private.CoreLib, Version=8.0.0.0, Culture=neutral, PublicKeyToken=7cec85d7bea7798e],[System.Int32, System.Private.CoreLib, Version=8.0.0.0, Culture=neutral, PublicKeyToken=7cec85d7bea7798e],[System.Int32, System.Private.CoreLib, Version=8.0.0.0, Culture=neutral, PublicKeyToken=7cec85d7bea7798e],[System.Int32, System.Private.CoreLib, Version=8.0.0.0, Culture=neutral, PublicKeyToken=7cec85d7bea7798e],[System.Int32, System.Private.CoreLib, Version=8.0.0.0, Culture=neutral, PublicKeyToken=7cec85d7bea7798e]]'.


2025-09-13 15:30:33.6187-INFO-Microsoft.AspNetCore.Mvc.Infrastructure.ControllerActionInvoker-http://localhost/Albums/getall-GetList:
Executed action Xim.AppApi.Controllers.AlbumController.GetListAsync (API) in 175.8001ms


2025-09-13 15:30:33.6187-INFO-Microsoft.AspNetCore.Routing.EndpointMiddleware-http://localhost/Albums/getall-GetList:
Executed endpoint 'Xim.AppApi.Controllers.AlbumController.GetListAsync (API)'


2025-09-13 15:30:33.6187-INFO-Microsoft.AspNetCore.Hosting.Diagnostics-http://localhost/Albums/getall-GetList:
Request finished HTTP/1.1 POST http://localhost:5260/Albums/getall - 200 83 application/json;+charset=utf-8 294.2785ms


2025-09-13 15:30:43.3594-INFO-Microsoft.AspNetCore.Hosting.Diagnostics-http://localhost/Albums/getall-:
Request starting HTTP/1.1 POST http://localhost:5260/Albums/getall - application/json-patch+json 37


2025-09-13 15:30:43.3594-INFO-Microsoft.AspNetCore.Cors.Infrastructure.CorsService-http://localhost/Albums/getall-GetList:
CORS policy execution successful.


2025-09-13 15:30:43.3687-INFO-Microsoft.AspNetCore.Routing.EndpointMiddleware-http://localhost/Albums/getall-GetList:
Executing endpoint 'Xim.AppApi.Controllers.AlbumController.GetListAsync (API)'


2025-09-13 15:30:43.3687-INFO-Microsoft.AspNetCore.Mvc.Infrastructure.ControllerActionInvoker-http://localhost/Albums/getall-GetList:
Route matched with {action = "GetList", controller = "Album"}. Executing controller action with signature System.Threading.Tasks.Task`1[Microsoft.AspNetCore.Mvc.IActionResult] GetListAsync(Xim.Domain.Pagings.paging) on controller Xim.AppApi.Controllers.AlbumController (API).


2025-09-13 15:30:43.4167-INFO-Microsoft.AspNetCore.Mvc.Infrastructure.ObjectResultExecutor-http://localhost/Albums/getall-GetList:
Executing OkObjectResult, writing value of type '<>f__AnonymousType0`5[[System.Collections.IList, System.Private.CoreLib, Version=8.0.0.0, Culture=neutral, PublicKeyToken=7cec85d7bea7798e],[System.Int32, System.Private.CoreLib, Version=8.0.0.0, Culture=neutral, PublicKeyToken=7cec85d7bea7798e],[System.Int32, System.Private.CoreLib, Version=8.0.0.0, Culture=neutral, PublicKeyToken=7cec85d7bea7798e],[System.Int32, System.Private.CoreLib, Version=8.0.0.0, Culture=neutral, PublicKeyToken=7cec85d7bea7798e],[System.Int32, System.Private.CoreLib, Version=8.0.0.0, Culture=neutral, PublicKeyToken=7cec85d7bea7798e]]'.


2025-09-13 15:30:43.4167-INFO-Microsoft.AspNetCore.Mvc.Infrastructure.ControllerActionInvoker-http://localhost/Albums/getall-GetList:
Executed action Xim.AppApi.Controllers.AlbumController.GetListAsync (API) in 44.1654ms


2025-09-13 15:30:43.4167-INFO-Microsoft.AspNetCore.Routing.EndpointMiddleware-http://localhost/Albums/getall-GetList:
Executed endpoint 'Xim.AppApi.Controllers.AlbumController.GetListAsync (API)'


2025-09-13 15:30:43.4167-INFO-Microsoft.AspNetCore.Hosting.Diagnostics-http://localhost/Albums/getall-GetList:
Request finished HTTP/1.1 POST http://localhost:5260/Albums/getall - 200 73 application/json;+charset=utf-8 62.8994ms


2025-09-13 15:30:54.5514-INFO-Microsoft.AspNetCore.Hosting.Diagnostics-http://localhost/Albums-:
Request starting HTTP/1.1 POST http://localhost:5260/Albums - application/json-patch+json 40


2025-09-13 15:30:54.5514-INFO-Microsoft.AspNetCore.Cors.Infrastructure.CorsService-http://localhost/Albums-Insert:
CORS policy execution successful.


2025-09-13 15:30:54.5562-INFO-Microsoft.AspNetCore.Authorization.DefaultAuthorizationService-http://localhost/Albums-Insert:
Authorization failed. These requirements were not met:
DenyAnonymousAuthorizationRequirement: Requires an authenticated user.


2025-09-13 15:30:54.5562-INFO-Microsoft.AspNetCore.Authentication.JwtBearer.JwtBearerHandler-http://localhost/Albums-Insert:
AuthenticationScheme: Bearer was challenged.


2025-09-13 15:30:54.5710-INFO-Microsoft.AspNetCore.Hosting.Diagnostics-http://localhost/Albums-Insert:
Request finished HTTP/1.1 POST http://localhost:5260/Albums - 401 0 - 21.1863ms


2025-09-13 15:31:08.4501-INFO-Microsoft.AspNetCore.Hosting.Diagnostics-http://localhost/Accounts/login-:
Request starting HTTP/1.1 POST http://localhost:5260/Accounts/login - application/json-patch+json 49


2025-09-13 15:31:08.4501-INFO-Microsoft.AspNetCore.Cors.Infrastructure.CorsService-http://localhost/Accounts/login-Login:
CORS policy execution successful.


2025-09-13 15:31:08.4501-INFO-Microsoft.AspNetCore.Routing.EndpointMiddleware-http://localhost/Accounts/login-Login:
Executing endpoint 'Xim.AppApi.Controllers.AccountController.LoginAsync (API)'


2025-09-13 15:31:08.4628-INFO-Microsoft.AspNetCore.Mvc.Infrastructure.ControllerActionInvoker-http://localhost/Accounts/login-Login:
Route matched with {action = "Login", controller = "Account"}. Executing controller action with signature System.Threading.Tasks.Task`1[Microsoft.AspNetCore.Mvc.IActionResult] LoginAsync(Xim.Application.Contracts.Users.UserDtoLogin) on controller Xim.AppApi.Controllers.AccountController (API).


2025-09-13 15:31:08.5508-INFO-Microsoft.AspNetCore.Mvc.Infrastructure.ObjectResultExecutor-http://localhost/Accounts/login-Login:
Executing OkObjectResult, writing value of type 'Xim.AppApi.Controllers.AccountController+JwtTokenInfo'.


2025-09-13 15:31:08.5508-INFO-Microsoft.AspNetCore.Mvc.Infrastructure.ControllerActionInvoker-http://localhost/Accounts/login-Login:
Executed action Xim.AppApi.Controllers.AccountController.LoginAsync (API) in 82.0557ms


2025-09-13 15:31:08.5508-INFO-Microsoft.AspNetCore.Routing.EndpointMiddleware-http://localhost/Accounts/login-Login:
Executed endpoint 'Xim.AppApi.Controllers.AccountController.LoginAsync (API)'


2025-09-13 15:31:08.5508-INFO-Microsoft.AspNetCore.Hosting.Diagnostics-http://localhost/Accounts/login-Login:
Request finished HTTP/1.1 POST http://localhost:5260/Accounts/login - 200 599 application/json;+charset=utf-8 103.9454ms


2025-09-13 15:31:22.9734-INFO-Microsoft.AspNetCore.Hosting.Diagnostics-http://localhost/Albums/getall-:
Request starting HTTP/1.1 POST http://localhost:5260/Albums/getall - application/json-patch+json 37


2025-09-13 15:31:22.9734-INFO-Microsoft.AspNetCore.Cors.Infrastructure.CorsService-http://localhost/Albums/getall-GetList:
CORS policy execution successful.


2025-09-13 15:31:23.0323-INFO-Microsoft.AspNetCore.Routing.EndpointMiddleware-http://localhost/Albums/getall-GetList:
Executing endpoint 'Xim.AppApi.Controllers.AlbumController.GetListAsync (API)'


2025-09-13 15:31:23.0323-INFO-Microsoft.AspNetCore.Mvc.Infrastructure.ControllerActionInvoker-http://localhost/Albums/getall-GetList:
Route matched with {action = "GetList", controller = "Album"}. Executing controller action with signature System.Threading.Tasks.Task`1[Microsoft.AspNetCore.Mvc.IActionResult] GetListAsync(Xim.Domain.Pagings.paging) on controller Xim.AppApi.Controllers.AlbumController (API).


2025-09-13 15:31:23.0403-INFO-Microsoft.AspNetCore.Mvc.Infrastructure.ObjectResultExecutor-http://localhost/Albums/getall-GetList:
Executing OkObjectResult, writing value of type '<>f__AnonymousType0`5[[System.Collections.IList, System.Private.CoreLib, Version=8.0.0.0, Culture=neutral, PublicKeyToken=7cec85d7bea7798e],[System.Int32, System.Private.CoreLib, Version=8.0.0.0, Culture=neutral, PublicKeyToken=7cec85d7bea7798e],[System.Int32, System.Private.CoreLib, Version=8.0.0.0, Culture=neutral, PublicKeyToken=7cec85d7bea7798e],[System.Int32, System.Private.CoreLib, Version=8.0.0.0, Culture=neutral, PublicKeyToken=7cec85d7bea7798e],[System.Int32, System.Private.CoreLib, Version=8.0.0.0, Culture=neutral, PublicKeyToken=7cec85d7bea7798e]]'.


2025-09-13 15:31:23.0403-INFO-Microsoft.AspNetCore.Mvc.Infrastructure.ControllerActionInvoker-http://localhost/Albums/getall-GetList:
Executed action Xim.AppApi.Controllers.AlbumController.GetListAsync (API) in 7.5584ms


2025-09-13 15:31:23.0403-INFO-Microsoft.AspNetCore.Routing.EndpointMiddleware-http://localhost/Albums/getall-GetList:
Executed endpoint 'Xim.AppApi.Controllers.AlbumController.GetListAsync (API)'


2025-09-13 15:31:23.0403-INFO-Microsoft.AspNetCore.Hosting.Diagnostics-http://localhost/Albums/getall-GetList:
Request finished HTTP/1.1 POST http://localhost:5260/Albums/getall - 200 73 application/json;+charset=utf-8 69.3228ms


2025-09-13 15:31:27.9076-INFO-Microsoft.AspNetCore.Hosting.Diagnostics-http://localhost/Albums-:
Request starting HTTP/1.1 POST http://localhost:5260/Albums - application/json-patch+json 40


2025-09-13 15:31:27.9076-INFO-Microsoft.AspNetCore.Cors.Infrastructure.CorsService-http://localhost/Albums-Insert:
CORS policy execution successful.


2025-09-13 15:31:27.9076-INFO-Microsoft.AspNetCore.Routing.EndpointMiddleware-http://localhost/Albums-Insert:
Executing endpoint 'Xim.AppApi.Controllers.AlbumController.InsertAsync (API)'


2025-09-13 15:31:27.9076-INFO-Microsoft.AspNetCore.Mvc.Infrastructure.ControllerActionInvoker-http://localhost/Albums-Insert:
Route matched with {action = "Insert", controller = "Album"}. Executing controller action with signature System.Threading.Tasks.Task`1[Microsoft.AspNetCore.Mvc.IActionResult] InsertAsync(Xim.Application.Contracts.Album.AlbumDtoCreate) on controller Xim.AppApi.Controllers.AlbumController (API).


2025-09-13 15:31:27.9706-INFO-Microsoft.AspNetCore.Mvc.Infrastructure.ObjectResultExecutor-http://localhost/Albums-Insert:
Executing OkObjectResult, writing value of type 'Xim.Application.Contracts.Album.AlbumDtoView'.


2025-09-13 15:31:27.9706-INFO-Microsoft.AspNetCore.Mvc.Infrastructure.ControllerActionInvoker-http://localhost/Albums-Insert:
Executed action Xim.AppApi.Controllers.AlbumController.InsertAsync (API) in 57.5393ms


2025-09-13 15:31:27.9706-INFO-Microsoft.AspNetCore.Routing.EndpointMiddleware-http://localhost/Albums-Insert:
Executed endpoint 'Xim.AppApi.Controllers.AlbumController.InsertAsync (API)'


2025-09-13 15:31:27.9706-INFO-Microsoft.AspNetCore.Hosting.Diagnostics-http://localhost/Albums-Insert:
Request finished HTTP/1.1 POST http://localhost:5260/Albums - 200 31 application/json;+charset=utf-8 65.3391ms


2025-09-13 15:31:34.2002-INFO-Microsoft.AspNetCore.Hosting.Diagnostics-http://localhost/Albums/getall-:
Request starting HTTP/1.1 POST http://localhost:5260/Albums/getall - application/json-patch+json 37


2025-09-13 15:31:34.2002-INFO-Microsoft.AspNetCore.Cors.Infrastructure.CorsService-http://localhost/Albums/getall-GetList:
CORS policy execution successful.


2025-09-13 15:31:34.2002-INFO-Microsoft.AspNetCore.Routing.EndpointMiddleware-http://localhost/Albums/getall-GetList:
Executing endpoint 'Xim.AppApi.Controllers.AlbumController.GetListAsync (API)'


2025-09-13 15:31:34.2002-INFO-Microsoft.AspNetCore.Mvc.Infrastructure.ControllerActionInvoker-http://localhost/Albums/getall-GetList:
Route matched with {action = "GetList", controller = "Album"}. Executing controller action with signature System.Threading.Tasks.Task`1[Microsoft.AspNetCore.Mvc.IActionResult] GetListAsync(Xim.Domain.Pagings.paging) on controller Xim.AppApi.Controllers.AlbumController (API).


2025-09-13 15:31:34.2123-INFO-Microsoft.AspNetCore.Mvc.Infrastructure.ObjectResultExecutor-http://localhost/Albums/getall-GetList:
Executing OkObjectResult, writing value of type '<>f__AnonymousType0`5[[System.Collections.IList, System.Private.CoreLib, Version=8.0.0.0, Culture=neutral, PublicKeyToken=7cec85d7bea7798e],[System.Int32, System.Private.CoreLib, Version=8.0.0.0, Culture=neutral, PublicKeyToken=7cec85d7bea7798e],[System.Int32, System.Private.CoreLib, Version=8.0.0.0, Culture=neutral, PublicKeyToken=7cec85d7bea7798e],[System.Int32, System.Private.CoreLib, Version=8.0.0.0, Culture=neutral, PublicKeyToken=7cec85d7bea7798e],[System.Int32, System.Private.CoreLib, Version=8.0.0.0, Culture=neutral, PublicKeyToken=7cec85d7bea7798e]]'.


2025-09-13 15:31:34.2123-INFO-Microsoft.AspNetCore.Mvc.Infrastructure.ControllerActionInvoker-http://localhost/Albums/getall-GetList:
Executed action Xim.AppApi.Controllers.AlbumController.GetListAsync (API) in 24.49ms


2025-09-13 15:31:34.2282-INFO-Microsoft.AspNetCore.Routing.EndpointMiddleware-http://localhost/Albums/getall-GetList:
Executed endpoint 'Xim.AppApi.Controllers.AlbumController.GetListAsync (API)'


2025-09-13 15:31:34.2282-INFO-Microsoft.AspNetCore.Hosting.Diagnostics-http://localhost/Albums/getall-GetList:
Request finished HTTP/1.1 POST http://localhost:5260/Albums/getall - 200 270 application/json;+charset=utf-8 28.6225ms


2025-09-13 15:31:38.2309-INFO-Microsoft.AspNetCore.Hosting.Diagnostics-http://localhost/Albums-:
Request starting HTTP/1.1 POST http://localhost:5260/Albums - application/json-patch+json 40


2025-09-13 15:31:38.2309-INFO-Microsoft.AspNetCore.Cors.Infrastructure.CorsService-http://localhost/Albums-Insert:
CORS policy execution successful.


2025-09-13 15:31:38.2309-INFO-Microsoft.AspNetCore.Routing.EndpointMiddleware-http://localhost/Albums-Insert:
Executing endpoint 'Xim.AppApi.Controllers.AlbumController.InsertAsync (API)'


2025-09-13 15:31:38.2309-INFO-Microsoft.AspNetCore.Mvc.Infrastructure.ControllerActionInvoker-http://localhost/Albums-Insert:
Route matched with {action = "Insert", controller = "Album"}. Executing controller action with signature System.Threading.Tasks.Task`1[Microsoft.AspNetCore.Mvc.IActionResult] InsertAsync(Xim.Application.Contracts.Album.AlbumDtoCreate) on controller Xim.AppApi.Controllers.AlbumController (API).


2025-09-13 15:31:38.3129-INFO-Microsoft.AspNetCore.Mvc.Infrastructure.ObjectResultExecutor-http://localhost/Albums-Insert:
Executing ObjectResult, writing value of type 'System.String'.


2025-09-13 15:31:38.3129-INFO-Microsoft.AspNetCore.Mvc.Infrastructure.ControllerActionInvoker-http://localhost/Albums-Insert:
Executed action Xim.AppApi.Controllers.AlbumController.InsertAsync (API) in 78.7768ms


2025-09-13 15:31:38.3129-INFO-Microsoft.AspNetCore.Routing.EndpointMiddleware-http://localhost/Albums-Insert:
Executed endpoint 'Xim.AppApi.Controllers.AlbumController.InsertAsync (API)'


2025-09-13 15:31:38.3129-INFO-Microsoft.AspNetCore.Hosting.Diagnostics-http://localhost/Albums-Insert:
Request finished HTTP/1.1 POST http://localhost:5260/Albums - 444 - text/plain;+charset=utf-8 83.2242ms


2025-09-13 15:31:44.6761-INFO-Microsoft.AspNetCore.Hosting.Diagnostics-http://localhost/Albums-:
Request starting HTTP/1.1 POST http://localhost:5260/Albums - application/json-patch+json 40


2025-09-13 15:31:44.6761-INFO-Microsoft.AspNetCore.Cors.Infrastructure.CorsService-http://localhost/Albums-Insert:
CORS policy execution successful.


2025-09-13 15:31:44.6761-INFO-Microsoft.AspNetCore.Routing.EndpointMiddleware-http://localhost/Albums-Insert:
Executing endpoint 'Xim.AppApi.Controllers.AlbumController.InsertAsync (API)'


2025-09-13 15:31:44.6761-INFO-Microsoft.AspNetCore.Mvc.Infrastructure.ControllerActionInvoker-http://localhost/Albums-Insert:
Route matched with {action = "Insert", controller = "Album"}. Executing controller action with signature System.Threading.Tasks.Task`1[Microsoft.AspNetCore.Mvc.IActionResult] InsertAsync(Xim.Application.Contracts.Album.AlbumDtoCreate) on controller Xim.AppApi.Controllers.AlbumController (API).


2025-09-13 15:31:44.6988-INFO-Microsoft.AspNetCore.Mvc.Infrastructure.ObjectResultExecutor-http://localhost/Albums-Insert:
Executing OkObjectResult, writing value of type 'Xim.Application.Contracts.Album.AlbumDtoView'.


2025-09-13 15:31:44.6988-INFO-Microsoft.AspNetCore.Mvc.Infrastructure.ControllerActionInvoker-http://localhost/Albums-Insert:
Executed action Xim.AppApi.Controllers.AlbumController.InsertAsync (API) in 23.7154ms


2025-09-13 15:31:44.6988-INFO-Microsoft.AspNetCore.Routing.EndpointMiddleware-http://localhost/Albums-Insert:
Executed endpoint 'Xim.AppApi.Controllers.AlbumController.InsertAsync (API)'


2025-09-13 15:31:44.6988-INFO-Microsoft.AspNetCore.Hosting.Diagnostics-http://localhost/Albums-Insert:
Request finished HTTP/1.1 POST http://localhost:5260/Albums - 200 31 application/json;+charset=utf-8 26.2500ms


2025-09-13 15:32:15.2112-INFO-Microsoft.AspNetCore.Hosting.Diagnostics-http://localhost/Albums/GetDSAnhByAlbum-:
Request starting HTTP/1.1 POST http://localhost:5260/Albums/GetDSAnhByAlbum?idAlbum=607c4cea-4613-4bda-b8cc-34c0c32b0dde - application/json-patch+json 39


2025-09-13 15:32:15.2156-INFO-Microsoft.AspNetCore.Cors.Infrastructure.CorsService-http://localhost/Albums/GetDSAnhByAlbum-GetDsAnhByAlbum:
CORS policy execution successful.


2025-09-13 15:32:15.2156-INFO-Microsoft.AspNetCore.Routing.EndpointMiddleware-http://localhost/Albums/GetDSAnhByAlbum-GetDsAnhByAlbum:
Executing endpoint 'Xim.AppApi.Controllers.AlbumController.GetDsAnhByAlbumAsync (API)'


2025-09-13 15:32:15.2751-INFO-Microsoft.AspNetCore.Mvc.Infrastructure.ControllerActionInvoker-http://localhost/Albums/GetDSAnhByAlbum-GetDsAnhByAlbum:
Route matched with {action = "GetDsAnhByAlbum", controller = "Album"}. Executing controller action with signature System.Threading.Tasks.Task`1[Microsoft.AspNetCore.Mvc.IActionResult] GetDsAnhByAlbumAsync(System.Guid, Xim.Domain.Pagings.paging) on controller Xim.AppApi.Controllers.AlbumController (API).


2025-09-13 15:32:15.3069-INFO-Microsoft.AspNetCore.Mvc.Infrastructure.ObjectResultExecutor-http://localhost/Albums/GetDSAnhByAlbum-GetDsAnhByAlbum:
Executing OkObjectResult, writing value of type 'Xim.Domain.Pagings.PagedResult'.


2025-09-13 15:32:15.3247-INFO-Microsoft.AspNetCore.Mvc.Infrastructure.ControllerActionInvoker-http://localhost/Albums/GetDSAnhByAlbum-GetDsAnhByAlbum:
Executed action Xim.AppApi.Controllers.AlbumController.GetDsAnhByAlbumAsync (API) in 35.3976ms


2025-09-13 15:32:15.3247-INFO-Microsoft.AspNetCore.Routing.EndpointMiddleware-http://localhost/Albums/GetDSAnhByAlbum-GetDsAnhByAlbum:
Executed endpoint 'Xim.AppApi.Controllers.AlbumController.GetDsAnhByAlbumAsync (API)'


2025-09-13 15:32:15.3247-INFO-Microsoft.AspNetCore.Hosting.Diagnostics-http://localhost/Albums/GetDSAnhByAlbum-GetDsAnhByAlbum:
Request finished HTTP/1.1 POST http://localhost:5260/Albums/GetDSAnhByAlbum?idAlbum=607c4cea-4613-4bda-b8cc-34c0c32b0dde - 200 74 application/json;+charset=utf-8 117.2160ms


2025-09-13 15:32:27.6839-INFO-Microsoft.AspNetCore.Hosting.Diagnostics-http://localhost/Albums/GetDSAnhByAlbum-:
Request starting HTTP/1.1 POST http://localhost:5260/Albums/GetDSAnhByAlbum?idAlbum=607c4cea-4613-4bda-b8cc-34c0c32b0dde - application/json-patch+json 39


2025-09-13 15:32:27.6839-INFO-Microsoft.AspNetCore.Cors.Infrastructure.CorsService-http://localhost/Albums/GetDSAnhByAlbum-GetDsAnhByAlbum:
CORS policy execution successful.


2025-09-13 15:32:27.6839-INFO-Microsoft.AspNetCore.Routing.EndpointMiddleware-http://localhost/Albums/GetDSAnhByAlbum-GetDsAnhByAlbum:
Executing endpoint 'Xim.AppApi.Controllers.AlbumController.GetDsAnhByAlbumAsync (API)'


2025-09-13 15:32:27.6839-INFO-Microsoft.AspNetCore.Mvc.Infrastructure.ControllerActionInvoker-http://localhost/Albums/GetDSAnhByAlbum-GetDsAnhByAlbum:
Route matched with {action = "GetDsAnhByAlbum", controller = "Album"}. Executing controller action with signature System.Threading.Tasks.Task`1[Microsoft.AspNetCore.Mvc.IActionResult] GetDsAnhByAlbumAsync(System.Guid, Xim.Domain.Pagings.paging) on controller Xim.AppApi.Controllers.AlbumController (API).


2025-09-13 15:32:27.6991-INFO-Microsoft.AspNetCore.Mvc.Infrastructure.ObjectResultExecutor-http://localhost/Albums/GetDSAnhByAlbum-GetDsAnhByAlbum:
Executing OkObjectResult, writing value of type 'Xim.Domain.Pagings.PagedResult'.


2025-09-13 15:32:27.6991-INFO-Microsoft.AspNetCore.Mvc.Infrastructure.ControllerActionInvoker-http://localhost/Albums/GetDSAnhByAlbum-GetDsAnhByAlbum:
Executed action Xim.AppApi.Controllers.AlbumController.GetDsAnhByAlbumAsync (API) in 16.6495ms


2025-09-13 15:32:27.6991-INFO-Microsoft.AspNetCore.Routing.EndpointMiddleware-http://localhost/Albums/GetDSAnhByAlbum-GetDsAnhByAlbum:
Executed endpoint 'Xim.AppApi.Controllers.AlbumController.GetDsAnhByAlbumAsync (API)'


2025-09-13 15:32:27.6991-INFO-Microsoft.AspNetCore.Hosting.Diagnostics-http://localhost/Albums/GetDSAnhByAlbum-GetDsAnhByAlbum:
Request finished HTTP/1.1 POST http://localhost:5260/Albums/GetDSAnhByAlbum?idAlbum=607c4cea-4613-4bda-b8cc-34c0c32b0dde - 200 74 application/json;+charset=utf-8 18.5210ms


2025-09-13 15:32:56.1467-INFO-Microsoft.AspNetCore.Hosting.Diagnostics-http://localhost/Albums/GetDSAnhByAlbum-:
Request starting HTTP/1.1 POST http://localhost:5260/Albums/GetDSAnhByAlbum?idAlbum=607c4cea-4613-4bda-b8cc-34c0c32b0dde - application/json-patch+json 39


2025-09-13 15:32:56.1510-INFO-Microsoft.AspNetCore.Cors.Infrastructure.CorsService-http://localhost/Albums/GetDSAnhByAlbum-GetDsAnhByAlbum:
CORS policy execution successful.


2025-09-13 15:32:56.1673-INFO-Microsoft.AspNetCore.Routing.EndpointMiddleware-http://localhost/Albums/GetDSAnhByAlbum-GetDsAnhByAlbum:
Executing endpoint 'Xim.AppApi.Controllers.AlbumController.GetDsAnhByAlbumAsync (API)'


2025-09-13 15:32:56.1673-INFO-Microsoft.AspNetCore.Mvc.Infrastructure.ControllerActionInvoker-http://localhost/Albums/GetDSAnhByAlbum-GetDsAnhByAlbum:
Route matched with {action = "GetDsAnhByAlbum", controller = "Album"}. Executing controller action with signature System.Threading.Tasks.Task`1[Microsoft.AspNetCore.Mvc.IActionResult] GetDsAnhByAlbumAsync(System.Guid, Xim.Domain.Pagings.paging) on controller Xim.AppApi.Controllers.AlbumController (API).


2025-09-13 15:33:45.7087-INFO-Microsoft.AspNetCore.Mvc.Infrastructure.ObjectResultExecutor-http://localhost/Albums/GetDSAnhByAlbum-GetDsAnhByAlbum:
Executing OkObjectResult, writing value of type 'Xim.Domain.Pagings.PagedResult'.


2025-09-13 15:33:45.7087-INFO-Microsoft.AspNetCore.Mvc.Infrastructure.ControllerActionInvoker-http://localhost/Albums/GetDSAnhByAlbum-GetDsAnhByAlbum:
Executed action Xim.AppApi.Controllers.AlbumController.GetDsAnhByAlbumAsync (API) in 49530.1515ms


2025-09-13 15:33:45.7087-INFO-Microsoft.AspNetCore.Routing.EndpointMiddleware-http://localhost/Albums/GetDSAnhByAlbum-GetDsAnhByAlbum:
Executed endpoint 'Xim.AppApi.Controllers.AlbumController.GetDsAnhByAlbumAsync (API)'


2025-09-13 15:33:45.7087-INFO-Microsoft.AspNetCore.Hosting.Diagnostics-http://localhost/Albums/GetDSAnhByAlbum-GetDsAnhByAlbum:
Request finished HTTP/1.1 POST http://localhost:5260/Albums/GetDSAnhByAlbum?idAlbum=607c4cea-4613-4bda-b8cc-34c0c32b0dde - 200 74 application/json;+charset=utf-8 49567.1897ms


2025-09-13 16:40:49.0563-INFO-Microsoft.AspNetCore.DataProtection.KeyManagement.XmlKeyManager--:
User profile is available. Using 'C:\Users\BTL86\AppData\Local\ASP.NET\DataProtection-Keys' as key repository and Windows DPAPI to encrypt keys at rest.


2025-09-13 16:40:49.2477-INFO-Microsoft.Hosting.Lifetime--:
Now listening on: http://localhost:5260


2025-09-13 16:40:49.2950-INFO-Microsoft.Hosting.Lifetime--:
Application started. Press Ctrl+C to shut down.


2025-09-13 16:40:49.4000-INFO-Microsoft.Hosting.Lifetime--:
Hosting environment: Development


2025-09-13 16:40:49.4000-INFO-Microsoft.Hosting.Lifetime--:
Content root path: C:\Code\Cong TT\CodeBECong\Api\Xim.AppApi


2025-09-13 16:40:49.5964-INFO-Microsoft.AspNetCore.Hosting.Diagnostics-http://localhost/swagger/index.html-:
Request starting HTTP/1.1 GET http://localhost:5260/swagger/index.html - - -


2025-09-13 16:40:49.7449-INFO-Microsoft.AspNetCore.Hosting.Diagnostics-http://localhost/swagger/index.html-:
Request finished HTTP/1.1 GET http://localhost:5260/swagger/index.html - 200 - text/html;charset=utf-8 157.4831ms


2025-09-13 16:40:49.8532-INFO-Microsoft.AspNetCore.Hosting.Diagnostics-http://localhost/swagger/v1/swagger.json-:
Request starting HTTP/1.1 GET http://localhost:5260/swagger/v1/swagger.json - - -


2025-09-13 16:40:50.0469-INFO-Microsoft.AspNetCore.Hosting.Diagnostics-http://localhost/swagger/v1/swagger.json-:
Request finished HTTP/1.1 GET http://localhost:5260/swagger/v1/swagger.json - 200 - application/json;charset=utf-8 193.8081ms


2025-09-13 16:41:00.6629-INFO-Microsoft.AspNetCore.Hosting.Diagnostics-http://localhost/Accounts/login-:
Request starting HTTP/1.1 POST http://localhost:5260/Accounts/login - application/json-patch+json 49


2025-09-13 16:41:00.6655-INFO-Microsoft.AspNetCore.Cors.Infrastructure.CorsService-http://localhost/Accounts/login-Login:
CORS policy execution successful.


2025-09-13 16:41:00.7459-INFO-Microsoft.AspNetCore.Routing.EndpointMiddleware-http://localhost/Accounts/login-Login:
Executing endpoint 'Xim.AppApi.Controllers.AccountController.LoginAsync (API)'


2025-09-13 16:41:00.7669-INFO-Microsoft.AspNetCore.Mvc.Infrastructure.ControllerActionInvoker-http://localhost/Accounts/login-Login:
Route matched with {action = "Login", controller = "Account"}. Executing controller action with signature System.Threading.Tasks.Task`1[Microsoft.AspNetCore.Mvc.IActionResult] LoginAsync(Xim.Application.Contracts.Users.UserDtoLogin) on controller Xim.AppApi.Controllers.AccountController (API).


2025-09-13 16:41:00.9472-INFO-Microsoft.AspNetCore.Mvc.Infrastructure.ObjectResultExecutor-http://localhost/Accounts/login-Login:
Executing OkObjectResult, writing value of type 'Xim.AppApi.Controllers.AccountController+JwtTokenInfo'.


2025-09-13 16:41:00.9664-INFO-Microsoft.AspNetCore.Mvc.Infrastructure.ControllerActionInvoker-http://localhost/Accounts/login-Login:
Executed action Xim.AppApi.Controllers.AccountController.LoginAsync (API) in 187.3801ms


2025-09-13 16:41:00.9664-INFO-Microsoft.AspNetCore.Routing.EndpointMiddleware-http://localhost/Accounts/login-Login:
Executed endpoint 'Xim.AppApi.Controllers.AccountController.LoginAsync (API)'


2025-09-13 16:41:00.9664-INFO-Microsoft.AspNetCore.Hosting.Diagnostics-http://localhost/Accounts/login-Login:
Request finished HTTP/1.1 POST http://localhost:5260/Accounts/login - 200 599 application/json;+charset=utf-8 312.0099ms


2025-09-13 16:41:28.8008-INFO-Microsoft.AspNetCore.Hosting.Diagnostics-http://localhost/BienNienSuKiens-:
Request starting HTTP/1.1 POST http://localhost:5260/BienNienSuKiens - multipart/form-data;+boundary=----WebKitFormBoundaryAwfecnVRCyEHWq8n 435400


2025-09-13 16:41:28.8067-INFO-Microsoft.AspNetCore.Cors.Infrastructure.CorsService-http://localhost/BienNienSuKiens-Insert:
CORS policy execution successful.


2025-09-13 16:41:28.8732-INFO-Microsoft.AspNetCore.Routing.EndpointMiddleware-http://localhost/BienNienSuKiens-Insert:
Executing endpoint 'Xim.AppApi.Controllers.BienNienSuKienController.InsertAsync (API)'


2025-09-13 16:41:28.8873-INFO-Microsoft.AspNetCore.Mvc.Infrastructure.ControllerActionInvoker-http://localhost/BienNienSuKiens-Insert:
Route matched with {action = "Insert", controller = "BienNienSuKien"}. Executing controller action with signature System.Threading.Tasks.Task`1[Microsoft.AspNetCore.Mvc.ActionResult`1[Xim.Domain.Entities.BienNienSuKienEntity]] InsertAsync(Xim.Application.Contracts.BienNienSuKien.BienNienSuKienDtoCreate, Microsoft.AspNetCore.Http.IFormFile) on controller Xim.AppApi.Controllers.BienNienSuKienController (API).


2025-09-13 16:41:29.0210-INFO-Microsoft.AspNetCore.Mvc.Infrastructure.ObjectResultExecutor-http://localhost/BienNienSuKiens-Insert:
Executing BadRequestObjectResult, writing value of type 'System.String'.


2025-09-13 16:41:29.0264-INFO-Microsoft.AspNetCore.Mvc.Infrastructure.ControllerActionInvoker-http://localhost/BienNienSuKiens-Insert:
Executed action Xim.AppApi.Controllers.BienNienSuKienController.InsertAsync (API) in 123.2882ms


2025-09-13 16:41:29.0264-INFO-Microsoft.AspNetCore.Routing.EndpointMiddleware-http://localhost/BienNienSuKiens-Insert:
Executed endpoint 'Xim.AppApi.Controllers.BienNienSuKienController.InsertAsync (API)'


2025-09-13 16:41:29.0264-INFO-Microsoft.AspNetCore.Hosting.Diagnostics-http://localhost/BienNienSuKiens-Insert:
Request finished HTTP/1.1 POST http://localhost:5260/BienNienSuKiens - 400 - text/plain;+charset=utf-8 226.8015ms


2025-09-13 16:41:43.8761-INFO-Microsoft.AspNetCore.Hosting.Diagnostics-http://localhost/BienNienSuKiens-:
Request starting HTTP/1.1 POST http://localhost:5260/BienNienSuKiens - multipart/form-data;+boundary=----WebKitFormBoundaryLA395NJPmvFJDdxE 435400


2025-09-13 16:41:43.8761-INFO-Microsoft.AspNetCore.Cors.Infrastructure.CorsService-http://localhost/BienNienSuKiens-Insert:
CORS policy execution successful.


2025-09-13 16:41:43.8761-INFO-Microsoft.AspNetCore.Routing.EndpointMiddleware-http://localhost/BienNienSuKiens-Insert:
Executing endpoint 'Xim.AppApi.Controllers.BienNienSuKienController.InsertAsync (API)'


2025-09-13 16:41:43.8761-INFO-Microsoft.AspNetCore.Mvc.Infrastructure.ControllerActionInvoker-http://localhost/BienNienSuKiens-Insert:
Route matched with {action = "Insert", controller = "BienNienSuKien"}. Executing controller action with signature System.Threading.Tasks.Task`1[Microsoft.AspNetCore.Mvc.ActionResult`1[Xim.Domain.Entities.BienNienSuKienEntity]] InsertAsync(Xim.Application.Contracts.BienNienSuKien.BienNienSuKienDtoCreate, Microsoft.AspNetCore.Http.IFormFile) on controller Xim.AppApi.Controllers.BienNienSuKienController (API).


2025-09-13 16:41:51.7786-INFO-Microsoft.AspNetCore.Mvc.Infrastructure.ObjectResultExecutor-http://localhost/BienNienSuKiens-Insert:
Executing BadRequestObjectResult, writing value of type 'System.String'.


2025-09-13 16:41:51.7786-INFO-Microsoft.AspNetCore.Mvc.Infrastructure.ControllerActionInvoker-http://localhost/BienNienSuKiens-Insert:
Executed action Xim.AppApi.Controllers.BienNienSuKienController.InsertAsync (API) in 7898.4055ms


2025-09-13 16:41:51.7786-INFO-Microsoft.AspNetCore.Routing.EndpointMiddleware-http://localhost/BienNienSuKiens-Insert:
Executed endpoint 'Xim.AppApi.Controllers.BienNienSuKienController.InsertAsync (API)'


2025-09-13 16:41:51.7786-INFO-Microsoft.AspNetCore.Hosting.Diagnostics-http://localhost/BienNienSuKiens-Insert:
Request finished HTTP/1.1 POST http://localhost:5260/BienNienSuKiens - 400 - text/plain;+charset=utf-8 7902.6668ms


2025-09-13 16:41:55.2293-INFO-Microsoft.AspNetCore.Hosting.Diagnostics-http://localhost/BienNienSuKiens-:
Request starting HTTP/1.1 POST http://localhost:5260/BienNienSuKiens - multipart/form-data;+boundary=----WebKitFormBoundaryqVhNvy8z3CmhGJSk 435400


2025-09-13 16:41:55.2293-INFO-Microsoft.AspNetCore.Cors.Infrastructure.CorsService-http://localhost/BienNienSuKiens-Insert:
CORS policy execution successful.


2025-09-13 16:41:55.2293-INFO-Microsoft.AspNetCore.Routing.EndpointMiddleware-http://localhost/BienNienSuKiens-Insert:
Executing endpoint 'Xim.AppApi.Controllers.BienNienSuKienController.InsertAsync (API)'


2025-09-13 16:41:55.2293-INFO-Microsoft.AspNetCore.Mvc.Infrastructure.ControllerActionInvoker-http://localhost/BienNienSuKiens-Insert:
Route matched with {action = "Insert", controller = "BienNienSuKien"}. Executing controller action with signature System.Threading.Tasks.Task`1[Microsoft.AspNetCore.Mvc.ActionResult`1[Xim.Domain.Entities.BienNienSuKienEntity]] InsertAsync(Xim.Application.Contracts.BienNienSuKien.BienNienSuKienDtoCreate, Microsoft.AspNetCore.Http.IFormFile) on controller Xim.AppApi.Controllers.BienNienSuKienController (API).


2025-09-13 16:42:01.5010-INFO-Microsoft.AspNetCore.Mvc.Infrastructure.ObjectResultExecutor-http://localhost/BienNienSuKiens-Insert:
Executing BadRequestObjectResult, writing value of type 'System.String'.


2025-09-13 16:42:01.5010-INFO-Microsoft.AspNetCore.Mvc.Infrastructure.ControllerActionInvoker-http://localhost/BienNienSuKiens-Insert:
Executed action Xim.AppApi.Controllers.BienNienSuKienController.InsertAsync (API) in 6276.2264ms


2025-09-13 16:42:01.5010-INFO-Microsoft.AspNetCore.Routing.EndpointMiddleware-http://localhost/BienNienSuKiens-Insert:
Executed endpoint 'Xim.AppApi.Controllers.BienNienSuKienController.InsertAsync (API)'


2025-09-13 16:42:01.5010-INFO-Microsoft.AspNetCore.Hosting.Diagnostics-http://localhost/BienNienSuKiens-Insert:
Request finished HTTP/1.1 POST http://localhost:5260/BienNienSuKiens - 400 - text/plain;+charset=utf-8 6279.4300ms


2025-09-13 16:42:04.8928-INFO-Microsoft.AspNetCore.Hosting.Diagnostics-http://localhost/BienNienSuKiens-:
Request starting HTTP/1.1 POST http://localhost:5260/BienNienSuKiens - multipart/form-data;+boundary=----WebKitFormBoundaryFzl4h2V6RtHKw30R 435400


2025-09-13 16:42:04.8928-INFO-Microsoft.AspNetCore.Cors.Infrastructure.CorsService-http://localhost/BienNienSuKiens-Insert:
CORS policy execution successful.


2025-09-13 16:42:04.8928-INFO-Microsoft.AspNetCore.Routing.EndpointMiddleware-http://localhost/BienNienSuKiens-Insert:
Executing endpoint 'Xim.AppApi.Controllers.BienNienSuKienController.InsertAsync (API)'


2025-09-13 16:42:04.8928-INFO-Microsoft.AspNetCore.Mvc.Infrastructure.ControllerActionInvoker-http://localhost/BienNienSuKiens-Insert:
Route matched with {action = "Insert", controller = "BienNienSuKien"}. Executing controller action with signature System.Threading.Tasks.Task`1[Microsoft.AspNetCore.Mvc.ActionResult`1[Xim.Domain.Entities.BienNienSuKienEntity]] InsertAsync(Xim.Application.Contracts.BienNienSuKien.BienNienSuKienDtoCreate, Microsoft.AspNetCore.Http.IFormFile) on controller Xim.AppApi.Controllers.BienNienSuKienController (API).


2025-09-13 16:42:18.3298-INFO-Microsoft.AspNetCore.Mvc.Infrastructure.ObjectResultExecutor-http://localhost/BienNienSuKiens-Insert:
Executing BadRequestObjectResult, writing value of type 'System.String'.


2025-09-13 16:42:18.3298-INFO-Microsoft.AspNetCore.Mvc.Infrastructure.ControllerActionInvoker-http://localhost/BienNienSuKiens-Insert:
Executed action Xim.AppApi.Controllers.BienNienSuKienController.InsertAsync (API) in 13442.0575ms


2025-09-13 16:42:18.3298-INFO-Microsoft.AspNetCore.Routing.EndpointMiddleware-http://localhost/BienNienSuKiens-Insert:
Executed endpoint 'Xim.AppApi.Controllers.BienNienSuKienController.InsertAsync (API)'


2025-09-13 16:42:18.3298-INFO-Microsoft.AspNetCore.Hosting.Diagnostics-http://localhost/BienNienSuKiens-Insert:
Request finished HTTP/1.1 POST http://localhost:5260/BienNienSuKiens - 400 - text/plain;+charset=utf-8 13444.5750ms


2025-09-13 16:42:21.7279-INFO-Microsoft.AspNetCore.Hosting.Diagnostics-http://localhost/BienNienSuKiens-:
Request starting HTTP/1.1 POST http://localhost:5260/BienNienSuKiens - multipart/form-data;+boundary=----WebKitFormBoundarylkfWLXUaIt5ZYfX5 435400


2025-09-13 16:42:21.7289-INFO-Microsoft.AspNetCore.Cors.Infrastructure.CorsService-http://localhost/BienNienSuKiens-Insert:
CORS policy execution successful.


2025-09-13 16:42:21.7289-INFO-Microsoft.AspNetCore.Routing.EndpointMiddleware-http://localhost/BienNienSuKiens-Insert:
Executing endpoint 'Xim.AppApi.Controllers.BienNienSuKienController.InsertAsync (API)'


2025-09-13 16:42:21.7289-INFO-Microsoft.AspNetCore.Mvc.Infrastructure.ControllerActionInvoker-http://localhost/BienNienSuKiens-Insert:
Route matched with {action = "Insert", controller = "BienNienSuKien"}. Executing controller action with signature System.Threading.Tasks.Task`1[Microsoft.AspNetCore.Mvc.ActionResult`1[Xim.Domain.Entities.BienNienSuKienEntity]] InsertAsync(Xim.Application.Contracts.BienNienSuKien.BienNienSuKienDtoCreate, Microsoft.AspNetCore.Http.IFormFile) on controller Xim.AppApi.Controllers.BienNienSuKienController (API).


2025-09-13 16:42:29.6827-INFO-Microsoft.AspNetCore.Mvc.Infrastructure.ObjectResultExecutor-http://localhost/BienNienSuKiens-Insert:
Executing BadRequestObjectResult, writing value of type 'System.String'.


2025-09-13 16:42:29.6977-INFO-Microsoft.AspNetCore.Mvc.Infrastructure.ControllerActionInvoker-http://localhost/BienNienSuKiens-Insert:
Executed action Xim.AppApi.Controllers.BienNienSuKienController.InsertAsync (API) in 7967.6611ms


2025-09-13 16:42:29.6977-INFO-Microsoft.AspNetCore.Routing.EndpointMiddleware-http://localhost/BienNienSuKiens-Insert:
Executed endpoint 'Xim.AppApi.Controllers.BienNienSuKienController.InsertAsync (API)'


2025-09-13 16:42:29.6977-INFO-Microsoft.AspNetCore.Hosting.Diagnostics-http://localhost/BienNienSuKiens-Insert:
Request finished HTTP/1.1 POST http://localhost:5260/BienNienSuKiens - 400 - text/plain;+charset=utf-8 7970.4627ms


2025-09-13 16:42:31.6737-INFO-Microsoft.AspNetCore.Hosting.Diagnostics-http://localhost/BienNienSuKiens-:
Request starting HTTP/1.1 POST http://localhost:5260/BienNienSuKiens - multipart/form-data;+boundary=----WebKitFormBoundaryolJHSOyJjE2iyC4v 435400


2025-09-13 16:42:31.6737-INFO-Microsoft.AspNetCore.Cors.Infrastructure.CorsService-http://localhost/BienNienSuKiens-Insert:
CORS policy execution successful.


2025-09-13 16:42:31.6737-INFO-Microsoft.AspNetCore.Routing.EndpointMiddleware-http://localhost/BienNienSuKiens-Insert:
Executing endpoint 'Xim.AppApi.Controllers.BienNienSuKienController.InsertAsync (API)'


2025-09-13 16:42:31.6737-INFO-Microsoft.AspNetCore.Mvc.Infrastructure.ControllerActionInvoker-http://localhost/BienNienSuKiens-Insert:
Route matched with {action = "Insert", controller = "BienNienSuKien"}. Executing controller action with signature System.Threading.Tasks.Task`1[Microsoft.AspNetCore.Mvc.ActionResult`1[Xim.Domain.Entities.BienNienSuKienEntity]] InsertAsync(Xim.Application.Contracts.BienNienSuKien.BienNienSuKienDtoCreate, Microsoft.AspNetCore.Http.IFormFile) on controller Xim.AppApi.Controllers.BienNienSuKienController (API).


2025-09-13 16:42:38.3271-INFO-Microsoft.AspNetCore.Mvc.Infrastructure.ObjectResultExecutor-http://localhost/BienNienSuKiens-Insert:
Executing BadRequestObjectResult, writing value of type 'System.String'.


2025-09-13 16:42:38.3271-INFO-Microsoft.AspNetCore.Mvc.Infrastructure.ControllerActionInvoker-http://localhost/BienNienSuKiens-Insert:
Executed action Xim.AppApi.Controllers.BienNienSuKienController.InsertAsync (API) in 6660.2481ms


2025-09-13 16:42:38.3271-INFO-Microsoft.AspNetCore.Routing.EndpointMiddleware-http://localhost/BienNienSuKiens-Insert:
Executed endpoint 'Xim.AppApi.Controllers.BienNienSuKienController.InsertAsync (API)'


2025-09-13 16:42:38.3271-INFO-Microsoft.AspNetCore.Hosting.Diagnostics-http://localhost/BienNienSuKiens-Insert:
Request finished HTTP/1.1 POST http://localhost:5260/BienNienSuKiens - 400 - text/plain;+charset=utf-8 6663.0330ms


2025-09-13 16:42:42.6120-INFO-Microsoft.AspNetCore.Hosting.Diagnostics-http://localhost/BienNienSuKiens-:
Request starting HTTP/1.1 POST http://localhost:5260/BienNienSuKiens - multipart/form-data;+boundary=----WebKitFormBoundaryOmEGXYMenMzvsX1D 435400


2025-09-13 16:42:42.6120-INFO-Microsoft.AspNetCore.Cors.Infrastructure.CorsService-http://localhost/BienNienSuKiens-Insert:
CORS policy execution successful.


2025-09-13 16:42:42.6120-INFO-Microsoft.AspNetCore.Routing.EndpointMiddleware-http://localhost/BienNienSuKiens-Insert:
Executing endpoint 'Xim.AppApi.Controllers.BienNienSuKienController.InsertAsync (API)'


2025-09-13 16:42:42.6120-INFO-Microsoft.AspNetCore.Mvc.Infrastructure.ControllerActionInvoker-http://localhost/BienNienSuKiens-Insert:
Route matched with {action = "Insert", controller = "BienNienSuKien"}. Executing controller action with signature System.Threading.Tasks.Task`1[Microsoft.AspNetCore.Mvc.ActionResult`1[Xim.Domain.Entities.BienNienSuKienEntity]] InsertAsync(Xim.Application.Contracts.BienNienSuKien.BienNienSuKienDtoCreate, Microsoft.AspNetCore.Http.IFormFile) on controller Xim.AppApi.Controllers.BienNienSuKienController (API).


2025-09-13 16:42:42.6897-INFO-Microsoft.AspNetCore.Mvc.Infrastructure.ObjectResultExecutor-http://localhost/BienNienSuKiens-Insert:
Executing BadRequestObjectResult, writing value of type 'System.String'.


2025-09-13 16:42:42.6897-INFO-Microsoft.AspNetCore.Mvc.Infrastructure.ControllerActionInvoker-http://localhost/BienNienSuKiens-Insert:
Executed action Xim.AppApi.Controllers.BienNienSuKienController.InsertAsync (API) in 77.9458ms


2025-09-13 16:42:42.6897-INFO-Microsoft.AspNetCore.Routing.EndpointMiddleware-http://localhost/BienNienSuKiens-Insert:
Executed endpoint 'Xim.AppApi.Controllers.BienNienSuKienController.InsertAsync (API)'


2025-09-13 16:42:42.6897-INFO-Microsoft.AspNetCore.Hosting.Diagnostics-http://localhost/BienNienSuKiens-Insert:
Request finished HTTP/1.1 POST http://localhost:5260/BienNienSuKiens - 400 - text/plain;+charset=utf-8 81.0749ms


2025-09-13 16:42:56.3203-INFO-Microsoft.AspNetCore.Hosting.Diagnostics-http://localhost/BienNienSuKiens-:
Request starting HTTP/1.1 POST http://localhost:5260/BienNienSuKiens - multipart/form-data;+boundary=----WebKitFormBoundarydo11For7JOsN6OlY 435400


2025-09-13 16:42:56.3203-INFO-Microsoft.AspNetCore.Cors.Infrastructure.CorsService-http://localhost/BienNienSuKiens-Insert:
CORS policy execution successful.


2025-09-13 16:42:56.3203-INFO-Microsoft.AspNetCore.Routing.EndpointMiddleware-http://localhost/BienNienSuKiens-Insert:
Executing endpoint 'Xim.AppApi.Controllers.BienNienSuKienController.InsertAsync (API)'


2025-09-13 16:42:56.3203-INFO-Microsoft.AspNetCore.Mvc.Infrastructure.ControllerActionInvoker-http://localhost/BienNienSuKiens-Insert:
Route matched with {action = "Insert", controller = "BienNienSuKien"}. Executing controller action with signature System.Threading.Tasks.Task`1[Microsoft.AspNetCore.Mvc.ActionResult`1[Xim.Domain.Entities.BienNienSuKienEntity]] InsertAsync(Xim.Application.Contracts.BienNienSuKien.BienNienSuKienDtoCreate, Microsoft.AspNetCore.Http.IFormFile) on controller Xim.AppApi.Controllers.BienNienSuKienController (API).


2025-09-13 16:42:56.3864-INFO-Microsoft.AspNetCore.Mvc.Infrastructure.ObjectResultExecutor-http://localhost/BienNienSuKiens-Insert:
Executing BadRequestObjectResult, writing value of type 'System.String'.


2025-09-13 16:42:56.3864-INFO-Microsoft.AspNetCore.Mvc.Infrastructure.ControllerActionInvoker-http://localhost/BienNienSuKiens-Insert:
Executed action Xim.AppApi.Controllers.BienNienSuKienController.InsertAsync (API) in 65.7915ms


2025-09-13 16:42:56.3864-INFO-Microsoft.AspNetCore.Routing.EndpointMiddleware-http://localhost/BienNienSuKiens-Insert:
Executed endpoint 'Xim.AppApi.Controllers.BienNienSuKienController.InsertAsync (API)'


2025-09-13 16:42:56.3864-INFO-Microsoft.AspNetCore.Hosting.Diagnostics-http://localhost/BienNienSuKiens-Insert:
Request finished HTTP/1.1 POST http://localhost:5260/BienNienSuKiens - 400 - text/plain;+charset=utf-8 68.8295ms


2025-09-13 16:42:58.3066-INFO-Microsoft.AspNetCore.Hosting.Diagnostics-http://localhost/BienNienSuKiens-:
Request starting HTTP/1.1 POST http://localhost:5260/BienNienSuKiens - multipart/form-data;+boundary=----WebKitFormBoundaryDuzp6MASfq0OoqUU 435400


2025-09-13 16:42:58.3073-INFO-Microsoft.AspNetCore.Cors.Infrastructure.CorsService-http://localhost/BienNienSuKiens-Insert:
CORS policy execution successful.


2025-09-13 16:42:58.3073-INFO-Microsoft.AspNetCore.Routing.EndpointMiddleware-http://localhost/BienNienSuKiens-Insert:
Executing endpoint 'Xim.AppApi.Controllers.BienNienSuKienController.InsertAsync (API)'


2025-09-13 16:42:58.3073-INFO-Microsoft.AspNetCore.Mvc.Infrastructure.ControllerActionInvoker-http://localhost/BienNienSuKiens-Insert:
Route matched with {action = "Insert", controller = "BienNienSuKien"}. Executing controller action with signature System.Threading.Tasks.Task`1[Microsoft.AspNetCore.Mvc.ActionResult`1[Xim.Domain.Entities.BienNienSuKienEntity]] InsertAsync(Xim.Application.Contracts.BienNienSuKien.BienNienSuKienDtoCreate, Microsoft.AspNetCore.Http.IFormFile) on controller Xim.AppApi.Controllers.BienNienSuKienController (API).


2025-09-13 16:42:58.3567-INFO-Microsoft.AspNetCore.Mvc.Infrastructure.ObjectResultExecutor-http://localhost/BienNienSuKiens-Insert:
Executing BadRequestObjectResult, writing value of type 'System.String'.


2025-09-13 16:42:58.3567-INFO-Microsoft.AspNetCore.Mvc.Infrastructure.ControllerActionInvoker-http://localhost/BienNienSuKiens-Insert:
Executed action Xim.AppApi.Controllers.BienNienSuKienController.InsertAsync (API) in 55.8383ms


2025-09-13 16:42:58.3567-INFO-Microsoft.AspNetCore.Routing.EndpointMiddleware-http://localhost/BienNienSuKiens-Insert:
Executed endpoint 'Xim.AppApi.Controllers.BienNienSuKienController.InsertAsync (API)'


2025-09-13 16:42:58.3567-INFO-Microsoft.AspNetCore.Hosting.Diagnostics-http://localhost/BienNienSuKiens-Insert:
Request finished HTTP/1.1 POST http://localhost:5260/BienNienSuKiens - 400 - text/plain;+charset=utf-8 57.9720ms


2025-09-13 16:42:59.2128-INFO-Microsoft.AspNetCore.Hosting.Diagnostics-http://localhost/BienNienSuKiens-:
Request starting HTTP/1.1 POST http://localhost:5260/BienNienSuKiens - multipart/form-data;+boundary=----WebKitFormBoundaryjlFdRfJvBvPZCP27 435400


2025-09-13 16:42:59.2128-INFO-Microsoft.AspNetCore.Cors.Infrastructure.CorsService-http://localhost/BienNienSuKiens-Insert:
CORS policy execution successful.


2025-09-13 16:42:59.2128-INFO-Microsoft.AspNetCore.Routing.EndpointMiddleware-http://localhost/BienNienSuKiens-Insert:
Executing endpoint 'Xim.AppApi.Controllers.BienNienSuKienController.InsertAsync (API)'


2025-09-13 16:42:59.2128-INFO-Microsoft.AspNetCore.Mvc.Infrastructure.ControllerActionInvoker-http://localhost/BienNienSuKiens-Insert:
Route matched with {action = "Insert", controller = "BienNienSuKien"}. Executing controller action with signature System.Threading.Tasks.Task`1[Microsoft.AspNetCore.Mvc.ActionResult`1[Xim.Domain.Entities.BienNienSuKienEntity]] InsertAsync(Xim.Application.Contracts.BienNienSuKien.BienNienSuKienDtoCreate, Microsoft.AspNetCore.Http.IFormFile) on controller Xim.AppApi.Controllers.BienNienSuKienController (API).


2025-09-13 16:42:59.2739-INFO-Microsoft.AspNetCore.Mvc.Infrastructure.ObjectResultExecutor-http://localhost/BienNienSuKiens-Insert:
Executing BadRequestObjectResult, writing value of type 'System.String'.


2025-09-13 16:42:59.2739-INFO-Microsoft.AspNetCore.Mvc.Infrastructure.ControllerActionInvoker-http://localhost/BienNienSuKiens-Insert:
Executed action Xim.AppApi.Controllers.BienNienSuKienController.InsertAsync (API) in 60.5714ms


2025-09-13 16:42:59.2739-INFO-Microsoft.AspNetCore.Routing.EndpointMiddleware-http://localhost/BienNienSuKiens-Insert:
Executed endpoint 'Xim.AppApi.Controllers.BienNienSuKienController.InsertAsync (API)'


2025-09-13 16:42:59.2739-INFO-Microsoft.AspNetCore.Hosting.Diagnostics-http://localhost/BienNienSuKiens-Insert:
Request finished HTTP/1.1 POST http://localhost:5260/BienNienSuKiens - 400 - text/plain;+charset=utf-8 63.0164ms


2025-09-13 16:43:10.1462-INFO-Microsoft.AspNetCore.Hosting.Diagnostics-http://localhost/BienNienSuKiens-:
Request starting HTTP/1.1 POST http://localhost:5260/BienNienSuKiens - multipart/form-data;+boundary=----WebKitFormBoundaryAk3rhyn0vswcZCY2 435400


2025-09-13 16:43:10.1462-INFO-Microsoft.AspNetCore.Cors.Infrastructure.CorsService-http://localhost/BienNienSuKiens-Insert:
CORS policy execution successful.


2025-09-13 16:43:10.1462-INFO-Microsoft.AspNetCore.Routing.EndpointMiddleware-http://localhost/BienNienSuKiens-Insert:
Executing endpoint 'Xim.AppApi.Controllers.BienNienSuKienController.InsertAsync (API)'


2025-09-13 16:43:10.1462-INFO-Microsoft.AspNetCore.Mvc.Infrastructure.ControllerActionInvoker-http://localhost/BienNienSuKiens-Insert:
Route matched with {action = "Insert", controller = "BienNienSuKien"}. Executing controller action with signature System.Threading.Tasks.Task`1[Microsoft.AspNetCore.Mvc.ActionResult`1[Xim.Domain.Entities.BienNienSuKienEntity]] InsertAsync(Xim.Application.Contracts.BienNienSuKien.BienNienSuKienDtoCreate, Microsoft.AspNetCore.Http.IFormFile) on controller Xim.AppApi.Controllers.BienNienSuKienController (API).


2025-09-13 16:48:00.6823-INFO-Microsoft.AspNetCore.DataProtection.KeyManagement.XmlKeyManager--:
User profile is available. Using 'C:\Users\BTL86\AppData\Local\ASP.NET\DataProtection-Keys' as key repository and Windows DPAPI to encrypt keys at rest.


2025-09-13 16:48:00.8503-INFO-Microsoft.Hosting.Lifetime--:
Now listening on: http://localhost:5260


2025-09-13 16:48:00.9059-INFO-Microsoft.Hosting.Lifetime--:
Application started. Press Ctrl+C to shut down.


2025-09-13 16:48:00.9059-INFO-Microsoft.Hosting.Lifetime--:
Hosting environment: Development


2025-09-13 16:48:00.9059-INFO-Microsoft.Hosting.Lifetime--:
Content root path: C:\Code\Cong TT\CodeBECong\Api\Xim.AppApi


2025-09-13 16:48:01.2354-INFO-Microsoft.AspNetCore.Hosting.Diagnostics-http://localhost/swagger/index.html-:
Request starting HTTP/1.1 GET http://localhost:5260/swagger/index.html - - -


2025-09-13 16:48:01.3350-INFO-Microsoft.AspNetCore.Hosting.Diagnostics-http://localhost/swagger/index.html-:
Request finished HTTP/1.1 GET http://localhost:5260/swagger/index.html - 200 - text/html;charset=utf-8 104.6992ms


2025-09-13 16:48:01.4420-INFO-Microsoft.AspNetCore.Hosting.Diagnostics-http://localhost/swagger/v1/swagger.json-:
Request starting HTTP/1.1 GET http://localhost:5260/swagger/v1/swagger.json - - -


2025-09-13 16:48:01.5734-INFO-Microsoft.AspNetCore.Hosting.Diagnostics-http://localhost/swagger/v1/swagger.json-:
Request finished HTTP/1.1 GET http://localhost:5260/swagger/v1/swagger.json - 200 - application/json;charset=utf-8 132.3314ms


2025-09-13 16:48:18.2332-INFO-Microsoft.AspNetCore.Hosting.Diagnostics-http://localhost/Accounts/login-:
Request starting HTTP/1.1 POST http://localhost:5260/Accounts/login - application/json-patch+json 49


2025-09-13 16:48:18.2603-INFO-Microsoft.AspNetCore.Cors.Infrastructure.CorsService-http://localhost/Accounts/login-Login:
CORS policy execution successful.


2025-09-13 16:48:18.3101-INFO-Microsoft.AspNetCore.Routing.EndpointMiddleware-http://localhost/Accounts/login-Login:
Executing endpoint 'Xim.AppApi.Controllers.AccountController.LoginAsync (API)'


2025-09-13 16:48:18.3364-INFO-Microsoft.AspNetCore.Mvc.Infrastructure.ControllerActionInvoker-http://localhost/Accounts/login-Login:
Route matched with {action = "Login", controller = "Account"}. Executing controller action with signature System.Threading.Tasks.Task`1[Microsoft.AspNetCore.Mvc.IActionResult] LoginAsync(Xim.Application.Contracts.Users.UserDtoLogin) on controller Xim.AppApi.Controllers.AccountController (API).


2025-09-13 16:48:18.5001-INFO-Microsoft.AspNetCore.Mvc.Infrastructure.ObjectResultExecutor-http://localhost/Accounts/login-Login:
Executing OkObjectResult, writing value of type 'Xim.AppApi.Controllers.AccountController+JwtTokenInfo'.


2025-09-13 16:48:18.5179-INFO-Microsoft.AspNetCore.Mvc.Infrastructure.ControllerActionInvoker-http://localhost/Accounts/login-Login:
Executed action Xim.AppApi.Controllers.AccountController.LoginAsync (API) in 176.4339ms


2025-09-13 16:48:18.5179-INFO-Microsoft.AspNetCore.Routing.EndpointMiddleware-http://localhost/Accounts/login-Login:
Executed endpoint 'Xim.AppApi.Controllers.AccountController.LoginAsync (API)'


2025-09-13 16:48:18.5254-INFO-Microsoft.AspNetCore.Hosting.Diagnostics-http://localhost/Accounts/login-Login:
Request finished HTTP/1.1 POST http://localhost:5260/Accounts/login - 200 599 application/json;+charset=utf-8 292.5086ms


2025-09-13 16:48:44.3366-INFO-Microsoft.AspNetCore.Hosting.Diagnostics-http://localhost/BienNienSuKiens-:
Request starting HTTP/1.1 POST http://localhost:5260/BienNienSuKiens - multipart/form-data;+boundary=----WebKitFormBoundarymLlovHqYGJ24cnda 435401


2025-09-13 16:48:44.3393-INFO-Microsoft.AspNetCore.Cors.Infrastructure.CorsService-http://localhost/BienNienSuKiens-Insert:
CORS policy execution successful.


2025-09-13 16:48:44.4057-INFO-Microsoft.AspNetCore.Routing.EndpointMiddleware-http://localhost/BienNienSuKiens-Insert:
Executing endpoint 'Xim.AppApi.Controllers.BienNienSuKienController.InsertAsync (API)'


2025-09-13 16:48:44.4168-INFO-Microsoft.AspNetCore.Mvc.Infrastructure.ControllerActionInvoker-http://localhost/BienNienSuKiens-Insert:
Route matched with {action = "Insert", controller = "BienNienSuKien"}. Executing controller action with signature System.Threading.Tasks.Task`1[Microsoft.AspNetCore.Mvc.ActionResult`1[Xim.Domain.Entities.BienNienSuKienEntity]] InsertAsync(Xim.Application.Contracts.BienNienSuKien.BienNienSuKienDtoCreate, Microsoft.AspNetCore.Http.IFormFile) on controller Xim.AppApi.Controllers.BienNienSuKienController (API).


2025-09-13 16:48:49.8388-INFO-Microsoft.AspNetCore.Mvc.Infrastructure.ObjectResultExecutor-http://localhost/BienNienSuKiens-Insert:
Executing OkObjectResult, writing value of type 'Xim.Application.Contracts.BienNienSuKien.BienNienSuKienDtoView'.


2025-09-13 16:48:49.8388-INFO-Microsoft.AspNetCore.Mvc.Infrastructure.ControllerActionInvoker-http://localhost/BienNienSuKiens-Insert:
Executed action Xim.AppApi.Controllers.BienNienSuKienController.InsertAsync (API) in 5422.503ms


2025-09-13 16:48:49.8388-INFO-Microsoft.AspNetCore.Routing.EndpointMiddleware-http://localhost/BienNienSuKiens-Insert:
Executed endpoint 'Xim.AppApi.Controllers.BienNienSuKienController.InsertAsync (API)'


2025-09-13 16:48:49.8388-INFO-Microsoft.AspNetCore.Hosting.Diagnostics-http://localhost/BienNienSuKiens-Insert:
Request finished HTTP/1.1 POST http://localhost:5260/BienNienSuKiens - 200 187 application/json;+charset=utf-8 5510.3643ms


